INFO:2025-05-28 10:07:03,129:MainThread:Dhan.py  started system
INFO:2025-05-28 10:07:03,129:MainThread:STARTED THE PROGRAM
ERROR:2025-05-28 10:07:56,945:MainThread:Exception in Getting OHLC data as {'status': 'failure', 'remarks': {'error_code': 'DH-905', 'error_type': 'Input_Exception', 'error_message': 'Missing required fields, bad values for parameters etc.'}, 'data': {'errorType': 'Input_Exception', 'errorCode': 'DH-905', 'errorMessage': 'Missing required fields, bad values for parameters etc.'}}
Traceback (most recent call last):
  File "d:\AI Trading\VS Project\Trading\Dhan_Tradehull.py", line 508, in get_historical_data
    raise Exception(ohlc)
Exception: {'status': 'failure', 'remarks': {'error_code': 'DH-905', 'error_type': 'Input_Exception', 'error_message': 'Missing required fields, bad values for parameters etc.'}, 'data': {'errorType': 'Input_Exception', 'errorCode': 'DH-905', 'errorMessage': 'Missing required fields, bad values for parameters etc.'}}
ERROR:2025-05-28 10:07:58,123:MainThread:Exception in Getting OHLC data as {'status': 'failure', 'remarks': {'error_code': 'DH-905', 'error_type': 'Input_Exception', 'error_message': 'Missing required fields, bad values for parameters etc.'}, 'data': {'errorType': 'Input_Exception', 'errorCode': 'DH-905', 'errorMessage': 'Missing required fields, bad values for parameters etc.'}}
Traceback (most recent call last):
  File "d:\AI Trading\VS Project\Trading\Dhan_Tradehull.py", line 508, in get_historical_data
    raise Exception(ohlc)
Exception: {'status': 'failure', 'remarks': {'error_code': 'DH-905', 'error_type': 'Input_Exception', 'error_message': 'Missing required fields, bad values for parameters etc.'}, 'data': {'errorType': 'Input_Exception', 'errorCode': 'DH-905', 'errorMessage': 'Missing required fields, bad values for parameters etc.'}}
INFO:2025-05-28 10:09:12,427:MainThread:Dhan.py  started system
INFO:2025-05-28 10:09:12,427:MainThread:STARTED THE PROGRAM
INFO:2025-05-28 10:10:32,284:MainThread:Dhan.py  started system
INFO:2025-05-28 10:10:32,284:MainThread:STARTED THE PROGRAM
ERROR:2025-05-28 10:10:43,239:MainThread:Exception in Getting OHLC data as {'status': 'failure', 'remarks': {'error_code': 'DH-905', 'error_type': 'Input_Exception', 'error_message': 'Missing required fields, bad values for parameters etc.'}, 'data': {'errorType': 'Input_Exception', 'errorCode': 'DH-905', 'errorMessage': 'Missing required fields, bad values for parameters etc.'}}
Traceback (most recent call last):
  File "d:\AI Trading\VS Project\Trading\Dhan_Tradehull.py", line 508, in get_historical_data
    raise Exception(ohlc)
Exception: {'status': 'failure', 'remarks': {'error_code': 'DH-905', 'error_type': 'Input_Exception', 'error_message': 'Missing required fields, bad values for parameters etc.'}, 'data': {'errorType': 'Input_Exception', 'errorCode': 'DH-905', 'errorMessage': 'Missing required fields, bad values for parameters etc.'}}
ERROR:2025-05-28 10:10:44,374:MainThread:Exception in Getting OHLC data as {'status': 'failure', 'remarks': {'error_code': 'DH-905', 'error_type': 'Input_Exception', 'error_message': 'Missing required fields, bad values for parameters etc.'}, 'data': {'errorType': 'Input_Exception', 'errorCode': 'DH-905', 'errorMessage': 'Missing required fields, bad values for parameters etc.'}}
Traceback (most recent call last):
  File "d:\AI Trading\VS Project\Trading\Dhan_Tradehull.py", line 508, in get_historical_data
    raise Exception(ohlc)
Exception: {'status': 'failure', 'remarks': {'error_code': 'DH-905', 'error_type': 'Input_Exception', 'error_message': 'Missing required fields, bad values for parameters etc.'}, 'data': {'errorType': 'Input_Exception', 'errorCode': 'DH-905', 'errorMessage': 'Missing required fields, bad values for parameters etc.'}}
INFO:2025-05-28 10:11:03,407:MainThread:Dhan.py  started system
INFO:2025-05-28 10:11:03,407:MainThread:STARTED THE PROGRAM
ERROR:2025-05-28 10:11:57,996:MainThread:Exception in Getting OHLC data as {'status': 'failure', 'remarks': {'error_code': 'DH-905', 'error_type': 'Input_Exception', 'error_message': 'Missing required fields, bad values for parameters etc.'}, 'data': {'errorType': 'Input_Exception', 'errorCode': 'DH-905', 'errorMessage': 'Missing required fields, bad values for parameters etc.'}}
Traceback (most recent call last):
  File "d:\AI Trading\VS Project\Trading\Dhan_Tradehull.py", line 508, in get_historical_data
    raise Exception(ohlc)
Exception: {'status': 'failure', 'remarks': {'error_code': 'DH-905', 'error_type': 'Input_Exception', 'error_message': 'Missing required fields, bad values for parameters etc.'}, 'data': {'errorType': 'Input_Exception', 'errorCode': 'DH-905', 'errorMessage': 'Missing required fields, bad values for parameters etc.'}}
ERROR:2025-05-28 10:11:59,151:MainThread:Exception in Getting OHLC data as {'status': 'failure', 'remarks': {'error_code': 'DH-905', 'error_type': 'Input_Exception', 'error_message': 'Missing required fields, bad values for parameters etc.'}, 'data': {'errorType': 'Input_Exception', 'errorCode': 'DH-905', 'errorMessage': 'Missing required fields, bad values for parameters etc.'}}
Traceback (most recent call last):
  File "d:\AI Trading\VS Project\Trading\Dhan_Tradehull.py", line 508, in get_historical_data
    raise Exception(ohlc)
Exception: {'status': 'failure', 'remarks': {'error_code': 'DH-905', 'error_type': 'Input_Exception', 'error_message': 'Missing required fields, bad values for parameters etc.'}, 'data': {'errorType': 'Input_Exception', 'errorCode': 'DH-905', 'errorMessage': 'Missing required fields, bad values for parameters etc.'}}
INFO:2025-05-28 10:12:20,652:MainThread:Dhan.py  started system
INFO:2025-05-28 10:12:20,652:MainThread:STARTED THE PROGRAM
ERROR:2025-05-28 10:13:19,991:MainThread:Exception in Getting OHLC data as {'status': 'failure', 'remarks': {'error_code': 'DH-905', 'error_type': 'Input_Exception', 'error_message': 'Missing required fields, bad values for parameters etc.'}, 'data': {'errorType': 'Input_Exception', 'errorCode': 'DH-905', 'errorMessage': 'Missing required fields, bad values for parameters etc.'}}
Traceback (most recent call last):
  File "d:\AI Trading\VS Project\Trading\Dhan_Tradehull.py", line 508, in get_historical_data
    raise Exception(ohlc)
Exception: {'status': 'failure', 'remarks': {'error_code': 'DH-905', 'error_type': 'Input_Exception', 'error_message': 'Missing required fields, bad values for parameters etc.'}, 'data': {'errorType': 'Input_Exception', 'errorCode': 'DH-905', 'errorMessage': 'Missing required fields, bad values for parameters etc.'}}
ERROR:2025-05-28 10:13:21,139:MainThread:Exception in Getting OHLC data as {'status': 'failure', 'remarks': {'error_code': 'DH-905', 'error_type': 'Input_Exception', 'error_message': 'Missing required fields, bad values for parameters etc.'}, 'data': {'errorType': 'Input_Exception', 'errorCode': 'DH-905', 'errorMessage': 'Missing required fields, bad values for parameters etc.'}}
Traceback (most recent call last):
  File "d:\AI Trading\VS Project\Trading\Dhan_Tradehull.py", line 508, in get_historical_data
    raise Exception(ohlc)
Exception: {'status': 'failure', 'remarks': {'error_code': 'DH-905', 'error_type': 'Input_Exception', 'error_message': 'Missing required fields, bad values for parameters etc.'}, 'data': {'errorType': 'Input_Exception', 'errorCode': 'DH-905', 'errorMessage': 'Missing required fields, bad values for parameters etc.'}}
INFO:2025-05-28 10:13:42,029:MainThread:Dhan.py  started system
INFO:2025-05-28 10:13:42,030:MainThread:STARTED THE PROGRAM
ERROR:2025-05-28 10:14:33,932:MainThread:Exception in Getting OHLC data as {'status': 'failure', 'remarks': {'error_code': 'DH-905', 'error_type': 'Input_Exception', 'error_message': 'Missing required fields, bad values for parameters etc.'}, 'data': {'errorType': 'Input_Exception', 'errorCode': 'DH-905', 'errorMessage': 'Missing required fields, bad values for parameters etc.'}}
Traceback (most recent call last):
  File "d:\AI Trading\VS Project\Trading\Dhan_Tradehull.py", line 508, in get_historical_data
    raise Exception(ohlc)
Exception: {'status': 'failure', 'remarks': {'error_code': 'DH-905', 'error_type': 'Input_Exception', 'error_message': 'Missing required fields, bad values for parameters etc.'}, 'data': {'errorType': 'Input_Exception', 'errorCode': 'DH-905', 'errorMessage': 'Missing required fields, bad values for parameters etc.'}}
ERROR:2025-05-28 10:14:47,463:MainThread:Exception in Getting OHLC data as {'status': 'failure', 'remarks': {'error_code': 'DH-905', 'error_type': 'Input_Exception', 'error_message': 'Missing required fields, bad values for parameters etc.'}, 'data': {'errorType': 'Input_Exception', 'errorCode': 'DH-905', 'errorMessage': 'Missing required fields, bad values for parameters etc.'}}
Traceback (most recent call last):
  File "d:\AI Trading\VS Project\Trading\Dhan_Tradehull.py", line 508, in get_historical_data
    raise Exception(ohlc)
Exception: {'status': 'failure', 'remarks': {'error_code': 'DH-905', 'error_type': 'Input_Exception', 'error_message': 'Missing required fields, bad values for parameters etc.'}, 'data': {'errorType': 'Input_Exception', 'errorCode': 'DH-905', 'errorMessage': 'Missing required fields, bad values for parameters etc.'}}
INFO:2025-05-28 10:15:18,264:MainThread:Dhan.py  started system
INFO:2025-05-28 10:15:18,264:MainThread:STARTED THE PROGRAM
ERROR:2025-05-28 10:16:19,170:MainThread:Exception in Getting OHLC data as {'status': 'failure', 'remarks': {'error_code': 'DH-905', 'error_type': 'Input_Exception', 'error_message': 'Missing required fields, bad values for parameters etc.'}, 'data': {'errorType': 'Input_Exception', 'errorCode': 'DH-905', 'errorMessage': 'Missing required fields, bad values for parameters etc.'}}
Traceback (most recent call last):
  File "d:\AI Trading\VS Project\Trading\Dhan_Tradehull.py", line 508, in get_historical_data
    raise Exception(ohlc)
Exception: {'status': 'failure', 'remarks': {'error_code': 'DH-905', 'error_type': 'Input_Exception', 'error_message': 'Missing required fields, bad values for parameters etc.'}, 'data': {'errorType': 'Input_Exception', 'errorCode': 'DH-905', 'errorMessage': 'Missing required fields, bad values for parameters etc.'}}
ERROR:2025-05-28 10:16:22,616:MainThread:Exception in Getting OHLC data as {'status': 'failure', 'remarks': {'error_code': 'DH-905', 'error_type': 'Input_Exception', 'error_message': 'Missing required fields, bad values for parameters etc.'}, 'data': {'errorType': 'Input_Exception', 'errorCode': 'DH-905', 'errorMessage': 'Missing required fields, bad values for parameters etc.'}}
Traceback (most recent call last):
  File "d:\AI Trading\VS Project\Trading\Dhan_Tradehull.py", line 508, in get_historical_data
    raise Exception(ohlc)
Exception: {'status': 'failure', 'remarks': {'error_code': 'DH-905', 'error_type': 'Input_Exception', 'error_message': 'Missing required fields, bad values for parameters etc.'}, 'data': {'errorType': 'Input_Exception', 'errorCode': 'DH-905', 'errorMessage': 'Missing required fields, bad values for parameters etc.'}}
INFO:2025-05-28 10:17:35,006:MainThread:Dhan.py  started system
INFO:2025-05-28 10:17:35,007:MainThread:STARTED THE PROGRAM
ERROR:2025-05-28 10:17:51,317:MainThread:Exception in Getting OHLC data as {'status': 'failure', 'remarks': {'error_code': 'DH-905', 'error_type': 'Input_Exception', 'error_message': 'Missing required fields, bad values for parameters etc.'}, 'data': {'errorType': 'Input_Exception', 'errorCode': 'DH-905', 'errorMessage': 'Missing required fields, bad values for parameters etc.'}}
Traceback (most recent call last):
  File "d:\AI Trading\VS Project\Trading\Dhan_Tradehull.py", line 508, in get_historical_data
    raise Exception(ohlc)
Exception: {'status': 'failure', 'remarks': {'error_code': 'DH-905', 'error_type': 'Input_Exception', 'error_message': 'Missing required fields, bad values for parameters etc.'}, 'data': {'errorType': 'Input_Exception', 'errorCode': 'DH-905', 'errorMessage': 'Missing required fields, bad values for parameters etc.'}}
ERROR:2025-05-28 10:17:57,029:MainThread:Exception in Getting OHLC data as {'status': 'failure', 'remarks': {'error_code': 'DH-905', 'error_type': 'Input_Exception', 'error_message': 'Missing required fields, bad values for parameters etc.'}, 'data': {'errorType': 'Input_Exception', 'errorCode': 'DH-905', 'errorMessage': 'Missing required fields, bad values for parameters etc.'}}
Traceback (most recent call last):
  File "d:\AI Trading\VS Project\Trading\Dhan_Tradehull.py", line 508, in get_historical_data
    raise Exception(ohlc)
Exception: {'status': 'failure', 'remarks': {'error_code': 'DH-905', 'error_type': 'Input_Exception', 'error_message': 'Missing required fields, bad values for parameters etc.'}, 'data': {'errorType': 'Input_Exception', 'errorCode': 'DH-905', 'errorMessage': 'Missing required fields, bad values for parameters etc.'}}
INFO:2025-05-28 10:18:25,205:MainThread:Dhan.py  started system
INFO:2025-05-28 10:18:25,205:MainThread:STARTED THE PROGRAM
INFO:2025-05-28 10:19:30,436:MainThread:Dhan.py  started system
INFO:2025-05-28 10:19:30,436:MainThread:STARTED THE PROGRAM
ERROR:2025-05-28 10:20:42,616:MainThread:Exception in Getting OHLC data as {'status': 'failure', 'remarks': {'error_code': 'DH-905', 'error_type': 'Input_Exception', 'error_message': 'Missing required fields, bad values for parameters etc.'}, 'data': {'errorType': 'Input_Exception', 'errorCode': 'DH-905', 'errorMessage': 'Missing required fields, bad values for parameters etc.'}}
Traceback (most recent call last):
  File "d:\AI Trading\VS Project\Trading\Dhan_Tradehull.py", line 508, in get_historical_data
    raise Exception(ohlc)
Exception: {'status': 'failure', 'remarks': {'error_code': 'DH-905', 'error_type': 'Input_Exception', 'error_message': 'Missing required fields, bad values for parameters etc.'}, 'data': {'errorType': 'Input_Exception', 'errorCode': 'DH-905', 'errorMessage': 'Missing required fields, bad values for parameters etc.'}}
ERROR:2025-05-28 10:20:46,728:MainThread:Exception in Getting OHLC data as {'status': 'failure', 'remarks': {'error_code': 'DH-905', 'error_type': 'Input_Exception', 'error_message': 'Missing required fields, bad values for parameters etc.'}, 'data': {'errorType': 'Input_Exception', 'errorCode': 'DH-905', 'errorMessage': 'Missing required fields, bad values for parameters etc.'}}
Traceback (most recent call last):
  File "d:\AI Trading\VS Project\Trading\Dhan_Tradehull.py", line 508, in get_historical_data
    raise Exception(ohlc)
Exception: {'status': 'failure', 'remarks': {'error_code': 'DH-905', 'error_type': 'Input_Exception', 'error_message': 'Missing required fields, bad values for parameters etc.'}, 'data': {'errorType': 'Input_Exception', 'errorCode': 'DH-905', 'errorMessage': 'Missing required fields, bad values for parameters etc.'}}
INFO:2025-05-28 10:39:05,449:MainThread:Dhan.py  started system
INFO:2025-05-28 10:39:05,450:MainThread:STARTED THE PROGRAM
INFO:2025-05-28 10:41:34,789:MainThread:Dhan.py  started system
INFO:2025-05-28 10:41:34,789:MainThread:STARTED THE PROGRAM
INFO:2025-05-28 10:41:46,122:MainThread:Dhan.py  started system
INFO:2025-05-28 10:41:46,122:MainThread:STARTED THE PROGRAM
INFO:2025-05-28 10:42:02,693:MainThread:Dhan.py  started system
INFO:2025-05-28 10:42:02,693:MainThread:STARTED THE PROGRAM
INFO:2025-05-28 10:42:24,594:MainThread:Dhan.py  started system
INFO:2025-05-28 10:42:24,595:MainThread:STARTED THE PROGRAM
INFO:2025-05-28 10:42:31,895:MainThread:Dhan.py  started system
INFO:2025-05-28 10:42:31,895:MainThread:STARTED THE PROGRAM
INFO:2025-05-28 10:42:39,301:MainThread:Dhan.py  started system
INFO:2025-05-28 10:42:39,301:MainThread:STARTED THE PROGRAM
INFO:2025-05-28 10:42:47,141:MainThread:Dhan.py  started system
INFO:2025-05-28 10:42:47,141:MainThread:STARTED THE PROGRAM
INFO:2025-05-28 10:42:54,559:MainThread:Dhan.py  started system
INFO:2025-05-28 10:42:54,560:MainThread:STARTED THE PROGRAM
INFO:2025-05-28 10:43:02,095:MainThread:Dhan.py  started system
INFO:2025-05-28 10:43:02,095:MainThread:STARTED THE PROGRAM
INFO:2025-05-28 10:43:09,731:MainThread:Dhan.py  started system
INFO:2025-05-28 10:43:09,731:MainThread:STARTED THE PROGRAM
INFO:2025-05-28 10:43:17,123:MainThread:Dhan.py  started system
INFO:2025-05-28 10:43:17,124:MainThread:STARTED THE PROGRAM
INFO:2025-05-28 10:43:24,672:MainThread:Dhan.py  started system
INFO:2025-05-28 10:43:24,673:MainThread:STARTED THE PROGRAM
INFO:2025-05-28 10:43:32,147:MainThread:Dhan.py  started system
INFO:2025-05-28 10:43:32,147:MainThread:STARTED THE PROGRAM
INFO:2025-05-28 10:43:39,757:MainThread:Dhan.py  started system
INFO:2025-05-28 10:43:39,758:MainThread:STARTED THE PROGRAM
INFO:2025-05-28 10:43:47,001:MainThread:Dhan.py  started system
INFO:2025-05-28 10:43:47,001:MainThread:STARTED THE PROGRAM
INFO:2025-05-28 10:43:54,393:MainThread:Dhan.py  started system
INFO:2025-05-28 10:43:54,393:MainThread:STARTED THE PROGRAM
INFO:2025-05-28 10:44:01,921:MainThread:Dhan.py  started system
INFO:2025-05-28 10:44:01,921:MainThread:STARTED THE PROGRAM
INFO:2025-05-28 10:44:09,378:MainThread:Dhan.py  started system
INFO:2025-05-28 10:44:09,378:MainThread:STARTED THE PROGRAM
INFO:2025-05-28 10:44:16,939:MainThread:Dhan.py  started system
INFO:2025-05-28 10:44:16,939:MainThread:STARTED THE PROGRAM
INFO:2025-05-28 10:44:24,556:MainThread:Dhan.py  started system
INFO:2025-05-28 10:44:24,557:MainThread:STARTED THE PROGRAM
INFO:2025-05-28 10:44:32,220:MainThread:Dhan.py  started system
INFO:2025-05-28 10:44:32,220:MainThread:STARTED THE PROGRAM
INFO:2025-05-28 10:44:39,911:MainThread:Dhan.py  started system
INFO:2025-05-28 10:44:39,911:MainThread:STARTED THE PROGRAM
INFO:2025-05-28 10:44:47,334:MainThread:Dhan.py  started system
INFO:2025-05-28 10:44:47,334:MainThread:STARTED THE PROGRAM
INFO:2025-05-28 10:44:54,802:MainThread:Dhan.py  started system
INFO:2025-05-28 10:44:54,803:MainThread:STARTED THE PROGRAM
INFO:2025-05-28 10:45:02,552:MainThread:Dhan.py  started system
INFO:2025-05-28 10:45:02,552:MainThread:STARTED THE PROGRAM
INFO:2025-05-28 10:45:34,687:MainThread:Dhan.py  started system
INFO:2025-05-28 10:45:34,688:MainThread:STARTED THE PROGRAM
INFO:2025-05-28 11:13:10,480:MainThread:Dhan.py  started system
INFO:2025-05-28 11:13:10,481:MainThread:STARTED THE PROGRAM
INFO:2025-05-28 11:13:38,111:MainThread:Dhan.py  started system
INFO:2025-05-28 11:13:38,111:MainThread:STARTED THE PROGRAM
INFO:2025-05-28 11:17:36,745:MainThread:Dhan.py  started system
INFO:2025-05-28 11:17:36,745:MainThread:STARTED THE PROGRAM
INFO:2025-05-28 11:17:43,579:MainThread:Dhan.py  started system
INFO:2025-05-28 11:17:43,580:MainThread:STARTED THE PROGRAM
INFO:2025-05-28 11:17:53,157:MainThread:Dhan.py  started system
INFO:2025-05-28 11:17:53,157:MainThread:STARTED THE PROGRAM
INFO:2025-05-28 11:18:02,935:MainThread:Dhan.py  started system
INFO:2025-05-28 11:18:02,935:MainThread:STARTED THE PROGRAM
INFO:2025-05-28 11:18:13,151:MainThread:Dhan.py  started system
INFO:2025-05-28 11:18:13,151:MainThread:STARTED THE PROGRAM
INFO:2025-05-28 11:18:22,991:MainThread:Dhan.py  started system
INFO:2025-05-28 11:18:22,991:MainThread:STARTED THE PROGRAM
INFO:2025-05-28 11:18:32,735:MainThread:Dhan.py  started system
INFO:2025-05-28 11:18:32,735:MainThread:STARTED THE PROGRAM
INFO:2025-05-28 11:18:42,505:MainThread:Dhan.py  started system
INFO:2025-05-28 11:18:42,505:MainThread:STARTED THE PROGRAM
INFO:2025-05-28 11:18:52,232:MainThread:Dhan.py  started system
INFO:2025-05-28 11:18:52,232:MainThread:STARTED THE PROGRAM
INFO:2025-05-28 11:19:01,935:MainThread:Dhan.py  started system
INFO:2025-05-28 11:19:01,935:MainThread:STARTED THE PROGRAM
INFO:2025-05-28 11:19:11,767:MainThread:Dhan.py  started system
INFO:2025-05-28 11:19:11,768:MainThread:STARTED THE PROGRAM
INFO:2025-05-28 11:19:21,646:MainThread:Dhan.py  started system
INFO:2025-05-28 11:19:21,646:MainThread:STARTED THE PROGRAM
INFO:2025-05-28 11:19:31,637:MainThread:Dhan.py  started system
INFO:2025-05-28 11:19:31,637:MainThread:STARTED THE PROGRAM
INFO:2025-05-28 11:20:13,221:MainThread:Dhan.py  started system
INFO:2025-05-28 11:20:13,994:MainThread:STARTED THE PROGRAM
INFO:2025-05-28 11:21:32,586:MainThread:Dhan.py  started system
INFO:2025-05-28 11:21:32,586:MainThread:STARTED THE PROGRAM
INFO:2025-05-28 11:21:40,037:MainThread:Dhan.py  started system
INFO:2025-05-28 11:21:40,037:MainThread:STARTED THE PROGRAM
INFO:2025-05-28 11:21:47,438:MainThread:Dhan.py  started system
INFO:2025-05-28 11:21:47,438:MainThread:STARTED THE PROGRAM
INFO:2025-05-28 11:21:54,915:MainThread:Dhan.py  started system
INFO:2025-05-28 11:21:54,915:MainThread:STARTED THE PROGRAM
INFO:2025-05-28 11:22:02,464:MainThread:Dhan.py  started system
INFO:2025-05-28 11:22:02,464:MainThread:STARTED THE PROGRAM
INFO:2025-05-28 11:22:10,151:MainThread:Dhan.py  started system
INFO:2025-05-28 11:22:10,151:MainThread:STARTED THE PROGRAM
INFO:2025-05-28 11:22:18,343:MainThread:Dhan.py  started system
INFO:2025-05-28 11:22:18,343:MainThread:STARTED THE PROGRAM
INFO:2025-05-28 11:22:26,229:MainThread:Dhan.py  started system
INFO:2025-05-28 11:22:26,229:MainThread:STARTED THE PROGRAM
INFO:2025-05-28 11:22:33,859:MainThread:Dhan.py  started system
INFO:2025-05-28 11:22:33,859:MainThread:STARTED THE PROGRAM
INFO:2025-05-28 11:22:41,381:MainThread:Dhan.py  started system
INFO:2025-05-28 11:22:41,382:MainThread:STARTED THE PROGRAM
INFO:2025-05-28 11:22:48,959:MainThread:Dhan.py  started system
INFO:2025-05-28 11:22:48,959:MainThread:STARTED THE PROGRAM
INFO:2025-05-28 11:22:56,311:MainThread:Dhan.py  started system
INFO:2025-05-28 11:22:56,312:MainThread:STARTED THE PROGRAM
INFO:2025-05-28 11:23:03,633:MainThread:Dhan.py  started system
INFO:2025-05-28 11:23:03,633:MainThread:STARTED THE PROGRAM
INFO:2025-05-28 11:23:10,954:MainThread:Dhan.py  started system
INFO:2025-05-28 11:23:10,955:MainThread:STARTED THE PROGRAM
INFO:2025-05-28 11:23:18,214:MainThread:Dhan.py  started system
INFO:2025-05-28 11:23:18,214:MainThread:STARTED THE PROGRAM
INFO:2025-05-28 11:23:25,961:MainThread:Dhan.py  started system
INFO:2025-05-28 11:23:25,962:MainThread:STARTED THE PROGRAM
INFO:2025-05-28 11:23:33,673:MainThread:Dhan.py  started system
INFO:2025-05-28 11:23:33,674:MainThread:STARTED THE PROGRAM
INFO:2025-05-28 11:23:41,414:MainThread:Dhan.py  started system
INFO:2025-05-28 11:23:41,414:MainThread:STARTED THE PROGRAM
INFO:2025-05-28 11:23:49,573:MainThread:Dhan.py  started system
INFO:2025-05-28 11:23:49,574:MainThread:STARTED THE PROGRAM
INFO:2025-05-28 11:23:57,688:MainThread:Dhan.py  started system
INFO:2025-05-28 11:23:57,688:MainThread:STARTED THE PROGRAM
INFO:2025-05-28 11:24:05,462:MainThread:Dhan.py  started system
INFO:2025-05-28 11:24:05,463:MainThread:STARTED THE PROGRAM
INFO:2025-05-28 11:24:13,148:MainThread:Dhan.py  started system
INFO:2025-05-28 11:24:13,148:MainThread:STARTED THE PROGRAM
INFO:2025-05-28 11:24:20,894:MainThread:Dhan.py  started system
INFO:2025-05-28 11:24:20,894:MainThread:STARTED THE PROGRAM
INFO:2025-05-28 11:24:28,719:MainThread:Dhan.py  started system
INFO:2025-05-28 11:24:28,720:MainThread:STARTED THE PROGRAM
INFO:2025-05-28 11:24:36,694:MainThread:Dhan.py  started system
INFO:2025-05-28 11:24:36,694:MainThread:STARTED THE PROGRAM
INFO:2025-05-28 11:25:41,513:MainThread:Dhan.py  started system
INFO:2025-05-28 11:25:41,514:MainThread:STARTED THE PROGRAM
INFO:2025-05-28 11:28:37,089:MainThread:Dhan.py  started system
INFO:2025-05-28 11:28:37,090:MainThread:STARTED THE PROGRAM
INFO:2025-05-28 11:32:01,663:MainThread:Dhan.py  started system
INFO:2025-05-28 11:32:01,664:MainThread:STARTED THE PROGRAM
INFO:2025-05-28 11:32:08,690:MainThread:Dhan.py  started system
INFO:2025-05-28 11:32:08,691:MainThread:STARTED THE PROGRAM
INFO:2025-05-28 11:32:18,534:MainThread:Dhan.py  started system
INFO:2025-05-28 11:32:18,535:MainThread:STARTED THE PROGRAM
INFO:2025-05-28 11:32:34,881:MainThread:Dhan.py  started system
INFO:2025-05-28 11:32:34,881:MainThread:STARTED THE PROGRAM
INFO:2025-05-28 11:32:50,914:MainThread:Dhan.py  started system
INFO:2025-05-28 11:32:50,915:MainThread:STARTED THE PROGRAM
INFO:2025-05-28 11:32:58,235:MainThread:Dhan.py  started system
INFO:2025-05-28 11:32:58,235:MainThread:STARTED THE PROGRAM
INFO:2025-05-28 11:33:05,635:MainThread:Dhan.py  started system
INFO:2025-05-28 11:33:05,635:MainThread:STARTED THE PROGRAM
INFO:2025-05-28 11:33:12,947:MainThread:Dhan.py  started system
INFO:2025-05-28 11:33:12,947:MainThread:STARTED THE PROGRAM
INFO:2025-05-28 11:33:39,292:MainThread:Dhan.py  started system
INFO:2025-05-28 11:33:39,293:MainThread:STARTED THE PROGRAM
INFO:2025-05-28 11:33:43,930:MainThread:Dhan.py  started system
INFO:2025-05-28 11:33:43,930:MainThread:STARTED THE PROGRAM
INFO:2025-05-28 11:35:55,073:MainThread:Dhan.py  started system
INFO:2025-05-28 11:35:55,073:MainThread:STARTED THE PROGRAM
INFO:2025-05-28 11:43:06,468:MainThread:Dhan.py  started system
INFO:2025-05-28 11:43:06,468:MainThread:STARTED THE PROGRAM
INFO:2025-05-28 11:47:58,735:MainThread:Dhan.py  started system
INFO:2025-05-28 11:47:58,735:MainThread:STARTED THE PROGRAM
INFO:2025-05-28 11:48:08,870:MainThread:Dhan.py  started system
INFO:2025-05-28 11:48:08,871:MainThread:STARTED THE PROGRAM
INFO:2025-05-28 11:48:47,960:MainThread:Dhan.py  started system
INFO:2025-05-28 11:48:47,961:MainThread:STARTED THE PROGRAM
INFO:2025-05-28 11:49:30,288:MainThread:Dhan.py  started system
INFO:2025-05-28 11:49:30,288:MainThread:STARTED THE PROGRAM
INFO:2025-05-28 11:51:40,535:MainThread:Dhan.py  started system
INFO:2025-05-28 11:51:40,535:MainThread:STARTED THE PROGRAM
INFO:2025-05-28 11:52:26,264:MainThread:Dhan.py  started system
INFO:2025-05-28 11:52:26,264:MainThread:STARTED THE PROGRAM
INFO:2025-05-28 11:53:14,460:MainThread:Dhan.py  started system
INFO:2025-05-28 11:53:14,460:MainThread:STARTED THE PROGRAM
INFO:2025-05-28 11:54:05,105:MainThread:Dhan.py  started system
INFO:2025-05-28 11:54:05,105:MainThread:STARTED THE PROGRAM
INFO:2025-05-28 11:54:30,813:MainThread:Dhan.py  started system
INFO:2025-05-28 11:54:30,814:MainThread:STARTED THE PROGRAM
INFO:2025-05-28 11:54:52,327:MainThread:Dhan.py  started system
INFO:2025-05-28 11:54:52,327:MainThread:STARTED THE PROGRAM
INFO:2025-05-28 11:55:34,461:MainThread:Dhan.py  started system
INFO:2025-05-28 11:55:34,461:MainThread:STARTED THE PROGRAM
INFO:2025-05-28 14:50:17,265:MainThread:Dhan.py  started system
INFO:2025-05-28 14:50:17,265:MainThread:STARTED THE PROGRAM
INFO:2025-05-28 15:02:17,503:MainThread:Dhan.py  started system
INFO:2025-05-28 15:02:17,504:MainThread:STARTED THE PROGRAM
INFO:2025-05-28 15:04:03,918:MainThread:Dhan.py  started system
INFO:2025-05-28 15:04:03,918:MainThread:STARTED THE PROGRAM
INFO:2025-05-28 15:05:13,588:MainThread:Dhan.py  started system
INFO:2025-05-28 15:05:13,588:MainThread:STARTED THE PROGRAM
INFO:2025-05-28 15:09:42,148:MainThread:Dhan.py  started system
INFO:2025-05-28 15:09:42,148:MainThread:STARTED THE PROGRAM
INFO:2025-05-28 15:28:12,904:MainThread:Dhan.py  started system
INFO:2025-05-28 15:28:12,905:MainThread:STARTED THE PROGRAM
