INFO:2025-06-11 09:17:51,488:MainThread:Dhan.py  started system
INFO:2025-06-11 09:17:51,489:MainThread:STARTED THE PROGRAM
INFO:2025-06-11 09:17:56,394:MainThread:Dhan.py  started system
INFO:2025-06-11 09:17:56,394:MainThread:STARTED THE PROGRAM
ERROR:2025-06-11 09:18:26,379:MainThread:Exception in Getting OHLC data as {'status': 'failure', 'remarks': {'error_code': 'DH-905', 'error_type': 'Input_Exception', 'error_message': 'Missing required fields, bad values for parameters etc.'}, 'data': {'errorType': 'Input_Exception', 'errorCode': 'DH-905', 'errorMessage': 'Missing required fields, bad values for parameters etc.'}}
Traceback (most recent call last):
  File "d:\AI Trading\VS Project\Trading\Dhan_Tradehull.py", line 508, in get_historical_data
    raise Exception(ohlc)
Exception: {'status': 'failure', 'remarks': {'error_code': 'DH-905', 'error_type': 'Input_Exception', 'error_message': 'Missing required fields, bad values for parameters etc.'}, 'data': {'errorType': 'Input_Exception', 'errorCode': 'DH-905', 'errorMessage': 'Missing required fields, bad values for parameters etc.'}}
ERROR:2025-06-11 09:18:28,557:MainThread:Exception in Getting OHLC data as {'status': 'failure', 'remarks': {'error_code': 'DH-905', 'error_type': 'Input_Exception', 'error_message': 'Missing required fields, bad values for parameters etc.'}, 'data': {'errorType': 'Input_Exception', 'errorCode': 'DH-905', 'errorMessage': 'Missing required fields, bad values for parameters etc.'}}
Traceback (most recent call last):
  File "d:\AI Trading\VS Project\Trading\Dhan_Tradehull.py", line 508, in get_historical_data
    raise Exception(ohlc)
Exception: {'status': 'failure', 'remarks': {'error_code': 'DH-905', 'error_type': 'Input_Exception', 'error_message': 'Missing required fields, bad values for parameters etc.'}, 'data': {'errorType': 'Input_Exception', 'errorCode': 'DH-905', 'errorMessage': 'Missing required fields, bad values for parameters etc.'}}
INFO:2025-06-11 09:18:55,105:MainThread:Dhan.py  started system
INFO:2025-06-11 09:18:55,105:MainThread:STARTED THE PROGRAM
INFO:2025-06-11 09:19:23,226:MainThread:Dhan.py  started system
INFO:2025-06-11 09:19:23,226:MainThread:STARTED THE PROGRAM
INFO:2025-06-11 09:19:31,923:MainThread:Dhan.py  started system
INFO:2025-06-11 09:19:31,924:MainThread:STARTED THE PROGRAM
INFO:2025-06-11 09:21:53,663:MainThread:Dhan.py  started system
INFO:2025-06-11 09:21:53,663:MainThread:STARTED THE PROGRAM
INFO:2025-06-11 09:22:26,053:MainThread:Dhan.py  started system
INFO:2025-06-11 09:22:26,053:MainThread:STARTED THE PROGRAM
INFO:2025-06-11 09:22:59,450:MainThread:Dhan.py  started system
INFO:2025-06-11 09:22:59,450:MainThread:STARTED THE PROGRAM
INFO:2025-06-11 09:23:27,180:MainThread:Dhan.py  started system
INFO:2025-06-11 09:23:27,180:MainThread:STARTED THE PROGRAM
INFO:2025-06-11 09:23:56,147:MainThread:Dhan.py  started system
INFO:2025-06-11 09:23:56,147:MainThread:STARTED THE PROGRAM
INFO:2025-06-11 09:24:28,264:MainThread:Dhan.py  started system
INFO:2025-06-11 09:24:28,264:MainThread:STARTED THE PROGRAM
INFO:2025-06-11 09:25:08,769:MainThread:Dhan.py  started system
INFO:2025-06-11 09:25:08,769:MainThread:STARTED THE PROGRAM
INFO:2025-06-11 09:27:20,719:MainThread:Dhan.py  started system
INFO:2025-06-11 09:27:20,719:MainThread:STARTED THE PROGRAM
INFO:2025-06-11 09:28:21,986:MainThread:Dhan.py  started system
INFO:2025-06-11 09:28:21,986:MainThread:STARTED THE PROGRAM
INFO:2025-06-11 09:29:23,083:MainThread:Dhan.py  started system
INFO:2025-06-11 09:29:23,085:MainThread:STARTED THE PROGRAM
INFO:2025-06-11 09:30:24,917:MainThread:Dhan.py  started system
INFO:2025-06-11 09:30:24,918:MainThread:STARTED THE PROGRAM
INFO:2025-06-11 09:32:15,090:MainThread:Dhan.py  started system
INFO:2025-06-11 09:32:15,090:MainThread:STARTED THE PROGRAM
INFO:2025-06-11 09:35:55,151:MainThread:Dhan.py  started system
INFO:2025-06-11 09:35:55,151:MainThread:STARTED THE PROGRAM
INFO:2025-06-11 09:37:24,779:MainThread:Dhan.py  started system
INFO:2025-06-11 09:37:24,779:MainThread:STARTED THE PROGRAM
INFO:2025-06-11 09:38:45,437:MainThread:Dhan.py  started system
INFO:2025-06-11 09:38:45,437:MainThread:STARTED THE PROGRAM
INFO:2025-06-11 09:38:52,798:MainThread:Dhan.py  started system
INFO:2025-06-11 09:38:52,799:MainThread:STARTED THE PROGRAM
INFO:2025-06-11 09:39:02,346:MainThread:Dhan.py  started system
INFO:2025-06-11 09:39:02,346:MainThread:STARTED THE PROGRAM
INFO:2025-06-11 09:39:11,823:MainThread:Dhan.py  started system
INFO:2025-06-11 09:39:11,823:MainThread:STARTED THE PROGRAM
INFO:2025-06-11 09:39:21,426:MainThread:Dhan.py  started system
INFO:2025-06-11 09:39:21,426:MainThread:STARTED THE PROGRAM
INFO:2025-06-11 09:39:29,647:MainThread:Dhan.py  started system
INFO:2025-06-11 09:39:29,647:MainThread:STARTED THE PROGRAM
INFO:2025-06-11 09:39:37,747:MainThread:Dhan.py  started system
INFO:2025-06-11 09:39:37,747:MainThread:STARTED THE PROGRAM
INFO:2025-06-11 09:39:45,214:MainThread:Dhan.py  started system
INFO:2025-06-11 09:39:45,214:MainThread:STARTED THE PROGRAM
INFO:2025-06-11 09:39:50,608:MainThread:Dhan.py  started system
INFO:2025-06-11 09:39:50,608:MainThread:STARTED THE PROGRAM
INFO:2025-06-11 09:39:52,733:MainThread:Dhan.py  started system
INFO:2025-06-11 09:39:52,734:MainThread:STARTED THE PROGRAM
INFO:2025-06-11 09:40:00,270:MainThread:Dhan.py  started system
INFO:2025-06-11 09:40:00,270:MainThread:STARTED THE PROGRAM
INFO:2025-06-11 09:40:07,840:MainThread:Dhan.py  started system
INFO:2025-06-11 09:40:07,840:MainThread:STARTED THE PROGRAM
INFO:2025-06-11 09:40:15,411:MainThread:Dhan.py  started system
INFO:2025-06-11 09:40:15,411:MainThread:STARTED THE PROGRAM
INFO:2025-06-11 09:40:23,031:MainThread:Dhan.py  started system
INFO:2025-06-11 09:40:23,031:MainThread:STARTED THE PROGRAM
INFO:2025-06-11 09:40:30,513:MainThread:Dhan.py  started system
INFO:2025-06-11 09:40:30,513:MainThread:STARTED THE PROGRAM
INFO:2025-06-11 09:40:40,188:MainThread:Dhan.py  started system
INFO:2025-06-11 09:40:40,188:MainThread:STARTED THE PROGRAM
INFO:2025-06-11 09:40:51,891:MainThread:Dhan.py  started system
INFO:2025-06-11 09:40:51,891:MainThread:STARTED THE PROGRAM
INFO:2025-06-11 09:41:00,125:MainThread:Dhan.py  started system
INFO:2025-06-11 09:41:00,125:MainThread:STARTED THE PROGRAM
INFO:2025-06-11 09:41:10,779:MainThread:Dhan.py  started system
INFO:2025-06-11 09:41:10,779:MainThread:STARTED THE PROGRAM
INFO:2025-06-11 09:41:20,339:MainThread:Dhan.py  started system
INFO:2025-06-11 09:41:20,339:MainThread:STARTED THE PROGRAM
INFO:2025-06-11 09:41:32,382:MainThread:Dhan.py  started system
INFO:2025-06-11 09:41:32,382:MainThread:STARTED THE PROGRAM
INFO:2025-06-11 09:41:39,331:MainThread:Dhan.py  started system
INFO:2025-06-11 09:41:39,331:MainThread:STARTED THE PROGRAM
INFO:2025-06-11 09:41:46,661:MainThread:Dhan.py  started system
INFO:2025-06-11 09:41:46,662:MainThread:STARTED THE PROGRAM
INFO:2025-06-11 09:41:59,964:MainThread:Dhan.py  started system
INFO:2025-06-11 09:41:59,964:MainThread:STARTED THE PROGRAM
INFO:2025-06-11 09:42:13,028:MainThread:Dhan.py  started system
INFO:2025-06-11 09:42:13,029:MainThread:STARTED THE PROGRAM
INFO:2025-06-11 09:42:25,581:MainThread:Dhan.py  started system
INFO:2025-06-11 09:42:25,581:MainThread:STARTED THE PROGRAM
INFO:2025-06-11 09:42:40,960:MainThread:Dhan.py  started system
INFO:2025-06-11 09:42:40,960:MainThread:STARTED THE PROGRAM
INFO:2025-06-11 09:42:55,739:MainThread:Dhan.py  started system
INFO:2025-06-11 09:42:55,739:MainThread:STARTED THE PROGRAM
INFO:2025-06-11 09:43:10,215:MainThread:Dhan.py  started system
INFO:2025-06-11 09:43:10,216:MainThread:STARTED THE PROGRAM
INFO:2025-06-11 09:43:24,632:MainThread:Dhan.py  started system
INFO:2025-06-11 09:43:24,632:MainThread:STARTED THE PROGRAM
INFO:2025-06-11 09:43:28,171:MainThread:Dhan.py  started system
INFO:2025-06-11 09:43:28,172:MainThread:STARTED THE PROGRAM
INFO:2025-06-11 09:43:39,467:MainThread:Dhan.py  started system
INFO:2025-06-11 09:43:39,467:MainThread:STARTED THE PROGRAM
INFO:2025-06-11 09:43:54,175:MainThread:Dhan.py  started system
INFO:2025-06-11 09:43:54,176:MainThread:STARTED THE PROGRAM
INFO:2025-06-11 09:44:08,641:MainThread:Dhan.py  started system
INFO:2025-06-11 09:44:08,641:MainThread:STARTED THE PROGRAM
INFO:2025-06-11 09:44:25,279:MainThread:Dhan.py  started system
INFO:2025-06-11 09:44:25,279:MainThread:STARTED THE PROGRAM
INFO:2025-06-11 09:44:42,055:MainThread:Dhan.py  started system
INFO:2025-06-11 09:44:42,056:MainThread:STARTED THE PROGRAM
INFO:2025-06-11 09:44:58,903:MainThread:Dhan.py  started system
INFO:2025-06-11 09:44:58,904:MainThread:STARTED THE PROGRAM
INFO:2025-06-11 09:45:12,547:MainThread:Dhan.py  started system
INFO:2025-06-11 09:45:12,547:MainThread:STARTED THE PROGRAM
INFO:2025-06-11 09:45:13,631:MainThread:Dhan.py  started system
INFO:2025-06-11 09:45:13,631:MainThread:STARTED THE PROGRAM
INFO:2025-06-11 09:45:27,358:MainThread:Dhan.py  started system
INFO:2025-06-11 09:45:27,358:MainThread:STARTED THE PROGRAM
INFO:2025-06-11 09:45:41,294:MainThread:Dhan.py  started system
INFO:2025-06-11 09:45:41,294:MainThread:STARTED THE PROGRAM
INFO:2025-06-11 09:45:53,667:MainThread:Dhan.py  started system
INFO:2025-06-11 09:45:53,667:MainThread:STARTED THE PROGRAM
INFO:2025-06-11 09:46:02,157:MainThread:Dhan.py  started system
INFO:2025-06-11 09:46:02,157:MainThread:STARTED THE PROGRAM
INFO:2025-06-11 09:46:13,851:MainThread:Dhan.py  started system
INFO:2025-06-11 09:46:13,851:MainThread:STARTED THE PROGRAM
INFO:2025-06-11 09:46:14,042:MainThread:Dhan.py  started system
INFO:2025-06-11 09:46:14,042:MainThread:STARTED THE PROGRAM
INFO:2025-06-11 09:46:25,890:MainThread:Dhan.py  started system
INFO:2025-06-11 09:46:25,891:MainThread:STARTED THE PROGRAM
INFO:2025-06-11 09:46:31,759:MainThread:Dhan.py  started system
INFO:2025-06-11 09:46:31,759:MainThread:STARTED THE PROGRAM
INFO:2025-06-11 09:46:34,145:MainThread:Dhan.py  started system
INFO:2025-06-11 09:46:34,145:MainThread:STARTED THE PROGRAM
INFO:2025-06-11 09:46:44,361:MainThread:Dhan.py  started system
INFO:2025-06-11 09:46:44,361:MainThread:STARTED THE PROGRAM
INFO:2025-06-11 09:46:53,880:MainThread:Dhan.py  started system
INFO:2025-06-11 09:46:53,880:MainThread:STARTED THE PROGRAM
INFO:2025-06-11 09:47:03,536:MainThread:Dhan.py  started system
INFO:2025-06-11 09:47:03,537:MainThread:STARTED THE PROGRAM
INFO:2025-06-11 09:47:13,213:MainThread:Dhan.py  started system
INFO:2025-06-11 09:47:13,213:MainThread:STARTED THE PROGRAM
INFO:2025-06-11 09:47:22,850:MainThread:Dhan.py  started system
INFO:2025-06-11 09:47:22,850:MainThread:STARTED THE PROGRAM
INFO:2025-06-11 09:47:32,586:MainThread:Dhan.py  started system
INFO:2025-06-11 09:47:32,586:MainThread:STARTED THE PROGRAM
INFO:2025-06-11 09:47:42,179:MainThread:Dhan.py  started system
INFO:2025-06-11 09:47:42,179:MainThread:STARTED THE PROGRAM
INFO:2025-06-11 09:47:46,476:MainThread:Dhan.py  started system
INFO:2025-06-11 09:47:46,476:MainThread:STARTED THE PROGRAM
INFO:2025-06-11 09:47:51,913:MainThread:Dhan.py  started system
INFO:2025-06-11 09:47:51,913:MainThread:STARTED THE PROGRAM
INFO:2025-06-11 09:48:01,572:MainThread:Dhan.py  started system
INFO:2025-06-11 09:48:01,572:MainThread:STARTED THE PROGRAM
INFO:2025-06-11 09:48:11,237:MainThread:Dhan.py  started system
INFO:2025-06-11 09:48:11,237:MainThread:STARTED THE PROGRAM
INFO:2025-06-11 09:48:20,915:MainThread:Dhan.py  started system
INFO:2025-06-11 09:48:20,916:MainThread:STARTED THE PROGRAM
INFO:2025-06-11 09:48:30,610:MainThread:Dhan.py  started system
INFO:2025-06-11 09:48:30,610:MainThread:STARTED THE PROGRAM
INFO:2025-06-11 09:48:40,257:MainThread:Dhan.py  started system
INFO:2025-06-11 09:48:40,257:MainThread:STARTED THE PROGRAM
INFO:2025-06-11 09:48:49,990:MainThread:Dhan.py  started system
INFO:2025-06-11 09:48:49,990:MainThread:STARTED THE PROGRAM
INFO:2025-06-11 09:48:59,670:MainThread:Dhan.py  started system
INFO:2025-06-11 09:48:59,670:MainThread:STARTED THE PROGRAM
INFO:2025-06-11 09:49:01,681:MainThread:Dhan.py  started system
INFO:2025-06-11 09:49:01,682:MainThread:STARTED THE PROGRAM
INFO:2025-06-11 09:49:09,384:MainThread:Dhan.py  started system
INFO:2025-06-11 09:49:09,384:MainThread:STARTED THE PROGRAM
INFO:2025-06-11 09:49:19,057:MainThread:Dhan.py  started system
INFO:2025-06-11 09:49:19,057:MainThread:STARTED THE PROGRAM
INFO:2025-06-11 09:49:28,769:MainThread:Dhan.py  started system
INFO:2025-06-11 09:49:28,770:MainThread:STARTED THE PROGRAM
INFO:2025-06-11 09:49:38,505:MainThread:Dhan.py  started system
INFO:2025-06-11 09:49:38,505:MainThread:STARTED THE PROGRAM
INFO:2025-06-11 09:49:48,164:MainThread:Dhan.py  started system
INFO:2025-06-11 09:49:48,164:MainThread:STARTED THE PROGRAM
INFO:2025-06-11 09:49:57,718:MainThread:Dhan.py  started system
INFO:2025-06-11 09:49:57,718:MainThread:STARTED THE PROGRAM
INFO:2025-06-11 09:50:07,370:MainThread:Dhan.py  started system
INFO:2025-06-11 09:50:07,370:MainThread:STARTED THE PROGRAM
INFO:2025-06-11 09:50:16,759:MainThread:Dhan.py  started system
INFO:2025-06-11 09:50:16,759:MainThread:STARTED THE PROGRAM
INFO:2025-06-11 09:50:16,765:MainThread:Dhan.py  started system
INFO:2025-06-11 09:50:16,765:MainThread:STARTED THE PROGRAM
INFO:2025-06-11 09:50:26,553:MainThread:Dhan.py  started system
INFO:2025-06-11 09:50:26,553:MainThread:STARTED THE PROGRAM
INFO:2025-06-11 09:50:36,279:MainThread:Dhan.py  started system
INFO:2025-06-11 09:50:36,279:MainThread:STARTED THE PROGRAM
INFO:2025-06-11 09:50:45,791:MainThread:Dhan.py  started system
INFO:2025-06-11 09:50:45,791:MainThread:STARTED THE PROGRAM
INFO:2025-06-11 09:50:55,237:MainThread:Dhan.py  started system
INFO:2025-06-11 09:50:55,237:MainThread:STARTED THE PROGRAM
INFO:2025-06-11 09:51:04,833:MainThread:Dhan.py  started system
INFO:2025-06-11 09:51:04,834:MainThread:STARTED THE PROGRAM
INFO:2025-06-11 09:51:12,909:MainThread:Dhan.py  started system
INFO:2025-06-11 09:51:12,909:MainThread:STARTED THE PROGRAM
INFO:2025-06-11 09:51:21,221:MainThread:Dhan.py  started system
INFO:2025-06-11 09:51:21,221:MainThread:STARTED THE PROGRAM
INFO:2025-06-11 09:51:28,737:MainThread:Dhan.py  started system
INFO:2025-06-11 09:51:28,737:MainThread:STARTED THE PROGRAM
INFO:2025-06-11 09:51:31,941:MainThread:Dhan.py  started system
INFO:2025-06-11 09:51:31,941:MainThread:STARTED THE PROGRAM
INFO:2025-06-11 09:51:36,596:MainThread:Dhan.py  started system
INFO:2025-06-11 09:51:36,596:MainThread:STARTED THE PROGRAM
INFO:2025-06-11 09:51:44,528:MainThread:Dhan.py  started system
INFO:2025-06-11 09:51:44,528:MainThread:STARTED THE PROGRAM
INFO:2025-06-11 09:51:52,257:MainThread:Dhan.py  started system
INFO:2025-06-11 09:51:52,257:MainThread:STARTED THE PROGRAM
INFO:2025-06-11 09:51:59,801:MainThread:Dhan.py  started system
INFO:2025-06-11 09:51:59,801:MainThread:STARTED THE PROGRAM
INFO:2025-06-11 09:52:07,410:MainThread:Dhan.py  started system
INFO:2025-06-11 09:52:07,411:MainThread:STARTED THE PROGRAM
INFO:2025-06-11 09:52:15,697:MainThread:Dhan.py  started system
INFO:2025-06-11 09:52:15,697:MainThread:STARTED THE PROGRAM
INFO:2025-06-11 09:52:47,144:MainThread:Dhan.py  started system
INFO:2025-06-11 09:52:47,144:MainThread:STARTED THE PROGRAM
INFO:2025-06-11 09:54:02,377:MainThread:Dhan.py  started system
INFO:2025-06-11 09:54:02,377:MainThread:STARTED THE PROGRAM
INFO:2025-06-11 09:55:17,402:MainThread:Dhan.py  started system
INFO:2025-06-11 09:55:17,402:MainThread:STARTED THE PROGRAM
INFO:2025-06-11 09:56:32,535:MainThread:Dhan.py  started system
INFO:2025-06-11 09:56:32,535:MainThread:STARTED THE PROGRAM
INFO:2025-06-11 09:57:47,709:MainThread:Dhan.py  started system
INFO:2025-06-11 09:57:47,710:MainThread:STARTED THE PROGRAM
INFO:2025-06-11 09:59:02,901:MainThread:Dhan.py  started system
INFO:2025-06-11 09:59:02,901:MainThread:STARTED THE PROGRAM
INFO:2025-06-11 10:00:18,000:MainThread:Dhan.py  started system
INFO:2025-06-11 10:00:18,000:MainThread:STARTED THE PROGRAM
INFO:2025-06-11 10:01:33,282:MainThread:Dhan.py  started system
INFO:2025-06-11 10:01:33,282:MainThread:STARTED THE PROGRAM
INFO:2025-06-11 10:02:48,522:MainThread:Dhan.py  started system
INFO:2025-06-11 10:02:48,523:MainThread:STARTED THE PROGRAM
INFO:2025-06-11 10:04:03,650:MainThread:Dhan.py  started system
INFO:2025-06-11 10:04:03,650:MainThread:STARTED THE PROGRAM
INFO:2025-06-11 10:05:18,681:MainThread:Dhan.py  started system
INFO:2025-06-11 10:05:18,681:MainThread:STARTED THE PROGRAM
INFO:2025-06-11 10:06:33,863:MainThread:Dhan.py  started system
INFO:2025-06-11 10:06:33,864:MainThread:STARTED THE PROGRAM
INFO:2025-06-11 10:07:48,970:MainThread:Dhan.py  started system
INFO:2025-06-11 10:07:48,970:MainThread:STARTED THE PROGRAM
INFO:2025-06-11 10:09:04,032:MainThread:Dhan.py  started system
INFO:2025-06-11 10:09:04,032:MainThread:STARTED THE PROGRAM
INFO:2025-06-11 10:10:19,110:MainThread:Dhan.py  started system
INFO:2025-06-11 10:10:19,111:MainThread:STARTED THE PROGRAM
INFO:2025-06-11 10:11:34,247:MainThread:Dhan.py  started system
INFO:2025-06-11 10:11:34,248:MainThread:STARTED THE PROGRAM
INFO:2025-06-11 10:12:49,562:MainThread:Dhan.py  started system
INFO:2025-06-11 10:12:49,563:MainThread:STARTED THE PROGRAM
INFO:2025-06-11 10:15:11,965:MainThread:Dhan.py  started system
INFO:2025-06-11 10:15:11,965:MainThread:STARTED THE PROGRAM
INFO:2025-06-11 10:19:33,301:MainThread:Dhan.py  started system
INFO:2025-06-11 10:19:33,302:MainThread:STARTED THE PROGRAM
INFO:2025-06-11 10:20:28,396:MainThread:Dhan.py  started system
INFO:2025-06-11 10:20:28,396:MainThread:STARTED THE PROGRAM
INFO:2025-06-11 10:21:09,287:MainThread:Dhan.py  started system
INFO:2025-06-11 10:21:09,288:MainThread:STARTED THE PROGRAM
INFO:2025-06-11 10:21:19,056:MainThread:Dhan.py  started system
INFO:2025-06-11 10:21:19,056:MainThread:STARTED THE PROGRAM
INFO:2025-06-11 10:21:28,720:MainThread:Dhan.py  started system
INFO:2025-06-11 10:21:28,720:MainThread:STARTED THE PROGRAM
INFO:2025-06-11 10:21:36,837:MainThread:Dhan.py  started system
INFO:2025-06-11 10:21:36,838:MainThread:STARTED THE PROGRAM
INFO:2025-06-11 10:21:45,203:MainThread:Dhan.py  started system
INFO:2025-06-11 10:21:45,203:MainThread:STARTED THE PROGRAM
INFO:2025-06-11 10:21:53,062:MainThread:Dhan.py  started system
INFO:2025-06-11 10:21:53,062:MainThread:STARTED THE PROGRAM
INFO:2025-06-11 10:22:00,560:MainThread:Dhan.py  started system
INFO:2025-06-11 10:22:00,560:MainThread:STARTED THE PROGRAM
INFO:2025-06-11 10:22:08,148:MainThread:Dhan.py  started system
INFO:2025-06-11 10:22:08,149:MainThread:STARTED THE PROGRAM
INFO:2025-06-11 10:22:12,277:MainThread:Dhan.py  started system
INFO:2025-06-11 10:22:12,278:MainThread:STARTED THE PROGRAM
INFO:2025-06-11 10:22:15,718:MainThread:Dhan.py  started system
INFO:2025-06-11 10:22:15,719:MainThread:STARTED THE PROGRAM
INFO:2025-06-11 10:22:23,236:MainThread:Dhan.py  started system
INFO:2025-06-11 10:22:23,236:MainThread:STARTED THE PROGRAM
INFO:2025-06-11 10:22:30,918:MainThread:Dhan.py  started system
INFO:2025-06-11 10:22:30,918:MainThread:STARTED THE PROGRAM
INFO:2025-06-11 10:22:38,616:MainThread:Dhan.py  started system
INFO:2025-06-11 10:22:38,617:MainThread:STARTED THE PROGRAM
INFO:2025-06-11 10:22:46,440:MainThread:Dhan.py  started system
INFO:2025-06-11 10:22:46,440:MainThread:STARTED THE PROGRAM
INFO:2025-06-11 10:22:54,060:MainThread:Dhan.py  started system
INFO:2025-06-11 10:22:54,061:MainThread:STARTED THE PROGRAM
INFO:2025-06-11 10:23:01,436:MainThread:Dhan.py  started system
INFO:2025-06-11 10:23:01,436:MainThread:STARTED THE PROGRAM
INFO:2025-06-11 10:23:09,031:MainThread:Dhan.py  started system
INFO:2025-06-11 10:23:09,032:MainThread:STARTED THE PROGRAM
INFO:2025-06-11 10:23:16,594:MainThread:Dhan.py  started system
INFO:2025-06-11 10:23:16,594:MainThread:STARTED THE PROGRAM
INFO:2025-06-11 10:23:24,322:MainThread:Dhan.py  started system
INFO:2025-06-11 10:23:24,323:MainThread:STARTED THE PROGRAM
INFO:2025-06-11 10:23:31,945:MainThread:Dhan.py  started system
INFO:2025-06-11 10:23:31,945:MainThread:STARTED THE PROGRAM
INFO:2025-06-11 10:23:39,621:MainThread:Dhan.py  started system
INFO:2025-06-11 10:23:39,621:MainThread:STARTED THE PROGRAM
INFO:2025-06-11 10:23:45,607:MainThread:Dhan.py  started system
INFO:2025-06-11 10:23:45,607:MainThread:STARTED THE PROGRAM
INFO:2025-06-11 10:23:47,293:MainThread:Dhan.py  started system
INFO:2025-06-11 10:23:47,294:MainThread:STARTED THE PROGRAM
INFO:2025-06-11 10:23:54,915:MainThread:Dhan.py  started system
INFO:2025-06-11 10:23:54,916:MainThread:STARTED THE PROGRAM
INFO:2025-06-11 10:24:02,833:MainThread:Dhan.py  started system
INFO:2025-06-11 10:24:02,833:MainThread:STARTED THE PROGRAM
INFO:2025-06-11 10:24:10,461:MainThread:Dhan.py  started system
INFO:2025-06-11 10:24:10,461:MainThread:STARTED THE PROGRAM
INFO:2025-06-11 10:24:18,102:MainThread:Dhan.py  started system
INFO:2025-06-11 10:24:18,102:MainThread:STARTED THE PROGRAM
INFO:2025-06-11 10:24:25,647:MainThread:Dhan.py  started system
INFO:2025-06-11 10:24:25,647:MainThread:STARTED THE PROGRAM
INFO:2025-06-11 10:24:35,273:MainThread:Dhan.py  started system
INFO:2025-06-11 10:24:35,273:MainThread:STARTED THE PROGRAM
INFO:2025-06-11 10:24:45,041:MainThread:Dhan.py  started system
INFO:2025-06-11 10:24:45,041:MainThread:STARTED THE PROGRAM
INFO:2025-06-11 10:24:54,758:MainThread:Dhan.py  started system
INFO:2025-06-11 10:24:54,758:MainThread:STARTED THE PROGRAM
INFO:2025-06-11 10:25:04,438:MainThread:Dhan.py  started system
INFO:2025-06-11 10:25:04,439:MainThread:STARTED THE PROGRAM
INFO:2025-06-11 10:25:14,238:MainThread:Dhan.py  started system
INFO:2025-06-11 10:25:14,238:MainThread:STARTED THE PROGRAM
INFO:2025-06-11 10:25:23,936:MainThread:Dhan.py  started system
INFO:2025-06-11 10:25:23,937:MainThread:STARTED THE PROGRAM
INFO:2025-06-11 10:25:26,199:MainThread:Dhan.py  started system
INFO:2025-06-11 10:25:26,199:MainThread:STARTED THE PROGRAM
INFO:2025-06-11 10:25:33,630:MainThread:Dhan.py  started system
INFO:2025-06-11 10:25:33,630:MainThread:STARTED THE PROGRAM
INFO:2025-06-11 10:25:43,426:MainThread:Dhan.py  started system
INFO:2025-06-11 10:25:43,427:MainThread:STARTED THE PROGRAM
INFO:2025-06-11 10:25:51,463:MainThread:Dhan.py  started system
INFO:2025-06-11 10:25:51,464:MainThread:STARTED THE PROGRAM
INFO:2025-06-11 10:26:00,214:MainThread:Dhan.py  started system
INFO:2025-06-11 10:26:00,214:MainThread:STARTED THE PROGRAM
INFO:2025-06-11 10:26:08,092:MainThread:Dhan.py  started system
INFO:2025-06-11 10:26:08,092:MainThread:STARTED THE PROGRAM
INFO:2025-06-11 10:26:17,852:MainThread:Dhan.py  started system
INFO:2025-06-11 10:26:17,852:MainThread:STARTED THE PROGRAM
INFO:2025-06-11 10:26:27,689:MainThread:Dhan.py  started system
INFO:2025-06-11 10:26:27,690:MainThread:STARTED THE PROGRAM
INFO:2025-06-11 10:26:37,449:MainThread:Dhan.py  started system
INFO:2025-06-11 10:26:37,450:MainThread:STARTED THE PROGRAM
INFO:2025-06-11 10:26:47,023:MainThread:Dhan.py  started system
INFO:2025-06-11 10:26:47,024:MainThread:STARTED THE PROGRAM
INFO:2025-06-11 10:26:56,721:MainThread:Dhan.py  started system
INFO:2025-06-11 10:26:56,722:MainThread:STARTED THE PROGRAM
INFO:2025-06-11 10:27:06,426:MainThread:Dhan.py  started system
INFO:2025-06-11 10:27:06,426:MainThread:STARTED THE PROGRAM
INFO:2025-06-11 10:27:06,692:MainThread:Dhan.py  started system
INFO:2025-06-11 10:27:06,692:MainThread:STARTED THE PROGRAM
INFO:2025-06-11 10:27:16,278:MainThread:Dhan.py  started system
INFO:2025-06-11 10:27:16,279:MainThread:STARTED THE PROGRAM
INFO:2025-06-11 10:27:26,162:MainThread:Dhan.py  started system
INFO:2025-06-11 10:27:26,163:MainThread:STARTED THE PROGRAM
INFO:2025-06-11 10:27:36,121:MainThread:Dhan.py  started system
INFO:2025-06-11 10:27:36,121:MainThread:STARTED THE PROGRAM
INFO:2025-06-11 10:27:45,986:MainThread:Dhan.py  started system
INFO:2025-06-11 10:27:45,987:MainThread:STARTED THE PROGRAM
INFO:2025-06-11 10:27:58,142:MainThread:Dhan.py  started system
INFO:2025-06-11 10:27:58,142:MainThread:STARTED THE PROGRAM
INFO:2025-06-11 10:28:12,080:MainThread:Dhan.py  started system
INFO:2025-06-11 10:28:12,081:MainThread:STARTED THE PROGRAM
INFO:2025-06-11 10:28:25,843:MainThread:Dhan.py  started system
INFO:2025-06-11 10:28:25,844:MainThread:STARTED THE PROGRAM
INFO:2025-06-11 10:28:39,507:MainThread:Dhan.py  started system
INFO:2025-06-11 10:28:39,508:MainThread:STARTED THE PROGRAM
INFO:2025-06-11 10:28:55,322:MainThread:Dhan.py  started system
INFO:2025-06-11 10:28:55,322:MainThread:STARTED THE PROGRAM
INFO:2025-06-11 10:28:55,979:MainThread:Dhan.py  started system
INFO:2025-06-11 10:28:55,979:MainThread:STARTED THE PROGRAM
INFO:2025-06-11 10:29:03,568:MainThread:Dhan.py  started system
INFO:2025-06-11 10:29:03,569:MainThread:STARTED THE PROGRAM
INFO:2025-06-11 10:29:16,347:MainThread:Dhan.py  started system
INFO:2025-06-11 10:29:16,347:MainThread:STARTED THE PROGRAM
INFO:2025-06-11 10:29:24,509:MainThread:Dhan.py  started system
INFO:2025-06-11 10:29:24,510:MainThread:STARTED THE PROGRAM
INFO:2025-06-11 10:29:34,979:MainThread:Dhan.py  started system
INFO:2025-06-11 10:29:34,980:MainThread:STARTED THE PROGRAM
INFO:2025-06-11 10:29:44,773:MainThread:Dhan.py  started system
INFO:2025-06-11 10:29:44,773:MainThread:STARTED THE PROGRAM
INFO:2025-06-11 10:29:53,579:MainThread:Dhan.py  started system
INFO:2025-06-11 10:29:53,579:MainThread:STARTED THE PROGRAM
INFO:2025-06-11 10:29:57,260:MainThread:Dhan.py  started system
INFO:2025-06-11 10:29:57,261:MainThread:STARTED THE PROGRAM
INFO:2025-06-11 10:30:02,790:MainThread:Dhan.py  started system
INFO:2025-06-11 10:30:02,790:MainThread:STARTED THE PROGRAM
INFO:2025-06-11 10:30:10,314:MainThread:Dhan.py  started system
INFO:2025-06-11 10:30:10,314:MainThread:STARTED THE PROGRAM
INFO:2025-06-11 10:30:17,894:MainThread:Dhan.py  started system
INFO:2025-06-11 10:30:17,894:MainThread:STARTED THE PROGRAM
INFO:2025-06-11 10:30:26,886:MainThread:Dhan.py  started system
INFO:2025-06-11 10:30:26,887:MainThread:STARTED THE PROGRAM
INFO:2025-06-11 10:30:35,026:MainThread:Dhan.py  started system
INFO:2025-06-11 10:30:35,026:MainThread:STARTED THE PROGRAM
INFO:2025-06-11 10:30:42,720:MainThread:Dhan.py  started system
INFO:2025-06-11 10:30:42,721:MainThread:STARTED THE PROGRAM
INFO:2025-06-11 10:30:50,324:MainThread:Dhan.py  started system
INFO:2025-06-11 10:30:50,324:MainThread:STARTED THE PROGRAM
INFO:2025-06-11 10:30:57,905:MainThread:Dhan.py  started system
INFO:2025-06-11 10:30:57,905:MainThread:STARTED THE PROGRAM
INFO:2025-06-11 10:31:05,402:MainThread:Dhan.py  started system
INFO:2025-06-11 10:31:05,402:MainThread:STARTED THE PROGRAM
INFO:2025-06-11 10:31:12,990:MainThread:Dhan.py  started system
INFO:2025-06-11 10:31:12,990:MainThread:STARTED THE PROGRAM
INFO:2025-06-11 10:31:20,574:MainThread:Dhan.py  started system
INFO:2025-06-11 10:31:20,574:MainThread:STARTED THE PROGRAM
INFO:2025-06-11 10:31:28,152:MainThread:Dhan.py  started system
INFO:2025-06-11 10:31:28,152:MainThread:STARTED THE PROGRAM
INFO:2025-06-11 10:31:31,068:MainThread:Dhan.py  started system
INFO:2025-06-11 10:31:31,068:MainThread:STARTED THE PROGRAM
INFO:2025-06-11 10:31:35,747:MainThread:Dhan.py  started system
INFO:2025-06-11 10:31:35,748:MainThread:STARTED THE PROGRAM
INFO:2025-06-11 10:31:43,375:MainThread:Dhan.py  started system
INFO:2025-06-11 10:31:43,375:MainThread:STARTED THE PROGRAM
INFO:2025-06-11 10:31:51,094:MainThread:Dhan.py  started system
INFO:2025-06-11 10:31:51,094:MainThread:STARTED THE PROGRAM
INFO:2025-06-11 10:31:58,782:MainThread:Dhan.py  started system
INFO:2025-06-11 10:31:58,782:MainThread:STARTED THE PROGRAM
INFO:2025-06-11 10:32:06,312:MainThread:Dhan.py  started system
INFO:2025-06-11 10:32:06,313:MainThread:STARTED THE PROGRAM
INFO:2025-06-11 10:32:16,094:MainThread:Dhan.py  started system
INFO:2025-06-11 10:32:16,094:MainThread:STARTED THE PROGRAM
INFO:2025-06-11 10:32:27,960:MainThread:Dhan.py  started system
INFO:2025-06-11 10:32:27,961:MainThread:STARTED THE PROGRAM
INFO:2025-06-11 10:32:39,702:MainThread:Dhan.py  started system
INFO:2025-06-11 10:32:39,702:MainThread:STARTED THE PROGRAM
INFO:2025-06-11 10:32:51,506:MainThread:Dhan.py  started system
INFO:2025-06-11 10:32:51,506:MainThread:STARTED THE PROGRAM
INFO:2025-06-11 10:33:03,351:MainThread:Dhan.py  started system
INFO:2025-06-11 10:33:03,351:MainThread:STARTED THE PROGRAM
INFO:2025-06-11 10:33:13,553:MainThread:Dhan.py  started system
INFO:2025-06-11 10:33:13,554:MainThread:STARTED THE PROGRAM
INFO:2025-06-11 10:33:16,567:MainThread:Dhan.py  started system
INFO:2025-06-11 10:33:16,567:MainThread:STARTED THE PROGRAM
INFO:2025-06-11 10:33:21,982:MainThread:Dhan.py  started system
INFO:2025-06-11 10:33:21,982:MainThread:STARTED THE PROGRAM
INFO:2025-06-11 10:33:31,635:MainThread:Dhan.py  started system
INFO:2025-06-11 10:33:31,635:MainThread:STARTED THE PROGRAM
INFO:2025-06-11 10:33:41,314:MainThread:Dhan.py  started system
INFO:2025-06-11 10:33:41,315:MainThread:STARTED THE PROGRAM
INFO:2025-06-11 10:33:51,002:MainThread:Dhan.py  started system
INFO:2025-06-11 10:33:51,002:MainThread:STARTED THE PROGRAM
INFO:2025-06-11 10:34:00,727:MainThread:Dhan.py  started system
INFO:2025-06-11 10:34:00,728:MainThread:STARTED THE PROGRAM
INFO:2025-06-11 10:34:10,171:MainThread:Dhan.py  started system
INFO:2025-06-11 10:34:10,171:MainThread:STARTED THE PROGRAM
INFO:2025-06-11 10:34:19,708:MainThread:Dhan.py  started system
INFO:2025-06-11 10:34:19,708:MainThread:STARTED THE PROGRAM
INFO:2025-06-11 10:34:29,093:MainThread:Dhan.py  started system
INFO:2025-06-11 10:34:29,093:MainThread:STARTED THE PROGRAM
INFO:2025-06-11 10:34:39,186:MainThread:Dhan.py  started system
INFO:2025-06-11 10:34:39,186:MainThread:STARTED THE PROGRAM
INFO:2025-06-11 10:34:45,184:MainThread:Dhan.py  started system
INFO:2025-06-11 10:34:45,184:MainThread:STARTED THE PROGRAM
INFO:2025-06-11 10:34:47,949:MainThread:Dhan.py  started system
INFO:2025-06-11 10:34:47,949:MainThread:STARTED THE PROGRAM
INFO:2025-06-11 10:34:52,683:MainThread:Dhan.py  started system
INFO:2025-06-11 10:34:52,683:MainThread:STARTED THE PROGRAM
INFO:2025-06-11 10:35:00,196:MainThread:Dhan.py  started system
INFO:2025-06-11 10:35:00,196:MainThread:STARTED THE PROGRAM
INFO:2025-06-11 10:35:07,524:MainThread:Dhan.py  started system
INFO:2025-06-11 10:35:07,524:MainThread:STARTED THE PROGRAM
INFO:2025-06-11 10:35:14,997:MainThread:Dhan.py  started system
INFO:2025-06-11 10:35:14,998:MainThread:STARTED THE PROGRAM
INFO:2025-06-11 10:35:22,504:MainThread:Dhan.py  started system
INFO:2025-06-11 10:35:22,504:MainThread:STARTED THE PROGRAM
INFO:2025-06-11 10:35:30,112:MainThread:Dhan.py  started system
INFO:2025-06-11 10:35:30,112:MainThread:STARTED THE PROGRAM
INFO:2025-06-11 10:35:37,903:MainThread:Dhan.py  started system
INFO:2025-06-11 10:35:37,903:MainThread:STARTED THE PROGRAM
INFO:2025-06-11 10:35:45,609:MainThread:Dhan.py  started system
INFO:2025-06-11 10:35:45,609:MainThread:STARTED THE PROGRAM
INFO:2025-06-11 10:35:53,216:MainThread:Dhan.py  started system
INFO:2025-06-11 10:35:53,216:MainThread:STARTED THE PROGRAM
INFO:2025-06-11 10:36:00,907:MainThread:Dhan.py  started system
INFO:2025-06-11 10:36:00,907:MainThread:STARTED THE PROGRAM
INFO:2025-06-11 10:36:08,640:MainThread:Dhan.py  started system
INFO:2025-06-11 10:36:08,640:MainThread:STARTED THE PROGRAM
INFO:2025-06-11 10:36:16,253:MainThread:Dhan.py  started system
INFO:2025-06-11 10:36:16,253:MainThread:STARTED THE PROGRAM
INFO:2025-06-11 10:36:18,165:MainThread:Dhan.py  started system
INFO:2025-06-11 10:36:18,166:MainThread:STARTED THE PROGRAM
INFO:2025-06-11 10:36:23,815:MainThread:Dhan.py  started system
INFO:2025-06-11 10:36:23,816:MainThread:STARTED THE PROGRAM
INFO:2025-06-11 10:36:31,486:MainThread:Dhan.py  started system
INFO:2025-06-11 10:36:31,486:MainThread:STARTED THE PROGRAM
INFO:2025-06-11 10:36:39,153:MainThread:Dhan.py  started system
INFO:2025-06-11 10:36:39,153:MainThread:STARTED THE PROGRAM
INFO:2025-06-11 10:36:47,323:MainThread:Dhan.py  started system
INFO:2025-06-11 10:36:47,323:MainThread:STARTED THE PROGRAM
INFO:2025-06-11 10:37:49,601:MainThread:Dhan.py  started system
INFO:2025-06-11 10:37:49,601:MainThread:STARTED THE PROGRAM
INFO:2025-06-11 10:39:24,312:MainThread:Dhan.py  started system
INFO:2025-06-11 10:39:24,312:MainThread:STARTED THE PROGRAM
INFO:2025-06-11 10:40:06,500:MainThread:Dhan.py  started system
INFO:2025-06-11 10:40:06,500:MainThread:STARTED THE PROGRAM
INFO:2025-06-11 10:40:16,074:MainThread:Dhan.py  started system
INFO:2025-06-11 10:40:16,074:MainThread:STARTED THE PROGRAM
INFO:2025-06-11 10:40:25,554:MainThread:Dhan.py  started system
INFO:2025-06-11 10:40:25,554:MainThread:STARTED THE PROGRAM
INFO:2025-06-11 10:40:35,105:MainThread:Dhan.py  started system
INFO:2025-06-11 10:40:35,105:MainThread:STARTED THE PROGRAM
INFO:2025-06-11 10:40:44,545:MainThread:Dhan.py  started system
INFO:2025-06-11 10:40:44,546:MainThread:STARTED THE PROGRAM
INFO:2025-06-11 10:40:53,952:MainThread:Dhan.py  started system
INFO:2025-06-11 10:40:53,953:MainThread:STARTED THE PROGRAM
INFO:2025-06-11 10:41:04,198:MainThread:Dhan.py  started system
INFO:2025-06-11 10:41:04,198:MainThread:STARTED THE PROGRAM
INFO:2025-06-11 10:41:08,653:MainThread:Dhan.py  started system
INFO:2025-06-11 10:41:08,653:MainThread:STARTED THE PROGRAM
INFO:2025-06-11 10:41:10,423:MainThread:Dhan.py  started system
INFO:2025-06-11 10:41:10,423:MainThread:STARTED THE PROGRAM
INFO:2025-06-11 10:41:18,103:MainThread:Dhan.py  started system
INFO:2025-06-11 10:41:18,103:MainThread:STARTED THE PROGRAM
INFO:2025-06-11 10:41:25,660:MainThread:Dhan.py  started system
INFO:2025-06-11 10:41:25,661:MainThread:STARTED THE PROGRAM
INFO:2025-06-11 10:41:33,216:MainThread:Dhan.py  started system
INFO:2025-06-11 10:41:33,216:MainThread:STARTED THE PROGRAM
INFO:2025-06-11 10:41:40,753:MainThread:Dhan.py  started system
INFO:2025-06-11 10:41:40,753:MainThread:STARTED THE PROGRAM
INFO:2025-06-11 10:41:48,583:MainThread:Dhan.py  started system
INFO:2025-06-11 10:41:48,583:MainThread:STARTED THE PROGRAM
INFO:2025-06-11 10:41:58,310:MainThread:Dhan.py  started system
INFO:2025-06-11 10:41:58,310:MainThread:STARTED THE PROGRAM
INFO:2025-06-11 10:42:07,892:MainThread:Dhan.py  started system
INFO:2025-06-11 10:42:07,892:MainThread:STARTED THE PROGRAM
INFO:2025-06-11 10:42:18,132:MainThread:Dhan.py  started system
INFO:2025-06-11 10:42:18,133:MainThread:STARTED THE PROGRAM
INFO:2025-06-11 10:42:24,125:MainThread:Dhan.py  started system
INFO:2025-06-11 10:42:24,125:MainThread:STARTED THE PROGRAM
INFO:2025-06-11 10:42:31,564:MainThread:Dhan.py  started system
INFO:2025-06-11 10:42:31,564:MainThread:STARTED THE PROGRAM
INFO:2025-06-11 10:42:38,844:MainThread:Dhan.py  started system
INFO:2025-06-11 10:42:38,844:MainThread:STARTED THE PROGRAM
INFO:2025-06-11 10:42:46,180:MainThread:Dhan.py  started system
INFO:2025-06-11 10:42:46,180:MainThread:STARTED THE PROGRAM
INFO:2025-06-11 10:42:49,207:MainThread:Dhan.py  started system
INFO:2025-06-11 10:42:49,207:MainThread:STARTED THE PROGRAM
INFO:2025-06-11 10:42:53,503:MainThread:Dhan.py  started system
INFO:2025-06-11 10:42:53,503:MainThread:STARTED THE PROGRAM
INFO:2025-06-11 10:43:00,809:MainThread:Dhan.py  started system
INFO:2025-06-11 10:43:00,809:MainThread:STARTED THE PROGRAM
INFO:2025-06-11 10:43:08,364:MainThread:Dhan.py  started system
INFO:2025-06-11 10:43:08,364:MainThread:STARTED THE PROGRAM
INFO:2025-06-11 10:43:16,143:MainThread:Dhan.py  started system
INFO:2025-06-11 10:43:16,144:MainThread:STARTED THE PROGRAM
INFO:2025-06-11 10:43:23,970:MainThread:Dhan.py  started system
INFO:2025-06-11 10:43:23,971:MainThread:STARTED THE PROGRAM
INFO:2025-06-11 10:43:31,798:MainThread:Dhan.py  started system
INFO:2025-06-11 10:43:31,798:MainThread:STARTED THE PROGRAM
INFO:2025-06-11 10:43:39,242:MainThread:Dhan.py  started system
INFO:2025-06-11 10:43:39,242:MainThread:STARTED THE PROGRAM
INFO:2025-06-11 10:43:46,854:MainThread:Dhan.py  started system
INFO:2025-06-11 10:43:46,854:MainThread:STARTED THE PROGRAM
INFO:2025-06-11 10:43:54,473:MainThread:Dhan.py  started system
INFO:2025-06-11 10:43:54,473:MainThread:STARTED THE PROGRAM
INFO:2025-06-11 10:44:02,077:MainThread:Dhan.py  started system
INFO:2025-06-11 10:44:02,078:MainThread:STARTED THE PROGRAM
INFO:2025-06-11 10:44:09,591:MainThread:Dhan.py  started system
INFO:2025-06-11 10:44:09,592:MainThread:STARTED THE PROGRAM
INFO:2025-06-11 10:44:17,346:MainThread:Dhan.py  started system
INFO:2025-06-11 10:44:17,347:MainThread:STARTED THE PROGRAM
INFO:2025-06-11 10:44:24,399:MainThread:Dhan.py  started system
INFO:2025-06-11 10:44:24,400:MainThread:STARTED THE PROGRAM
INFO:2025-06-11 10:44:25,165:MainThread:Dhan.py  started system
INFO:2025-06-11 10:44:25,165:MainThread:STARTED THE PROGRAM
INFO:2025-06-11 10:44:32,899:MainThread:Dhan.py  started system
INFO:2025-06-11 10:44:32,900:MainThread:STARTED THE PROGRAM
INFO:2025-06-11 10:44:40,346:MainThread:Dhan.py  started system
INFO:2025-06-11 10:44:40,346:MainThread:STARTED THE PROGRAM
INFO:2025-06-11 10:44:47,922:MainThread:Dhan.py  started system
INFO:2025-06-11 10:44:47,922:MainThread:STARTED THE PROGRAM
INFO:2025-06-11 10:44:55,562:MainThread:Dhan.py  started system
INFO:2025-06-11 10:44:55,563:MainThread:STARTED THE PROGRAM
INFO:2025-06-11 10:45:03,229:MainThread:Dhan.py  started system
INFO:2025-06-11 10:45:03,229:MainThread:STARTED THE PROGRAM
INFO:2025-06-11 10:45:10,654:MainThread:Dhan.py  started system
INFO:2025-06-11 10:45:10,654:MainThread:STARTED THE PROGRAM
INFO:2025-06-11 10:45:18,069:MainThread:Dhan.py  started system
INFO:2025-06-11 10:45:18,070:MainThread:STARTED THE PROGRAM
INFO:2025-06-11 10:45:25,545:MainThread:Dhan.py  started system
INFO:2025-06-11 10:45:25,545:MainThread:STARTED THE PROGRAM
INFO:2025-06-11 10:45:33,020:MainThread:Dhan.py  started system
INFO:2025-06-11 10:45:33,021:MainThread:STARTED THE PROGRAM
INFO:2025-06-11 10:45:40,308:MainThread:Dhan.py  started system
INFO:2025-06-11 10:45:40,309:MainThread:STARTED THE PROGRAM
INFO:2025-06-11 10:45:47,786:MainThread:Dhan.py  started system
INFO:2025-06-11 10:45:47,786:MainThread:STARTED THE PROGRAM
INFO:2025-06-11 10:45:55,406:MainThread:Dhan.py  started system
INFO:2025-06-11 10:45:55,407:MainThread:STARTED THE PROGRAM
INFO:2025-06-11 10:46:00,122:MainThread:Dhan.py  started system
INFO:2025-06-11 10:46:00,122:MainThread:STARTED THE PROGRAM
INFO:2025-06-11 10:46:02,909:MainThread:Dhan.py  started system
INFO:2025-06-11 10:46:02,909:MainThread:STARTED THE PROGRAM
INFO:2025-06-11 10:46:10,321:MainThread:Dhan.py  started system
INFO:2025-06-11 10:46:10,322:MainThread:STARTED THE PROGRAM
INFO:2025-06-11 10:46:17,630:MainThread:Dhan.py  started system
INFO:2025-06-11 10:46:17,630:MainThread:STARTED THE PROGRAM
INFO:2025-06-11 10:46:25,022:MainThread:Dhan.py  started system
INFO:2025-06-11 10:46:25,023:MainThread:STARTED THE PROGRAM
INFO:2025-06-11 10:46:32,559:MainThread:Dhan.py  started system
INFO:2025-06-11 10:46:32,559:MainThread:STARTED THE PROGRAM
INFO:2025-06-11 10:46:40,214:MainThread:Dhan.py  started system
INFO:2025-06-11 10:46:40,215:MainThread:STARTED THE PROGRAM
INFO:2025-06-11 10:46:49,853:MainThread:Dhan.py  started system
INFO:2025-06-11 10:46:49,853:MainThread:STARTED THE PROGRAM
INFO:2025-06-11 10:46:59,441:MainThread:Dhan.py  started system
INFO:2025-06-11 10:46:59,441:MainThread:STARTED THE PROGRAM
INFO:2025-06-11 10:47:08,808:MainThread:Dhan.py  started system
INFO:2025-06-11 10:47:08,809:MainThread:STARTED THE PROGRAM
INFO:2025-06-11 10:47:18,719:MainThread:Dhan.py  started system
INFO:2025-06-11 10:47:18,719:MainThread:STARTED THE PROGRAM
INFO:2025-06-11 10:47:28,132:MainThread:Dhan.py  started system
INFO:2025-06-11 10:47:28,132:MainThread:STARTED THE PROGRAM
INFO:2025-06-11 10:47:37,565:MainThread:Dhan.py  started system
INFO:2025-06-11 10:47:37,565:MainThread:STARTED THE PROGRAM
INFO:2025-06-11 10:47:37,571:MainThread:Dhan.py  started system
INFO:2025-06-11 10:47:37,571:MainThread:STARTED THE PROGRAM
INFO:2025-06-11 10:47:47,231:MainThread:Dhan.py  started system
INFO:2025-06-11 10:47:47,231:MainThread:STARTED THE PROGRAM
INFO:2025-06-11 10:47:56,824:MainThread:Dhan.py  started system
INFO:2025-06-11 10:47:56,825:MainThread:STARTED THE PROGRAM
INFO:2025-06-11 10:48:06,451:MainThread:Dhan.py  started system
INFO:2025-06-11 10:48:06,451:MainThread:STARTED THE PROGRAM
INFO:2025-06-11 10:48:15,825:MainThread:Dhan.py  started system
INFO:2025-06-11 10:48:15,825:MainThread:STARTED THE PROGRAM
INFO:2025-06-11 10:48:25,182:MainThread:Dhan.py  started system
INFO:2025-06-11 10:48:25,183:MainThread:STARTED THE PROGRAM
INFO:2025-06-11 10:48:34,585:MainThread:Dhan.py  started system
INFO:2025-06-11 10:48:34,585:MainThread:STARTED THE PROGRAM
INFO:2025-06-11 10:48:44,705:MainThread:Dhan.py  started system
INFO:2025-06-11 10:48:44,705:MainThread:STARTED THE PROGRAM
INFO:2025-06-11 10:48:50,735:MainThread:Dhan.py  started system
INFO:2025-06-11 10:48:50,736:MainThread:STARTED THE PROGRAM
INFO:2025-06-11 10:48:58,165:MainThread:Dhan.py  started system
INFO:2025-06-11 10:48:58,165:MainThread:STARTED THE PROGRAM
INFO:2025-06-11 10:49:05,494:MainThread:Dhan.py  started system
INFO:2025-06-11 10:49:05,495:MainThread:STARTED THE PROGRAM
INFO:2025-06-11 10:49:08,019:MainThread:Dhan.py  started system
INFO:2025-06-11 10:49:08,019:MainThread:STARTED THE PROGRAM
INFO:2025-06-11 10:49:12,785:MainThread:Dhan.py  started system
INFO:2025-06-11 10:49:12,786:MainThread:STARTED THE PROGRAM
INFO:2025-06-11 10:49:20,326:MainThread:Dhan.py  started system
INFO:2025-06-11 10:49:20,327:MainThread:STARTED THE PROGRAM
INFO:2025-06-11 10:49:27,815:MainThread:Dhan.py  started system
INFO:2025-06-11 10:49:27,815:MainThread:STARTED THE PROGRAM
INFO:2025-06-11 10:49:35,110:MainThread:Dhan.py  started system
INFO:2025-06-11 10:49:35,111:MainThread:STARTED THE PROGRAM
INFO:2025-06-11 10:49:42,409:MainThread:Dhan.py  started system
INFO:2025-06-11 10:49:42,409:MainThread:STARTED THE PROGRAM
INFO:2025-06-11 10:49:51,879:MainThread:Dhan.py  started system
INFO:2025-06-11 10:49:51,879:MainThread:STARTED THE PROGRAM
INFO:2025-06-11 10:50:01,507:MainThread:Dhan.py  started system
INFO:2025-06-11 10:50:01,507:MainThread:STARTED THE PROGRAM
INFO:2025-06-11 10:50:10,858:MainThread:Dhan.py  started system
INFO:2025-06-11 10:50:10,859:MainThread:STARTED THE PROGRAM
INFO:2025-06-11 10:50:20,928:MainThread:Dhan.py  started system
INFO:2025-06-11 10:50:20,928:MainThread:STARTED THE PROGRAM
INFO:2025-06-11 10:50:26,911:MainThread:Dhan.py  started system
INFO:2025-06-11 10:50:26,911:MainThread:STARTED THE PROGRAM
INFO:2025-06-11 10:50:34,367:MainThread:Dhan.py  started system
INFO:2025-06-11 10:50:34,367:MainThread:STARTED THE PROGRAM
INFO:2025-06-11 10:50:41,693:MainThread:Dhan.py  started system
INFO:2025-06-11 10:50:41,693:MainThread:STARTED THE PROGRAM
INFO:2025-06-11 10:50:45,504:MainThread:Dhan.py  started system
INFO:2025-06-11 10:50:45,504:MainThread:STARTED THE PROGRAM
INFO:2025-06-11 10:50:49,132:MainThread:Dhan.py  started system
INFO:2025-06-11 10:50:49,132:MainThread:STARTED THE PROGRAM
INFO:2025-06-11 10:50:56,449:MainThread:Dhan.py  started system
INFO:2025-06-11 10:50:56,449:MainThread:STARTED THE PROGRAM
INFO:2025-06-11 10:51:03,937:MainThread:Dhan.py  started system
INFO:2025-06-11 10:51:03,937:MainThread:STARTED THE PROGRAM
INFO:2025-06-11 10:51:11,416:MainThread:Dhan.py  started system
INFO:2025-06-11 10:51:11,417:MainThread:STARTED THE PROGRAM
INFO:2025-06-11 10:51:18,679:MainThread:Dhan.py  started system
INFO:2025-06-11 10:51:18,679:MainThread:STARTED THE PROGRAM
INFO:2025-06-11 10:51:26,067:MainThread:Dhan.py  started system
INFO:2025-06-11 10:51:26,067:MainThread:STARTED THE PROGRAM
INFO:2025-06-11 10:51:37,755:MainThread:Dhan.py  started system
INFO:2025-06-11 10:51:37,755:MainThread:STARTED THE PROGRAM
INFO:2025-06-11 10:51:49,204:MainThread:Dhan.py  started system
INFO:2025-06-11 10:51:49,204:MainThread:STARTED THE PROGRAM
INFO:2025-06-11 10:51:59,324:MainThread:Dhan.py  started system
INFO:2025-06-11 10:51:59,324:MainThread:STARTED THE PROGRAM
INFO:2025-06-11 10:52:07,413:MainThread:Dhan.py  started system
INFO:2025-06-11 10:52:07,413:MainThread:STARTED THE PROGRAM
INFO:2025-06-11 10:52:17,074:MainThread:Dhan.py  started system
INFO:2025-06-11 10:52:17,075:MainThread:STARTED THE PROGRAM
INFO:2025-06-11 10:52:26,635:MainThread:Dhan.py  started system
INFO:2025-06-11 10:52:26,635:MainThread:STARTED THE PROGRAM
INFO:2025-06-11 10:52:29,627:MainThread:Dhan.py  started system
INFO:2025-06-11 10:52:29,627:MainThread:STARTED THE PROGRAM
INFO:2025-06-11 10:52:36,078:MainThread:Dhan.py  started system
INFO:2025-06-11 10:52:36,078:MainThread:STARTED THE PROGRAM
INFO:2025-06-11 10:52:45,487:MainThread:Dhan.py  started system
INFO:2025-06-11 10:52:45,487:MainThread:STARTED THE PROGRAM
INFO:2025-06-11 10:52:54,871:MainThread:Dhan.py  started system
INFO:2025-06-11 10:52:54,871:MainThread:STARTED THE PROGRAM
INFO:2025-06-11 10:53:04,451:MainThread:Dhan.py  started system
INFO:2025-06-11 10:53:04,451:MainThread:STARTED THE PROGRAM
INFO:2025-06-11 10:53:16,168:MainThread:Dhan.py  started system
INFO:2025-06-11 10:53:16,168:MainThread:STARTED THE PROGRAM
INFO:2025-06-11 10:53:29,810:MainThread:Dhan.py  started system
INFO:2025-06-11 10:53:29,810:MainThread:STARTED THE PROGRAM
INFO:2025-06-11 10:53:44,093:MainThread:Dhan.py  started system
INFO:2025-06-11 10:53:44,093:MainThread:STARTED THE PROGRAM
INFO:2025-06-11 10:53:50,311:MainThread:Dhan.py  started system
INFO:2025-06-11 10:53:50,312:MainThread:STARTED THE PROGRAM
INFO:2025-06-11 10:54:02,721:MainThread:Dhan.py  started system
INFO:2025-06-11 10:54:02,721:MainThread:STARTED THE PROGRAM
INFO:2025-06-11 10:54:08,789:MainThread:Dhan.py  started system
INFO:2025-06-11 10:54:08,789:MainThread:STARTED THE PROGRAM
INFO:2025-06-11 10:54:13,523:MainThread:Dhan.py  started system
INFO:2025-06-11 10:54:13,523:MainThread:STARTED THE PROGRAM
INFO:2025-06-11 10:54:18,564:MainThread:Dhan.py  started system
INFO:2025-06-11 10:54:18,564:MainThread:STARTED THE PROGRAM
INFO:2025-06-11 10:54:28,093:MainThread:Dhan.py  started system
INFO:2025-06-11 10:54:28,093:MainThread:STARTED THE PROGRAM
INFO:2025-06-11 10:54:37,971:MainThread:Dhan.py  started system
INFO:2025-06-11 10:54:37,972:MainThread:STARTED THE PROGRAM
INFO:2025-06-11 10:54:47,867:MainThread:Dhan.py  started system
INFO:2025-06-11 10:54:47,867:MainThread:STARTED THE PROGRAM
INFO:2025-06-11 10:54:57,543:MainThread:Dhan.py  started system
INFO:2025-06-11 10:54:57,544:MainThread:STARTED THE PROGRAM
INFO:2025-06-11 10:55:07,283:MainThread:Dhan.py  started system
INFO:2025-06-11 10:55:07,283:MainThread:STARTED THE PROGRAM
INFO:2025-06-11 10:55:16,980:MainThread:Dhan.py  started system
INFO:2025-06-11 10:55:16,980:MainThread:STARTED THE PROGRAM
INFO:2025-06-11 10:55:25,291:MainThread:Dhan.py  started system
INFO:2025-06-11 10:55:25,291:MainThread:STARTED THE PROGRAM
INFO:2025-06-11 10:55:33,573:MainThread:Dhan.py  started system
INFO:2025-06-11 10:55:33,574:MainThread:STARTED THE PROGRAM
INFO:2025-06-11 10:55:41,164:MainThread:Dhan.py  started system
INFO:2025-06-11 10:55:41,164:MainThread:STARTED THE PROGRAM
INFO:2025-06-11 10:55:43,905:MainThread:Dhan.py  started system
INFO:2025-06-11 10:55:43,905:MainThread:STARTED THE PROGRAM
INFO:2025-06-11 10:55:48,646:MainThread:Dhan.py  started system
INFO:2025-06-11 10:55:48,646:MainThread:STARTED THE PROGRAM
INFO:2025-06-11 10:55:56,229:MainThread:Dhan.py  started system
INFO:2025-06-11 10:55:56,229:MainThread:STARTED THE PROGRAM
INFO:2025-06-11 10:56:03,973:MainThread:Dhan.py  started system
INFO:2025-06-11 10:56:03,973:MainThread:STARTED THE PROGRAM
INFO:2025-06-11 10:56:11,771:MainThread:Dhan.py  started system
INFO:2025-06-11 10:56:11,771:MainThread:STARTED THE PROGRAM
INFO:2025-06-11 10:56:19,404:MainThread:Dhan.py  started system
INFO:2025-06-11 10:56:19,404:MainThread:STARTED THE PROGRAM
INFO:2025-06-11 10:56:29,154:MainThread:Dhan.py  started system
INFO:2025-06-11 10:56:29,155:MainThread:STARTED THE PROGRAM
INFO:2025-06-11 10:56:38,653:MainThread:Dhan.py  started system
INFO:2025-06-11 10:56:38,653:MainThread:STARTED THE PROGRAM
INFO:2025-06-11 10:56:48,320:MainThread:Dhan.py  started system
INFO:2025-06-11 10:56:48,321:MainThread:STARTED THE PROGRAM
INFO:2025-06-11 10:56:58,522:MainThread:Dhan.py  started system
INFO:2025-06-11 10:56:58,523:MainThread:STARTED THE PROGRAM
INFO:2025-06-11 10:57:04,542:MainThread:Dhan.py  started system
INFO:2025-06-11 10:57:04,542:MainThread:STARTED THE PROGRAM
INFO:2025-06-11 10:57:11,986:MainThread:Dhan.py  started system
INFO:2025-06-11 10:57:11,986:MainThread:STARTED THE PROGRAM
INFO:2025-06-11 10:57:19,363:MainThread:Dhan.py  started system
INFO:2025-06-11 10:57:19,363:MainThread:STARTED THE PROGRAM
INFO:2025-06-11 10:57:21,513:MainThread:Dhan.py  started system
INFO:2025-06-11 10:57:21,514:MainThread:STARTED THE PROGRAM
INFO:2025-06-11 10:57:27,093:MainThread:Dhan.py  started system
INFO:2025-06-11 10:57:27,093:MainThread:STARTED THE PROGRAM
INFO:2025-06-11 10:57:34,765:MainThread:Dhan.py  started system
INFO:2025-06-11 10:57:34,765:MainThread:STARTED THE PROGRAM
INFO:2025-06-11 10:57:42,344:MainThread:Dhan.py  started system
INFO:2025-06-11 10:57:42,344:MainThread:STARTED THE PROGRAM
INFO:2025-06-11 10:57:50,036:MainThread:Dhan.py  started system
INFO:2025-06-11 10:57:50,036:MainThread:STARTED THE PROGRAM
INFO:2025-06-11 10:57:57,769:MainThread:Dhan.py  started system
INFO:2025-06-11 10:57:57,769:MainThread:STARTED THE PROGRAM
INFO:2025-06-11 10:58:05,431:MainThread:Dhan.py  started system
INFO:2025-06-11 10:58:05,432:MainThread:STARTED THE PROGRAM
INFO:2025-06-11 10:58:13,224:MainThread:Dhan.py  started system
INFO:2025-06-11 10:58:13,224:MainThread:STARTED THE PROGRAM
INFO:2025-06-11 10:58:21,098:MainThread:Dhan.py  started system
INFO:2025-06-11 10:58:21,098:MainThread:STARTED THE PROGRAM
INFO:2025-06-11 10:58:29,409:MainThread:Dhan.py  started system
INFO:2025-06-11 10:58:29,410:MainThread:STARTED THE PROGRAM
INFO:2025-06-11 10:58:52,844:MainThread:Dhan.py  started system
INFO:2025-06-11 10:58:52,845:MainThread:STARTED THE PROGRAM
INFO:2025-06-11 11:00:24,259:MainThread:Dhan.py  started system
INFO:2025-06-11 11:00:24,259:MainThread:STARTED THE PROGRAM
