INFO:2025-06-23 10:17:01,587:MainThread:Dhan.py  started system
INFO:2025-06-23 10:17:01,587:MainThread:STARTED THE PROGRAM
INFO:2025-06-23 10:21:10,882:MainThread:Dhan.py  started system
INFO:2025-06-23 10:21:10,882:MainThread:STARTED THE PROGRAM
INFO:2025-06-23 10:34:14,226:MainThread:Dhan.py  started system
INFO:2025-06-23 10:34:14,226:MainThread:STARTED THE PROGRAM
INFO:2025-06-23 10:36:17,902:MainThread:Dhan.py  started system
INFO:2025-06-23 10:36:17,902:MainThread:STARTED THE PROGRAM
INFO:2025-06-23 10:37:48,213:MainThread:Dhan.py  started system
INFO:2025-06-23 10:37:48,213:MainThread:STARTED THE PROGRAM
INFO:2025-06-23 10:43:21,060:MainThread:Dhan.py  started system
INFO:2025-06-23 10:43:21,060:MainThread:STARTED THE PROGRAM
INFO:2025-06-23 10:45:33,984:MainThread:Dhan.py  started system
INFO:2025-06-23 10:45:33,984:MainThread:STARTED THE PROGRAM
INFO:2025-06-23 10:49:22,082:MainThread:Dhan.py  started system
INFO:2025-06-23 10:49:22,082:MainThread:STARTED THE PROGRAM
INFO:2025-06-23 10:51:09,955:MainThread:Dhan.py  started system
INFO:2025-06-23 10:51:09,956:MainThread:STARTED THE PROGRAM
INFO:2025-06-23 10:52:46,902:MainThread:Dhan.py  started system
INFO:2025-06-23 10:52:46,902:MainThread:STARTED THE PROGRAM
INFO:2025-06-23 10:53:00,743:MainThread:Dhan.py  started system
INFO:2025-06-23 10:53:00,743:MainThread:STARTED THE PROGRAM
INFO:2025-06-23 10:53:06,145:MainThread:Dhan.py  started system
INFO:2025-06-23 10:53:06,145:MainThread:STARTED THE PROGRAM
INFO:2025-06-23 10:53:14,888:MainThread:Dhan.py  started system
INFO:2025-06-23 10:53:14,888:MainThread:STARTED THE PROGRAM
INFO:2025-06-23 10:54:23,262:MainThread:Dhan.py  started system
INFO:2025-06-23 10:54:23,263:MainThread:STARTED THE PROGRAM
INFO:2025-06-23 10:55:53,922:MainThread:Dhan.py  started system
INFO:2025-06-23 10:55:53,922:MainThread:STARTED THE PROGRAM
INFO:2025-06-23 10:57:30,940:MainThread:Dhan.py  started system
INFO:2025-06-23 10:57:30,940:MainThread:STARTED THE PROGRAM
INFO:2025-06-23 10:57:41,396:MainThread:Dhan.py  started system
INFO:2025-06-23 10:57:41,396:MainThread:STARTED THE PROGRAM
ERROR:2025-06-23 10:58:03,683:MainThread:Exception at calling ltp as {'status': 'failure', 'remarks': {'error_code': None, 'error_type': None, 'error_message': None}, 'data': {'data': {'805': 'Too many requests. Further requests may result in the user being blocked.'}, 'status': 'failed'}}
Traceback (most recent call last):
  File "d:\AI Trading\VS Project\Trading\Dhan_Tradehull.py", line 698, in get_ltp_data
    raise Exception(data)
Exception: {'status': 'failure', 'remarks': {'error_code': None, 'error_type': None, 'error_message': None}, 'data': {'data': {'805': 'Too many requests. Further requests may result in the user being blocked.'}, 'status': 'failed'}}
INFO:2025-06-23 10:59:04,598:MainThread:Dhan.py  started system
INFO:2025-06-23 10:59:04,598:MainThread:STARTED THE PROGRAM
INFO:2025-06-23 11:00:41,731:MainThread:Dhan.py  started system
INFO:2025-06-23 11:00:41,731:MainThread:STARTED THE PROGRAM
INFO:2025-06-23 11:01:28,307:MainThread:Dhan.py  started system
INFO:2025-06-23 11:01:28,307:MainThread:STARTED THE PROGRAM
INFO:2025-06-23 11:02:18,980:MainThread:Dhan.py  started system
INFO:2025-06-23 11:02:18,980:MainThread:STARTED THE PROGRAM
INFO:2025-06-23 11:02:46,195:MainThread:Dhan.py  started system
INFO:2025-06-23 11:02:46,196:MainThread:STARTED THE PROGRAM
ERROR:2025-06-23 11:02:52,025:MainThread:Exception at calling ltp as {'status': 'failure', 'remarks': {'error_code': None, 'error_type': None, 'error_message': None}, 'data': {'data': {'805': 'Too many requests. Further requests may result in the user being blocked.'}, 'status': 'failed'}}
Traceback (most recent call last):
  File "d:\AI Trading\VS Project\Trading\Dhan_Tradehull.py", line 698, in get_ltp_data
    raise Exception(data)
Exception: {'status': 'failure', 'remarks': {'error_code': None, 'error_type': None, 'error_message': None}, 'data': {'data': {'805': 'Too many requests. Further requests may result in the user being blocked.'}, 'status': 'failed'}}
INFO:2025-06-23 11:05:11,151:MainThread:Dhan.py  started system
INFO:2025-06-23 11:05:11,151:MainThread:STARTED THE PROGRAM
INFO:2025-06-23 11:06:45,718:MainThread:Dhan.py  started system
INFO:2025-06-23 11:06:45,719:MainThread:STARTED THE PROGRAM
INFO:2025-06-23 11:09:43,625:MainThread:Dhan.py  started system
INFO:2025-06-23 11:09:43,625:MainThread:STARTED THE PROGRAM
INFO:2025-06-23 11:11:09,053:MainThread:Dhan.py  started system
INFO:2025-06-23 11:11:09,053:MainThread:STARTED THE PROGRAM
INFO:2025-06-23 11:11:20,751:MainThread:Dhan.py  started system
INFO:2025-06-23 11:11:20,751:MainThread:STARTED THE PROGRAM
INFO:2025-06-23 11:12:57,778:MainThread:Dhan.py  started system
INFO:2025-06-23 11:12:57,778:MainThread:STARTED THE PROGRAM
INFO:2025-06-23 11:13:18,549:MainThread:Dhan.py  started system
INFO:2025-06-23 11:13:18,549:MainThread:STARTED THE PROGRAM
INFO:2025-06-23 11:13:57,690:MainThread:Dhan.py  started system
INFO:2025-06-23 11:13:57,690:MainThread:STARTED THE PROGRAM
INFO:2025-06-23 11:14:03,169:MainThread:Dhan.py  started system
INFO:2025-06-23 11:14:03,170:MainThread:STARTED THE PROGRAM
INFO:2025-06-23 11:14:36,196:MainThread:Dhan.py  started system
INFO:2025-06-23 11:14:36,196:MainThread:STARTED THE PROGRAM
INFO:2025-06-23 11:15:24,182:MainThread:Dhan.py  started system
INFO:2025-06-23 11:15:24,182:MainThread:STARTED THE PROGRAM
INFO:2025-06-23 11:16:14,664:MainThread:Dhan.py  started system
INFO:2025-06-23 11:16:14,664:MainThread:STARTED THE PROGRAM
INFO:2025-06-23 11:17:30,544:MainThread:Dhan.py  started system
INFO:2025-06-23 11:17:30,544:MainThread:STARTED THE PROGRAM
INFO:2025-06-23 11:17:46,173:MainThread:Dhan.py  started system
INFO:2025-06-23 11:17:46,173:MainThread:STARTED THE PROGRAM
INFO:2025-06-23 11:19:18,070:MainThread:Dhan.py  started system
INFO:2025-06-23 11:19:18,070:MainThread:STARTED THE PROGRAM
INFO:2025-06-23 11:19:32,661:MainThread:Dhan.py  started system
INFO:2025-06-23 11:19:32,661:MainThread:STARTED THE PROGRAM
INFO:2025-06-23 11:20:04,346:MainThread:Dhan.py  started system
INFO:2025-06-23 11:20:04,346:MainThread:STARTED THE PROGRAM
INFO:2025-06-23 11:20:14,035:MainThread:Dhan.py  started system
INFO:2025-06-23 11:20:14,035:MainThread:STARTED THE PROGRAM
INFO:2025-06-23 11:20:23,046:MainThread:Dhan.py  started system
INFO:2025-06-23 11:20:23,046:MainThread:STARTED THE PROGRAM
INFO:2025-06-23 11:20:32,106:MainThread:Dhan.py  started system
INFO:2025-06-23 11:20:32,107:MainThread:STARTED THE PROGRAM
INFO:2025-06-23 11:20:41,428:MainThread:Dhan.py  started system
INFO:2025-06-23 11:20:41,428:MainThread:STARTED THE PROGRAM
INFO:2025-06-23 11:21:00,683:MainThread:Dhan.py  started system
INFO:2025-06-23 11:21:00,683:MainThread:STARTED THE PROGRAM
INFO:2025-06-23 11:21:37,804:MainThread:Dhan.py  started system
INFO:2025-06-23 11:21:37,804:MainThread:STARTED THE PROGRAM
INFO:2025-06-23 11:22:31,954:MainThread:Dhan.py  started system
INFO:2025-06-23 11:22:31,954:MainThread:STARTED THE PROGRAM
INFO:2025-06-23 11:23:39,955:MainThread:Dhan.py  started system
INFO:2025-06-23 11:23:39,955:MainThread:STARTED THE PROGRAM
INFO:2025-06-23 11:24:10,222:MainThread:Dhan.py  started system
INFO:2025-06-23 11:24:10,222:MainThread:STARTED THE PROGRAM
ERROR:2025-06-23 11:24:44,219:MainThread:Exception at calling ltp as {'status': 'failure', 'remarks': {'error_code': None, 'error_type': None, 'error_message': None}, 'data': {'data': {'805': 'Too many requests. Further requests may result in the user being blocked.'}, 'status': 'failed'}}
Traceback (most recent call last):
  File "d:\AI Trading\VS Project\Trading\Dhan_Tradehull.py", line 698, in get_ltp_data
    raise Exception(data)
Exception: {'status': 'failure', 'remarks': {'error_code': None, 'error_type': None, 'error_message': None}, 'data': {'data': {'805': 'Too many requests. Further requests may result in the user being blocked.'}, 'status': 'failed'}}
INFO:2025-06-23 11:25:48,338:MainThread:Dhan.py  started system
INFO:2025-06-23 11:25:48,338:MainThread:STARTED THE PROGRAM
INFO:2025-06-23 11:27:26,431:MainThread:Dhan.py  started system
INFO:2025-06-23 11:27:26,431:MainThread:STARTED THE PROGRAM
INFO:2025-06-23 11:29:04,751:MainThread:Dhan.py  started system
INFO:2025-06-23 11:29:04,751:MainThread:STARTED THE PROGRAM
INFO:2025-06-23 11:29:58,800:MainThread:Dhan.py  started system
INFO:2025-06-23 11:29:58,800:MainThread:STARTED THE PROGRAM
INFO:2025-06-23 11:30:42,897:MainThread:Dhan.py  started system
INFO:2025-06-23 11:30:42,898:MainThread:STARTED THE PROGRAM
INFO:2025-06-23 11:32:03,270:MainThread:Dhan.py  started system
INFO:2025-06-23 11:32:03,270:MainThread:STARTED THE PROGRAM
INFO:2025-06-23 11:32:13,410:MainThread:Dhan.py  started system
INFO:2025-06-23 11:32:13,410:MainThread:STARTED THE PROGRAM
INFO:2025-06-23 11:37:18,850:MainThread:Dhan.py  started system
INFO:2025-06-23 11:37:18,851:MainThread:STARTED THE PROGRAM
INFO:2025-06-23 12:01:03,469:MainThread:Dhan.py  started system
INFO:2025-06-23 12:01:03,469:MainThread:STARTED THE PROGRAM
INFO:2025-06-23 12:02:00,415:MainThread:Dhan.py  started system
INFO:2025-06-23 12:02:00,415:MainThread:STARTED THE PROGRAM
INFO:2025-06-23 12:04:38,094:MainThread:Dhan.py  started system
INFO:2025-06-23 12:04:38,094:MainThread:STARTED THE PROGRAM
INFO:2025-06-23 12:04:58,993:MainThread:Dhan.py  started system
INFO:2025-06-23 12:04:58,993:MainThread:STARTED THE PROGRAM
INFO:2025-06-23 12:05:49,146:MainThread:Dhan.py  started system
INFO:2025-06-23 12:05:49,146:MainThread:STARTED THE PROGRAM
INFO:2025-06-23 12:13:21,008:MainThread:Dhan.py  started system
INFO:2025-06-23 12:13:21,009:MainThread:STARTED THE PROGRAM
INFO:2025-06-23 12:13:24,164:MainThread:Dhan.py  started system
INFO:2025-06-23 12:13:24,164:MainThread:STARTED THE PROGRAM
INFO:2025-06-23 12:14:04,057:MainThread:Dhan.py  started system
INFO:2025-06-23 12:14:04,057:MainThread:STARTED THE PROGRAM
INFO:2025-06-23 12:14:06,456:MainThread:Dhan.py  started system
INFO:2025-06-23 12:14:06,456:MainThread:STARTED THE PROGRAM
INFO:2025-06-23 12:16:00,164:MainThread:Dhan.py  started system
INFO:2025-06-23 12:16:00,164:MainThread:STARTED THE PROGRAM
INFO:2025-06-23 12:16:51,977:MainThread:Dhan.py  started system
INFO:2025-06-23 12:16:51,977:MainThread:STARTED THE PROGRAM
INFO:2025-06-23 12:17:30,921:MainThread:Dhan.py  started system
INFO:2025-06-23 12:17:30,921:MainThread:STARTED THE PROGRAM
INFO:2025-06-23 12:18:55,017:MainThread:Dhan.py  started system
INFO:2025-06-23 12:18:55,017:MainThread:STARTED THE PROGRAM
INFO:2025-06-23 12:19:25,571:MainThread:Dhan.py  started system
INFO:2025-06-23 12:19:25,572:MainThread:STARTED THE PROGRAM
INFO:2025-06-23 12:20:59,231:MainThread:Dhan.py  started system
INFO:2025-06-23 12:20:59,232:MainThread:STARTED THE PROGRAM
INFO:2025-06-23 12:21:33,623:MainThread:Dhan.py  started system
INFO:2025-06-23 12:21:33,623:MainThread:STARTED THE PROGRAM
INFO:2025-06-23 12:23:02,168:MainThread:Dhan.py  started system
INFO:2025-06-23 12:23:02,168:MainThread:STARTED THE PROGRAM
INFO:2025-06-23 12:23:38,257:MainThread:Dhan.py  started system
INFO:2025-06-23 12:23:38,257:MainThread:STARTED THE PROGRAM
INFO:2025-06-23 12:25:01,412:MainThread:Dhan.py  started system
INFO:2025-06-23 12:25:01,413:MainThread:STARTED THE PROGRAM
INFO:2025-06-23 12:25:49,540:MainThread:Dhan.py  started system
INFO:2025-06-23 12:25:49,540:MainThread:STARTED THE PROGRAM
INFO:2025-06-23 12:27:01,033:MainThread:Dhan.py  started system
INFO:2025-06-23 12:27:01,034:MainThread:STARTED THE PROGRAM
INFO:2025-06-23 12:27:47,703:MainThread:Dhan.py  started system
INFO:2025-06-23 12:27:47,703:MainThread:STARTED THE PROGRAM
INFO:2025-06-23 12:29:00,622:MainThread:Dhan.py  started system
INFO:2025-06-23 12:29:00,622:MainThread:STARTED THE PROGRAM
INFO:2025-06-23 12:29:45,922:MainThread:Dhan.py  started system
INFO:2025-06-23 12:29:45,922:MainThread:STARTED THE PROGRAM
INFO:2025-06-23 12:31:06,831:MainThread:Dhan.py  started system
INFO:2025-06-23 12:31:06,831:MainThread:STARTED THE PROGRAM
INFO:2025-06-23 12:31:40,626:MainThread:Dhan.py  started system
INFO:2025-06-23 12:31:40,626:MainThread:STARTED THE PROGRAM
INFO:2025-06-23 12:33:10,680:MainThread:Dhan.py  started system
INFO:2025-06-23 12:33:10,680:MainThread:STARTED THE PROGRAM
INFO:2025-06-23 12:33:45,707:MainThread:Dhan.py  started system
INFO:2025-06-23 12:33:45,707:MainThread:STARTED THE PROGRAM
INFO:2025-06-23 12:36:21,044:MainThread:Dhan.py  started system
INFO:2025-06-23 12:36:21,044:MainThread:STARTED THE PROGRAM
INFO:2025-06-23 12:36:24,401:MainThread:Dhan.py  started system
INFO:2025-06-23 12:36:24,401:MainThread:STARTED THE PROGRAM
