INFO:2025-05-21 09:38:52,541:MainThread:Dhan.py  started system
INFO:2025-05-21 09:38:52,541:MainThread:STARTED THE PROGRAM
INFO:2025-05-21 09:46:25,544:MainThread:Dhan.py  started system
INFO:2025-05-21 09:46:25,544:MainThread:STARTED THE PROGRAM
INFO:2025-05-21 09:46:36,451:MainThread:Dhan.py  started system
INFO:2025-05-21 09:46:36,451:MainThread:STARTED THE PROGRAM
INFO:2025-05-21 09:46:44,137:MainThread:Dhan.py  started system
INFO:2025-05-21 09:46:44,138:MainThread:STARTED THE PROGRAM
INFO:2025-05-21 09:46:51,625:MainThread:Dhan.py  started system
INFO:2025-05-21 09:46:51,625:MainThread:STARTED THE PROGRAM
INFO:2025-05-21 09:46:59,390:MainThread:Dhan.py  started system
INFO:2025-05-21 09:46:59,390:MainThread:STARTED THE PROGRAM
INFO:2025-05-21 09:47:07,102:MainThread:Dhan.py  started system
INFO:2025-05-21 09:47:07,102:MainThread:STARTED THE PROGRAM
INFO:2025-05-21 09:47:14,661:MainThread:Dhan.py  started system
INFO:2025-05-21 09:47:14,661:MainThread:STARTED THE PROGRAM
INFO:2025-05-21 09:47:22,073:MainThread:Dhan.py  started system
INFO:2025-05-21 09:47:22,073:MainThread:STARTED THE PROGRAM
INFO:2025-05-21 09:47:29,549:MainThread:Dhan.py  started system
INFO:2025-05-21 09:47:29,549:MainThread:STARTED THE PROGRAM
INFO:2025-05-21 09:47:37,033:MainThread:Dhan.py  started system
INFO:2025-05-21 09:47:37,034:MainThread:STARTED THE PROGRAM
INFO:2025-05-21 09:47:44,453:MainThread:Dhan.py  started system
INFO:2025-05-21 09:47:44,453:MainThread:STARTED THE PROGRAM
INFO:2025-05-21 09:47:52,001:MainThread:Dhan.py  started system
INFO:2025-05-21 09:47:52,001:MainThread:STARTED THE PROGRAM
INFO:2025-05-21 09:47:59,640:MainThread:Dhan.py  started system
INFO:2025-05-21 09:47:59,641:MainThread:STARTED THE PROGRAM
INFO:2025-05-21 09:48:07,619:MainThread:Dhan.py  started system
INFO:2025-05-21 09:48:07,619:MainThread:STARTED THE PROGRAM
INFO:2025-05-21 09:48:15,995:MainThread:Dhan.py  started system
INFO:2025-05-21 09:48:15,996:MainThread:STARTED THE PROGRAM
INFO:2025-05-21 09:48:23,780:MainThread:Dhan.py  started system
INFO:2025-05-21 09:48:23,780:MainThread:STARTED THE PROGRAM
INFO:2025-05-21 09:48:31,244:MainThread:Dhan.py  started system
INFO:2025-05-21 09:48:31,244:MainThread:STARTED THE PROGRAM
INFO:2025-05-21 09:48:39,381:MainThread:Dhan.py  started system
INFO:2025-05-21 09:48:39,381:MainThread:STARTED THE PROGRAM
INFO:2025-05-21 09:48:47,122:MainThread:Dhan.py  started system
INFO:2025-05-21 09:48:47,122:MainThread:STARTED THE PROGRAM
INFO:2025-05-21 09:48:54,720:MainThread:Dhan.py  started system
INFO:2025-05-21 09:48:54,720:MainThread:STARTED THE PROGRAM
INFO:2025-05-21 09:49:02,145:MainThread:Dhan.py  started system
INFO:2025-05-21 09:49:02,146:MainThread:STARTED THE PROGRAM
INFO:2025-05-21 09:49:09,633:MainThread:Dhan.py  started system
INFO:2025-05-21 09:49:09,633:MainThread:STARTED THE PROGRAM
INFO:2025-05-21 09:49:17,287:MainThread:Dhan.py  started system
INFO:2025-05-21 09:49:17,287:MainThread:STARTED THE PROGRAM
INFO:2025-05-21 09:49:25,451:MainThread:Dhan.py  started system
INFO:2025-05-21 09:49:25,451:MainThread:STARTED THE PROGRAM
INFO:2025-05-21 09:49:33,986:MainThread:Dhan.py  started system
INFO:2025-05-21 09:49:33,986:MainThread:STARTED THE PROGRAM
INFO:2025-05-21 09:49:41,656:MainThread:Dhan.py  started system
INFO:2025-05-21 09:49:41,656:MainThread:STARTED THE PROGRAM
INFO:2025-05-21 09:49:49,646:MainThread:Dhan.py  started system
INFO:2025-05-21 09:49:49,647:MainThread:STARTED THE PROGRAM
INFO:2025-05-21 09:49:57,336:MainThread:Dhan.py  started system
INFO:2025-05-21 09:49:57,336:MainThread:STARTED THE PROGRAM
INFO:2025-05-21 09:50:05,021:MainThread:Dhan.py  started system
INFO:2025-05-21 09:50:05,022:MainThread:STARTED THE PROGRAM
INFO:2025-05-21 09:50:13,082:MainThread:Dhan.py  started system
INFO:2025-05-21 09:50:13,082:MainThread:STARTED THE PROGRAM
INFO:2025-05-21 09:50:20,664:MainThread:Dhan.py  started system
INFO:2025-05-21 09:50:20,665:MainThread:STARTED THE PROGRAM
INFO:2025-05-21 09:50:28,342:MainThread:Dhan.py  started system
INFO:2025-05-21 09:50:28,342:MainThread:STARTED THE PROGRAM
INFO:2025-05-21 09:50:36,014:MainThread:Dhan.py  started system
INFO:2025-05-21 09:50:36,014:MainThread:STARTED THE PROGRAM
INFO:2025-05-21 09:50:43,803:MainThread:Dhan.py  started system
INFO:2025-05-21 09:50:43,803:MainThread:STARTED THE PROGRAM
INFO:2025-05-21 09:50:51,495:MainThread:Dhan.py  started system
INFO:2025-05-21 09:50:51,495:MainThread:STARTED THE PROGRAM
INFO:2025-05-21 09:50:59,276:MainThread:Dhan.py  started system
INFO:2025-05-21 09:50:59,276:MainThread:STARTED THE PROGRAM
INFO:2025-05-21 09:51:07,268:MainThread:Dhan.py  started system
INFO:2025-05-21 09:51:07,268:MainThread:STARTED THE PROGRAM
INFO:2025-05-21 09:51:14,994:MainThread:Dhan.py  started system
INFO:2025-05-21 09:51:14,995:MainThread:STARTED THE PROGRAM
INFO:2025-05-21 09:51:22,632:MainThread:Dhan.py  started system
INFO:2025-05-21 09:51:22,632:MainThread:STARTED THE PROGRAM
INFO:2025-05-21 09:51:30,339:MainThread:Dhan.py  started system
INFO:2025-05-21 09:51:30,339:MainThread:STARTED THE PROGRAM
INFO:2025-05-21 09:51:38,774:MainThread:Dhan.py  started system
INFO:2025-05-21 09:51:38,775:MainThread:STARTED THE PROGRAM
INFO:2025-05-21 09:51:46,866:MainThread:Dhan.py  started system
INFO:2025-05-21 09:51:46,866:MainThread:STARTED THE PROGRAM
INFO:2025-05-21 09:51:54,689:MainThread:Dhan.py  started system
INFO:2025-05-21 09:51:54,689:MainThread:STARTED THE PROGRAM
INFO:2025-05-21 09:52:02,421:MainThread:Dhan.py  started system
INFO:2025-05-21 09:52:02,421:MainThread:STARTED THE PROGRAM
INFO:2025-05-21 09:52:10,107:MainThread:Dhan.py  started system
INFO:2025-05-21 09:52:10,108:MainThread:STARTED THE PROGRAM
INFO:2025-05-21 09:52:17,792:MainThread:Dhan.py  started system
INFO:2025-05-21 09:52:17,793:MainThread:STARTED THE PROGRAM
INFO:2025-05-21 09:52:25,573:MainThread:Dhan.py  started system
INFO:2025-05-21 09:52:25,573:MainThread:STARTED THE PROGRAM
INFO:2025-05-21 09:52:33,221:MainThread:Dhan.py  started system
INFO:2025-05-21 09:52:33,222:MainThread:STARTED THE PROGRAM
INFO:2025-05-21 09:52:41,217:MainThread:Dhan.py  started system
INFO:2025-05-21 09:52:41,217:MainThread:STARTED THE PROGRAM
INFO:2025-05-21 09:52:48,921:MainThread:Dhan.py  started system
INFO:2025-05-21 09:52:48,921:MainThread:STARTED THE PROGRAM
INFO:2025-05-21 09:52:56,739:MainThread:Dhan.py  started system
INFO:2025-05-21 09:52:56,740:MainThread:STARTED THE PROGRAM
INFO:2025-05-21 09:53:04,580:MainThread:Dhan.py  started system
INFO:2025-05-21 09:53:04,580:MainThread:STARTED THE PROGRAM
INFO:2025-05-21 09:53:12,349:MainThread:Dhan.py  started system
INFO:2025-05-21 09:53:12,349:MainThread:STARTED THE PROGRAM
INFO:2025-05-21 13:48:56,824:MainThread:Dhan.py  started system
INFO:2025-05-21 13:48:56,825:MainThread:STARTED THE PROGRAM
INFO:2025-05-21 14:12:22,797:MainThread:Dhan.py  started system
INFO:2025-05-21 14:12:22,798:MainThread:STARTED THE PROGRAM
INFO:2025-05-21 14:28:03,303:MainThread:Dhan.py  started system
INFO:2025-05-21 14:28:03,304:MainThread:STARTED THE PROGRAM
INFO:2025-05-21 14:29:23,146:MainThread:Dhan.py  started system
INFO:2025-05-21 14:29:23,146:MainThread:STARTED THE PROGRAM
INFO:2025-05-21 14:30:45,865:MainThread:Dhan.py  started system
INFO:2025-05-21 14:30:45,866:MainThread:STARTED THE PROGRAM
INFO:2025-05-21 14:36:28,712:MainThread:Dhan.py  started system
INFO:2025-05-21 14:36:28,713:MainThread:STARTED THE PROGRAM
INFO:2025-05-21 14:37:16,362:MainThread:Dhan.py  started system
INFO:2025-05-21 14:37:16,362:MainThread:STARTED THE PROGRAM
INFO:2025-05-21 14:40:14,003:MainThread:Dhan.py  started system
INFO:2025-05-21 14:40:14,003:MainThread:STARTED THE PROGRAM
INFO:2025-05-21 14:48:52,313:MainThread:Dhan.py  started system
INFO:2025-05-21 14:48:52,314:MainThread:STARTED THE PROGRAM
INFO:2025-05-21 14:57:03,763:MainThread:Dhan.py  started system
INFO:2025-05-21 14:57:03,764:MainThread:STARTED THE PROGRAM
INFO:2025-05-21 14:59:49,971:MainThread:Dhan.py  started system
INFO:2025-05-21 14:59:49,972:MainThread:STARTED THE PROGRAM
INFO:2025-05-21 15:00:28,709:MainThread:Dhan.py  started system
INFO:2025-05-21 15:00:28,710:MainThread:STARTED THE PROGRAM
INFO:2025-05-21 15:01:29,110:MainThread:Dhan.py  started system
INFO:2025-05-21 15:01:29,111:MainThread:STARTED THE PROGRAM
INFO:2025-05-21 15:03:04,759:MainThread:Dhan.py  started system
INFO:2025-05-21 15:03:04,760:MainThread:STARTED THE PROGRAM
INFO:2025-05-21 15:06:00,496:MainThread:Dhan.py  started system
INFO:2025-05-21 15:06:00,497:MainThread:STARTED THE PROGRAM
ERROR:2025-05-21 15:07:36,264:MainThread:Exception in Getting OHLC data as Check the Tradingsymbol or Exchange
Traceback (most recent call last):
  File "d:\AI Trading\VS Project\Trading\Dhan_Tradehull.py", line 476, in get_historical_data
    raise Exception("Check the Tradingsymbol or Exchange")
Exception: Check the Tradingsymbol or Exchange
ERROR:2025-05-21 15:10:49,818:MainThread:Exception in Getting OHLC data as {'status': 'failure', 'remarks': {'error_code': 'DH-905', 'error_type': 'Input_Exception', 'error_message': 'System is unable to fetch data due to incorrect parameters or no data present'}, 'data': {'errorType': 'Input_Exception', 'errorCode': 'DH-905', 'errorMessage': 'System is unable to fetch data due to incorrect parameters or no data present'}}
Traceback (most recent call last):
  File "d:\AI Trading\VS Project\Trading\Dhan_Tradehull.py", line 508, in get_historical_data
    raise Exception(ohlc)
Exception: {'status': 'failure', 'remarks': {'error_code': 'DH-905', 'error_type': 'Input_Exception', 'error_message': 'System is unable to fetch data due to incorrect parameters or no data present'}, 'data': {'errorType': 'Input_Exception', 'errorCode': 'DH-905', 'errorMessage': 'System is unable to fetch data due to incorrect parameters or no data present'}}
ERROR:2025-05-21 15:10:52,555:MainThread:Exception in Getting OHLC data as Check the Tradingsymbol or Exchange
Traceback (most recent call last):
  File "d:\AI Trading\VS Project\Trading\Dhan_Tradehull.py", line 476, in get_historical_data
    raise Exception("Check the Tradingsymbol or Exchange")
Exception: Check the Tradingsymbol or Exchange
ERROR:2025-05-21 15:10:53,379:MainThread:Exception in Getting OHLC data as Check the Tradingsymbol or Exchange
Traceback (most recent call last):
  File "d:\AI Trading\VS Project\Trading\Dhan_Tradehull.py", line 476, in get_historical_data
    raise Exception("Check the Tradingsymbol or Exchange")
Exception: Check the Tradingsymbol or Exchange
ERROR:2025-05-21 15:10:54,409:MainThread:Exception in Getting OHLC data as Check the Tradingsymbol or Exchange
Traceback (most recent call last):
  File "d:\AI Trading\VS Project\Trading\Dhan_Tradehull.py", line 476, in get_historical_data
    raise Exception("Check the Tradingsymbol or Exchange")
Exception: Check the Tradingsymbol or Exchange
ERROR:2025-05-21 15:10:55,236:MainThread:Exception in Getting OHLC data as Check the Tradingsymbol or Exchange
Traceback (most recent call last):
  File "d:\AI Trading\VS Project\Trading\Dhan_Tradehull.py", line 476, in get_historical_data
    raise Exception("Check the Tradingsymbol or Exchange")
Exception: Check the Tradingsymbol or Exchange
ERROR:2025-05-21 15:10:56,372:MainThread:Exception in Getting OHLC data as Check the Tradingsymbol or Exchange
Traceback (most recent call last):
  File "d:\AI Trading\VS Project\Trading\Dhan_Tradehull.py", line 476, in get_historical_data
    raise Exception("Check the Tradingsymbol or Exchange")
Exception: Check the Tradingsymbol or Exchange
ERROR:2025-05-21 15:10:57,283:MainThread:Exception in Getting OHLC data as Check the Tradingsymbol or Exchange
Traceback (most recent call last):
  File "d:\AI Trading\VS Project\Trading\Dhan_Tradehull.py", line 476, in get_historical_data
    raise Exception("Check the Tradingsymbol or Exchange")
Exception: Check the Tradingsymbol or Exchange
ERROR:2025-05-21 15:10:58,155:MainThread:Exception in Getting OHLC data as Check the Tradingsymbol or Exchange
Traceback (most recent call last):
  File "d:\AI Trading\VS Project\Trading\Dhan_Tradehull.py", line 476, in get_historical_data
    raise Exception("Check the Tradingsymbol or Exchange")
Exception: Check the Tradingsymbol or Exchange
ERROR:2025-05-21 15:10:59,070:MainThread:Exception in Getting OHLC data as Check the Tradingsymbol or Exchange
Traceback (most recent call last):
  File "d:\AI Trading\VS Project\Trading\Dhan_Tradehull.py", line 476, in get_historical_data
    raise Exception("Check the Tradingsymbol or Exchange")
Exception: Check the Tradingsymbol or Exchange
ERROR:2025-05-21 15:11:00,538:MainThread:Exception in Getting OHLC data as Check the Tradingsymbol or Exchange
Traceback (most recent call last):
  File "d:\AI Trading\VS Project\Trading\Dhan_Tradehull.py", line 476, in get_historical_data
    raise Exception("Check the Tradingsymbol or Exchange")
Exception: Check the Tradingsymbol or Exchange
ERROR:2025-05-21 15:11:01,280:MainThread:Exception in Getting OHLC data as Check the Tradingsymbol or Exchange
Traceback (most recent call last):
  File "d:\AI Trading\VS Project\Trading\Dhan_Tradehull.py", line 476, in get_historical_data
    raise Exception("Check the Tradingsymbol or Exchange")
Exception: Check the Tradingsymbol or Exchange
ERROR:2025-05-21 15:11:02,065:MainThread:Exception in Getting OHLC data as Check the Tradingsymbol or Exchange
Traceback (most recent call last):
  File "d:\AI Trading\VS Project\Trading\Dhan_Tradehull.py", line 476, in get_historical_data
    raise Exception("Check the Tradingsymbol or Exchange")
Exception: Check the Tradingsymbol or Exchange
ERROR:2025-05-21 15:11:02,850:MainThread:Exception in Getting OHLC data as Check the Tradingsymbol or Exchange
Traceback (most recent call last):
  File "d:\AI Trading\VS Project\Trading\Dhan_Tradehull.py", line 476, in get_historical_data
    raise Exception("Check the Tradingsymbol or Exchange")
Exception: Check the Tradingsymbol or Exchange
ERROR:2025-05-21 15:11:03,571:MainThread:Exception in Getting OHLC data as Check the Tradingsymbol or Exchange
Traceback (most recent call last):
  File "d:\AI Trading\VS Project\Trading\Dhan_Tradehull.py", line 476, in get_historical_data
    raise Exception("Check the Tradingsymbol or Exchange")
Exception: Check the Tradingsymbol or Exchange
ERROR:2025-05-21 15:11:04,277:MainThread:Exception in Getting OHLC data as Check the Tradingsymbol or Exchange
Traceback (most recent call last):
  File "d:\AI Trading\VS Project\Trading\Dhan_Tradehull.py", line 476, in get_historical_data
    raise Exception("Check the Tradingsymbol or Exchange")
Exception: Check the Tradingsymbol or Exchange
ERROR:2025-05-21 15:11:04,931:MainThread:Exception in Getting OHLC data as Check the Tradingsymbol or Exchange
Traceback (most recent call last):
  File "d:\AI Trading\VS Project\Trading\Dhan_Tradehull.py", line 476, in get_historical_data
    raise Exception("Check the Tradingsymbol or Exchange")
Exception: Check the Tradingsymbol or Exchange
ERROR:2025-05-21 15:11:05,595:MainThread:Exception in Getting OHLC data as Check the Tradingsymbol or Exchange
Traceback (most recent call last):
  File "d:\AI Trading\VS Project\Trading\Dhan_Tradehull.py", line 476, in get_historical_data
    raise Exception("Check the Tradingsymbol or Exchange")
Exception: Check the Tradingsymbol or Exchange
ERROR:2025-05-21 15:11:06,333:MainThread:Exception in Getting OHLC data as Check the Tradingsymbol or Exchange
Traceback (most recent call last):
  File "d:\AI Trading\VS Project\Trading\Dhan_Tradehull.py", line 476, in get_historical_data
    raise Exception("Check the Tradingsymbol or Exchange")
Exception: Check the Tradingsymbol or Exchange
INFO:2025-05-21 15:13:50,642:MainThread:Dhan.py  started system
INFO:2025-05-21 15:13:50,642:MainThread:STARTED THE PROGRAM
ERROR:2025-05-21 15:15:46,387:MainThread:Exception in Getting OHLC data as Check the Tradingsymbol or Exchange
Traceback (most recent call last):
  File "d:\AI Trading\VS Project\Trading\Dhan_Tradehull.py", line 476, in get_historical_data
    raise Exception("Check the Tradingsymbol or Exchange")
Exception: Check the Tradingsymbol or Exchange
INFO:2025-05-21 15:17:41,331:MainThread:Dhan.py  started system
INFO:2025-05-21 15:17:41,332:MainThread:STARTED THE PROGRAM
INFO:2025-05-21 15:17:52,742:MainThread:Dhan.py  started system
INFO:2025-05-21 15:17:52,743:MainThread:STARTED THE PROGRAM
ERROR:2025-05-21 15:18:20,418:MainThread:Exception in Getting OHLC data as Check the Tradingsymbol or Exchange
Traceback (most recent call last):
  File "d:\AI Trading\VS Project\Trading\Dhan_Tradehull.py", line 476, in get_historical_data
    raise Exception("Check the Tradingsymbol or Exchange")
Exception: Check the Tradingsymbol or Exchange
ERROR:2025-05-21 15:18:54,316:MainThread:Exception in Getting OHLC data as {'status': 'failure', 'remarks': {'error_code': 'DH-905', 'error_type': 'Input_Exception', 'error_message': 'System is unable to fetch data due to incorrect parameters or no data present'}, 'data': {'errorType': 'Input_Exception', 'errorCode': 'DH-905', 'errorMessage': 'System is unable to fetch data due to incorrect parameters or no data present'}}
Traceback (most recent call last):
  File "d:\AI Trading\VS Project\Trading\Dhan_Tradehull.py", line 508, in get_historical_data
    raise Exception(ohlc)
Exception: {'status': 'failure', 'remarks': {'error_code': 'DH-905', 'error_type': 'Input_Exception', 'error_message': 'System is unable to fetch data due to incorrect parameters or no data present'}, 'data': {'errorType': 'Input_Exception', 'errorCode': 'DH-905', 'errorMessage': 'System is unable to fetch data due to incorrect parameters or no data present'}}
INFO:2025-05-21 15:21:29,366:MainThread:Dhan.py  started system
INFO:2025-05-21 15:21:29,367:MainThread:STARTED THE PROGRAM
INFO:2025-05-21 15:29:18,657:MainThread:Dhan.py  started system
INFO:2025-05-21 15:29:18,658:MainThread:STARTED THE PROGRAM
INFO:2025-05-21 15:30:16,505:MainThread:Dhan.py  started system
INFO:2025-05-21 15:30:16,506:MainThread:STARTED THE PROGRAM
INFO:2025-05-21 15:34:09,380:MainThread:Dhan.py  started system
INFO:2025-05-21 15:34:09,380:MainThread:STARTED THE PROGRAM
INFO:2025-05-21 15:34:44,923:MainThread:Dhan.py  started system
INFO:2025-05-21 15:34:44,923:MainThread:STARTED THE PROGRAM
INFO:2025-05-21 15:47:16,253:MainThread:Dhan.py  started system
INFO:2025-05-21 15:47:16,253:MainThread:STARTED THE PROGRAM
INFO:2025-05-21 15:47:45,418:MainThread:Dhan.py  started system
INFO:2025-05-21 15:47:45,419:MainThread:STARTED THE PROGRAM
INFO:2025-05-21 15:51:51,468:MainThread:Dhan.py  started system
INFO:2025-05-21 15:51:51,469:MainThread:STARTED THE PROGRAM
INFO:2025-05-21 15:57:49,791:MainThread:Dhan.py  started system
INFO:2025-05-21 15:57:49,791:MainThread:STARTED THE PROGRAM
INFO:2025-05-21 16:00:35,493:MainThread:Dhan.py  started system
INFO:2025-05-21 16:00:35,493:MainThread:STARTED THE PROGRAM
INFO:2025-05-21 16:01:32,518:MainThread:Dhan.py  started system
INFO:2025-05-21 16:01:32,519:MainThread:STARTED THE PROGRAM
INFO:2025-05-21 16:02:19,492:MainThread:Dhan.py  started system
INFO:2025-05-21 16:02:19,492:MainThread:STARTED THE PROGRAM
INFO:2025-05-21 16:03:46,379:MainThread:Dhan.py  started system
INFO:2025-05-21 16:03:46,380:MainThread:STARTED THE PROGRAM
INFO:2025-05-21 16:06:32,230:MainThread:Dhan.py  started system
INFO:2025-05-21 16:06:32,230:MainThread:STARTED THE PROGRAM
INFO:2025-05-21 16:06:52,727:MainThread:Dhan.py  started system
INFO:2025-05-21 16:06:52,728:MainThread:STARTED THE PROGRAM
INFO:2025-05-21 16:07:26,121:MainThread:Dhan.py  started system
INFO:2025-05-21 16:07:26,122:MainThread:STARTED THE PROGRAM
INFO:2025-05-21 16:07:54,945:MainThread:Dhan.py  started system
INFO:2025-05-21 16:07:54,945:MainThread:STARTED THE PROGRAM
INFO:2025-05-21 16:08:40,809:MainThread:Dhan.py  started system
INFO:2025-05-21 16:08:40,809:MainThread:STARTED THE PROGRAM
INFO:2025-05-21 16:09:56,277:MainThread:Dhan.py  started system
INFO:2025-05-21 16:09:56,277:MainThread:STARTED THE PROGRAM
INFO:2025-05-21 16:10:17,546:MainThread:Dhan.py  started system
INFO:2025-05-21 16:10:17,546:MainThread:STARTED THE PROGRAM
INFO:2025-05-21 16:10:34,572:MainThread:Dhan.py  started system
INFO:2025-05-21 16:10:34,572:MainThread:STARTED THE PROGRAM
INFO:2025-05-21 16:10:47,608:MainThread:Dhan.py  started system
INFO:2025-05-21 16:10:47,608:MainThread:STARTED THE PROGRAM
INFO:2025-05-21 16:12:07,034:MainThread:Dhan.py  started system
INFO:2025-05-21 16:12:07,035:MainThread:STARTED THE PROGRAM
INFO:2025-05-21 16:12:21,146:MainThread:Dhan.py  started system
INFO:2025-05-21 16:12:21,146:MainThread:STARTED THE PROGRAM
INFO:2025-05-21 16:18:49,186:MainThread:Dhan.py  started system
INFO:2025-05-21 16:18:49,186:MainThread:STARTED THE PROGRAM
INFO:2025-05-21 16:19:05,586:MainThread:Dhan.py  started system
INFO:2025-05-21 16:19:05,586:MainThread:STARTED THE PROGRAM
INFO:2025-05-21 16:23:14,681:MainThread:Dhan.py  started system
INFO:2025-05-21 16:23:14,682:MainThread:STARTED THE PROGRAM
INFO:2025-05-21 16:23:29,796:MainThread:Dhan.py  started system
INFO:2025-05-21 16:23:29,796:MainThread:STARTED THE PROGRAM
INFO:2025-05-21 16:28:26,354:MainThread:Dhan.py  started system
INFO:2025-05-21 16:28:26,355:MainThread:STARTED THE PROGRAM
INFO:2025-05-21 16:28:34,578:MainThread:Dhan.py  started system
INFO:2025-05-21 16:28:34,578:MainThread:STARTED THE PROGRAM
INFO:2025-05-21 16:29:57,650:MainThread:Dhan.py  started system
INFO:2025-05-21 16:29:57,651:MainThread:STARTED THE PROGRAM
INFO:2025-05-21 16:41:49,730:MainThread:Dhan.py  started system
INFO:2025-05-21 16:41:49,730:MainThread:STARTED THE PROGRAM
INFO:2025-05-21 16:42:27,857:MainThread:Dhan.py  started system
INFO:2025-05-21 16:42:27,857:MainThread:STARTED THE PROGRAM
ERROR:2025-05-21 16:43:15,035:MainThread:Exception in Getting OHLC data as {'status': 'failure', 'remarks': {'error_code': 'DH-905', 'error_type': 'Input_Exception', 'error_message': 'Missing required fields, bad values for parameters etc.'}, 'data': {'errorType': 'Input_Exception', 'errorCode': 'DH-905', 'errorMessage': 'Missing required fields, bad values for parameters etc.'}}
Traceback (most recent call last):
  File "d:\AI Trading\VS Project\Trading\Dhan_Tradehull.py", line 508, in get_historical_data
    raise Exception(ohlc)
Exception: {'status': 'failure', 'remarks': {'error_code': 'DH-905', 'error_type': 'Input_Exception', 'error_message': 'Missing required fields, bad values for parameters etc.'}, 'data': {'errorType': 'Input_Exception', 'errorCode': 'DH-905', 'errorMessage': 'Missing required fields, bad values for parameters etc.'}}
ERROR:2025-05-21 16:43:18,161:MainThread:Exception in Getting OHLC data as {'status': 'failure', 'remarks': {'error_code': 'DH-905', 'error_type': 'Input_Exception', 'error_message': 'Missing required fields, bad values for parameters etc.'}, 'data': {'errorType': 'Input_Exception', 'errorCode': 'DH-905', 'errorMessage': 'Missing required fields, bad values for parameters etc.'}}
Traceback (most recent call last):
  File "d:\AI Trading\VS Project\Trading\Dhan_Tradehull.py", line 508, in get_historical_data
    raise Exception(ohlc)
Exception: {'status': 'failure', 'remarks': {'error_code': 'DH-905', 'error_type': 'Input_Exception', 'error_message': 'Missing required fields, bad values for parameters etc.'}, 'data': {'errorType': 'Input_Exception', 'errorCode': 'DH-905', 'errorMessage': 'Missing required fields, bad values for parameters etc.'}}
INFO:2025-05-21 16:44:16,775:MainThread:Dhan.py  started system
INFO:2025-05-21 16:44:16,776:MainThread:STARTED THE PROGRAM
ERROR:2025-05-21 16:44:33,352:MainThread:Exception in Getting OHLC data as {'status': 'failure', 'remarks': {'error_code': 'DH-905', 'error_type': 'Input_Exception', 'error_message': 'Missing required fields, bad values for parameters etc.'}, 'data': {'errorType': 'Input_Exception', 'errorCode': 'DH-905', 'errorMessage': 'Missing required fields, bad values for parameters etc.'}}
Traceback (most recent call last):
  File "d:\AI Trading\VS Project\Trading\Dhan_Tradehull.py", line 508, in get_historical_data
    raise Exception(ohlc)
Exception: {'status': 'failure', 'remarks': {'error_code': 'DH-905', 'error_type': 'Input_Exception', 'error_message': 'Missing required fields, bad values for parameters etc.'}, 'data': {'errorType': 'Input_Exception', 'errorCode': 'DH-905', 'errorMessage': 'Missing required fields, bad values for parameters etc.'}}
ERROR:2025-05-21 16:44:34,501:MainThread:Exception in Getting OHLC data as {'status': 'failure', 'remarks': {'error_code': 'DH-905', 'error_type': 'Input_Exception', 'error_message': 'Missing required fields, bad values for parameters etc.'}, 'data': {'errorType': 'Input_Exception', 'errorCode': 'DH-905', 'errorMessage': 'Missing required fields, bad values for parameters etc.'}}
Traceback (most recent call last):
  File "d:\AI Trading\VS Project\Trading\Dhan_Tradehull.py", line 508, in get_historical_data
    raise Exception(ohlc)
Exception: {'status': 'failure', 'remarks': {'error_code': 'DH-905', 'error_type': 'Input_Exception', 'error_message': 'Missing required fields, bad values for parameters etc.'}, 'data': {'errorType': 'Input_Exception', 'errorCode': 'DH-905', 'errorMessage': 'Missing required fields, bad values for parameters etc.'}}
INFO:2025-05-21 16:45:34,541:MainThread:Dhan.py  started system
INFO:2025-05-21 16:45:34,541:MainThread:STARTED THE PROGRAM
ERROR:2025-05-21 16:51:18,268:MainThread:Exception in Getting OHLC data as {'status': 'failure', 'remarks': {'error_code': 'DH-905', 'error_type': 'Input_Exception', 'error_message': 'Missing required fields, bad values for parameters etc.'}, 'data': {'errorType': 'Input_Exception', 'errorCode': 'DH-905', 'errorMessage': 'Missing required fields, bad values for parameters etc.'}}
Traceback (most recent call last):
  File "d:\AI Trading\VS Project\Trading\Dhan_Tradehull.py", line 508, in get_historical_data
    raise Exception(ohlc)
Exception: {'status': 'failure', 'remarks': {'error_code': 'DH-905', 'error_type': 'Input_Exception', 'error_message': 'Missing required fields, bad values for parameters etc.'}, 'data': {'errorType': 'Input_Exception', 'errorCode': 'DH-905', 'errorMessage': 'Missing required fields, bad values for parameters etc.'}}
ERROR:2025-05-21 16:51:21,267:MainThread:Exception in Getting OHLC data as {'status': 'failure', 'remarks': {'error_code': 'DH-905', 'error_type': 'Input_Exception', 'error_message': 'Missing required fields, bad values for parameters etc.'}, 'data': {'errorType': 'Input_Exception', 'errorCode': 'DH-905', 'errorMessage': 'Missing required fields, bad values for parameters etc.'}}
Traceback (most recent call last):
  File "d:\AI Trading\VS Project\Trading\Dhan_Tradehull.py", line 508, in get_historical_data
    raise Exception(ohlc)
Exception: {'status': 'failure', 'remarks': {'error_code': 'DH-905', 'error_type': 'Input_Exception', 'error_message': 'Missing required fields, bad values for parameters etc.'}, 'data': {'errorType': 'Input_Exception', 'errorCode': 'DH-905', 'errorMessage': 'Missing required fields, bad values for parameters etc.'}}
INFO:2025-05-21 16:52:04,413:MainThread:Dhan.py  started system
INFO:2025-05-21 16:52:04,413:MainThread:STARTED THE PROGRAM
ERROR:2025-05-21 16:52:17,312:MainThread:Exception in Getting OHLC data as {'status': 'failure', 'remarks': {'error_code': 'DH-905', 'error_type': 'Input_Exception', 'error_message': 'Missing required fields, bad values for parameters etc.'}, 'data': {'errorType': 'Input_Exception', 'errorCode': 'DH-905', 'errorMessage': 'Missing required fields, bad values for parameters etc.'}}
Traceback (most recent call last):
  File "d:\AI Trading\VS Project\Trading\Dhan_Tradehull.py", line 508, in get_historical_data
    raise Exception(ohlc)
Exception: {'status': 'failure', 'remarks': {'error_code': 'DH-905', 'error_type': 'Input_Exception', 'error_message': 'Missing required fields, bad values for parameters etc.'}, 'data': {'errorType': 'Input_Exception', 'errorCode': 'DH-905', 'errorMessage': 'Missing required fields, bad values for parameters etc.'}}
ERROR:2025-05-21 16:52:18,841:MainThread:Exception in Getting OHLC data as {'status': 'failure', 'remarks': {'error_code': 'DH-905', 'error_type': 'Input_Exception', 'error_message': 'Missing required fields, bad values for parameters etc.'}, 'data': {'errorType': 'Input_Exception', 'errorCode': 'DH-905', 'errorMessage': 'Missing required fields, bad values for parameters etc.'}}
Traceback (most recent call last):
  File "d:\AI Trading\VS Project\Trading\Dhan_Tradehull.py", line 508, in get_historical_data
    raise Exception(ohlc)
Exception: {'status': 'failure', 'remarks': {'error_code': 'DH-905', 'error_type': 'Input_Exception', 'error_message': 'Missing required fields, bad values for parameters etc.'}, 'data': {'errorType': 'Input_Exception', 'errorCode': 'DH-905', 'errorMessage': 'Missing required fields, bad values for parameters etc.'}}
INFO:2025-05-21 16:52:46,213:MainThread:Dhan.py  started system
INFO:2025-05-21 16:52:46,214:MainThread:STARTED THE PROGRAM
ERROR:2025-05-21 16:52:55,873:MainThread:Exception in Getting OHLC data as {'status': 'failure', 'remarks': {'error_code': 'DH-905', 'error_type': 'Input_Exception', 'error_message': 'Missing required fields, bad values for parameters etc.'}, 'data': {'errorType': 'Input_Exception', 'errorCode': 'DH-905', 'errorMessage': 'Missing required fields, bad values for parameters etc.'}}
Traceback (most recent call last):
  File "d:\AI Trading\VS Project\Trading\Dhan_Tradehull.py", line 508, in get_historical_data
    raise Exception(ohlc)
Exception: {'status': 'failure', 'remarks': {'error_code': 'DH-905', 'error_type': 'Input_Exception', 'error_message': 'Missing required fields, bad values for parameters etc.'}, 'data': {'errorType': 'Input_Exception', 'errorCode': 'DH-905', 'errorMessage': 'Missing required fields, bad values for parameters etc.'}}
INFO:2025-05-21 17:45:11,547:MainThread:Dhan.py  started system
INFO:2025-05-21 17:45:11,547:MainThread:STARTED THE PROGRAM
INFO:2025-05-21 17:53:26,249:MainThread:Dhan.py  started system
INFO:2025-05-21 17:53:26,250:MainThread:STARTED THE PROGRAM
ERROR:2025-05-21 17:53:56,085:MainThread:Exception in Getting OHLC data as {'status': 'failure', 'remarks': {'error_code': 'DH-905', 'error_type': 'Input_Exception', 'error_message': 'Missing required fields, bad values for parameters etc.'}, 'data': {'errorType': 'Input_Exception', 'errorCode': 'DH-905', 'errorMessage': 'Missing required fields, bad values for parameters etc.'}}
Traceback (most recent call last):
  File "d:\AI Trading\VS Project\Trading\Dhan_Tradehull.py", line 508, in get_historical_data
    raise Exception(ohlc)
Exception: {'status': 'failure', 'remarks': {'error_code': 'DH-905', 'error_type': 'Input_Exception', 'error_message': 'Missing required fields, bad values for parameters etc.'}, 'data': {'errorType': 'Input_Exception', 'errorCode': 'DH-905', 'errorMessage': 'Missing required fields, bad values for parameters etc.'}}
ERROR:2025-05-21 17:54:02,944:MainThread:Exception in Getting OHLC data as {'status': 'failure', 'remarks': {'error_code': 'DH-905', 'error_type': 'Input_Exception', 'error_message': 'Missing required fields, bad values for parameters etc.'}, 'data': {'errorType': 'Input_Exception', 'errorCode': 'DH-905', 'errorMessage': 'Missing required fields, bad values for parameters etc.'}}
Traceback (most recent call last):
  File "d:\AI Trading\VS Project\Trading\Dhan_Tradehull.py", line 508, in get_historical_data
    raise Exception(ohlc)
Exception: {'status': 'failure', 'remarks': {'error_code': 'DH-905', 'error_type': 'Input_Exception', 'error_message': 'Missing required fields, bad values for parameters etc.'}, 'data': {'errorType': 'Input_Exception', 'errorCode': 'DH-905', 'errorMessage': 'Missing required fields, bad values for parameters etc.'}}
INFO:2025-05-21 17:57:36,198:MainThread:Dhan.py  started system
INFO:2025-05-21 17:57:36,199:MainThread:STARTED THE PROGRAM
INFO:2025-05-21 17:58:21,989:MainThread:Dhan.py  started system
INFO:2025-05-21 17:58:21,989:MainThread:STARTED THE PROGRAM
INFO:2025-05-21 17:59:05,682:MainThread:Dhan.py  started system
INFO:2025-05-21 17:59:05,683:MainThread:STARTED THE PROGRAM
INFO:2025-05-21 18:01:18,079:MainThread:Dhan.py  started system
INFO:2025-05-21 18:01:18,079:MainThread:STARTED THE PROGRAM
