INFO:2025-06-24 10:32:03,829:MainThread:Dhan.py  started system
INFO:2025-06-24 10:32:03,829:MainThread:STARTED THE PROGRAM
INFO:2025-06-24 10:33:21,198:MainThread:Dhan.py  started system
INFO:2025-06-24 10:33:21,199:MainThread:STARTED THE PROGRAM
INFO:2025-06-24 10:34:33,587:MainThread:Dhan.py  started system
INFO:2025-06-24 10:34:33,587:MainThread:STARTED THE PROGRAM
INFO:2025-06-24 10:35:36,163:MainThread:Dhan.py  started system
INFO:2025-06-24 10:35:36,163:MainThread:STARTED THE PROGRAM
INFO:2025-06-24 10:42:45,802:MainThread:Dhan.py  started system
INFO:2025-06-24 10:42:45,802:MainThread:STARTED THE PROGRAM
INFO:2025-06-24 10:43:08,424:MainThread:Dhan.py  started system
INFO:2025-06-24 10:43:08,425:MainThread:STARTED THE PROGRAM
INFO:2025-06-24 10:45:06,754:MainThread:Dhan.py  started system
INFO:2025-06-24 10:45:06,754:MainThread:STARTED THE PROGRAM
INFO:2025-06-24 10:46:52,892:MainThread:Dhan.py  started system
INFO:2025-06-24 10:46:52,892:MainThread:STARTED THE PROGRAM
INFO:2025-06-24 10:47:15,982:MainThread:Dhan.py  started system
INFO:2025-06-24 10:47:15,982:MainThread:STARTED THE PROGRAM
INFO:2025-06-24 10:48:00,615:MainThread:Dhan.py  started system
INFO:2025-06-24 10:48:00,615:MainThread:STARTED THE PROGRAM
INFO:2025-06-24 10:51:27,202:MainThread:Dhan.py  started system
INFO:2025-06-24 10:51:27,202:MainThread:STARTED THE PROGRAM
INFO:2025-06-24 10:52:23,412:MainThread:Dhan.py  started system
INFO:2025-06-24 10:52:23,412:MainThread:STARTED THE PROGRAM
INFO:2025-06-24 10:53:21,508:MainThread:Dhan.py  started system
INFO:2025-06-24 10:53:21,509:MainThread:STARTED THE PROGRAM
INFO:2025-06-24 10:54:48,448:MainThread:Dhan.py  started system
INFO:2025-06-24 10:54:48,448:MainThread:STARTED THE PROGRAM
INFO:2025-06-24 10:55:28,544:MainThread:Dhan.py  started system
INFO:2025-06-24 10:55:28,544:MainThread:STARTED THE PROGRAM
INFO:2025-06-24 10:55:45,714:MainThread:Dhan.py  started system
INFO:2025-06-24 10:55:45,715:MainThread:STARTED THE PROGRAM
INFO:2025-06-24 10:57:00,856:MainThread:Dhan.py  started system
INFO:2025-06-24 10:57:00,857:MainThread:STARTED THE PROGRAM
INFO:2025-06-24 10:57:55,151:MainThread:Dhan.py  started system
INFO:2025-06-24 10:57:55,152:MainThread:STARTED THE PROGRAM
INFO:2025-06-24 10:57:58,904:MainThread:Dhan.py  started system
INFO:2025-06-24 10:57:58,904:MainThread:STARTED THE PROGRAM
INFO:2025-06-24 11:03:29,421:MainThread:Dhan.py  started system
INFO:2025-06-24 11:03:29,421:MainThread:STARTED THE PROGRAM
INFO:2025-06-24 11:03:47,253:MainThread:Dhan.py  started system
INFO:2025-06-24 11:03:47,253:MainThread:STARTED THE PROGRAM
INFO:2025-06-24 11:04:53,747:MainThread:Dhan.py  started system
INFO:2025-06-24 11:04:53,747:MainThread:STARTED THE PROGRAM
INFO:2025-06-24 11:05:16,244:MainThread:Dhan.py  started system
INFO:2025-06-24 11:05:16,244:MainThread:STARTED THE PROGRAM
INFO:2025-06-24 11:06:18,267:MainThread:Dhan.py  started system
INFO:2025-06-24 11:06:18,267:MainThread:STARTED THE PROGRAM
INFO:2025-06-24 11:06:44,853:MainThread:Dhan.py  started system
INFO:2025-06-24 11:06:44,853:MainThread:STARTED THE PROGRAM
INFO:2025-06-24 11:07:42,482:MainThread:Dhan.py  started system
INFO:2025-06-24 11:07:42,482:MainThread:STARTED THE PROGRAM
INFO:2025-06-24 11:08:03,353:MainThread:Dhan.py  started system
INFO:2025-06-24 11:08:03,354:MainThread:STARTED THE PROGRAM
INFO:2025-06-24 11:09:06,746:MainThread:Dhan.py  started system
INFO:2025-06-24 11:09:06,746:MainThread:STARTED THE PROGRAM
INFO:2025-06-24 11:09:31,842:MainThread:Dhan.py  started system
INFO:2025-06-24 11:09:31,842:MainThread:STARTED THE PROGRAM
INFO:2025-06-24 11:11:23,311:MainThread:Dhan.py  started system
INFO:2025-06-24 11:11:23,312:MainThread:STARTED THE PROGRAM
INFO:2025-06-24 11:11:25,844:MainThread:Dhan.py  started system
INFO:2025-06-24 11:11:25,844:MainThread:STARTED THE PROGRAM
ERROR:2025-06-24 11:17:36,318:MainThread:Exception at calling ltp as {'status': 'failure', 'remarks': {'error_code': None, 'error_type': None, 'error_message': None}, 'data': {'data': {'805': 'Too many requests. Further requests may result in the user being blocked.'}, 'status': 'failed'}}
Traceback (most recent call last):
  File "d:\AI Trading\VS Project\Trading\Dhan_Tradehull.py", line 698, in get_ltp_data
    raise Exception(data)
Exception: {'status': 'failure', 'remarks': {'error_code': None, 'error_type': None, 'error_message': None}, 'data': {'data': {'805': 'Too many requests. Further requests may result in the user being blocked.'}, 'status': 'failed'}}
INFO:2025-06-24 11:26:11,297:MainThread:Dhan.py  started system
INFO:2025-06-24 11:26:11,297:MainThread:STARTED THE PROGRAM
INFO:2025-06-24 11:30:44,067:MainThread:Dhan.py  started system
INFO:2025-06-24 11:30:44,067:MainThread:STARTED THE PROGRAM
INFO:2025-06-24 11:32:01,207:MainThread:Dhan.py  started system
INFO:2025-06-24 11:32:01,207:MainThread:STARTED THE PROGRAM
INFO:2025-06-24 11:32:59,407:MainThread:Dhan.py  started system
INFO:2025-06-24 11:32:59,407:MainThread:STARTED THE PROGRAM
INFO:2025-06-24 11:33:02,495:MainThread:Dhan.py  started system
INFO:2025-06-24 11:33:02,495:MainThread:STARTED THE PROGRAM
INFO:2025-06-24 11:34:00,708:MainThread:Dhan.py  started system
INFO:2025-06-24 11:34:00,708:MainThread:STARTED THE PROGRAM
INFO:2025-06-24 11:34:03,764:MainThread:Dhan.py  started system
INFO:2025-06-24 11:34:03,764:MainThread:STARTED THE PROGRAM
INFO:2025-06-24 11:35:01,823:MainThread:Dhan.py  started system
INFO:2025-06-24 11:35:01,823:MainThread:STARTED THE PROGRAM
INFO:2025-06-24 11:35:04,887:MainThread:Dhan.py  started system
INFO:2025-06-24 11:35:04,887:MainThread:STARTED THE PROGRAM
INFO:2025-06-24 11:36:02,943:MainThread:Dhan.py  started system
INFO:2025-06-24 11:36:02,943:MainThread:STARTED THE PROGRAM
INFO:2025-06-24 11:36:05,991:MainThread:Dhan.py  started system
INFO:2025-06-24 11:36:05,991:MainThread:STARTED THE PROGRAM
INFO:2025-06-24 11:36:37,478:MainThread:Dhan.py  started system
INFO:2025-06-24 11:36:37,478:MainThread:STARTED THE PROGRAM
INFO:2025-06-24 11:36:45,078:MainThread:Dhan.py  started system
INFO:2025-06-24 11:36:45,078:MainThread:STARTED THE PROGRAM
INFO:2025-06-24 11:36:51,771:MainThread:Dhan.py  started system
INFO:2025-06-24 11:36:51,772:MainThread:STARTED THE PROGRAM
INFO:2025-06-24 11:37:00,624:MainThread:Dhan.py  started system
INFO:2025-06-24 11:37:00,624:MainThread:STARTED THE PROGRAM
INFO:2025-06-24 11:37:04,301:MainThread:Dhan.py  started system
INFO:2025-06-24 11:37:04,301:MainThread:STARTED THE PROGRAM
INFO:2025-06-24 11:37:07,307:MainThread:Dhan.py  started system
INFO:2025-06-24 11:37:07,307:MainThread:STARTED THE PROGRAM
INFO:2025-06-24 11:37:13,219:MainThread:Dhan.py  started system
INFO:2025-06-24 11:37:13,219:MainThread:STARTED THE PROGRAM
INFO:2025-06-24 11:39:05,682:MainThread:Dhan.py  started system
INFO:2025-06-24 11:39:05,682:MainThread:STARTED THE PROGRAM
INFO:2025-06-24 11:40:06,541:MainThread:Dhan.py  started system
INFO:2025-06-24 11:40:06,542:MainThread:STARTED THE PROGRAM
INFO:2025-06-24 11:41:05,899:MainThread:Dhan.py  started system
INFO:2025-06-24 11:41:05,899:MainThread:STARTED THE PROGRAM
INFO:2025-06-24 11:42:16,214:MainThread:Dhan.py  started system
INFO:2025-06-24 11:42:16,215:MainThread:STARTED THE PROGRAM
INFO:2025-06-24 11:42:17,228:MainThread:Dhan.py  started system
INFO:2025-06-24 11:42:17,228:MainThread:STARTED THE PROGRAM
INFO:2025-06-24 11:43:13,517:MainThread:Dhan.py  started system
INFO:2025-06-24 11:43:13,518:MainThread:STARTED THE PROGRAM
INFO:2025-06-24 11:44:23,695:MainThread:Dhan.py  started system
INFO:2025-06-24 11:44:23,695:MainThread:STARTED THE PROGRAM
INFO:2025-06-24 11:45:23,242:MainThread:Dhan.py  started system
INFO:2025-06-24 11:45:23,242:MainThread:STARTED THE PROGRAM
INFO:2025-06-24 11:45:24,962:MainThread:Dhan.py  started system
INFO:2025-06-24 11:45:24,962:MainThread:STARTED THE PROGRAM
INFO:2025-06-24 11:46:24,619:MainThread:Dhan.py  started system
INFO:2025-06-24 11:46:24,619:MainThread:STARTED THE PROGRAM
INFO:2025-06-24 11:46:26,258:MainThread:Dhan.py  started system
INFO:2025-06-24 11:46:26,258:MainThread:STARTED THE PROGRAM
INFO:2025-06-24 13:51:01,028:MainThread:Dhan.py  started system
INFO:2025-06-24 13:51:01,028:MainThread:STARTED THE PROGRAM
INFO:2025-06-24 13:51:33,237:MainThread:Dhan.py  started system
INFO:2025-06-24 13:51:33,237:MainThread:STARTED THE PROGRAM
INFO:2025-06-24 13:52:41,594:MainThread:Dhan.py  started system
INFO:2025-06-24 13:52:41,595:MainThread:STARTED THE PROGRAM
INFO:2025-06-24 13:57:27,423:MainThread:Dhan.py  started system
INFO:2025-06-24 13:57:27,423:MainThread:STARTED THE PROGRAM
INFO:2025-06-24 13:59:34,259:MainThread:Dhan.py  started system
INFO:2025-06-24 13:59:34,259:MainThread:STARTED THE PROGRAM
INFO:2025-06-24 14:01:47,244:MainThread:Dhan.py  started system
INFO:2025-06-24 14:01:47,245:MainThread:STARTED THE PROGRAM
INFO:2025-06-24 14:05:24,554:MainThread:Dhan.py  started system
INFO:2025-06-24 14:05:24,555:MainThread:STARTED THE PROGRAM
INFO:2025-06-24 14:08:39,064:MainThread:Dhan.py  started system
INFO:2025-06-24 14:08:39,064:MainThread:STARTED THE PROGRAM
INFO:2025-06-24 14:31:15,005:MainThread:Dhan.py  started system
INFO:2025-06-24 14:31:15,005:MainThread:STARTED THE PROGRAM
INFO:2025-06-24 14:33:49,254:MainThread:Dhan.py  started system
INFO:2025-06-24 14:33:49,255:MainThread:STARTED THE PROGRAM
INFO:2025-06-24 14:38:11,286:MainThread:Dhan.py  started system
INFO:2025-06-24 14:38:11,287:MainThread:STARTED THE PROGRAM
INFO:2025-06-24 14:39:56,778:MainThread:Dhan.py  started system
INFO:2025-06-24 14:39:56,779:MainThread:STARTED THE PROGRAM
INFO:2025-06-24 14:40:32,091:MainThread:Dhan.py  started system
INFO:2025-06-24 14:40:32,091:MainThread:STARTED THE PROGRAM
INFO:2025-06-24 14:42:41,489:MainThread:Dhan.py  started system
INFO:2025-06-24 14:42:41,489:MainThread:STARTED THE PROGRAM
INFO:2025-06-24 14:43:52,473:MainThread:Dhan.py  started system
INFO:2025-06-24 14:43:52,473:MainThread:STARTED THE PROGRAM
