INFO:2025-06-20 10:10:56,662:MainThread:Dhan.py  started system
INFO:2025-06-20 10:10:56,663:MainThread:STARTED THE PROGRAM
INFO:2025-06-20 10:11:06,004:MainThread:Dhan.py  started system
INFO:2025-06-20 10:11:06,007:MainThread:STARTED THE PROGRAM
INFO:2025-06-20 10:14:13,796:MainThread:Dhan.py  started system
INFO:2025-06-20 10:14:13,796:MainThread:STARTED THE PROGRAM
INFO:2025-06-20 10:15:14,928:MainThread:Dhan.py  started system
INFO:2025-06-20 10:15:14,928:MainThread:STARTED THE PROGRAM
INFO:2025-06-20 10:16:06,869:MainThread:Dhan.py  started system
INFO:2025-06-20 10:16:06,869:MainThread:STARTED THE PROGRAM
INFO:2025-06-20 10:16:14,805:MainThread:Dhan.py  started system
INFO:2025-06-20 10:16:14,806:MainThread:STARTED THE PROGRAM
INFO:2025-06-20 10:16:22,667:MainThread:Dhan.py  started system
INFO:2025-06-20 10:16:22,667:MainThread:STARTED THE PROGRAM
INFO:2025-06-20 10:16:30,746:MainThread:Dhan.py  started system
INFO:2025-06-20 10:16:30,746:MainThread:STARTED THE PROGRAM
INFO:2025-06-20 10:16:39,134:MainThread:Dhan.py  started system
INFO:2025-06-20 10:16:39,134:MainThread:STARTED THE PROGRAM
INFO:2025-06-20 10:16:47,639:MainThread:Dhan.py  started system
INFO:2025-06-20 10:16:47,639:MainThread:STARTED THE PROGRAM
INFO:2025-06-20 10:16:55,691:MainThread:Dhan.py  started system
INFO:2025-06-20 10:16:55,692:MainThread:STARTED THE PROGRAM
INFO:2025-06-20 10:17:03,734:MainThread:Dhan.py  started system
INFO:2025-06-20 10:17:03,735:MainThread:STARTED THE PROGRAM
INFO:2025-06-20 10:17:11,960:MainThread:Dhan.py  started system
INFO:2025-06-20 10:17:11,960:MainThread:STARTED THE PROGRAM
INFO:2025-06-20 10:17:20,366:MainThread:Dhan.py  started system
INFO:2025-06-20 10:17:20,367:MainThread:STARTED THE PROGRAM
INFO:2025-06-20 10:17:28,603:MainThread:Dhan.py  started system
INFO:2025-06-20 10:17:28,604:MainThread:STARTED THE PROGRAM
INFO:2025-06-20 10:17:36,857:MainThread:Dhan.py  started system
INFO:2025-06-20 10:17:36,857:MainThread:STARTED THE PROGRAM
INFO:2025-06-20 10:17:45,250:MainThread:Dhan.py  started system
INFO:2025-06-20 10:17:45,250:MainThread:STARTED THE PROGRAM
INFO:2025-06-20 10:17:53,610:MainThread:Dhan.py  started system
INFO:2025-06-20 10:17:53,610:MainThread:STARTED THE PROGRAM
INFO:2025-06-20 10:18:02,074:MainThread:Dhan.py  started system
INFO:2025-06-20 10:18:02,075:MainThread:STARTED THE PROGRAM
INFO:2025-06-20 10:18:10,502:MainThread:Dhan.py  started system
INFO:2025-06-20 10:18:10,503:MainThread:STARTED THE PROGRAM
INFO:2025-06-20 10:18:19,040:MainThread:Dhan.py  started system
INFO:2025-06-20 10:18:19,040:MainThread:STARTED THE PROGRAM
INFO:2025-06-20 10:18:27,184:MainThread:Dhan.py  started system
INFO:2025-06-20 10:18:27,185:MainThread:STARTED THE PROGRAM
INFO:2025-06-20 10:18:35,493:MainThread:Dhan.py  started system
INFO:2025-06-20 10:18:35,493:MainThread:STARTED THE PROGRAM
INFO:2025-06-20 10:18:46,104:MainThread:Dhan.py  started system
INFO:2025-06-20 10:18:46,104:MainThread:STARTED THE PROGRAM
INFO:2025-06-20 10:18:55,592:MainThread:Dhan.py  started system
INFO:2025-06-20 10:18:55,592:MainThread:STARTED THE PROGRAM
INFO:2025-06-20 10:19:04,834:MainThread:Dhan.py  started system
INFO:2025-06-20 10:19:04,835:MainThread:STARTED THE PROGRAM
INFO:2025-06-20 10:19:14,093:MainThread:Dhan.py  started system
INFO:2025-06-20 10:19:14,094:MainThread:STARTED THE PROGRAM
INFO:2025-06-20 10:19:23,339:MainThread:Dhan.py  started system
INFO:2025-06-20 10:19:23,340:MainThread:STARTED THE PROGRAM
INFO:2025-06-20 10:19:32,524:MainThread:Dhan.py  started system
INFO:2025-06-20 10:19:32,525:MainThread:STARTED THE PROGRAM
INFO:2025-06-20 10:19:33,086:MainThread:Dhan.py  started system
INFO:2025-06-20 10:19:33,087:MainThread:STARTED THE PROGRAM
INFO:2025-06-20 10:19:41,756:MainThread:Dhan.py  started system
INFO:2025-06-20 10:19:41,757:MainThread:STARTED THE PROGRAM
INFO:2025-06-20 10:19:51,063:MainThread:Dhan.py  started system
INFO:2025-06-20 10:19:51,063:MainThread:STARTED THE PROGRAM
INFO:2025-06-20 10:20:00,201:MainThread:Dhan.py  started system
INFO:2025-06-20 10:20:00,202:MainThread:STARTED THE PROGRAM
INFO:2025-06-20 10:20:09,367:MainThread:Dhan.py  started system
INFO:2025-06-20 10:20:09,368:MainThread:STARTED THE PROGRAM
INFO:2025-06-20 10:20:21,171:MainThread:Dhan.py  started system
INFO:2025-06-20 10:20:21,172:MainThread:STARTED THE PROGRAM
INFO:2025-06-20 10:20:35,847:MainThread:Dhan.py  started system
INFO:2025-06-20 10:20:35,848:MainThread:STARTED THE PROGRAM
INFO:2025-06-20 10:20:50,227:MainThread:Dhan.py  started system
INFO:2025-06-20 10:20:50,228:MainThread:STARTED THE PROGRAM
INFO:2025-06-20 10:21:08,558:MainThread:Dhan.py  started system
INFO:2025-06-20 10:21:08,559:MainThread:STARTED THE PROGRAM
INFO:2025-06-20 10:21:16,138:MainThread:Dhan.py  started system
INFO:2025-06-20 10:21:16,138:MainThread:STARTED THE PROGRAM
INFO:2025-06-20 10:21:22,240:MainThread:Dhan.py  started system
INFO:2025-06-20 10:21:22,241:MainThread:STARTED THE PROGRAM
INFO:2025-06-20 10:21:33,561:MainThread:Dhan.py  started system
INFO:2025-06-20 10:21:33,561:MainThread:STARTED THE PROGRAM
INFO:2025-06-20 10:21:43,324:MainThread:Dhan.py  started system
INFO:2025-06-20 10:21:43,325:MainThread:STARTED THE PROGRAM
INFO:2025-06-20 10:21:54,125:MainThread:Dhan.py  started system
INFO:2025-06-20 10:21:54,125:MainThread:STARTED THE PROGRAM
INFO:2025-06-20 10:22:06,690:MainThread:Dhan.py  started system
INFO:2025-06-20 10:22:06,690:MainThread:STARTED THE PROGRAM
INFO:2025-06-20 10:22:19,448:MainThread:Dhan.py  started system
INFO:2025-06-20 10:22:19,449:MainThread:STARTED THE PROGRAM
INFO:2025-06-20 10:22:30,787:MainThread:Dhan.py  started system
INFO:2025-06-20 10:22:30,788:MainThread:STARTED THE PROGRAM
INFO:2025-06-20 10:22:42,028:MainThread:Dhan.py  started system
INFO:2025-06-20 10:22:42,028:MainThread:STARTED THE PROGRAM
INFO:2025-06-20 10:22:51,904:MainThread:Dhan.py  started system
INFO:2025-06-20 10:22:51,904:MainThread:STARTED THE PROGRAM
INFO:2025-06-20 10:23:01,635:MainThread:Dhan.py  started system
INFO:2025-06-20 10:23:01,635:MainThread:STARTED THE PROGRAM
INFO:2025-06-20 10:23:05,931:MainThread:Dhan.py  started system
INFO:2025-06-20 10:23:05,932:MainThread:STARTED THE PROGRAM
INFO:2025-06-20 10:23:11,809:MainThread:Dhan.py  started system
INFO:2025-06-20 10:23:11,809:MainThread:STARTED THE PROGRAM
INFO:2025-06-20 10:23:22,723:MainThread:Dhan.py  started system
INFO:2025-06-20 10:23:22,724:MainThread:STARTED THE PROGRAM
INFO:2025-06-20 10:23:33,277:MainThread:Dhan.py  started system
INFO:2025-06-20 10:23:33,278:MainThread:STARTED THE PROGRAM
INFO:2025-06-20 10:23:43,731:MainThread:Dhan.py  started system
INFO:2025-06-20 10:23:43,732:MainThread:STARTED THE PROGRAM
INFO:2025-06-20 10:23:53,491:MainThread:Dhan.py  started system
INFO:2025-06-20 10:23:53,491:MainThread:STARTED THE PROGRAM
INFO:2025-06-20 10:24:04,669:MainThread:Dhan.py  started system
INFO:2025-06-20 10:24:04,669:MainThread:STARTED THE PROGRAM
INFO:2025-06-20 10:24:15,090:MainThread:Dhan.py  started system
INFO:2025-06-20 10:24:15,090:MainThread:STARTED THE PROGRAM
INFO:2025-06-20 10:24:24,858:MainThread:Dhan.py  started system
INFO:2025-06-20 10:24:24,859:MainThread:STARTED THE PROGRAM
INFO:2025-06-20 10:24:34,677:MainThread:Dhan.py  started system
INFO:2025-06-20 10:24:34,677:MainThread:STARTED THE PROGRAM
INFO:2025-06-20 10:24:44,387:MainThread:Dhan.py  started system
INFO:2025-06-20 10:24:44,387:MainThread:STARTED THE PROGRAM
INFO:2025-06-20 10:24:47,834:MainThread:Dhan.py  started system
INFO:2025-06-20 10:24:47,835:MainThread:STARTED THE PROGRAM
INFO:2025-06-20 10:24:55,593:MainThread:Dhan.py  started system
INFO:2025-06-20 10:24:55,593:MainThread:STARTED THE PROGRAM
INFO:2025-06-20 10:25:05,527:MainThread:Dhan.py  started system
INFO:2025-06-20 10:25:05,528:MainThread:STARTED THE PROGRAM
INFO:2025-06-20 10:25:15,826:MainThread:Dhan.py  started system
INFO:2025-06-20 10:25:15,826:MainThread:STARTED THE PROGRAM
INFO:2025-06-20 10:25:25,522:MainThread:Dhan.py  started system
INFO:2025-06-20 10:25:25,523:MainThread:STARTED THE PROGRAM
INFO:2025-06-20 10:25:35,196:MainThread:Dhan.py  started system
INFO:2025-06-20 10:25:35,196:MainThread:STARTED THE PROGRAM
INFO:2025-06-20 10:25:44,553:MainThread:Dhan.py  started system
INFO:2025-06-20 10:25:44,554:MainThread:STARTED THE PROGRAM
INFO:2025-06-20 10:25:54,330:MainThread:Dhan.py  started system
INFO:2025-06-20 10:25:54,330:MainThread:STARTED THE PROGRAM
INFO:2025-06-20 10:26:04,815:MainThread:Dhan.py  started system
INFO:2025-06-20 10:26:04,815:MainThread:STARTED THE PROGRAM
INFO:2025-06-20 10:26:15,497:MainThread:Dhan.py  started system
INFO:2025-06-20 10:26:15,497:MainThread:STARTED THE PROGRAM
INFO:2025-06-20 10:26:24,855:MainThread:Dhan.py  started system
INFO:2025-06-20 10:26:24,856:MainThread:STARTED THE PROGRAM
INFO:2025-06-20 10:26:30,877:MainThread:Dhan.py  started system
INFO:2025-06-20 10:26:30,877:MainThread:STARTED THE PROGRAM
INFO:2025-06-20 10:26:35,279:MainThread:Dhan.py  started system
INFO:2025-06-20 10:26:35,279:MainThread:STARTED THE PROGRAM
INFO:2025-06-20 10:26:46,586:MainThread:Dhan.py  started system
INFO:2025-06-20 10:26:46,587:MainThread:STARTED THE PROGRAM
INFO:2025-06-20 10:26:57,006:MainThread:Dhan.py  started system
INFO:2025-06-20 10:26:57,007:MainThread:STARTED THE PROGRAM
INFO:2025-06-20 10:27:07,347:MainThread:Dhan.py  started system
INFO:2025-06-20 10:27:07,347:MainThread:STARTED THE PROGRAM
INFO:2025-06-20 10:27:17,354:MainThread:Dhan.py  started system
INFO:2025-06-20 10:27:17,354:MainThread:STARTED THE PROGRAM
INFO:2025-06-20 10:27:27,372:MainThread:Dhan.py  started system
INFO:2025-06-20 10:27:27,373:MainThread:STARTED THE PROGRAM
INFO:2025-06-20 10:27:37,193:MainThread:Dhan.py  started system
INFO:2025-06-20 10:27:37,193:MainThread:STARTED THE PROGRAM
INFO:2025-06-20 10:27:46,958:MainThread:Dhan.py  started system
INFO:2025-06-20 10:27:46,959:MainThread:STARTED THE PROGRAM
INFO:2025-06-20 10:27:56,477:MainThread:Dhan.py  started system
INFO:2025-06-20 10:27:56,477:MainThread:STARTED THE PROGRAM
INFO:2025-06-20 10:28:05,911:MainThread:Dhan.py  started system
INFO:2025-06-20 10:28:05,911:MainThread:STARTED THE PROGRAM
INFO:2025-06-20 10:28:12,766:MainThread:Dhan.py  started system
INFO:2025-06-20 10:28:12,766:MainThread:STARTED THE PROGRAM
INFO:2025-06-20 10:28:15,443:MainThread:Dhan.py  started system
INFO:2025-06-20 10:28:15,443:MainThread:STARTED THE PROGRAM
INFO:2025-06-20 10:28:24,774:MainThread:Dhan.py  started system
INFO:2025-06-20 10:28:24,774:MainThread:STARTED THE PROGRAM
INFO:2025-06-20 10:28:34,383:MainThread:Dhan.py  started system
INFO:2025-06-20 10:28:34,383:MainThread:STARTED THE PROGRAM
INFO:2025-06-20 10:28:43,827:MainThread:Dhan.py  started system
INFO:2025-06-20 10:28:43,827:MainThread:STARTED THE PROGRAM
INFO:2025-06-20 10:28:52,985:MainThread:Dhan.py  started system
INFO:2025-06-20 10:28:52,985:MainThread:STARTED THE PROGRAM
INFO:2025-06-20 10:29:02,308:MainThread:Dhan.py  started system
INFO:2025-06-20 10:29:02,309:MainThread:STARTED THE PROGRAM
INFO:2025-06-20 10:29:11,531:MainThread:Dhan.py  started system
INFO:2025-06-20 10:29:11,532:MainThread:STARTED THE PROGRAM
INFO:2025-06-20 10:29:20,715:MainThread:Dhan.py  started system
INFO:2025-06-20 10:29:20,715:MainThread:STARTED THE PROGRAM
INFO:2025-06-20 10:29:30,010:MainThread:Dhan.py  started system
INFO:2025-06-20 10:29:30,010:MainThread:STARTED THE PROGRAM
INFO:2025-06-20 10:29:39,300:MainThread:Dhan.py  started system
INFO:2025-06-20 10:29:39,300:MainThread:STARTED THE PROGRAM
INFO:2025-06-20 10:29:49,001:MainThread:Dhan.py  started system
INFO:2025-06-20 10:29:49,002:MainThread:STARTED THE PROGRAM
INFO:2025-06-20 10:29:51,631:MainThread:Dhan.py  started system
INFO:2025-06-20 10:29:51,631:MainThread:STARTED THE PROGRAM
INFO:2025-06-20 10:29:59,787:MainThread:Dhan.py  started system
INFO:2025-06-20 10:29:59,787:MainThread:STARTED THE PROGRAM
INFO:2025-06-20 10:30:10,321:MainThread:Dhan.py  started system
INFO:2025-06-20 10:30:10,321:MainThread:STARTED THE PROGRAM
INFO:2025-06-20 10:30:19,981:MainThread:Dhan.py  started system
INFO:2025-06-20 10:30:19,981:MainThread:STARTED THE PROGRAM
INFO:2025-06-20 10:30:30,258:MainThread:Dhan.py  started system
INFO:2025-06-20 10:30:30,259:MainThread:STARTED THE PROGRAM
INFO:2025-06-20 10:30:42,571:MainThread:Dhan.py  started system
INFO:2025-06-20 10:30:42,571:MainThread:STARTED THE PROGRAM
INFO:2025-06-20 10:30:56,093:MainThread:Dhan.py  started system
INFO:2025-06-20 10:30:56,094:MainThread:STARTED THE PROGRAM
INFO:2025-06-20 10:31:17,936:MainThread:Dhan.py  started system
INFO:2025-06-20 10:31:17,937:MainThread:STARTED THE PROGRAM
INFO:2025-06-20 10:31:32,806:MainThread:Dhan.py  started system
INFO:2025-06-20 10:31:32,807:MainThread:STARTED THE PROGRAM
INFO:2025-06-20 10:31:34,830:MainThread:Dhan.py  started system
INFO:2025-06-20 10:31:34,830:MainThread:STARTED THE PROGRAM
INFO:2025-06-20 10:31:40,036:MainThread:Dhan.py  started system
INFO:2025-06-20 10:31:40,036:MainThread:STARTED THE PROGRAM
INFO:2025-06-20 10:31:47,889:MainThread:Dhan.py  started system
INFO:2025-06-20 10:31:47,890:MainThread:STARTED THE PROGRAM
INFO:2025-06-20 10:32:00,775:MainThread:Dhan.py  started system
INFO:2025-06-20 10:32:00,776:MainThread:STARTED THE PROGRAM
ERROR:2025-06-20 10:32:07,334:MainThread:Exception at calling ltp as {'status': 'failure', 'remarks': {'error_code': None, 'error_type': None, 'error_message': None}, 'data': {'data': {'805': 'Too many requests. Further requests may result in the user being blocked.'}, 'status': 'failed'}}
Traceback (most recent call last):
  File "d:\AI Trading\VS Project\Trading\Dhan_Tradehull.py", line 698, in get_ltp_data
    raise Exception(data)
Exception: {'status': 'failure', 'remarks': {'error_code': None, 'error_type': None, 'error_message': None}, 'data': {'data': {'805': 'Too many requests. Further requests may result in the user being blocked.'}, 'status': 'failed'}}
INFO:2025-06-20 10:32:13,914:MainThread:Dhan.py  started system
INFO:2025-06-20 10:32:13,914:MainThread:STARTED THE PROGRAM
INFO:2025-06-20 10:32:24,590:MainThread:Dhan.py  started system
INFO:2025-06-20 10:32:24,591:MainThread:STARTED THE PROGRAM
INFO:2025-06-20 10:32:33,929:MainThread:Dhan.py  started system
INFO:2025-06-20 10:32:33,929:MainThread:STARTED THE PROGRAM
INFO:2025-06-20 10:32:44,087:MainThread:Dhan.py  started system
INFO:2025-06-20 10:32:44,088:MainThread:STARTED THE PROGRAM
INFO:2025-06-20 10:32:53,689:MainThread:Dhan.py  started system
INFO:2025-06-20 10:32:53,689:MainThread:STARTED THE PROGRAM
INFO:2025-06-20 10:33:03,489:MainThread:Dhan.py  started system
INFO:2025-06-20 10:33:03,490:MainThread:STARTED THE PROGRAM
INFO:2025-06-20 10:33:11,461:MainThread:Dhan.py  started system
INFO:2025-06-20 10:33:11,461:MainThread:STARTED THE PROGRAM
INFO:2025-06-20 10:33:13,223:MainThread:Dhan.py  started system
INFO:2025-06-20 10:33:13,223:MainThread:STARTED THE PROGRAM
INFO:2025-06-20 10:33:22,681:MainThread:Dhan.py  started system
INFO:2025-06-20 10:33:22,681:MainThread:STARTED THE PROGRAM
INFO:2025-06-20 10:33:32,287:MainThread:Dhan.py  started system
INFO:2025-06-20 10:33:32,287:MainThread:STARTED THE PROGRAM
INFO:2025-06-20 10:33:41,655:MainThread:Dhan.py  started system
INFO:2025-06-20 10:33:41,655:MainThread:STARTED THE PROGRAM
INFO:2025-06-20 10:33:50,827:MainThread:Dhan.py  started system
INFO:2025-06-20 10:33:50,827:MainThread:STARTED THE PROGRAM
INFO:2025-06-20 10:33:55,865:MainThread:Dhan.py  started system
INFO:2025-06-20 10:33:55,865:MainThread:STARTED THE PROGRAM
INFO:2025-06-20 10:34:00,083:MainThread:Dhan.py  started system
INFO:2025-06-20 10:34:00,083:MainThread:STARTED THE PROGRAM
INFO:2025-06-20 10:34:09,300:MainThread:Dhan.py  started system
INFO:2025-06-20 10:34:09,300:MainThread:STARTED THE PROGRAM
INFO:2025-06-20 10:34:18,496:MainThread:Dhan.py  started system
INFO:2025-06-20 10:34:18,497:MainThread:STARTED THE PROGRAM
INFO:2025-06-20 10:34:28,050:MainThread:Dhan.py  started system
INFO:2025-06-20 10:34:28,050:MainThread:STARTED THE PROGRAM
INFO:2025-06-20 10:34:37,587:MainThread:Dhan.py  started system
INFO:2025-06-20 10:34:37,587:MainThread:STARTED THE PROGRAM
INFO:2025-06-20 10:34:46,873:MainThread:Dhan.py  started system
INFO:2025-06-20 10:34:46,873:MainThread:STARTED THE PROGRAM
INFO:2025-06-20 10:34:49,748:MainThread:Dhan.py  started system
INFO:2025-06-20 10:34:49,748:MainThread:STARTED THE PROGRAM
INFO:2025-06-20 10:34:56,611:MainThread:Dhan.py  started system
INFO:2025-06-20 10:34:56,611:MainThread:STARTED THE PROGRAM
INFO:2025-06-20 10:35:06,163:MainThread:Dhan.py  started system
INFO:2025-06-20 10:35:06,163:MainThread:STARTED THE PROGRAM
INFO:2025-06-20 10:35:15,464:MainThread:Dhan.py  started system
INFO:2025-06-20 10:35:15,465:MainThread:STARTED THE PROGRAM
INFO:2025-06-20 10:35:16,599:MainThread:Dhan.py  started system
INFO:2025-06-20 10:35:16,599:MainThread:STARTED THE PROGRAM
INFO:2025-06-20 10:35:24,689:MainThread:Dhan.py  started system
INFO:2025-06-20 10:35:24,689:MainThread:STARTED THE PROGRAM
INFO:2025-06-20 10:35:33,932:MainThread:Dhan.py  started system
INFO:2025-06-20 10:35:33,932:MainThread:STARTED THE PROGRAM
INFO:2025-06-20 10:35:43,205:MainThread:Dhan.py  started system
INFO:2025-06-20 10:35:43,205:MainThread:STARTED THE PROGRAM
INFO:2025-06-20 10:35:45,603:MainThread:Dhan.py  started system
INFO:2025-06-20 10:35:45,603:MainThread:STARTED THE PROGRAM
INFO:2025-06-20 10:35:52,588:MainThread:Dhan.py  started system
INFO:2025-06-20 10:35:52,588:MainThread:STARTED THE PROGRAM
INFO:2025-06-20 10:36:02,030:MainThread:Dhan.py  started system
INFO:2025-06-20 10:36:02,030:MainThread:STARTED THE PROGRAM
INFO:2025-06-20 10:36:12,732:MainThread:Dhan.py  started system
INFO:2025-06-20 10:36:12,732:MainThread:STARTED THE PROGRAM
INFO:2025-06-20 10:36:22,411:MainThread:Dhan.py  started system
INFO:2025-06-20 10:36:22,411:MainThread:STARTED THE PROGRAM
INFO:2025-06-20 10:36:28,754:MainThread:Dhan.py  started system
INFO:2025-06-20 10:36:28,755:MainThread:STARTED THE PROGRAM
INFO:2025-06-20 10:36:31,726:MainThread:Dhan.py  started system
INFO:2025-06-20 10:36:31,727:MainThread:STARTED THE PROGRAM
INFO:2025-06-20 10:36:41,028:MainThread:Dhan.py  started system
INFO:2025-06-20 10:36:41,029:MainThread:STARTED THE PROGRAM
INFO:2025-06-20 10:36:50,339:MainThread:Dhan.py  started system
INFO:2025-06-20 10:36:50,339:MainThread:STARTED THE PROGRAM
INFO:2025-06-20 10:36:59,578:MainThread:Dhan.py  started system
INFO:2025-06-20 10:36:59,578:MainThread:STARTED THE PROGRAM
INFO:2025-06-20 10:37:08,797:MainThread:Dhan.py  started system
INFO:2025-06-20 10:37:08,797:MainThread:STARTED THE PROGRAM
INFO:2025-06-20 10:37:17,982:MainThread:Dhan.py  started system
INFO:2025-06-20 10:37:17,982:MainThread:STARTED THE PROGRAM
INFO:2025-06-20 10:37:27,220:MainThread:Dhan.py  started system
INFO:2025-06-20 10:37:27,220:MainThread:STARTED THE PROGRAM
INFO:2025-06-20 10:37:36,760:MainThread:Dhan.py  started system
INFO:2025-06-20 10:37:36,760:MainThread:STARTED THE PROGRAM
INFO:2025-06-20 10:37:45,839:MainThread:Dhan.py  started system
INFO:2025-06-20 10:37:45,839:MainThread:STARTED THE PROGRAM
INFO:2025-06-20 10:37:55,157:MainThread:Dhan.py  started system
INFO:2025-06-20 10:37:55,157:MainThread:STARTED THE PROGRAM
INFO:2025-06-20 10:38:04,582:MainThread:Dhan.py  started system
INFO:2025-06-20 10:38:04,583:MainThread:STARTED THE PROGRAM
INFO:2025-06-20 10:38:07,811:MainThread:Dhan.py  started system
INFO:2025-06-20 10:38:07,811:MainThread:STARTED THE PROGRAM
INFO:2025-06-20 10:38:13,972:MainThread:Dhan.py  started system
INFO:2025-06-20 10:38:13,972:MainThread:STARTED THE PROGRAM
INFO:2025-06-20 10:38:23,193:MainThread:Dhan.py  started system
INFO:2025-06-20 10:38:23,193:MainThread:STARTED THE PROGRAM
INFO:2025-06-20 10:38:32,488:MainThread:Dhan.py  started system
INFO:2025-06-20 10:38:32,488:MainThread:STARTED THE PROGRAM
ERROR:2025-06-20 10:38:41,360:MainThread:Exception at calling ltp as {'status': 'failure', 'remarks': {'error_code': None, 'error_type': None, 'error_message': None}, 'data': {'data': {'805': 'Too many requests. Further requests may result in the user being blocked.'}, 'status': 'failed'}}
Traceback (most recent call last):
  File "d:\AI Trading\VS Project\Trading\Dhan_Tradehull.py", line 698, in get_ltp_data
    raise Exception(data)
Exception: {'status': 'failure', 'remarks': {'error_code': None, 'error_type': None, 'error_message': None}, 'data': {'data': {'805': 'Too many requests. Further requests may result in the user being blocked.'}, 'status': 'failed'}}
INFO:2025-06-20 10:38:41,948:MainThread:Dhan.py  started system
INFO:2025-06-20 10:38:41,949:MainThread:STARTED THE PROGRAM
INFO:2025-06-20 10:38:51,158:MainThread:Dhan.py  started system
INFO:2025-06-20 10:38:51,158:MainThread:STARTED THE PROGRAM
INFO:2025-06-20 10:39:00,448:MainThread:Dhan.py  started system
INFO:2025-06-20 10:39:00,449:MainThread:STARTED THE PROGRAM
INFO:2025-06-20 10:39:10,036:MainThread:Dhan.py  started system
INFO:2025-06-20 10:39:10,036:MainThread:STARTED THE PROGRAM
INFO:2025-06-20 10:39:19,438:MainThread:Dhan.py  started system
INFO:2025-06-20 10:39:19,438:MainThread:STARTED THE PROGRAM
INFO:2025-06-20 10:39:28,781:MainThread:Dhan.py  started system
INFO:2025-06-20 10:39:28,781:MainThread:STARTED THE PROGRAM
INFO:2025-06-20 10:39:38,208:MainThread:Dhan.py  started system
INFO:2025-06-20 10:39:38,208:MainThread:STARTED THE PROGRAM
INFO:2025-06-20 10:39:47,820:MainThread:Dhan.py  started system
INFO:2025-06-20 10:39:47,821:MainThread:STARTED THE PROGRAM
INFO:2025-06-20 10:39:53,958:MainThread:Dhan.py  started system
INFO:2025-06-20 10:39:53,958:MainThread:STARTED THE PROGRAM
INFO:2025-06-20 10:39:57,117:MainThread:Dhan.py  started system
INFO:2025-06-20 10:39:57,117:MainThread:STARTED THE PROGRAM
INFO:2025-06-20 10:40:06,699:MainThread:Dhan.py  started system
INFO:2025-06-20 10:40:06,700:MainThread:STARTED THE PROGRAM
INFO:2025-06-20 10:40:16,043:MainThread:Dhan.py  started system
INFO:2025-06-20 10:40:16,044:MainThread:STARTED THE PROGRAM
INFO:2025-06-20 10:40:25,200:MainThread:Dhan.py  started system
INFO:2025-06-20 10:40:25,200:MainThread:STARTED THE PROGRAM
ERROR:2025-06-20 10:40:30,745:MainThread:Exception at calling ltp as {'status': 'failure', 'remarks': {'error_code': None, 'error_type': None, 'error_message': None}, 'data': {'data': {'805': 'Too many requests. Further requests may result in the user being blocked.'}, 'status': 'failed'}}
Traceback (most recent call last):
  File "d:\AI Trading\VS Project\Trading\Dhan_Tradehull.py", line 698, in get_ltp_data
    raise Exception(data)
Exception: {'status': 'failure', 'remarks': {'error_code': None, 'error_type': None, 'error_message': None}, 'data': {'data': {'805': 'Too many requests. Further requests may result in the user being blocked.'}, 'status': 'failed'}}
INFO:2025-06-20 10:40:34,426:MainThread:Dhan.py  started system
INFO:2025-06-20 10:40:34,426:MainThread:STARTED THE PROGRAM
INFO:2025-06-20 10:40:43,586:MainThread:Dhan.py  started system
INFO:2025-06-20 10:40:43,586:MainThread:STARTED THE PROGRAM
INFO:2025-06-20 10:40:53,006:MainThread:Dhan.py  started system
INFO:2025-06-20 10:40:53,007:MainThread:STARTED THE PROGRAM
INFO:2025-06-20 10:41:02,725:MainThread:Dhan.py  started system
INFO:2025-06-20 10:41:02,726:MainThread:STARTED THE PROGRAM
INFO:2025-06-20 10:41:11,978:MainThread:Dhan.py  started system
INFO:2025-06-20 10:41:11,978:MainThread:STARTED THE PROGRAM
INFO:2025-06-20 10:41:21,656:MainThread:Dhan.py  started system
INFO:2025-06-20 10:41:21,657:MainThread:STARTED THE PROGRAM
INFO:2025-06-20 10:41:31,016:MainThread:Dhan.py  started system
INFO:2025-06-20 10:41:31,016:MainThread:STARTED THE PROGRAM
INFO:2025-06-20 10:41:40,180:MainThread:Dhan.py  started system
INFO:2025-06-20 10:41:40,180:MainThread:STARTED THE PROGRAM
INFO:2025-06-20 10:41:49,862:MainThread:Dhan.py  started system
INFO:2025-06-20 10:41:49,863:MainThread:STARTED THE PROGRAM
INFO:2025-06-20 10:41:59,189:MainThread:Dhan.py  started system
INFO:2025-06-20 10:41:59,189:MainThread:STARTED THE PROGRAM
INFO:2025-06-20 10:42:09,029:MainThread:Dhan.py  started system
INFO:2025-06-20 10:42:09,029:MainThread:STARTED THE PROGRAM
INFO:2025-06-20 10:42:18,419:MainThread:Dhan.py  started system
INFO:2025-06-20 10:42:18,419:MainThread:STARTED THE PROGRAM
INFO:2025-06-20 10:42:27,631:MainThread:Dhan.py  started system
INFO:2025-06-20 10:42:27,631:MainThread:STARTED THE PROGRAM
INFO:2025-06-20 10:42:36,932:MainThread:Dhan.py  started system
INFO:2025-06-20 10:42:36,932:MainThread:STARTED THE PROGRAM
INFO:2025-06-20 10:42:46,169:MainThread:Dhan.py  started system
INFO:2025-06-20 10:42:46,169:MainThread:STARTED THE PROGRAM
INFO:2025-06-20 10:42:55,521:MainThread:Dhan.py  started system
INFO:2025-06-20 10:42:55,522:MainThread:STARTED THE PROGRAM
INFO:2025-06-20 10:43:04,816:MainThread:Dhan.py  started system
INFO:2025-06-20 10:43:04,816:MainThread:STARTED THE PROGRAM
INFO:2025-06-20 10:43:14,800:MainThread:Dhan.py  started system
INFO:2025-06-20 10:43:14,800:MainThread:STARTED THE PROGRAM
INFO:2025-06-20 10:43:24,122:MainThread:Dhan.py  started system
INFO:2025-06-20 10:43:24,122:MainThread:STARTED THE PROGRAM
INFO:2025-06-20 10:43:33,776:MainThread:Dhan.py  started system
INFO:2025-06-20 10:43:33,776:MainThread:STARTED THE PROGRAM
INFO:2025-06-20 10:43:43,294:MainThread:Dhan.py  started system
INFO:2025-06-20 10:43:43,294:MainThread:STARTED THE PROGRAM
INFO:2025-06-20 10:43:52,929:MainThread:Dhan.py  started system
INFO:2025-06-20 10:43:52,930:MainThread:STARTED THE PROGRAM
INFO:2025-06-20 10:44:02,318:MainThread:Dhan.py  started system
INFO:2025-06-20 10:44:02,318:MainThread:STARTED THE PROGRAM
INFO:2025-06-20 10:44:11,627:MainThread:Dhan.py  started system
INFO:2025-06-20 10:44:11,628:MainThread:STARTED THE PROGRAM
INFO:2025-06-20 10:44:20,134:MainThread:Dhan.py  started system
INFO:2025-06-20 10:44:20,134:MainThread:STARTED THE PROGRAM
INFO:2025-06-20 10:44:21,050:MainThread:Dhan.py  started system
INFO:2025-06-20 10:44:21,050:MainThread:STARTED THE PROGRAM
INFO:2025-06-20 10:44:30,327:MainThread:Dhan.py  started system
INFO:2025-06-20 10:44:30,327:MainThread:STARTED THE PROGRAM
INFO:2025-06-20 10:44:39,701:MainThread:Dhan.py  started system
INFO:2025-06-20 10:44:39,701:MainThread:STARTED THE PROGRAM
INFO:2025-06-20 10:44:48,971:MainThread:Dhan.py  started system
INFO:2025-06-20 10:44:48,972:MainThread:STARTED THE PROGRAM
INFO:2025-06-20 10:44:59,094:MainThread:Dhan.py  started system
INFO:2025-06-20 10:44:59,094:MainThread:STARTED THE PROGRAM
INFO:2025-06-20 10:45:14,473:MainThread:Dhan.py  started system
INFO:2025-06-20 10:45:14,473:MainThread:STARTED THE PROGRAM
INFO:2025-06-20 10:45:30,532:MainThread:Dhan.py  started system
INFO:2025-06-20 10:45:30,533:MainThread:STARTED THE PROGRAM
INFO:2025-06-20 10:45:46,649:MainThread:Dhan.py  started system
INFO:2025-06-20 10:45:46,649:MainThread:STARTED THE PROGRAM
INFO:2025-06-20 10:46:02,685:MainThread:Dhan.py  started system
INFO:2025-06-20 10:46:02,685:MainThread:STARTED THE PROGRAM
INFO:2025-06-20 10:46:08,393:MainThread:Dhan.py  started system
INFO:2025-06-20 10:46:08,393:MainThread:STARTED THE PROGRAM
INFO:2025-06-20 10:46:18,301:MainThread:Dhan.py  started system
INFO:2025-06-20 10:46:18,302:MainThread:STARTED THE PROGRAM
INFO:2025-06-20 10:46:34,178:MainThread:Dhan.py  started system
INFO:2025-06-20 10:46:34,178:MainThread:STARTED THE PROGRAM
INFO:2025-06-20 10:46:48,320:MainThread:Dhan.py  started system
INFO:2025-06-20 10:46:48,320:MainThread:STARTED THE PROGRAM
INFO:2025-06-20 10:46:57,730:MainThread:Dhan.py  started system
INFO:2025-06-20 10:46:57,730:MainThread:STARTED THE PROGRAM
INFO:2025-06-20 10:47:13,787:MainThread:Dhan.py  started system
INFO:2025-06-20 10:47:13,788:MainThread:STARTED THE PROGRAM
INFO:2025-06-20 10:47:29,883:MainThread:Dhan.py  started system
INFO:2025-06-20 10:47:29,883:MainThread:STARTED THE PROGRAM
INFO:2025-06-20 10:47:45,511:MainThread:Dhan.py  started system
INFO:2025-06-20 10:47:45,512:MainThread:STARTED THE PROGRAM
INFO:2025-06-20 10:47:48,160:MainThread:Dhan.py  started system
INFO:2025-06-20 10:47:48,161:MainThread:STARTED THE PROGRAM
INFO:2025-06-20 10:48:01,178:MainThread:Dhan.py  started system
INFO:2025-06-20 10:48:01,178:MainThread:STARTED THE PROGRAM
INFO:2025-06-20 10:48:17,262:MainThread:Dhan.py  started system
INFO:2025-06-20 10:48:17,262:MainThread:STARTED THE PROGRAM
INFO:2025-06-20 10:48:34,156:MainThread:Dhan.py  started system
INFO:2025-06-20 10:48:34,157:MainThread:STARTED THE PROGRAM
INFO:2025-06-20 10:48:50,098:MainThread:Dhan.py  started system
INFO:2025-06-20 10:48:50,098:MainThread:STARTED THE PROGRAM
INFO:2025-06-20 10:49:06,411:MainThread:Dhan.py  started system
INFO:2025-06-20 10:49:06,411:MainThread:STARTED THE PROGRAM
INFO:2025-06-20 10:49:22,503:MainThread:Dhan.py  started system
INFO:2025-06-20 10:49:22,504:MainThread:STARTED THE PROGRAM
INFO:2025-06-20 10:49:23,202:MainThread:Dhan.py  started system
INFO:2025-06-20 10:49:23,202:MainThread:STARTED THE PROGRAM
INFO:2025-06-20 10:49:38,530:MainThread:Dhan.py  started system
INFO:2025-06-20 10:49:38,531:MainThread:STARTED THE PROGRAM
INFO:2025-06-20 10:49:54,180:MainThread:Dhan.py  started system
INFO:2025-06-20 10:49:54,181:MainThread:STARTED THE PROGRAM
INFO:2025-06-20 10:50:12,086:MainThread:Dhan.py  started system
INFO:2025-06-20 10:50:12,086:MainThread:STARTED THE PROGRAM
INFO:2025-06-20 10:50:31,485:MainThread:Dhan.py  started system
INFO:2025-06-20 10:50:31,485:MainThread:STARTED THE PROGRAM
INFO:2025-06-20 10:50:50,849:MainThread:Dhan.py  started system
INFO:2025-06-20 10:50:50,849:MainThread:STARTED THE PROGRAM
INFO:2025-06-20 10:51:03,366:MainThread:Dhan.py  started system
INFO:2025-06-20 10:51:03,366:MainThread:STARTED THE PROGRAM
INFO:2025-06-20 10:51:10,005:MainThread:Dhan.py  started system
INFO:2025-06-20 10:51:10,005:MainThread:STARTED THE PROGRAM
INFO:2025-06-20 10:51:30,489:MainThread:Dhan.py  started system
INFO:2025-06-20 10:51:30,490:MainThread:STARTED THE PROGRAM
INFO:2025-06-20 10:51:49,808:MainThread:Dhan.py  started system
INFO:2025-06-20 10:51:49,809:MainThread:STARTED THE PROGRAM
INFO:2025-06-20 10:52:04,746:MainThread:Dhan.py  started system
INFO:2025-06-20 10:52:04,746:MainThread:STARTED THE PROGRAM
INFO:2025-06-20 10:52:09,120:MainThread:Dhan.py  started system
INFO:2025-06-20 10:52:09,120:MainThread:STARTED THE PROGRAM
INFO:2025-06-20 10:52:28,554:MainThread:Dhan.py  started system
INFO:2025-06-20 10:52:28,554:MainThread:STARTED THE PROGRAM
INFO:2025-06-20 10:52:45,916:MainThread:Dhan.py  started system
INFO:2025-06-20 10:52:45,916:MainThread:STARTED THE PROGRAM
INFO:2025-06-20 10:52:55,343:MainThread:Dhan.py  started system
INFO:2025-06-20 10:52:55,343:MainThread:STARTED THE PROGRAM
INFO:2025-06-20 10:53:06,111:MainThread:Dhan.py  started system
INFO:2025-06-20 10:53:06,112:MainThread:STARTED THE PROGRAM
INFO:2025-06-20 10:53:11,748:MainThread:Dhan.py  started system
INFO:2025-06-20 10:53:11,748:MainThread:STARTED THE PROGRAM
INFO:2025-06-20 10:53:27,937:MainThread:Dhan.py  started system
INFO:2025-06-20 10:53:27,937:MainThread:STARTED THE PROGRAM
INFO:2025-06-20 10:53:43,866:MainThread:Dhan.py  started system
INFO:2025-06-20 10:53:43,866:MainThread:STARTED THE PROGRAM
INFO:2025-06-20 10:53:59,783:MainThread:Dhan.py  started system
INFO:2025-06-20 10:53:59,784:MainThread:STARTED THE PROGRAM
INFO:2025-06-20 10:54:12,255:MainThread:Dhan.py  started system
INFO:2025-06-20 10:54:12,256:MainThread:STARTED THE PROGRAM
INFO:2025-06-20 10:54:23,541:MainThread:Dhan.py  started system
INFO:2025-06-20 10:54:23,542:MainThread:STARTED THE PROGRAM
INFO:2025-06-20 10:54:36,345:MainThread:Dhan.py  started system
INFO:2025-06-20 10:54:36,345:MainThread:STARTED THE PROGRAM
INFO:2025-06-20 10:54:43,869:MainThread:Dhan.py  started system
INFO:2025-06-20 10:54:43,869:MainThread:STARTED THE PROGRAM
INFO:2025-06-20 10:54:49,315:MainThread:Dhan.py  started system
INFO:2025-06-20 10:54:49,315:MainThread:STARTED THE PROGRAM
INFO:2025-06-20 10:55:02,198:MainThread:Dhan.py  started system
INFO:2025-06-20 10:55:02,199:MainThread:STARTED THE PROGRAM
INFO:2025-06-20 10:55:14,911:MainThread:Dhan.py  started system
INFO:2025-06-20 10:55:14,911:MainThread:STARTED THE PROGRAM
INFO:2025-06-20 10:55:27,371:MainThread:Dhan.py  started system
INFO:2025-06-20 10:55:27,371:MainThread:STARTED THE PROGRAM
INFO:2025-06-20 10:55:39,734:MainThread:Dhan.py  started system
INFO:2025-06-20 10:55:39,734:MainThread:STARTED THE PROGRAM
INFO:2025-06-20 10:55:52,218:MainThread:Dhan.py  started system
INFO:2025-06-20 10:55:52,218:MainThread:STARTED THE PROGRAM
INFO:2025-06-20 10:56:05,613:MainThread:Dhan.py  started system
INFO:2025-06-20 10:56:05,614:MainThread:STARTED THE PROGRAM
INFO:2025-06-20 10:56:18,576:MainThread:Dhan.py  started system
INFO:2025-06-20 10:56:18,576:MainThread:STARTED THE PROGRAM
INFO:2025-06-20 10:56:19,187:MainThread:Dhan.py  started system
INFO:2025-06-20 10:56:19,187:MainThread:STARTED THE PROGRAM
INFO:2025-06-20 10:56:31,311:MainThread:Dhan.py  started system
INFO:2025-06-20 10:56:31,311:MainThread:STARTED THE PROGRAM
INFO:2025-06-20 10:56:44,223:MainThread:Dhan.py  started system
INFO:2025-06-20 10:56:44,224:MainThread:STARTED THE PROGRAM
INFO:2025-06-20 10:56:57,018:MainThread:Dhan.py  started system
INFO:2025-06-20 10:56:57,018:MainThread:STARTED THE PROGRAM
INFO:2025-06-20 10:57:10,229:MainThread:Dhan.py  started system
INFO:2025-06-20 10:57:10,229:MainThread:STARTED THE PROGRAM
INFO:2025-06-20 10:57:23,016:MainThread:Dhan.py  started system
INFO:2025-06-20 10:57:23,016:MainThread:STARTED THE PROGRAM
INFO:2025-06-20 10:57:35,673:MainThread:Dhan.py  started system
INFO:2025-06-20 10:57:35,673:MainThread:STARTED THE PROGRAM
INFO:2025-06-20 10:57:48,615:MainThread:Dhan.py  started system
INFO:2025-06-20 10:57:48,615:MainThread:STARTED THE PROGRAM
INFO:2025-06-20 10:57:58,097:MainThread:Dhan.py  started system
INFO:2025-06-20 10:57:58,097:MainThread:STARTED THE PROGRAM
INFO:2025-06-20 10:58:01,391:MainThread:Dhan.py  started system
INFO:2025-06-20 10:58:01,392:MainThread:STARTED THE PROGRAM
INFO:2025-06-20 10:58:14,923:MainThread:Dhan.py  started system
INFO:2025-06-20 10:58:14,924:MainThread:STARTED THE PROGRAM
INFO:2025-06-20 10:58:27,982:MainThread:Dhan.py  started system
INFO:2025-06-20 10:58:27,982:MainThread:STARTED THE PROGRAM
INFO:2025-06-20 10:58:40,831:MainThread:Dhan.py  started system
INFO:2025-06-20 10:58:40,831:MainThread:STARTED THE PROGRAM
INFO:2025-06-20 10:58:53,857:MainThread:Dhan.py  started system
INFO:2025-06-20 10:58:53,858:MainThread:STARTED THE PROGRAM
INFO:2025-06-20 10:59:06,905:MainThread:Dhan.py  started system
INFO:2025-06-20 10:59:06,905:MainThread:STARTED THE PROGRAM
INFO:2025-06-20 10:59:14,428:MainThread:Dhan.py  started system
INFO:2025-06-20 10:59:14,429:MainThread:STARTED THE PROGRAM
INFO:2025-06-20 10:59:24,063:MainThread:Dhan.py  started system
INFO:2025-06-20 10:59:24,063:MainThread:STARTED THE PROGRAM
INFO:2025-06-20 10:59:33,677:MainThread:Dhan.py  started system
INFO:2025-06-20 10:59:33,677:MainThread:STARTED THE PROGRAM
INFO:2025-06-20 10:59:33,704:MainThread:Dhan.py  started system
INFO:2025-06-20 10:59:33,704:MainThread:STARTED THE PROGRAM
INFO:2025-06-20 10:59:43,013:MainThread:Dhan.py  started system
INFO:2025-06-20 10:59:43,014:MainThread:STARTED THE PROGRAM
INFO:2025-06-20 10:59:52,573:MainThread:Dhan.py  started system
INFO:2025-06-20 10:59:52,574:MainThread:STARTED THE PROGRAM
INFO:2025-06-20 11:01:11,354:MainThread:Dhan.py  started system
INFO:2025-06-20 11:01:11,355:MainThread:STARTED THE PROGRAM
INFO:2025-06-20 11:01:54,045:MainThread:Dhan.py  started system
INFO:2025-06-20 11:01:54,045:MainThread:STARTED THE PROGRAM
INFO:2025-06-20 11:02:04,226:MainThread:Dhan.py  started system
INFO:2025-06-20 11:02:04,227:MainThread:STARTED THE PROGRAM
INFO:2025-06-20 11:02:13,951:MainThread:Dhan.py  started system
INFO:2025-06-20 11:02:13,951:MainThread:STARTED THE PROGRAM
INFO:2025-06-20 11:02:23,762:MainThread:Dhan.py  started system
INFO:2025-06-20 11:02:23,762:MainThread:STARTED THE PROGRAM
INFO:2025-06-20 11:02:33,437:MainThread:Dhan.py  started system
INFO:2025-06-20 11:02:33,437:MainThread:STARTED THE PROGRAM
INFO:2025-06-20 11:02:42,921:MainThread:Dhan.py  started system
INFO:2025-06-20 11:02:42,921:MainThread:STARTED THE PROGRAM
INFO:2025-06-20 11:02:52,138:MainThread:Dhan.py  started system
INFO:2025-06-20 11:02:52,138:MainThread:STARTED THE PROGRAM
INFO:2025-06-20 11:02:54,194:MainThread:Dhan.py  started system
INFO:2025-06-20 11:02:54,194:MainThread:STARTED THE PROGRAM
INFO:2025-06-20 11:03:01,447:MainThread:Dhan.py  started system
INFO:2025-06-20 11:03:01,448:MainThread:STARTED THE PROGRAM
INFO:2025-06-20 11:03:10,750:MainThread:Dhan.py  started system
INFO:2025-06-20 11:03:10,750:MainThread:STARTED THE PROGRAM
INFO:2025-06-20 11:03:20,857:MainThread:Dhan.py  started system
INFO:2025-06-20 11:03:20,857:MainThread:STARTED THE PROGRAM
INFO:2025-06-20 11:03:30,512:MainThread:Dhan.py  started system
INFO:2025-06-20 11:03:30,512:MainThread:STARTED THE PROGRAM
INFO:2025-06-20 11:03:39,798:MainThread:Dhan.py  started system
INFO:2025-06-20 11:03:39,798:MainThread:STARTED THE PROGRAM
INFO:2025-06-20 11:03:48,855:MainThread:Dhan.py  started system
INFO:2025-06-20 11:03:48,855:MainThread:STARTED THE PROGRAM
INFO:2025-06-20 11:03:58,164:MainThread:Dhan.py  started system
INFO:2025-06-20 11:03:58,164:MainThread:STARTED THE PROGRAM
INFO:2025-06-20 11:04:07,412:MainThread:Dhan.py  started system
INFO:2025-06-20 11:04:07,412:MainThread:STARTED THE PROGRAM
INFO:2025-06-20 11:04:16,761:MainThread:Dhan.py  started system
INFO:2025-06-20 11:04:16,762:MainThread:STARTED THE PROGRAM
INFO:2025-06-20 11:04:25,957:MainThread:Dhan.py  started system
INFO:2025-06-20 11:04:25,957:MainThread:STARTED THE PROGRAM
INFO:2025-06-20 11:04:30,966:MainThread:Dhan.py  started system
INFO:2025-06-20 11:04:30,966:MainThread:STARTED THE PROGRAM
INFO:2025-06-20 11:04:35,263:MainThread:Dhan.py  started system
INFO:2025-06-20 11:04:35,263:MainThread:STARTED THE PROGRAM
INFO:2025-06-20 11:04:44,761:MainThread:Dhan.py  started system
INFO:2025-06-20 11:04:44,762:MainThread:STARTED THE PROGRAM
INFO:2025-06-20 11:04:54,301:MainThread:Dhan.py  started system
INFO:2025-06-20 11:04:54,301:MainThread:STARTED THE PROGRAM
INFO:2025-06-20 11:05:03,925:MainThread:Dhan.py  started system
INFO:2025-06-20 11:05:03,925:MainThread:STARTED THE PROGRAM
INFO:2025-06-20 11:05:13,494:MainThread:Dhan.py  started system
INFO:2025-06-20 11:05:13,495:MainThread:STARTED THE PROGRAM
INFO:2025-06-20 11:05:23,190:MainThread:Dhan.py  started system
INFO:2025-06-20 11:05:23,190:MainThread:STARTED THE PROGRAM
INFO:2025-06-20 11:06:08,830:MainThread:Dhan.py  started system
INFO:2025-06-20 11:06:08,830:MainThread:STARTED THE PROGRAM
INFO:2025-06-20 11:07:10,627:MainThread:Dhan.py  started system
INFO:2025-06-20 11:07:10,628:MainThread:STARTED THE PROGRAM
INFO:2025-06-20 11:07:46,553:MainThread:Dhan.py  started system
INFO:2025-06-20 11:07:46,554:MainThread:STARTED THE PROGRAM
INFO:2025-06-20 11:08:31,812:MainThread:Dhan.py  started system
INFO:2025-06-20 11:08:31,812:MainThread:STARTED THE PROGRAM
INFO:2025-06-20 11:08:41,200:MainThread:Dhan.py  started system
INFO:2025-06-20 11:08:41,200:MainThread:STARTED THE PROGRAM
INFO:2025-06-20 11:08:50,519:MainThread:Dhan.py  started system
INFO:2025-06-20 11:08:50,519:MainThread:STARTED THE PROGRAM
INFO:2025-06-20 11:08:59,893:MainThread:Dhan.py  started system
INFO:2025-06-20 11:08:59,893:MainThread:STARTED THE PROGRAM
INFO:2025-06-20 11:09:09,390:MainThread:Dhan.py  started system
INFO:2025-06-20 11:09:09,390:MainThread:STARTED THE PROGRAM
INFO:2025-06-20 11:09:18,745:MainThread:Dhan.py  started system
INFO:2025-06-20 11:09:18,745:MainThread:STARTED THE PROGRAM
INFO:2025-06-20 11:09:27,845:MainThread:Dhan.py  started system
INFO:2025-06-20 11:09:27,846:MainThread:STARTED THE PROGRAM
INFO:2025-06-20 11:09:29,264:MainThread:Dhan.py  started system
INFO:2025-06-20 11:09:29,264:MainThread:STARTED THE PROGRAM
INFO:2025-06-20 11:09:37,168:MainThread:Dhan.py  started system
INFO:2025-06-20 11:09:37,169:MainThread:STARTED THE PROGRAM
INFO:2025-06-20 11:09:46,303:MainThread:Dhan.py  started system
INFO:2025-06-20 11:09:46,303:MainThread:STARTED THE PROGRAM
INFO:2025-06-20 11:09:55,512:MainThread:Dhan.py  started system
INFO:2025-06-20 11:09:55,513:MainThread:STARTED THE PROGRAM
INFO:2025-06-20 11:10:04,764:MainThread:Dhan.py  started system
INFO:2025-06-20 11:10:04,764:MainThread:STARTED THE PROGRAM
INFO:2025-06-20 11:10:14,170:MainThread:Dhan.py  started system
INFO:2025-06-20 11:10:14,170:MainThread:STARTED THE PROGRAM
INFO:2025-06-20 11:10:23,639:MainThread:Dhan.py  started system
INFO:2025-06-20 11:10:23,639:MainThread:STARTED THE PROGRAM
INFO:2025-06-20 11:10:32,901:MainThread:Dhan.py  started system
INFO:2025-06-20 11:10:32,901:MainThread:STARTED THE PROGRAM
INFO:2025-06-20 11:10:42,318:MainThread:Dhan.py  started system
INFO:2025-06-20 11:10:42,319:MainThread:STARTED THE PROGRAM
INFO:2025-06-20 11:10:50,570:MainThread:Dhan.py  started system
INFO:2025-06-20 11:10:50,570:MainThread:STARTED THE PROGRAM
INFO:2025-06-20 11:10:52,146:MainThread:Dhan.py  started system
INFO:2025-06-20 11:10:52,146:MainThread:STARTED THE PROGRAM
INFO:2025-06-20 11:11:01,677:MainThread:Dhan.py  started system
INFO:2025-06-20 11:11:01,678:MainThread:STARTED THE PROGRAM
INFO:2025-06-20 11:11:07,005:MainThread:Dhan.py  started system
INFO:2025-06-20 11:11:07,005:MainThread:STARTED THE PROGRAM
INFO:2025-06-20 11:11:11,728:MainThread:Dhan.py  started system
INFO:2025-06-20 11:11:11,728:MainThread:STARTED THE PROGRAM
INFO:2025-06-20 11:11:21,488:MainThread:Dhan.py  started system
INFO:2025-06-20 11:11:21,488:MainThread:STARTED THE PROGRAM
INFO:2025-06-20 11:11:31,061:MainThread:Dhan.py  started system
INFO:2025-06-20 11:11:31,062:MainThread:STARTED THE PROGRAM
INFO:2025-06-20 11:11:40,583:MainThread:Dhan.py  started system
INFO:2025-06-20 11:11:40,583:MainThread:STARTED THE PROGRAM
INFO:2025-06-20 11:11:50,086:MainThread:Dhan.py  started system
INFO:2025-06-20 11:11:50,087:MainThread:STARTED THE PROGRAM
INFO:2025-06-20 11:11:59,515:MainThread:Dhan.py  started system
INFO:2025-06-20 11:11:59,515:MainThread:STARTED THE PROGRAM
INFO:2025-06-20 11:12:09,362:MainThread:Dhan.py  started system
INFO:2025-06-20 11:12:09,362:MainThread:STARTED THE PROGRAM
INFO:2025-06-20 11:12:18,736:MainThread:Dhan.py  started system
INFO:2025-06-20 11:12:18,736:MainThread:STARTED THE PROGRAM
INFO:2025-06-20 11:12:28,212:MainThread:Dhan.py  started system
INFO:2025-06-20 11:12:28,212:MainThread:STARTED THE PROGRAM
INFO:2025-06-20 11:12:38,014:MainThread:Dhan.py  started system
INFO:2025-06-20 11:12:38,014:MainThread:STARTED THE PROGRAM
INFO:2025-06-20 11:12:46,884:MainThread:Dhan.py  started system
INFO:2025-06-20 11:12:46,884:MainThread:STARTED THE PROGRAM
INFO:2025-06-20 11:12:47,595:MainThread:Dhan.py  started system
INFO:2025-06-20 11:12:47,596:MainThread:STARTED THE PROGRAM
INFO:2025-06-20 11:12:57,755:MainThread:Dhan.py  started system
INFO:2025-06-20 11:12:57,757:MainThread:STARTED THE PROGRAM
INFO:2025-06-20 11:13:09,477:MainThread:Dhan.py  started system
INFO:2025-06-20 11:13:09,477:MainThread:STARTED THE PROGRAM
INFO:2025-06-20 11:13:14,799:MainThread:Dhan.py  started system
INFO:2025-06-20 11:13:14,800:MainThread:STARTED THE PROGRAM
INFO:2025-06-20 11:13:26,506:MainThread:Dhan.py  started system
INFO:2025-06-20 11:13:26,506:MainThread:STARTED THE PROGRAM
INFO:2025-06-20 11:13:33,645:MainThread:Dhan.py  started system
INFO:2025-06-20 11:13:33,645:MainThread:STARTED THE PROGRAM
INFO:2025-06-20 11:13:46,369:MainThread:Dhan.py  started system
INFO:2025-06-20 11:13:46,370:MainThread:STARTED THE PROGRAM
INFO:2025-06-20 11:13:59,025:MainThread:Dhan.py  started system
INFO:2025-06-20 11:13:59,025:MainThread:STARTED THE PROGRAM
INFO:2025-06-20 11:14:02,828:MainThread:Dhan.py  started system
INFO:2025-06-20 11:14:02,828:MainThread:STARTED THE PROGRAM
INFO:2025-06-20 11:14:11,991:MainThread:Dhan.py  started system
INFO:2025-06-20 11:14:11,992:MainThread:STARTED THE PROGRAM
INFO:2025-06-20 11:14:24,591:MainThread:Dhan.py  started system
INFO:2025-06-20 11:14:24,591:MainThread:STARTED THE PROGRAM
INFO:2025-06-20 11:14:31,421:MainThread:Dhan.py  started system
INFO:2025-06-20 11:14:31,421:MainThread:STARTED THE PROGRAM
INFO:2025-06-20 11:14:37,618:MainThread:Dhan.py  started system
INFO:2025-06-20 11:14:37,619:MainThread:STARTED THE PROGRAM
INFO:2025-06-20 11:14:50,774:MainThread:Dhan.py  started system
INFO:2025-06-20 11:14:50,775:MainThread:STARTED THE PROGRAM
INFO:2025-06-20 11:15:04,110:MainThread:Dhan.py  started system
INFO:2025-06-20 11:15:04,111:MainThread:STARTED THE PROGRAM
INFO:2025-06-20 11:15:17,832:MainThread:Dhan.py  started system
INFO:2025-06-20 11:15:17,832:MainThread:STARTED THE PROGRAM
INFO:2025-06-20 11:15:30,724:MainThread:Dhan.py  started system
INFO:2025-06-20 11:15:30,724:MainThread:STARTED THE PROGRAM
INFO:2025-06-20 11:15:43,990:MainThread:Dhan.py  started system
INFO:2025-06-20 11:15:43,990:MainThread:STARTED THE PROGRAM
INFO:2025-06-20 11:15:57,568:MainThread:Dhan.py  started system
INFO:2025-06-20 11:15:57,568:MainThread:STARTED THE PROGRAM
INFO:2025-06-20 11:16:10,612:MainThread:Dhan.py  started system
INFO:2025-06-20 11:16:10,612:MainThread:STARTED THE PROGRAM
INFO:2025-06-20 11:16:11,039:MainThread:Dhan.py  started system
INFO:2025-06-20 11:16:11,040:MainThread:STARTED THE PROGRAM
INFO:2025-06-20 11:16:23,531:MainThread:Dhan.py  started system
INFO:2025-06-20 11:16:23,531:MainThread:STARTED THE PROGRAM
INFO:2025-06-20 11:16:36,438:MainThread:Dhan.py  started system
INFO:2025-06-20 11:16:36,438:MainThread:STARTED THE PROGRAM
INFO:2025-06-20 11:16:49,149:MainThread:Dhan.py  started system
INFO:2025-06-20 11:16:49,149:MainThread:STARTED THE PROGRAM
INFO:2025-06-20 11:17:01,800:MainThread:Dhan.py  started system
INFO:2025-06-20 11:17:01,800:MainThread:STARTED THE PROGRAM
INFO:2025-06-20 11:17:10,270:MainThread:Dhan.py  started system
INFO:2025-06-20 11:17:10,270:MainThread:STARTED THE PROGRAM
INFO:2025-06-20 11:17:14,466:MainThread:Dhan.py  started system
INFO:2025-06-20 11:17:14,467:MainThread:STARTED THE PROGRAM
INFO:2025-06-20 11:17:26,860:MainThread:Dhan.py  started system
INFO:2025-06-20 11:17:26,860:MainThread:STARTED THE PROGRAM
INFO:2025-06-20 11:17:39,338:MainThread:Dhan.py  started system
INFO:2025-06-20 11:17:39,339:MainThread:STARTED THE PROGRAM
INFO:2025-06-20 11:17:50,549:MainThread:Dhan.py  started system
INFO:2025-06-20 11:17:50,549:MainThread:STARTED THE PROGRAM
INFO:2025-06-20 11:17:53,928:MainThread:Dhan.py  started system
INFO:2025-06-20 11:17:53,928:MainThread:STARTED THE PROGRAM
INFO:2025-06-20 11:18:07,638:MainThread:Dhan.py  started system
INFO:2025-06-20 11:18:07,639:MainThread:STARTED THE PROGRAM
INFO:2025-06-20 11:18:19,540:MainThread:Dhan.py  started system
INFO:2025-06-20 11:18:19,541:MainThread:STARTED THE PROGRAM
INFO:2025-06-20 11:18:29,991:MainThread:Dhan.py  started system
INFO:2025-06-20 11:18:29,992:MainThread:STARTED THE PROGRAM
INFO:2025-06-20 11:18:39,682:MainThread:Dhan.py  started system
INFO:2025-06-20 11:18:39,683:MainThread:STARTED THE PROGRAM
INFO:2025-06-20 11:18:49,358:MainThread:Dhan.py  started system
INFO:2025-06-20 11:18:49,358:MainThread:STARTED THE PROGRAM
INFO:2025-06-20 11:18:59,037:MainThread:Dhan.py  started system
INFO:2025-06-20 11:18:59,037:MainThread:STARTED THE PROGRAM
INFO:2025-06-20 11:19:08,474:MainThread:Dhan.py  started system
INFO:2025-06-20 11:19:08,474:MainThread:STARTED THE PROGRAM
INFO:2025-06-20 11:19:17,714:MainThread:Dhan.py  started system
INFO:2025-06-20 11:19:17,714:MainThread:STARTED THE PROGRAM
INFO:2025-06-20 11:19:26,946:MainThread:Dhan.py  started system
INFO:2025-06-20 11:19:26,946:MainThread:STARTED THE PROGRAM
INFO:2025-06-20 11:19:31,371:MainThread:Dhan.py  started system
INFO:2025-06-20 11:19:31,371:MainThread:STARTED THE PROGRAM
INFO:2025-06-20 11:19:35,997:MainThread:Dhan.py  started system
INFO:2025-06-20 11:19:35,997:MainThread:STARTED THE PROGRAM
INFO:2025-06-20 11:19:45,313:MainThread:Dhan.py  started system
INFO:2025-06-20 11:19:45,313:MainThread:STARTED THE PROGRAM
INFO:2025-06-20 11:19:54,508:MainThread:Dhan.py  started system
INFO:2025-06-20 11:19:54,508:MainThread:STARTED THE PROGRAM
INFO:2025-06-20 11:20:03,875:MainThread:Dhan.py  started system
INFO:2025-06-20 11:20:03,876:MainThread:STARTED THE PROGRAM
INFO:2025-06-20 11:20:13,323:MainThread:Dhan.py  started system
INFO:2025-06-20 11:20:13,323:MainThread:STARTED THE PROGRAM
INFO:2025-06-20 11:20:19,017:MainThread:Dhan.py  started system
INFO:2025-06-20 11:20:19,017:MainThread:STARTED THE PROGRAM
INFO:2025-06-20 11:20:22,845:MainThread:Dhan.py  started system
INFO:2025-06-20 11:20:22,846:MainThread:STARTED THE PROGRAM
INFO:2025-06-20 11:20:32,239:MainThread:Dhan.py  started system
INFO:2025-06-20 11:20:32,239:MainThread:STARTED THE PROGRAM
INFO:2025-06-20 11:20:41,523:MainThread:Dhan.py  started system
INFO:2025-06-20 11:20:41,523:MainThread:STARTED THE PROGRAM
INFO:2025-06-20 11:20:50,804:MainThread:Dhan.py  started system
INFO:2025-06-20 11:20:50,804:MainThread:STARTED THE PROGRAM
INFO:2025-06-20 11:21:00,132:MainThread:Dhan.py  started system
INFO:2025-06-20 11:21:00,132:MainThread:STARTED THE PROGRAM
INFO:2025-06-20 11:21:09,889:MainThread:Dhan.py  started system
INFO:2025-06-20 11:21:09,889:MainThread:STARTED THE PROGRAM
INFO:2025-06-20 11:21:10,003:MainThread:Dhan.py  started system
INFO:2025-06-20 11:21:10,004:MainThread:STARTED THE PROGRAM
INFO:2025-06-20 11:21:19,276:MainThread:Dhan.py  started system
INFO:2025-06-20 11:21:19,276:MainThread:STARTED THE PROGRAM
INFO:2025-06-20 11:21:28,775:MainThread:Dhan.py  started system
INFO:2025-06-20 11:21:28,775:MainThread:STARTED THE PROGRAM
INFO:2025-06-20 11:21:38,197:MainThread:Dhan.py  started system
INFO:2025-06-20 11:21:38,198:MainThread:STARTED THE PROGRAM
INFO:2025-06-20 11:21:49,060:MainThread:Dhan.py  started system
INFO:2025-06-20 11:21:49,061:MainThread:STARTED THE PROGRAM
INFO:2025-06-20 11:22:01,651:MainThread:Dhan.py  started system
INFO:2025-06-20 11:22:01,652:MainThread:STARTED THE PROGRAM
INFO:2025-06-20 11:22:16,161:MainThread:Dhan.py  started system
INFO:2025-06-20 11:22:16,161:MainThread:STARTED THE PROGRAM
INFO:2025-06-20 11:22:30,418:MainThread:Dhan.py  started system
INFO:2025-06-20 11:22:30,420:MainThread:STARTED THE PROGRAM
INFO:2025-06-20 11:22:45,022:MainThread:Dhan.py  started system
INFO:2025-06-20 11:22:45,023:MainThread:STARTED THE PROGRAM
INFO:2025-06-20 11:22:55,141:MainThread:Dhan.py  started system
INFO:2025-06-20 11:22:55,141:MainThread:STARTED THE PROGRAM
INFO:2025-06-20 11:23:01,361:MainThread:Dhan.py  started system
INFO:2025-06-20 11:23:01,361:MainThread:STARTED THE PROGRAM
INFO:2025-06-20 11:23:14,619:MainThread:Dhan.py  started system
INFO:2025-06-20 11:23:14,620:MainThread:STARTED THE PROGRAM
INFO:2025-06-20 11:23:28,020:MainThread:Dhan.py  started system
INFO:2025-06-20 11:23:28,020:MainThread:STARTED THE PROGRAM
INFO:2025-06-20 11:23:28,068:MainThread:Dhan.py  started system
INFO:2025-06-20 11:23:28,068:MainThread:STARTED THE PROGRAM
INFO:2025-06-20 11:23:40,707:MainThread:Dhan.py  started system
INFO:2025-06-20 11:23:40,707:MainThread:STARTED THE PROGRAM
INFO:2025-06-20 11:23:53,343:MainThread:Dhan.py  started system
INFO:2025-06-20 11:23:53,343:MainThread:STARTED THE PROGRAM
INFO:2025-06-20 11:24:05,995:MainThread:Dhan.py  started system
INFO:2025-06-20 11:24:05,996:MainThread:STARTED THE PROGRAM
INFO:2025-06-20 11:24:18,886:MainThread:Dhan.py  started system
INFO:2025-06-20 11:24:18,886:MainThread:STARTED THE PROGRAM
INFO:2025-06-20 11:24:31,835:MainThread:Dhan.py  started system
INFO:2025-06-20 11:24:31,835:MainThread:STARTED THE PROGRAM
INFO:2025-06-20 11:24:32,755:MainThread:Dhan.py  started system
INFO:2025-06-20 11:24:32,755:MainThread:STARTED THE PROGRAM
INFO:2025-06-20 11:24:44,449:MainThread:Dhan.py  started system
INFO:2025-06-20 11:24:44,449:MainThread:STARTED THE PROGRAM
INFO:2025-06-20 11:24:57,376:MainThread:Dhan.py  started system
INFO:2025-06-20 11:24:57,376:MainThread:STARTED THE PROGRAM
INFO:2025-06-20 11:25:09,958:MainThread:Dhan.py  started system
INFO:2025-06-20 11:25:09,958:MainThread:STARTED THE PROGRAM
INFO:2025-06-20 11:25:22,859:MainThread:Dhan.py  started system
INFO:2025-06-20 11:25:22,860:MainThread:STARTED THE PROGRAM
INFO:2025-06-20 11:25:35,958:MainThread:Dhan.py  started system
INFO:2025-06-20 11:25:35,959:MainThread:STARTED THE PROGRAM
INFO:2025-06-20 11:25:48,649:MainThread:Dhan.py  started system
INFO:2025-06-20 11:25:48,649:MainThread:STARTED THE PROGRAM
INFO:2025-06-20 11:26:01,430:MainThread:Dhan.py  started system
INFO:2025-06-20 11:26:01,430:MainThread:STARTED THE PROGRAM
INFO:2025-06-20 11:26:11,755:MainThread:Dhan.py  started system
INFO:2025-06-20 11:26:11,755:MainThread:STARTED THE PROGRAM
INFO:2025-06-20 11:26:14,314:MainThread:Dhan.py  started system
INFO:2025-06-20 11:26:14,314:MainThread:STARTED THE PROGRAM
INFO:2025-06-20 11:26:27,358:MainThread:Dhan.py  started system
INFO:2025-06-20 11:26:27,358:MainThread:STARTED THE PROGRAM
INFO:2025-06-20 11:26:34,004:MainThread:Dhan.py  started system
INFO:2025-06-20 11:26:34,004:MainThread:STARTED THE PROGRAM
INFO:2025-06-20 11:26:40,190:MainThread:Dhan.py  started system
INFO:2025-06-20 11:26:40,190:MainThread:STARTED THE PROGRAM
INFO:2025-06-20 11:26:53,574:MainThread:Dhan.py  started system
INFO:2025-06-20 11:26:53,574:MainThread:STARTED THE PROGRAM
INFO:2025-06-20 11:27:09,556:MainThread:Dhan.py  started system
INFO:2025-06-20 11:27:09,556:MainThread:STARTED THE PROGRAM
INFO:2025-06-20 11:27:22,187:MainThread:Dhan.py  started system
INFO:2025-06-20 11:27:22,187:MainThread:STARTED THE PROGRAM
INFO:2025-06-20 11:27:35,072:MainThread:Dhan.py  started system
INFO:2025-06-20 11:27:35,073:MainThread:STARTED THE PROGRAM
INFO:2025-06-20 11:27:48,277:MainThread:Dhan.py  started system
INFO:2025-06-20 11:27:48,277:MainThread:STARTED THE PROGRAM
INFO:2025-06-20 11:27:50,894:MainThread:Dhan.py  started system
INFO:2025-06-20 11:27:50,894:MainThread:STARTED THE PROGRAM
INFO:2025-06-20 11:28:01,169:MainThread:Dhan.py  started system
INFO:2025-06-20 11:28:01,170:MainThread:STARTED THE PROGRAM
INFO:2025-06-20 11:28:16,076:MainThread:Dhan.py  started system
INFO:2025-06-20 11:28:16,076:MainThread:STARTED THE PROGRAM
INFO:2025-06-20 11:28:29,006:MainThread:Dhan.py  started system
INFO:2025-06-20 11:28:29,006:MainThread:STARTED THE PROGRAM
INFO:2025-06-20 11:28:41,597:MainThread:Dhan.py  started system
INFO:2025-06-20 11:28:41,598:MainThread:STARTED THE PROGRAM
INFO:2025-06-20 11:28:54,425:MainThread:Dhan.py  started system
INFO:2025-06-20 11:28:54,426:MainThread:STARTED THE PROGRAM
INFO:2025-06-20 11:29:07,250:MainThread:Dhan.py  started system
INFO:2025-06-20 11:29:07,250:MainThread:STARTED THE PROGRAM
INFO:2025-06-20 11:29:20,608:MainThread:Dhan.py  started system
INFO:2025-06-20 11:29:20,609:MainThread:STARTED THE PROGRAM
INFO:2025-06-20 11:29:30,613:MainThread:Dhan.py  started system
INFO:2025-06-20 11:29:30,613:MainThread:STARTED THE PROGRAM
INFO:2025-06-20 11:29:31,371:MainThread:Dhan.py  started system
INFO:2025-06-20 11:29:31,372:MainThread:STARTED THE PROGRAM
INFO:2025-06-20 11:29:41,847:MainThread:Dhan.py  started system
INFO:2025-06-20 11:29:41,847:MainThread:STARTED THE PROGRAM
INFO:2025-06-20 11:29:42,254:MainThread:Dhan.py  started system
INFO:2025-06-20 11:29:42,255:MainThread:STARTED THE PROGRAM
INFO:2025-06-20 11:29:51,439:MainThread:Dhan.py  started system
INFO:2025-06-20 11:29:51,440:MainThread:STARTED THE PROGRAM
INFO:2025-06-20 11:30:02,622:MainThread:Dhan.py  started system
INFO:2025-06-20 11:30:02,623:MainThread:STARTED THE PROGRAM
INFO:2025-06-20 11:30:13,032:MainThread:Dhan.py  started system
INFO:2025-06-20 11:30:13,033:MainThread:STARTED THE PROGRAM
INFO:2025-06-20 11:30:22,938:MainThread:Dhan.py  started system
INFO:2025-06-20 11:30:22,939:MainThread:STARTED THE PROGRAM
INFO:2025-06-20 11:30:32,866:MainThread:Dhan.py  started system
INFO:2025-06-20 11:30:32,866:MainThread:STARTED THE PROGRAM
INFO:2025-06-20 11:30:42,316:MainThread:Dhan.py  started system
INFO:2025-06-20 11:30:42,317:MainThread:STARTED THE PROGRAM
INFO:2025-06-20 11:30:51,896:MainThread:Dhan.py  started system
INFO:2025-06-20 11:30:51,896:MainThread:STARTED THE PROGRAM
INFO:2025-06-20 11:31:01,416:MainThread:Dhan.py  started system
INFO:2025-06-20 11:31:01,417:MainThread:STARTED THE PROGRAM
INFO:2025-06-20 11:31:10,869:MainThread:Dhan.py  started system
INFO:2025-06-20 11:31:10,870:MainThread:STARTED THE PROGRAM
INFO:2025-06-20 11:31:11,256:MainThread:Dhan.py  started system
INFO:2025-06-20 11:31:11,256:MainThread:STARTED THE PROGRAM
INFO:2025-06-20 11:31:20,352:MainThread:Dhan.py  started system
INFO:2025-06-20 11:31:20,353:MainThread:STARTED THE PROGRAM
INFO:2025-06-20 11:31:29,959:MainThread:Dhan.py  started system
INFO:2025-06-20 11:31:29,959:MainThread:STARTED THE PROGRAM
INFO:2025-06-20 11:31:39,751:MainThread:Dhan.py  started system
INFO:2025-06-20 11:31:39,752:MainThread:STARTED THE PROGRAM
ERROR:2025-06-20 11:31:46,327:MainThread:Exception at calling ltp as {'status': 'failure', 'remarks': {'error_code': None, 'error_type': None, 'error_message': None}, 'data': {'data': {'805': 'Too many requests. Further requests may result in the user being blocked.'}, 'status': 'failed'}}
Traceback (most recent call last):
  File "d:\AI Trading\VS Project\Trading\Dhan_Tradehull.py", line 698, in get_ltp_data
    raise Exception(data)
Exception: {'status': 'failure', 'remarks': {'error_code': None, 'error_type': None, 'error_message': None}, 'data': {'data': {'805': 'Too many requests. Further requests may result in the user being blocked.'}, 'status': 'failed'}}
INFO:2025-06-20 11:31:51,197:MainThread:Dhan.py  started system
INFO:2025-06-20 11:31:51,197:MainThread:STARTED THE PROGRAM
INFO:2025-06-20 11:32:01,813:MainThread:Dhan.py  started system
INFO:2025-06-20 11:32:01,813:MainThread:STARTED THE PROGRAM
INFO:2025-06-20 11:32:13,665:MainThread:Dhan.py  started system
INFO:2025-06-20 11:32:13,665:MainThread:STARTED THE PROGRAM
INFO:2025-06-20 11:32:25,289:MainThread:Dhan.py  started system
INFO:2025-06-20 11:32:25,290:MainThread:STARTED THE PROGRAM
INFO:2025-06-20 11:32:35,328:MainThread:Dhan.py  started system
INFO:2025-06-20 11:32:35,328:MainThread:STARTED THE PROGRAM
INFO:2025-06-20 11:32:44,545:MainThread:Dhan.py  started system
INFO:2025-06-20 11:32:44,545:MainThread:STARTED THE PROGRAM
INFO:2025-06-20 11:32:50,862:MainThread:Dhan.py  started system
INFO:2025-06-20 11:32:50,862:MainThread:STARTED THE PROGRAM
INFO:2025-06-20 11:32:53,711:MainThread:Dhan.py  started system
INFO:2025-06-20 11:32:53,711:MainThread:STARTED THE PROGRAM
INFO:2025-06-20 11:33:03,116:MainThread:Dhan.py  started system
INFO:2025-06-20 11:33:03,116:MainThread:STARTED THE PROGRAM
INFO:2025-06-20 11:33:12,630:MainThread:Dhan.py  started system
INFO:2025-06-20 11:33:12,630:MainThread:STARTED THE PROGRAM
INFO:2025-06-20 11:33:21,977:MainThread:Dhan.py  started system
INFO:2025-06-20 11:33:21,978:MainThread:STARTED THE PROGRAM
INFO:2025-06-20 11:33:31,448:MainThread:Dhan.py  started system
INFO:2025-06-20 11:33:31,448:MainThread:STARTED THE PROGRAM
INFO:2025-06-20 11:33:40,795:MainThread:Dhan.py  started system
INFO:2025-06-20 11:33:40,795:MainThread:STARTED THE PROGRAM
INFO:2025-06-20 11:33:50,057:MainThread:Dhan.py  started system
INFO:2025-06-20 11:33:50,057:MainThread:STARTED THE PROGRAM
INFO:2025-06-20 11:33:59,304:MainThread:Dhan.py  started system
INFO:2025-06-20 11:33:59,304:MainThread:STARTED THE PROGRAM
INFO:2025-06-20 11:34:08,654:MainThread:Dhan.py  started system
INFO:2025-06-20 11:34:08,655:MainThread:STARTED THE PROGRAM
INFO:2025-06-20 11:34:18,036:MainThread:Dhan.py  started system
INFO:2025-06-20 11:34:18,037:MainThread:STARTED THE PROGRAM
INFO:2025-06-20 11:34:27,462:MainThread:Dhan.py  started system
INFO:2025-06-20 11:34:27,462:MainThread:STARTED THE PROGRAM
INFO:2025-06-20 11:34:36,898:MainThread:Dhan.py  started system
INFO:2025-06-20 11:34:36,898:MainThread:STARTED THE PROGRAM
INFO:2025-06-20 11:34:46,285:MainThread:Dhan.py  started system
INFO:2025-06-20 11:34:46,286:MainThread:STARTED THE PROGRAM
INFO:2025-06-20 11:34:55,750:MainThread:Dhan.py  started system
INFO:2025-06-20 11:34:55,750:MainThread:STARTED THE PROGRAM
INFO:2025-06-20 11:35:05,368:MainThread:Dhan.py  started system
INFO:2025-06-20 11:35:05,368:MainThread:STARTED THE PROGRAM
INFO:2025-06-20 11:35:15,112:MainThread:Dhan.py  started system
INFO:2025-06-20 11:35:15,113:MainThread:STARTED THE PROGRAM
INFO:2025-06-20 11:35:24,645:MainThread:Dhan.py  started system
INFO:2025-06-20 11:35:24,645:MainThread:STARTED THE PROGRAM
INFO:2025-06-20 11:35:34,154:MainThread:Dhan.py  started system
INFO:2025-06-20 11:35:34,154:MainThread:STARTED THE PROGRAM
INFO:2025-06-20 11:35:43,613:MainThread:Dhan.py  started system
INFO:2025-06-20 11:35:43,614:MainThread:STARTED THE PROGRAM
INFO:2025-06-20 11:35:53,064:MainThread:Dhan.py  started system
INFO:2025-06-20 11:35:53,065:MainThread:STARTED THE PROGRAM
INFO:2025-06-20 11:35:56,376:MainThread:Dhan.py  started system
INFO:2025-06-20 11:35:56,376:MainThread:STARTED THE PROGRAM
INFO:2025-06-20 11:36:03,199:MainThread:Dhan.py  started system
INFO:2025-06-20 11:36:03,199:MainThread:STARTED THE PROGRAM
INFO:2025-06-20 11:36:12,806:MainThread:Dhan.py  started system
INFO:2025-06-20 11:36:12,806:MainThread:STARTED THE PROGRAM
INFO:2025-06-20 11:36:22,072:MainThread:Dhan.py  started system
INFO:2025-06-20 11:36:22,072:MainThread:STARTED THE PROGRAM
INFO:2025-06-20 11:36:31,386:MainThread:Dhan.py  started system
INFO:2025-06-20 11:36:31,386:MainThread:STARTED THE PROGRAM
INFO:2025-06-20 11:36:40,691:MainThread:Dhan.py  started system
INFO:2025-06-20 11:36:40,692:MainThread:STARTED THE PROGRAM
INFO:2025-06-20 11:36:50,031:MainThread:Dhan.py  started system
INFO:2025-06-20 11:36:50,031:MainThread:STARTED THE PROGRAM
INFO:2025-06-20 11:36:59,242:MainThread:Dhan.py  started system
INFO:2025-06-20 11:36:59,242:MainThread:STARTED THE PROGRAM
INFO:2025-06-20 11:37:08,620:MainThread:Dhan.py  started system
INFO:2025-06-20 11:37:08,621:MainThread:STARTED THE PROGRAM
INFO:2025-06-20 11:37:17,983:MainThread:Dhan.py  started system
INFO:2025-06-20 11:37:17,983:MainThread:STARTED THE PROGRAM
INFO:2025-06-20 11:37:27,487:MainThread:Dhan.py  started system
INFO:2025-06-20 11:37:27,487:MainThread:STARTED THE PROGRAM
INFO:2025-06-20 11:37:36,794:MainThread:Dhan.py  started system
INFO:2025-06-20 11:37:36,795:MainThread:STARTED THE PROGRAM
INFO:2025-06-20 11:37:46,079:MainThread:Dhan.py  started system
INFO:2025-06-20 11:37:46,079:MainThread:STARTED THE PROGRAM
INFO:2025-06-20 11:37:55,373:MainThread:Dhan.py  started system
INFO:2025-06-20 11:37:55,373:MainThread:STARTED THE PROGRAM
INFO:2025-06-20 11:38:04,700:MainThread:Dhan.py  started system
INFO:2025-06-20 11:38:04,701:MainThread:STARTED THE PROGRAM
INFO:2025-06-20 11:38:14,011:MainThread:Dhan.py  started system
INFO:2025-06-20 11:38:14,011:MainThread:STARTED THE PROGRAM
INFO:2025-06-20 11:38:23,423:MainThread:Dhan.py  started system
INFO:2025-06-20 11:38:23,423:MainThread:STARTED THE PROGRAM
INFO:2025-06-20 11:38:33,563:MainThread:Dhan.py  started system
INFO:2025-06-20 11:38:33,563:MainThread:STARTED THE PROGRAM
INFO:2025-06-20 11:38:43,749:MainThread:Dhan.py  started system
INFO:2025-06-20 11:38:43,750:MainThread:STARTED THE PROGRAM
INFO:2025-06-20 11:38:53,513:MainThread:Dhan.py  started system
INFO:2025-06-20 11:38:53,513:MainThread:STARTED THE PROGRAM
INFO:2025-06-20 11:39:02,666:MainThread:Dhan.py  started system
INFO:2025-06-20 11:39:02,666:MainThread:STARTED THE PROGRAM
INFO:2025-06-20 11:39:03,585:MainThread:Dhan.py  started system
INFO:2025-06-20 11:39:03,585:MainThread:STARTED THE PROGRAM
INFO:2025-06-20 11:39:13,044:MainThread:Dhan.py  started system
INFO:2025-06-20 11:39:13,045:MainThread:STARTED THE PROGRAM
INFO:2025-06-20 11:39:22,308:MainThread:Dhan.py  started system
INFO:2025-06-20 11:39:22,309:MainThread:STARTED THE PROGRAM
INFO:2025-06-20 11:39:31,625:MainThread:Dhan.py  started system
INFO:2025-06-20 11:39:31,625:MainThread:STARTED THE PROGRAM
INFO:2025-06-20 11:39:40,927:MainThread:Dhan.py  started system
INFO:2025-06-20 11:39:40,927:MainThread:STARTED THE PROGRAM
INFO:2025-06-20 11:39:50,238:MainThread:Dhan.py  started system
INFO:2025-06-20 11:39:50,239:MainThread:STARTED THE PROGRAM
INFO:2025-06-20 11:39:59,561:MainThread:Dhan.py  started system
INFO:2025-06-20 11:39:59,561:MainThread:STARTED THE PROGRAM
INFO:2025-06-20 11:40:08,834:MainThread:Dhan.py  started system
INFO:2025-06-20 11:40:08,834:MainThread:STARTED THE PROGRAM
INFO:2025-06-20 11:40:18,138:MainThread:Dhan.py  started system
INFO:2025-06-20 11:40:18,138:MainThread:STARTED THE PROGRAM
INFO:2025-06-20 11:40:27,392:MainThread:Dhan.py  started system
INFO:2025-06-20 11:40:27,392:MainThread:STARTED THE PROGRAM
INFO:2025-06-20 11:40:36,627:MainThread:Dhan.py  started system
INFO:2025-06-20 11:40:36,627:MainThread:STARTED THE PROGRAM
INFO:2025-06-20 11:40:45,907:MainThread:Dhan.py  started system
INFO:2025-06-20 11:40:45,907:MainThread:STARTED THE PROGRAM
INFO:2025-06-20 11:40:55,221:MainThread:Dhan.py  started system
INFO:2025-06-20 11:40:55,221:MainThread:STARTED THE PROGRAM
INFO:2025-06-20 11:41:04,440:MainThread:Dhan.py  started system
INFO:2025-06-20 11:41:04,440:MainThread:STARTED THE PROGRAM
INFO:2025-06-20 11:41:13,897:MainThread:Dhan.py  started system
INFO:2025-06-20 11:41:13,897:MainThread:STARTED THE PROGRAM
INFO:2025-06-20 11:41:20,772:MainThread:Dhan.py  started system
INFO:2025-06-20 11:41:20,773:MainThread:STARTED THE PROGRAM
INFO:2025-06-20 11:41:29,983:MainThread:Dhan.py  started system
INFO:2025-06-20 11:41:29,983:MainThread:STARTED THE PROGRAM
INFO:2025-06-20 11:41:39,076:MainThread:Dhan.py  started system
INFO:2025-06-20 11:41:39,076:MainThread:STARTED THE PROGRAM
INFO:2025-06-20 11:41:48,271:MainThread:Dhan.py  started system
INFO:2025-06-20 11:41:48,272:MainThread:STARTED THE PROGRAM
INFO:2025-06-20 11:41:57,770:MainThread:Dhan.py  started system
INFO:2025-06-20 11:41:57,770:MainThread:STARTED THE PROGRAM
INFO:2025-06-20 11:42:06,968:MainThread:Dhan.py  started system
INFO:2025-06-20 11:42:06,968:MainThread:STARTED THE PROGRAM
INFO:2025-06-20 11:42:15,454:MainThread:Dhan.py  started system
INFO:2025-06-20 11:42:15,454:MainThread:STARTED THE PROGRAM
INFO:2025-06-20 11:42:16,395:MainThread:Dhan.py  started system
INFO:2025-06-20 11:42:16,395:MainThread:STARTED THE PROGRAM
INFO:2025-06-20 11:42:25,652:MainThread:Dhan.py  started system
INFO:2025-06-20 11:42:25,652:MainThread:STARTED THE PROGRAM
INFO:2025-06-20 11:42:34,904:MainThread:Dhan.py  started system
INFO:2025-06-20 11:42:34,905:MainThread:STARTED THE PROGRAM
INFO:2025-06-20 11:42:44,118:MainThread:Dhan.py  started system
INFO:2025-06-20 11:42:44,118:MainThread:STARTED THE PROGRAM
INFO:2025-06-20 11:42:54,472:MainThread:Dhan.py  started system
INFO:2025-06-20 11:42:54,473:MainThread:STARTED THE PROGRAM
INFO:2025-06-20 11:43:04,158:MainThread:Dhan.py  started system
INFO:2025-06-20 11:43:04,158:MainThread:STARTED THE PROGRAM
INFO:2025-06-20 11:43:13,495:MainThread:Dhan.py  started system
INFO:2025-06-20 11:43:13,496:MainThread:STARTED THE PROGRAM
INFO:2025-06-20 11:43:23,035:MainThread:Dhan.py  started system
INFO:2025-06-20 11:43:23,035:MainThread:STARTED THE PROGRAM
INFO:2025-06-20 11:43:32,425:MainThread:Dhan.py  started system
INFO:2025-06-20 11:43:32,425:MainThread:STARTED THE PROGRAM
INFO:2025-06-20 11:43:41,694:MainThread:Dhan.py  started system
INFO:2025-06-20 11:43:41,694:MainThread:STARTED THE PROGRAM
INFO:2025-06-20 11:43:50,934:MainThread:Dhan.py  started system
INFO:2025-06-20 11:43:50,935:MainThread:STARTED THE PROGRAM
INFO:2025-06-20 11:44:00,255:MainThread:Dhan.py  started system
INFO:2025-06-20 11:44:00,256:MainThread:STARTED THE PROGRAM
INFO:2025-06-20 11:44:09,558:MainThread:Dhan.py  started system
INFO:2025-06-20 11:44:09,559:MainThread:STARTED THE PROGRAM
INFO:2025-06-20 11:44:18,975:MainThread:Dhan.py  started system
INFO:2025-06-20 11:44:18,976:MainThread:STARTED THE PROGRAM
INFO:2025-06-20 11:44:28,221:MainThread:Dhan.py  started system
INFO:2025-06-20 11:44:28,221:MainThread:STARTED THE PROGRAM
INFO:2025-06-20 11:44:37,537:MainThread:Dhan.py  started system
INFO:2025-06-20 11:44:37,537:MainThread:STARTED THE PROGRAM
INFO:2025-06-20 11:44:46,853:MainThread:Dhan.py  started system
INFO:2025-06-20 11:44:46,854:MainThread:STARTED THE PROGRAM
INFO:2025-06-20 11:44:56,223:MainThread:Dhan.py  started system
INFO:2025-06-20 11:44:56,223:MainThread:STARTED THE PROGRAM
INFO:2025-06-20 11:45:06,158:MainThread:Dhan.py  started system
INFO:2025-06-20 11:45:06,158:MainThread:STARTED THE PROGRAM
INFO:2025-06-20 11:45:15,736:MainThread:Dhan.py  started system
INFO:2025-06-20 11:45:15,736:MainThread:STARTED THE PROGRAM
INFO:2025-06-20 11:45:23,118:MainThread:Dhan.py  started system
INFO:2025-06-20 11:45:23,118:MainThread:STARTED THE PROGRAM
INFO:2025-06-20 11:45:25,269:MainThread:Dhan.py  started system
INFO:2025-06-20 11:45:25,269:MainThread:STARTED THE PROGRAM
INFO:2025-06-20 11:46:24,462:MainThread:Dhan.py  started system
INFO:2025-06-20 11:46:24,462:MainThread:STARTED THE PROGRAM
INFO:2025-06-20 11:47:25,854:MainThread:Dhan.py  started system
INFO:2025-06-20 11:47:25,854:MainThread:STARTED THE PROGRAM
INFO:2025-06-20 11:48:27,321:MainThread:Dhan.py  started system
INFO:2025-06-20 11:48:27,321:MainThread:STARTED THE PROGRAM
INFO:2025-06-20 11:49:28,803:MainThread:Dhan.py  started system
INFO:2025-06-20 11:49:28,803:MainThread:STARTED THE PROGRAM
INFO:2025-06-20 11:50:30,234:MainThread:Dhan.py  started system
INFO:2025-06-20 11:50:30,234:MainThread:STARTED THE PROGRAM
INFO:2025-06-20 11:51:31,650:MainThread:Dhan.py  started system
INFO:2025-06-20 11:51:31,650:MainThread:STARTED THE PROGRAM
INFO:2025-06-20 11:52:33,172:MainThread:Dhan.py  started system
INFO:2025-06-20 11:52:33,172:MainThread:STARTED THE PROGRAM
INFO:2025-06-20 11:53:34,629:MainThread:Dhan.py  started system
INFO:2025-06-20 11:53:34,629:MainThread:STARTED THE PROGRAM
INFO:2025-06-20 11:54:36,052:MainThread:Dhan.py  started system
INFO:2025-06-20 11:54:36,052:MainThread:STARTED THE PROGRAM
INFO:2025-06-20 11:55:37,838:MainThread:Dhan.py  started system
INFO:2025-06-20 11:55:37,839:MainThread:STARTED THE PROGRAM
INFO:2025-06-20 11:56:39,249:MainThread:Dhan.py  started system
INFO:2025-06-20 11:56:39,250:MainThread:STARTED THE PROGRAM
INFO:2025-06-20 11:57:40,576:MainThread:Dhan.py  started system
INFO:2025-06-20 11:57:40,576:MainThread:STARTED THE PROGRAM
INFO:2025-06-20 11:58:41,949:MainThread:Dhan.py  started system
INFO:2025-06-20 11:58:41,949:MainThread:STARTED THE PROGRAM
INFO:2025-06-20 11:59:43,218:MainThread:Dhan.py  started system
INFO:2025-06-20 11:59:43,218:MainThread:STARTED THE PROGRAM
INFO:2025-06-20 12:00:44,930:MainThread:Dhan.py  started system
INFO:2025-06-20 12:00:44,931:MainThread:STARTED THE PROGRAM
INFO:2025-06-20 12:01:46,277:MainThread:Dhan.py  started system
INFO:2025-06-20 12:01:46,277:MainThread:STARTED THE PROGRAM
INFO:2025-06-20 12:02:47,598:MainThread:Dhan.py  started system
INFO:2025-06-20 12:02:47,598:MainThread:STARTED THE PROGRAM
INFO:2025-06-20 12:03:49,010:MainThread:Dhan.py  started system
INFO:2025-06-20 12:03:49,010:MainThread:STARTED THE PROGRAM
INFO:2025-06-20 12:04:50,459:MainThread:Dhan.py  started system
INFO:2025-06-20 12:04:50,459:MainThread:STARTED THE PROGRAM
INFO:2025-06-20 12:05:51,872:MainThread:Dhan.py  started system
INFO:2025-06-20 12:05:51,872:MainThread:STARTED THE PROGRAM
INFO:2025-06-20 12:06:53,349:MainThread:Dhan.py  started system
INFO:2025-06-20 12:06:53,349:MainThread:STARTED THE PROGRAM
INFO:2025-06-20 12:07:54,778:MainThread:Dhan.py  started system
INFO:2025-06-20 12:07:54,778:MainThread:STARTED THE PROGRAM
INFO:2025-06-20 12:08:56,138:MainThread:Dhan.py  started system
INFO:2025-06-20 12:08:56,139:MainThread:STARTED THE PROGRAM
INFO:2025-06-20 12:09:57,424:MainThread:Dhan.py  started system
INFO:2025-06-20 12:09:57,424:MainThread:STARTED THE PROGRAM
INFO:2025-06-20 12:10:58,815:MainThread:Dhan.py  started system
INFO:2025-06-20 12:10:58,816:MainThread:STARTED THE PROGRAM
INFO:2025-06-20 12:12:00,162:MainThread:Dhan.py  started system
INFO:2025-06-20 12:12:00,162:MainThread:STARTED THE PROGRAM
INFO:2025-06-20 12:13:01,472:MainThread:Dhan.py  started system
INFO:2025-06-20 12:13:01,472:MainThread:STARTED THE PROGRAM
INFO:2025-06-20 12:14:02,779:MainThread:Dhan.py  started system
INFO:2025-06-20 12:14:02,780:MainThread:STARTED THE PROGRAM
INFO:2025-06-20 12:15:04,147:MainThread:Dhan.py  started system
INFO:2025-06-20 12:15:04,147:MainThread:STARTED THE PROGRAM
INFO:2025-06-20 12:16:05,476:MainThread:Dhan.py  started system
INFO:2025-06-20 12:16:05,476:MainThread:STARTED THE PROGRAM
INFO:2025-06-20 12:17:06,879:MainThread:Dhan.py  started system
INFO:2025-06-20 12:17:06,879:MainThread:STARTED THE PROGRAM
INFO:2025-06-20 12:18:08,282:MainThread:Dhan.py  started system
INFO:2025-06-20 12:18:08,283:MainThread:STARTED THE PROGRAM
INFO:2025-06-20 12:19:09,730:MainThread:Dhan.py  started system
INFO:2025-06-20 12:19:09,731:MainThread:STARTED THE PROGRAM
INFO:2025-06-20 12:20:11,067:MainThread:Dhan.py  started system
INFO:2025-06-20 12:20:11,067:MainThread:STARTED THE PROGRAM
INFO:2025-06-20 12:21:12,488:MainThread:Dhan.py  started system
INFO:2025-06-20 12:21:12,488:MainThread:STARTED THE PROGRAM
INFO:2025-06-20 12:22:13,865:MainThread:Dhan.py  started system
INFO:2025-06-20 12:22:13,865:MainThread:STARTED THE PROGRAM
INFO:2025-06-20 12:23:15,405:MainThread:Dhan.py  started system
INFO:2025-06-20 12:23:15,405:MainThread:STARTED THE PROGRAM
INFO:2025-06-20 12:24:16,731:MainThread:Dhan.py  started system
INFO:2025-06-20 12:24:16,731:MainThread:STARTED THE PROGRAM
INFO:2025-06-20 12:25:18,081:MainThread:Dhan.py  started system
INFO:2025-06-20 12:25:18,081:MainThread:STARTED THE PROGRAM
INFO:2025-06-20 12:26:19,447:MainThread:Dhan.py  started system
INFO:2025-06-20 12:26:19,447:MainThread:STARTED THE PROGRAM
INFO:2025-06-20 12:27:20,638:MainThread:Dhan.py  started system
INFO:2025-06-20 12:27:20,639:MainThread:STARTED THE PROGRAM
INFO:2025-06-20 12:28:22,031:MainThread:Dhan.py  started system
INFO:2025-06-20 12:28:22,031:MainThread:STARTED THE PROGRAM
INFO:2025-06-20 12:29:23,349:MainThread:Dhan.py  started system
INFO:2025-06-20 12:29:23,350:MainThread:STARTED THE PROGRAM
INFO:2025-06-20 12:30:24,671:MainThread:Dhan.py  started system
INFO:2025-06-20 12:30:24,671:MainThread:STARTED THE PROGRAM
INFO:2025-06-20 12:31:26,036:MainThread:Dhan.py  started system
INFO:2025-06-20 12:31:26,036:MainThread:STARTED THE PROGRAM
INFO:2025-06-20 12:32:27,297:MainThread:Dhan.py  started system
INFO:2025-06-20 12:32:27,297:MainThread:STARTED THE PROGRAM
INFO:2025-06-20 12:33:28,559:MainThread:Dhan.py  started system
INFO:2025-06-20 12:33:28,559:MainThread:STARTED THE PROGRAM
INFO:2025-06-20 12:34:29,835:MainThread:Dhan.py  started system
INFO:2025-06-20 12:34:29,835:MainThread:STARTED THE PROGRAM
INFO:2025-06-20 12:35:31,137:MainThread:Dhan.py  started system
INFO:2025-06-20 12:35:31,137:MainThread:STARTED THE PROGRAM
INFO:2025-06-20 12:36:32,490:MainThread:Dhan.py  started system
INFO:2025-06-20 12:36:32,491:MainThread:STARTED THE PROGRAM
INFO:2025-06-20 12:37:33,762:MainThread:Dhan.py  started system
INFO:2025-06-20 12:37:33,762:MainThread:STARTED THE PROGRAM
INFO:2025-06-20 12:38:35,016:MainThread:Dhan.py  started system
INFO:2025-06-20 12:38:35,016:MainThread:STARTED THE PROGRAM
INFO:2025-06-20 12:39:36,336:MainThread:Dhan.py  started system
INFO:2025-06-20 12:39:36,336:MainThread:STARTED THE PROGRAM
INFO:2025-06-20 12:40:37,595:MainThread:Dhan.py  started system
INFO:2025-06-20 12:40:37,595:MainThread:STARTED THE PROGRAM
INFO:2025-06-20 12:41:38,876:MainThread:Dhan.py  started system
INFO:2025-06-20 12:41:38,876:MainThread:STARTED THE PROGRAM
INFO:2025-06-20 12:42:40,199:MainThread:Dhan.py  started system
INFO:2025-06-20 12:42:40,199:MainThread:STARTED THE PROGRAM
INFO:2025-06-20 12:43:41,465:MainThread:Dhan.py  started system
INFO:2025-06-20 12:43:41,465:MainThread:STARTED THE PROGRAM
INFO:2025-06-20 12:44:42,754:MainThread:Dhan.py  started system
INFO:2025-06-20 12:44:42,755:MainThread:STARTED THE PROGRAM
INFO:2025-06-20 12:45:44,095:MainThread:Dhan.py  started system
INFO:2025-06-20 12:45:44,096:MainThread:STARTED THE PROGRAM
INFO:2025-06-20 12:46:45,337:MainThread:Dhan.py  started system
INFO:2025-06-20 12:46:45,337:MainThread:STARTED THE PROGRAM
INFO:2025-06-20 12:47:46,593:MainThread:Dhan.py  started system
INFO:2025-06-20 12:47:46,594:MainThread:STARTED THE PROGRAM
INFO:2025-06-20 12:48:47,944:MainThread:Dhan.py  started system
INFO:2025-06-20 12:48:47,945:MainThread:STARTED THE PROGRAM
INFO:2025-06-20 12:49:49,300:MainThread:Dhan.py  started system
INFO:2025-06-20 12:49:49,301:MainThread:STARTED THE PROGRAM
INFO:2025-06-20 12:50:54,572:MainThread:Dhan.py  started system
INFO:2025-06-20 12:50:54,572:MainThread:STARTED THE PROGRAM
INFO:2025-06-20 12:51:55,976:MainThread:Dhan.py  started system
INFO:2025-06-20 12:51:55,977:MainThread:STARTED THE PROGRAM
INFO:2025-06-20 12:52:57,282:MainThread:Dhan.py  started system
INFO:2025-06-20 12:52:57,282:MainThread:STARTED THE PROGRAM
INFO:2025-06-20 12:53:58,585:MainThread:Dhan.py  started system
INFO:2025-06-20 12:53:58,585:MainThread:STARTED THE PROGRAM
INFO:2025-06-20 12:54:59,922:MainThread:Dhan.py  started system
INFO:2025-06-20 12:54:59,922:MainThread:STARTED THE PROGRAM
INFO:2025-06-20 12:56:01,191:MainThread:Dhan.py  started system
INFO:2025-06-20 12:56:01,191:MainThread:STARTED THE PROGRAM
INFO:2025-06-20 12:57:02,486:MainThread:Dhan.py  started system
INFO:2025-06-20 12:57:02,486:MainThread:STARTED THE PROGRAM
INFO:2025-06-20 12:58:03,771:MainThread:Dhan.py  started system
INFO:2025-06-20 12:58:03,772:MainThread:STARTED THE PROGRAM
INFO:2025-06-20 12:59:05,086:MainThread:Dhan.py  started system
INFO:2025-06-20 12:59:05,086:MainThread:STARTED THE PROGRAM
INFO:2025-06-20 13:00:06,361:MainThread:Dhan.py  started system
INFO:2025-06-20 13:00:06,362:MainThread:STARTED THE PROGRAM
INFO:2025-06-20 13:01:07,713:MainThread:Dhan.py  started system
INFO:2025-06-20 13:01:07,713:MainThread:STARTED THE PROGRAM
INFO:2025-06-20 13:02:09,001:MainThread:Dhan.py  started system
INFO:2025-06-20 13:02:09,001:MainThread:STARTED THE PROGRAM
INFO:2025-06-20 13:03:10,354:MainThread:Dhan.py  started system
INFO:2025-06-20 13:03:10,354:MainThread:STARTED THE PROGRAM
INFO:2025-06-20 13:04:11,730:MainThread:Dhan.py  started system
INFO:2025-06-20 13:04:11,730:MainThread:STARTED THE PROGRAM
INFO:2025-06-20 13:05:13,115:MainThread:Dhan.py  started system
INFO:2025-06-20 13:05:13,115:MainThread:STARTED THE PROGRAM
INFO:2025-06-20 13:06:14,525:MainThread:Dhan.py  started system
INFO:2025-06-20 13:06:14,526:MainThread:STARTED THE PROGRAM
INFO:2025-06-20 13:07:15,906:MainThread:Dhan.py  started system
INFO:2025-06-20 13:07:15,906:MainThread:STARTED THE PROGRAM
INFO:2025-06-20 13:08:17,242:MainThread:Dhan.py  started system
INFO:2025-06-20 13:08:17,243:MainThread:STARTED THE PROGRAM
INFO:2025-06-20 13:09:18,637:MainThread:Dhan.py  started system
INFO:2025-06-20 13:09:18,637:MainThread:STARTED THE PROGRAM
INFO:2025-06-20 13:10:19,967:MainThread:Dhan.py  started system
INFO:2025-06-20 13:10:19,967:MainThread:STARTED THE PROGRAM
INFO:2025-06-20 13:11:21,297:MainThread:Dhan.py  started system
INFO:2025-06-20 13:11:21,297:MainThread:STARTED THE PROGRAM
INFO:2025-06-20 13:12:22,752:MainThread:Dhan.py  started system
INFO:2025-06-20 13:12:22,752:MainThread:STARTED THE PROGRAM
INFO:2025-06-20 13:13:24,077:MainThread:Dhan.py  started system
INFO:2025-06-20 13:13:24,077:MainThread:STARTED THE PROGRAM
INFO:2025-06-20 13:14:25,364:MainThread:Dhan.py  started system
INFO:2025-06-20 13:14:25,364:MainThread:STARTED THE PROGRAM
INFO:2025-06-20 13:15:26,766:MainThread:Dhan.py  started system
INFO:2025-06-20 13:15:26,767:MainThread:STARTED THE PROGRAM
INFO:2025-06-20 13:16:28,137:MainThread:Dhan.py  started system
INFO:2025-06-20 13:16:28,137:MainThread:STARTED THE PROGRAM
INFO:2025-06-20 13:17:29,471:MainThread:Dhan.py  started system
INFO:2025-06-20 13:17:29,472:MainThread:STARTED THE PROGRAM
INFO:2025-06-20 13:18:30,786:MainThread:Dhan.py  started system
INFO:2025-06-20 13:18:30,786:MainThread:STARTED THE PROGRAM
INFO:2025-06-20 13:19:32,180:MainThread:Dhan.py  started system
INFO:2025-06-20 13:19:32,181:MainThread:STARTED THE PROGRAM
INFO:2025-06-20 13:20:33,531:MainThread:Dhan.py  started system
INFO:2025-06-20 13:20:33,531:MainThread:STARTED THE PROGRAM
INFO:2025-06-20 13:21:34,921:MainThread:Dhan.py  started system
INFO:2025-06-20 13:21:34,922:MainThread:STARTED THE PROGRAM
INFO:2025-06-20 13:22:36,291:MainThread:Dhan.py  started system
INFO:2025-06-20 13:22:36,291:MainThread:STARTED THE PROGRAM
INFO:2025-06-20 13:23:38,072:MainThread:Dhan.py  started system
INFO:2025-06-20 13:23:38,072:MainThread:STARTED THE PROGRAM
INFO:2025-06-20 13:24:39,536:MainThread:Dhan.py  started system
INFO:2025-06-20 13:24:39,536:MainThread:STARTED THE PROGRAM
INFO:2025-06-20 13:25:40,807:MainThread:Dhan.py  started system
INFO:2025-06-20 13:25:40,807:MainThread:STARTED THE PROGRAM
INFO:2025-06-20 13:26:42,151:MainThread:Dhan.py  started system
INFO:2025-06-20 13:26:42,151:MainThread:STARTED THE PROGRAM
INFO:2025-06-20 13:27:43,974:MainThread:Dhan.py  started system
INFO:2025-06-20 13:27:43,975:MainThread:STARTED THE PROGRAM
INFO:2025-06-20 13:28:45,259:MainThread:Dhan.py  started system
INFO:2025-06-20 13:28:45,260:MainThread:STARTED THE PROGRAM
INFO:2025-06-20 13:29:46,559:MainThread:Dhan.py  started system
INFO:2025-06-20 13:29:46,559:MainThread:STARTED THE PROGRAM
INFO:2025-06-20 13:30:47,931:MainThread:Dhan.py  started system
INFO:2025-06-20 13:30:47,931:MainThread:STARTED THE PROGRAM
INFO:2025-06-20 13:31:49,220:MainThread:Dhan.py  started system
INFO:2025-06-20 13:31:49,221:MainThread:STARTED THE PROGRAM
INFO:2025-06-20 13:32:50,649:MainThread:Dhan.py  started system
INFO:2025-06-20 13:32:50,650:MainThread:STARTED THE PROGRAM
INFO:2025-06-20 13:33:52,020:MainThread:Dhan.py  started system
INFO:2025-06-20 13:33:52,020:MainThread:STARTED THE PROGRAM
INFO:2025-06-20 13:34:54,294:MainThread:Dhan.py  started system
INFO:2025-06-20 13:34:54,294:MainThread:STARTED THE PROGRAM
INFO:2025-06-20 13:35:55,639:MainThread:Dhan.py  started system
INFO:2025-06-20 13:35:55,639:MainThread:STARTED THE PROGRAM
INFO:2025-06-20 13:36:56,914:MainThread:Dhan.py  started system
INFO:2025-06-20 13:36:56,914:MainThread:STARTED THE PROGRAM
INFO:2025-06-20 13:37:58,303:MainThread:Dhan.py  started system
INFO:2025-06-20 13:37:58,303:MainThread:STARTED THE PROGRAM
INFO:2025-06-20 13:38:59,754:MainThread:Dhan.py  started system
INFO:2025-06-20 13:38:59,754:MainThread:STARTED THE PROGRAM
INFO:2025-06-20 13:40:01,162:MainThread:Dhan.py  started system
INFO:2025-06-20 13:40:01,162:MainThread:STARTED THE PROGRAM
INFO:2025-06-20 13:41:02,525:MainThread:Dhan.py  started system
INFO:2025-06-20 13:41:02,525:MainThread:STARTED THE PROGRAM
INFO:2025-06-20 13:42:03,968:MainThread:Dhan.py  started system
INFO:2025-06-20 13:42:03,968:MainThread:STARTED THE PROGRAM
INFO:2025-06-20 13:43:05,388:MainThread:Dhan.py  started system
INFO:2025-06-20 13:43:05,388:MainThread:STARTED THE PROGRAM
INFO:2025-06-20 13:44:06,733:MainThread:Dhan.py  started system
INFO:2025-06-20 13:44:06,733:MainThread:STARTED THE PROGRAM
INFO:2025-06-20 13:45:08,151:MainThread:Dhan.py  started system
INFO:2025-06-20 13:45:08,151:MainThread:STARTED THE PROGRAM
INFO:2025-06-20 13:46:09,604:MainThread:Dhan.py  started system
INFO:2025-06-20 13:46:09,604:MainThread:STARTED THE PROGRAM
INFO:2025-06-20 13:47:10,996:MainThread:Dhan.py  started system
INFO:2025-06-20 13:47:10,996:MainThread:STARTED THE PROGRAM
INFO:2025-06-20 13:48:12,385:MainThread:Dhan.py  started system
INFO:2025-06-20 13:48:12,385:MainThread:STARTED THE PROGRAM
INFO:2025-06-20 13:49:13,777:MainThread:Dhan.py  started system
INFO:2025-06-20 13:49:13,777:MainThread:STARTED THE PROGRAM
INFO:2025-06-20 13:50:15,114:MainThread:Dhan.py  started system
INFO:2025-06-20 13:50:15,114:MainThread:STARTED THE PROGRAM
INFO:2025-06-20 13:51:16,452:MainThread:Dhan.py  started system
INFO:2025-06-20 13:51:16,452:MainThread:STARTED THE PROGRAM
INFO:2025-06-20 13:52:17,804:MainThread:Dhan.py  started system
INFO:2025-06-20 13:52:17,804:MainThread:STARTED THE PROGRAM
INFO:2025-06-20 13:53:19,138:MainThread:Dhan.py  started system
INFO:2025-06-20 13:53:19,139:MainThread:STARTED THE PROGRAM
INFO:2025-06-20 13:54:20,456:MainThread:Dhan.py  started system
INFO:2025-06-20 13:54:20,456:MainThread:STARTED THE PROGRAM
INFO:2025-06-20 13:55:21,876:MainThread:Dhan.py  started system
INFO:2025-06-20 13:55:21,876:MainThread:STARTED THE PROGRAM
INFO:2025-06-20 13:56:23,229:MainThread:Dhan.py  started system
INFO:2025-06-20 13:56:23,230:MainThread:STARTED THE PROGRAM
INFO:2025-06-20 13:57:24,613:MainThread:Dhan.py  started system
INFO:2025-06-20 13:57:24,614:MainThread:STARTED THE PROGRAM
INFO:2025-06-20 13:58:26,098:MainThread:Dhan.py  started system
INFO:2025-06-20 13:58:26,098:MainThread:STARTED THE PROGRAM
INFO:2025-06-20 13:59:27,595:MainThread:Dhan.py  started system
INFO:2025-06-20 13:59:27,595:MainThread:STARTED THE PROGRAM
INFO:2025-06-20 14:00:29,026:MainThread:Dhan.py  started system
INFO:2025-06-20 14:00:29,026:MainThread:STARTED THE PROGRAM
INFO:2025-06-20 14:01:30,412:MainThread:Dhan.py  started system
INFO:2025-06-20 14:01:30,412:MainThread:STARTED THE PROGRAM
INFO:2025-06-20 14:02:31,789:MainThread:Dhan.py  started system
INFO:2025-06-20 14:02:31,789:MainThread:STARTED THE PROGRAM
INFO:2025-06-20 14:03:33,207:MainThread:Dhan.py  started system
INFO:2025-06-20 14:03:33,207:MainThread:STARTED THE PROGRAM
INFO:2025-06-20 14:04:34,572:MainThread:Dhan.py  started system
INFO:2025-06-20 14:04:34,572:MainThread:STARTED THE PROGRAM
INFO:2025-06-20 14:05:35,958:MainThread:Dhan.py  started system
INFO:2025-06-20 14:05:35,959:MainThread:STARTED THE PROGRAM
INFO:2025-06-20 14:06:37,357:MainThread:Dhan.py  started system
INFO:2025-06-20 14:06:37,357:MainThread:STARTED THE PROGRAM
INFO:2025-06-20 14:07:38,746:MainThread:Dhan.py  started system
INFO:2025-06-20 14:07:38,746:MainThread:STARTED THE PROGRAM
INFO:2025-06-20 14:08:40,121:MainThread:Dhan.py  started system
INFO:2025-06-20 14:08:40,121:MainThread:STARTED THE PROGRAM
INFO:2025-06-20 14:09:41,539:MainThread:Dhan.py  started system
INFO:2025-06-20 14:09:41,540:MainThread:STARTED THE PROGRAM
INFO:2025-06-20 14:10:42,965:MainThread:Dhan.py  started system
INFO:2025-06-20 14:10:42,966:MainThread:STARTED THE PROGRAM
INFO:2025-06-20 14:11:44,389:MainThread:Dhan.py  started system
INFO:2025-06-20 14:11:44,389:MainThread:STARTED THE PROGRAM
INFO:2025-06-20 14:12:45,827:MainThread:Dhan.py  started system
INFO:2025-06-20 14:12:45,827:MainThread:STARTED THE PROGRAM
INFO:2025-06-20 14:13:47,252:MainThread:Dhan.py  started system
INFO:2025-06-20 14:13:47,252:MainThread:STARTED THE PROGRAM
INFO:2025-06-20 14:14:48,759:MainThread:Dhan.py  started system
INFO:2025-06-20 14:14:48,759:MainThread:STARTED THE PROGRAM
INFO:2025-06-20 14:15:50,186:MainThread:Dhan.py  started system
INFO:2025-06-20 14:15:50,187:MainThread:STARTED THE PROGRAM
INFO:2025-06-20 14:16:51,665:MainThread:Dhan.py  started system
INFO:2025-06-20 14:16:51,665:MainThread:STARTED THE PROGRAM
INFO:2025-06-20 14:17:53,131:MainThread:Dhan.py  started system
INFO:2025-06-20 14:17:53,132:MainThread:STARTED THE PROGRAM
INFO:2025-06-20 14:18:54,526:MainThread:Dhan.py  started system
INFO:2025-06-20 14:18:54,526:MainThread:STARTED THE PROGRAM
INFO:2025-06-20 14:19:55,944:MainThread:Dhan.py  started system
INFO:2025-06-20 14:19:55,944:MainThread:STARTED THE PROGRAM
INFO:2025-06-20 14:20:57,418:MainThread:Dhan.py  started system
INFO:2025-06-20 14:20:57,418:MainThread:STARTED THE PROGRAM
INFO:2025-06-20 14:21:58,825:MainThread:Dhan.py  started system
INFO:2025-06-20 14:21:58,825:MainThread:STARTED THE PROGRAM
INFO:2025-06-20 14:23:00,251:MainThread:Dhan.py  started system
INFO:2025-06-20 14:23:00,251:MainThread:STARTED THE PROGRAM
INFO:2025-06-20 14:24:01,844:MainThread:Dhan.py  started system
INFO:2025-06-20 14:24:01,844:MainThread:STARTED THE PROGRAM
INFO:2025-06-20 14:25:03,294:MainThread:Dhan.py  started system
INFO:2025-06-20 14:25:03,294:MainThread:STARTED THE PROGRAM
INFO:2025-06-20 14:26:04,752:MainThread:Dhan.py  started system
INFO:2025-06-20 14:26:04,752:MainThread:STARTED THE PROGRAM
INFO:2025-06-20 14:27:06,276:MainThread:Dhan.py  started system
INFO:2025-06-20 14:27:06,276:MainThread:STARTED THE PROGRAM
INFO:2025-06-20 14:28:07,694:MainThread:Dhan.py  started system
INFO:2025-06-20 14:28:07,695:MainThread:STARTED THE PROGRAM
INFO:2025-06-20 14:29:09,208:MainThread:Dhan.py  started system
INFO:2025-06-20 14:29:09,208:MainThread:STARTED THE PROGRAM
INFO:2025-06-20 14:30:10,684:MainThread:Dhan.py  started system
INFO:2025-06-20 14:30:10,684:MainThread:STARTED THE PROGRAM
INFO:2025-06-20 14:31:12,120:MainThread:Dhan.py  started system
INFO:2025-06-20 14:31:12,120:MainThread:STARTED THE PROGRAM
INFO:2025-06-20 14:32:13,666:MainThread:Dhan.py  started system
INFO:2025-06-20 14:32:13,666:MainThread:STARTED THE PROGRAM
INFO:2025-06-20 14:33:15,183:MainThread:Dhan.py  started system
INFO:2025-06-20 14:33:15,184:MainThread:STARTED THE PROGRAM
INFO:2025-06-20 14:34:17,074:MainThread:Dhan.py  started system
INFO:2025-06-20 14:34:17,074:MainThread:STARTED THE PROGRAM
INFO:2025-06-20 14:35:18,487:MainThread:Dhan.py  started system
INFO:2025-06-20 14:35:18,487:MainThread:STARTED THE PROGRAM
INFO:2025-06-20 14:36:20,060:MainThread:Dhan.py  started system
INFO:2025-06-20 14:36:20,061:MainThread:STARTED THE PROGRAM
INFO:2025-06-20 14:37:21,435:MainThread:Dhan.py  started system
INFO:2025-06-20 14:37:21,435:MainThread:STARTED THE PROGRAM
INFO:2025-06-20 14:38:22,891:MainThread:Dhan.py  started system
INFO:2025-06-20 14:38:22,891:MainThread:STARTED THE PROGRAM
INFO:2025-06-20 14:39:24,468:MainThread:Dhan.py  started system
INFO:2025-06-20 14:39:24,468:MainThread:STARTED THE PROGRAM
INFO:2025-06-20 14:40:25,926:MainThread:Dhan.py  started system
INFO:2025-06-20 14:40:25,926:MainThread:STARTED THE PROGRAM
INFO:2025-06-20 14:41:27,467:MainThread:Dhan.py  started system
INFO:2025-06-20 14:41:27,468:MainThread:STARTED THE PROGRAM
INFO:2025-06-20 14:42:28,850:MainThread:Dhan.py  started system
INFO:2025-06-20 14:42:28,850:MainThread:STARTED THE PROGRAM
INFO:2025-06-20 14:43:30,855:MainThread:Dhan.py  started system
INFO:2025-06-20 14:43:30,855:MainThread:STARTED THE PROGRAM
INFO:2025-06-20 14:44:32,228:MainThread:Dhan.py  started system
INFO:2025-06-20 14:44:32,229:MainThread:STARTED THE PROGRAM
INFO:2025-06-20 14:45:34,051:MainThread:Dhan.py  started system
INFO:2025-06-20 14:45:34,051:MainThread:STARTED THE PROGRAM
INFO:2025-06-20 14:46:35,646:MainThread:Dhan.py  started system
INFO:2025-06-20 14:46:35,646:MainThread:STARTED THE PROGRAM
INFO:2025-06-20 14:47:37,246:MainThread:Dhan.py  started system
INFO:2025-06-20 14:47:37,246:MainThread:STARTED THE PROGRAM
INFO:2025-06-20 14:48:39,512:MainThread:Dhan.py  started system
INFO:2025-06-20 14:48:39,512:MainThread:STARTED THE PROGRAM
INFO:2025-06-20 14:49:41,477:MainThread:Dhan.py  started system
INFO:2025-06-20 14:49:41,478:MainThread:STARTED THE PROGRAM
INFO:2025-06-20 14:50:42,998:MainThread:Dhan.py  started system
INFO:2025-06-20 14:50:42,998:MainThread:STARTED THE PROGRAM
INFO:2025-06-20 14:51:44,462:MainThread:Dhan.py  started system
INFO:2025-06-20 14:51:44,462:MainThread:STARTED THE PROGRAM
INFO:2025-06-20 14:52:45,953:MainThread:Dhan.py  started system
INFO:2025-06-20 14:52:45,953:MainThread:STARTED THE PROGRAM
INFO:2025-06-20 14:53:47,428:MainThread:Dhan.py  started system
INFO:2025-06-20 14:53:47,428:MainThread:STARTED THE PROGRAM
INFO:2025-06-20 14:54:48,834:MainThread:Dhan.py  started system
INFO:2025-06-20 14:54:48,834:MainThread:STARTED THE PROGRAM
INFO:2025-06-20 14:55:50,280:MainThread:Dhan.py  started system
INFO:2025-06-20 14:55:50,280:MainThread:STARTED THE PROGRAM
INFO:2025-06-20 14:56:51,727:MainThread:Dhan.py  started system
INFO:2025-06-20 14:56:51,728:MainThread:STARTED THE PROGRAM
INFO:2025-06-20 14:57:53,154:MainThread:Dhan.py  started system
INFO:2025-06-20 14:57:53,154:MainThread:STARTED THE PROGRAM
INFO:2025-06-20 14:58:54,580:MainThread:Dhan.py  started system
INFO:2025-06-20 14:58:54,580:MainThread:STARTED THE PROGRAM
INFO:2025-06-20 14:59:55,955:MainThread:Dhan.py  started system
INFO:2025-06-20 14:59:55,955:MainThread:STARTED THE PROGRAM
INFO:2025-06-20 15:00:57,260:MainThread:Dhan.py  started system
INFO:2025-06-20 15:00:57,260:MainThread:STARTED THE PROGRAM
INFO:2025-06-20 15:01:58,634:MainThread:Dhan.py  started system
INFO:2025-06-20 15:01:58,634:MainThread:STARTED THE PROGRAM
INFO:2025-06-20 15:02:59,921:MainThread:Dhan.py  started system
INFO:2025-06-20 15:02:59,921:MainThread:STARTED THE PROGRAM
INFO:2025-06-20 15:04:01,257:MainThread:Dhan.py  started system
INFO:2025-06-20 15:04:01,257:MainThread:STARTED THE PROGRAM
INFO:2025-06-20 15:05:02,537:MainThread:Dhan.py  started system
INFO:2025-06-20 15:05:02,537:MainThread:STARTED THE PROGRAM
INFO:2025-06-20 15:06:03,849:MainThread:Dhan.py  started system
INFO:2025-06-20 15:06:03,849:MainThread:STARTED THE PROGRAM
INFO:2025-06-20 15:07:05,154:MainThread:Dhan.py  started system
INFO:2025-06-20 15:07:05,154:MainThread:STARTED THE PROGRAM
INFO:2025-06-20 15:08:06,593:MainThread:Dhan.py  started system
INFO:2025-06-20 15:08:06,593:MainThread:STARTED THE PROGRAM
INFO:2025-06-20 15:09:07,888:MainThread:Dhan.py  started system
INFO:2025-06-20 15:09:07,889:MainThread:STARTED THE PROGRAM
INFO:2025-06-20 15:10:09,362:MainThread:Dhan.py  started system
INFO:2025-06-20 15:10:09,362:MainThread:STARTED THE PROGRAM
INFO:2025-06-20 15:11:10,770:MainThread:Dhan.py  started system
INFO:2025-06-20 15:11:10,770:MainThread:STARTED THE PROGRAM
INFO:2025-06-20 15:12:12,074:MainThread:Dhan.py  started system
INFO:2025-06-20 15:12:12,074:MainThread:STARTED THE PROGRAM
INFO:2025-06-20 15:13:13,375:MainThread:Dhan.py  started system
INFO:2025-06-20 15:13:13,375:MainThread:STARTED THE PROGRAM
INFO:2025-06-20 15:14:14,726:MainThread:Dhan.py  started system
INFO:2025-06-20 15:14:14,726:MainThread:STARTED THE PROGRAM
INFO:2025-06-20 15:15:16,007:MainThread:Dhan.py  started system
INFO:2025-06-20 15:15:16,007:MainThread:STARTED THE PROGRAM
INFO:2025-06-20 15:16:17,274:MainThread:Dhan.py  started system
INFO:2025-06-20 15:16:17,274:MainThread:STARTED THE PROGRAM
INFO:2025-06-20 15:17:18,610:MainThread:Dhan.py  started system
INFO:2025-06-20 15:17:18,610:MainThread:STARTED THE PROGRAM
INFO:2025-06-20 15:18:19,895:MainThread:Dhan.py  started system
INFO:2025-06-20 15:18:19,895:MainThread:STARTED THE PROGRAM
INFO:2025-06-20 15:19:21,244:MainThread:Dhan.py  started system
INFO:2025-06-20 15:19:21,244:MainThread:STARTED THE PROGRAM
INFO:2025-06-20 15:20:22,665:MainThread:Dhan.py  started system
INFO:2025-06-20 15:20:22,665:MainThread:STARTED THE PROGRAM
INFO:2025-06-20 15:21:23,961:MainThread:Dhan.py  started system
INFO:2025-06-20 15:21:23,961:MainThread:STARTED THE PROGRAM
INFO:2025-06-20 15:22:25,275:MainThread:Dhan.py  started system
INFO:2025-06-20 15:22:25,275:MainThread:STARTED THE PROGRAM
INFO:2025-06-20 15:23:26,554:MainThread:Dhan.py  started system
INFO:2025-06-20 15:23:26,554:MainThread:STARTED THE PROGRAM
INFO:2025-06-20 15:24:27,935:MainThread:Dhan.py  started system
INFO:2025-06-20 15:24:27,935:MainThread:STARTED THE PROGRAM
INFO:2025-06-20 15:25:29,265:MainThread:Dhan.py  started system
INFO:2025-06-20 15:25:29,266:MainThread:STARTED THE PROGRAM
INFO:2025-06-20 15:26:30,543:MainThread:Dhan.py  started system
INFO:2025-06-20 15:26:30,543:MainThread:STARTED THE PROGRAM
INFO:2025-06-20 15:27:31,901:MainThread:Dhan.py  started system
INFO:2025-06-20 15:27:31,901:MainThread:STARTED THE PROGRAM
INFO:2025-06-20 15:28:33,249:MainThread:Dhan.py  started system
INFO:2025-06-20 15:28:33,249:MainThread:STARTED THE PROGRAM
INFO:2025-06-20 15:29:34,653:MainThread:Dhan.py  started system
INFO:2025-06-20 15:29:34,653:MainThread:STARTED THE PROGRAM
