INFO:2025-05-26 09:16:38,576:MainThread:Dhan.py  started system
INFO:2025-05-26 09:16:38,576:MainThread:STARTED THE PROGRAM
ERROR:2025-05-26 09:20:38,807:MainThread:Exception in Getting OHLC data as {'status': 'failure', 'remarks': {'error_code': 'DH-905', 'error_type': 'Input_Exception', 'error_message': 'Missing required fields, bad values for parameters etc.'}, 'data': {'errorType': 'Input_Exception', 'errorCode': 'DH-905', 'errorMessage': 'Missing required fields, bad values for parameters etc.'}}
Traceback (most recent call last):
  File "d:\AI Trading\VS Project\Trading\Dhan_Tradehull.py", line 508, in get_historical_data
    raise Exception(ohlc)
Exception: {'status': 'failure', 'remarks': {'error_code': 'DH-905', 'error_type': 'Input_Exception', 'error_message': 'Missing required fields, bad values for parameters etc.'}, 'data': {'errorType': 'Input_Exception', 'errorCode': 'DH-905', 'errorMessage': 'Missing required fields, bad values for parameters etc.'}}
ERROR:2025-05-26 09:20:40,921:MainThread:Exception in Getting OHLC data as {'status': 'failure', 'remarks': {'error_code': 'DH-905', 'error_type': 'Input_Exception', 'error_message': 'Missing required fields, bad values for parameters etc.'}, 'data': {'errorType': 'Input_Exception', 'errorCode': 'DH-905', 'errorMessage': 'Missing required fields, bad values for parameters etc.'}}
Traceback (most recent call last):
  File "d:\AI Trading\VS Project\Trading\Dhan_Tradehull.py", line 508, in get_historical_data
    raise Exception(ohlc)
Exception: {'status': 'failure', 'remarks': {'error_code': 'DH-905', 'error_type': 'Input_Exception', 'error_message': 'Missing required fields, bad values for parameters etc.'}, 'data': {'errorType': 'Input_Exception', 'errorCode': 'DH-905', 'errorMessage': 'Missing required fields, bad values for parameters etc.'}}
INFO:2025-05-26 09:23:54,961:MainThread:Dhan.py  started system
INFO:2025-05-26 09:23:54,961:MainThread:STARTED THE PROGRAM
ERROR:2025-05-26 09:25:02,718:MainThread:Exception in Getting OHLC data as {'status': 'failure', 'remarks': {'error_code': 'DH-905', 'error_type': 'Input_Exception', 'error_message': 'Missing required fields, bad values for parameters etc.'}, 'data': {'errorType': 'Input_Exception', 'errorCode': 'DH-905', 'errorMessage': 'Missing required fields, bad values for parameters etc.'}}
Traceback (most recent call last):
  File "d:\AI Trading\VS Project\Trading\Dhan_Tradehull.py", line 508, in get_historical_data
    raise Exception(ohlc)
Exception: {'status': 'failure', 'remarks': {'error_code': 'DH-905', 'error_type': 'Input_Exception', 'error_message': 'Missing required fields, bad values for parameters etc.'}, 'data': {'errorType': 'Input_Exception', 'errorCode': 'DH-905', 'errorMessage': 'Missing required fields, bad values for parameters etc.'}}
ERROR:2025-05-26 09:25:03,876:MainThread:Exception in Getting OHLC data as {'status': 'failure', 'remarks': {'error_code': 'DH-905', 'error_type': 'Input_Exception', 'error_message': 'Missing required fields, bad values for parameters etc.'}, 'data': {'errorType': 'Input_Exception', 'errorCode': 'DH-905', 'errorMessage': 'Missing required fields, bad values for parameters etc.'}}
Traceback (most recent call last):
  File "d:\AI Trading\VS Project\Trading\Dhan_Tradehull.py", line 508, in get_historical_data
    raise Exception(ohlc)
Exception: {'status': 'failure', 'remarks': {'error_code': 'DH-905', 'error_type': 'Input_Exception', 'error_message': 'Missing required fields, bad values for parameters etc.'}, 'data': {'errorType': 'Input_Exception', 'errorCode': 'DH-905', 'errorMessage': 'Missing required fields, bad values for parameters etc.'}}
INFO:2025-05-26 09:30:01,531:MainThread:Dhan.py  started system
INFO:2025-05-26 09:30:01,531:MainThread:STARTED THE PROGRAM
ERROR:2025-05-26 09:30:31,833:MainThread:Exception in Getting OHLC data as {'status': 'failure', 'remarks': {'error_code': 'DH-905', 'error_type': 'Input_Exception', 'error_message': 'Missing required fields, bad values for parameters etc.'}, 'data': {'errorType': 'Input_Exception', 'errorCode': 'DH-905', 'errorMessage': 'Missing required fields, bad values for parameters etc.'}}
Traceback (most recent call last):
  File "d:\AI Trading\VS Project\Trading\Dhan_Tradehull.py", line 508, in get_historical_data
    raise Exception(ohlc)
Exception: {'status': 'failure', 'remarks': {'error_code': 'DH-905', 'error_type': 'Input_Exception', 'error_message': 'Missing required fields, bad values for parameters etc.'}, 'data': {'errorType': 'Input_Exception', 'errorCode': 'DH-905', 'errorMessage': 'Missing required fields, bad values for parameters etc.'}}
ERROR:2025-05-26 09:30:32,970:MainThread:Exception in Getting OHLC data as {'status': 'failure', 'remarks': {'error_code': 'DH-905', 'error_type': 'Input_Exception', 'error_message': 'Missing required fields, bad values for parameters etc.'}, 'data': {'errorType': 'Input_Exception', 'errorCode': 'DH-905', 'errorMessage': 'Missing required fields, bad values for parameters etc.'}}
Traceback (most recent call last):
  File "d:\AI Trading\VS Project\Trading\Dhan_Tradehull.py", line 508, in get_historical_data
    raise Exception(ohlc)
Exception: {'status': 'failure', 'remarks': {'error_code': 'DH-905', 'error_type': 'Input_Exception', 'error_message': 'Missing required fields, bad values for parameters etc.'}, 'data': {'errorType': 'Input_Exception', 'errorCode': 'DH-905', 'errorMessage': 'Missing required fields, bad values for parameters etc.'}}
INFO:2025-05-26 09:31:06,544:MainThread:Dhan.py  started system
INFO:2025-05-26 09:31:06,545:MainThread:STARTED THE PROGRAM
ERROR:2025-05-26 09:32:21,462:MainThread:Exception in Getting OHLC data as {'status': 'failure', 'remarks': {'error_code': 'DH-905', 'error_type': 'Input_Exception', 'error_message': 'Missing required fields, bad values for parameters etc.'}, 'data': {'errorType': 'Input_Exception', 'errorCode': 'DH-905', 'errorMessage': 'Missing required fields, bad values for parameters etc.'}}
Traceback (most recent call last):
  File "d:\AI Trading\VS Project\Trading\Dhan_Tradehull.py", line 508, in get_historical_data
    raise Exception(ohlc)
Exception: {'status': 'failure', 'remarks': {'error_code': 'DH-905', 'error_type': 'Input_Exception', 'error_message': 'Missing required fields, bad values for parameters etc.'}, 'data': {'errorType': 'Input_Exception', 'errorCode': 'DH-905', 'errorMessage': 'Missing required fields, bad values for parameters etc.'}}
ERROR:2025-05-26 09:32:29,252:MainThread:Exception in Getting OHLC data as {'status': 'failure', 'remarks': {'error_code': 'DH-905', 'error_type': 'Input_Exception', 'error_message': 'Missing required fields, bad values for parameters etc.'}, 'data': {'errorType': 'Input_Exception', 'errorCode': 'DH-905', 'errorMessage': 'Missing required fields, bad values for parameters etc.'}}
Traceback (most recent call last):
  File "d:\AI Trading\VS Project\Trading\Dhan_Tradehull.py", line 508, in get_historical_data
    raise Exception(ohlc)
Exception: {'status': 'failure', 'remarks': {'error_code': 'DH-905', 'error_type': 'Input_Exception', 'error_message': 'Missing required fields, bad values for parameters etc.'}, 'data': {'errorType': 'Input_Exception', 'errorCode': 'DH-905', 'errorMessage': 'Missing required fields, bad values for parameters etc.'}}
INFO:2025-05-26 09:37:45,975:MainThread:Dhan.py  started system
INFO:2025-05-26 09:37:45,976:MainThread:STARTED THE PROGRAM
ERROR:2025-05-26 09:38:20,287:MainThread:Exception in Getting OHLC data as {'status': 'failure', 'remarks': {'error_code': 'DH-905', 'error_type': 'Input_Exception', 'error_message': 'Missing required fields, bad values for parameters etc.'}, 'data': {'errorType': 'Input_Exception', 'errorCode': 'DH-905', 'errorMessage': 'Missing required fields, bad values for parameters etc.'}}
Traceback (most recent call last):
  File "d:\AI Trading\VS Project\Trading\Dhan_Tradehull.py", line 508, in get_historical_data
    raise Exception(ohlc)
Exception: {'status': 'failure', 'remarks': {'error_code': 'DH-905', 'error_type': 'Input_Exception', 'error_message': 'Missing required fields, bad values for parameters etc.'}, 'data': {'errorType': 'Input_Exception', 'errorCode': 'DH-905', 'errorMessage': 'Missing required fields, bad values for parameters etc.'}}
ERROR:2025-05-26 09:38:26,578:MainThread:Exception in Getting OHLC data as {'status': 'failure', 'remarks': {'error_code': 'DH-905', 'error_type': 'Input_Exception', 'error_message': 'Missing required fields, bad values for parameters etc.'}, 'data': {'errorType': 'Input_Exception', 'errorCode': 'DH-905', 'errorMessage': 'Missing required fields, bad values for parameters etc.'}}
Traceback (most recent call last):
  File "d:\AI Trading\VS Project\Trading\Dhan_Tradehull.py", line 508, in get_historical_data
    raise Exception(ohlc)
Exception: {'status': 'failure', 'remarks': {'error_code': 'DH-905', 'error_type': 'Input_Exception', 'error_message': 'Missing required fields, bad values for parameters etc.'}, 'data': {'errorType': 'Input_Exception', 'errorCode': 'DH-905', 'errorMessage': 'Missing required fields, bad values for parameters etc.'}}
INFO:2025-05-26 09:38:57,884:MainThread:Dhan.py  started system
INFO:2025-05-26 09:38:57,885:MainThread:STARTED THE PROGRAM
ERROR:2025-05-26 10:17:47,121:MainThread:Exception in Getting OHLC data as {'status': 'failure', 'remarks': {'error_code': 'DH-905', 'error_type': 'Input_Exception', 'error_message': 'Missing required fields, bad values for parameters etc.'}, 'data': {'errorType': 'Input_Exception', 'errorCode': 'DH-905', 'errorMessage': 'Missing required fields, bad values for parameters etc.'}}
Traceback (most recent call last):
  File "d:\AI Trading\VS Project\Trading\Dhan_Tradehull.py", line 508, in get_historical_data
    raise Exception(ohlc)
Exception: {'status': 'failure', 'remarks': {'error_code': 'DH-905', 'error_type': 'Input_Exception', 'error_message': 'Missing required fields, bad values for parameters etc.'}, 'data': {'errorType': 'Input_Exception', 'errorCode': 'DH-905', 'errorMessage': 'Missing required fields, bad values for parameters etc.'}}
ERROR:2025-05-26 10:17:49,787:MainThread:Exception in Getting OHLC data as {'status': 'failure', 'remarks': {'error_code': 'DH-905', 'error_type': 'Input_Exception', 'error_message': 'Missing required fields, bad values for parameters etc.'}, 'data': {'errorType': 'Input_Exception', 'errorCode': 'DH-905', 'errorMessage': 'Missing required fields, bad values for parameters etc.'}}
Traceback (most recent call last):
  File "d:\AI Trading\VS Project\Trading\Dhan_Tradehull.py", line 508, in get_historical_data
    raise Exception(ohlc)
Exception: {'status': 'failure', 'remarks': {'error_code': 'DH-905', 'error_type': 'Input_Exception', 'error_message': 'Missing required fields, bad values for parameters etc.'}, 'data': {'errorType': 'Input_Exception', 'errorCode': 'DH-905', 'errorMessage': 'Missing required fields, bad values for parameters etc.'}}
INFO:2025-05-26 10:19:06,902:MainThread:Dhan.py  started system
INFO:2025-05-26 10:19:06,903:MainThread:STARTED THE PROGRAM
ERROR:2025-05-26 10:20:25,968:MainThread:Exception in Getting OHLC data as {'status': 'failure', 'remarks': {'error_code': 'DH-905', 'error_type': 'Input_Exception', 'error_message': 'Missing required fields, bad values for parameters etc.'}, 'data': {'errorType': 'Input_Exception', 'errorCode': 'DH-905', 'errorMessage': 'Missing required fields, bad values for parameters etc.'}}
Traceback (most recent call last):
  File "d:\AI Trading\VS Project\Trading\Dhan_Tradehull.py", line 508, in get_historical_data
    raise Exception(ohlc)
Exception: {'status': 'failure', 'remarks': {'error_code': 'DH-905', 'error_type': 'Input_Exception', 'error_message': 'Missing required fields, bad values for parameters etc.'}, 'data': {'errorType': 'Input_Exception', 'errorCode': 'DH-905', 'errorMessage': 'Missing required fields, bad values for parameters etc.'}}
ERROR:2025-05-26 10:20:28,485:MainThread:Exception in Getting OHLC data as {'status': 'failure', 'remarks': {'error_code': 'DH-905', 'error_type': 'Input_Exception', 'error_message': 'Missing required fields, bad values for parameters etc.'}, 'data': {'errorType': 'Input_Exception', 'errorCode': 'DH-905', 'errorMessage': 'Missing required fields, bad values for parameters etc.'}}
Traceback (most recent call last):
  File "d:\AI Trading\VS Project\Trading\Dhan_Tradehull.py", line 508, in get_historical_data
    raise Exception(ohlc)
Exception: {'status': 'failure', 'remarks': {'error_code': 'DH-905', 'error_type': 'Input_Exception', 'error_message': 'Missing required fields, bad values for parameters etc.'}, 'data': {'errorType': 'Input_Exception', 'errorCode': 'DH-905', 'errorMessage': 'Missing required fields, bad values for parameters etc.'}}
INFO:2025-05-26 10:32:05,738:MainThread:Dhan.py  started system
INFO:2025-05-26 10:32:05,738:MainThread:STARTED THE PROGRAM
ERROR:2025-05-26 10:32:47,288:MainThread:Exception in Getting OHLC data as {'status': 'failure', 'remarks': {'error_code': 'DH-905', 'error_type': 'Input_Exception', 'error_message': 'Missing required fields, bad values for parameters etc.'}, 'data': {'errorType': 'Input_Exception', 'errorCode': 'DH-905', 'errorMessage': 'Missing required fields, bad values for parameters etc.'}}
Traceback (most recent call last):
  File "d:\AI Trading\VS Project\Trading\Dhan_Tradehull.py", line 508, in get_historical_data
    raise Exception(ohlc)
Exception: {'status': 'failure', 'remarks': {'error_code': 'DH-905', 'error_type': 'Input_Exception', 'error_message': 'Missing required fields, bad values for parameters etc.'}, 'data': {'errorType': 'Input_Exception', 'errorCode': 'DH-905', 'errorMessage': 'Missing required fields, bad values for parameters etc.'}}
ERROR:2025-05-26 10:32:48,424:MainThread:Exception in Getting OHLC data as {'status': 'failure', 'remarks': {'error_code': 'DH-905', 'error_type': 'Input_Exception', 'error_message': 'Missing required fields, bad values for parameters etc.'}, 'data': {'errorType': 'Input_Exception', 'errorCode': 'DH-905', 'errorMessage': 'Missing required fields, bad values for parameters etc.'}}
Traceback (most recent call last):
  File "d:\AI Trading\VS Project\Trading\Dhan_Tradehull.py", line 508, in get_historical_data
    raise Exception(ohlc)
Exception: {'status': 'failure', 'remarks': {'error_code': 'DH-905', 'error_type': 'Input_Exception', 'error_message': 'Missing required fields, bad values for parameters etc.'}, 'data': {'errorType': 'Input_Exception', 'errorCode': 'DH-905', 'errorMessage': 'Missing required fields, bad values for parameters etc.'}}
INFO:2025-05-26 10:42:41,461:MainThread:Dhan.py  started system
INFO:2025-05-26 10:42:41,462:MainThread:STARTED THE PROGRAM
ERROR:2025-05-26 10:46:52,992:MainThread:Exception in Getting OHLC data as {'status': 'failure', 'remarks': {'error_code': 'DH-905', 'error_type': 'Input_Exception', 'error_message': 'Missing required fields, bad values for parameters etc.'}, 'data': {'errorType': 'Input_Exception', 'errorCode': 'DH-905', 'errorMessage': 'Missing required fields, bad values for parameters etc.'}}
Traceback (most recent call last):
  File "d:\AI Trading\VS Project\Trading\Dhan_Tradehull.py", line 508, in get_historical_data
    raise Exception(ohlc)
Exception: {'status': 'failure', 'remarks': {'error_code': 'DH-905', 'error_type': 'Input_Exception', 'error_message': 'Missing required fields, bad values for parameters etc.'}, 'data': {'errorType': 'Input_Exception', 'errorCode': 'DH-905', 'errorMessage': 'Missing required fields, bad values for parameters etc.'}}
ERROR:2025-05-26 10:46:55,172:MainThread:Exception in Getting OHLC data as {'status': 'failure', 'remarks': {'error_code': 'DH-905', 'error_type': 'Input_Exception', 'error_message': 'Missing required fields, bad values for parameters etc.'}, 'data': {'errorType': 'Input_Exception', 'errorCode': 'DH-905', 'errorMessage': 'Missing required fields, bad values for parameters etc.'}}
Traceback (most recent call last):
  File "d:\AI Trading\VS Project\Trading\Dhan_Tradehull.py", line 508, in get_historical_data
    raise Exception(ohlc)
Exception: {'status': 'failure', 'remarks': {'error_code': 'DH-905', 'error_type': 'Input_Exception', 'error_message': 'Missing required fields, bad values for parameters etc.'}, 'data': {'errorType': 'Input_Exception', 'errorCode': 'DH-905', 'errorMessage': 'Missing required fields, bad values for parameters etc.'}}
INFO:2025-05-26 10:48:58,231:MainThread:Dhan.py  started system
INFO:2025-05-26 10:48:58,232:MainThread:STARTED THE PROGRAM
ERROR:2025-05-26 10:49:27,979:MainThread:Exception in Getting OHLC data as {'status': 'failure', 'remarks': {'error_code': 'DH-905', 'error_type': 'Input_Exception', 'error_message': 'Missing required fields, bad values for parameters etc.'}, 'data': {'errorType': 'Input_Exception', 'errorCode': 'DH-905', 'errorMessage': 'Missing required fields, bad values for parameters etc.'}}
Traceback (most recent call last):
  File "d:\AI Trading\VS Project\Trading\Dhan_Tradehull.py", line 508, in get_historical_data
    raise Exception(ohlc)
Exception: {'status': 'failure', 'remarks': {'error_code': 'DH-905', 'error_type': 'Input_Exception', 'error_message': 'Missing required fields, bad values for parameters etc.'}, 'data': {'errorType': 'Input_Exception', 'errorCode': 'DH-905', 'errorMessage': 'Missing required fields, bad values for parameters etc.'}}
ERROR:2025-05-26 10:49:29,114:MainThread:Exception in Getting OHLC data as {'status': 'failure', 'remarks': {'error_code': 'DH-905', 'error_type': 'Input_Exception', 'error_message': 'Missing required fields, bad values for parameters etc.'}, 'data': {'errorType': 'Input_Exception', 'errorCode': 'DH-905', 'errorMessage': 'Missing required fields, bad values for parameters etc.'}}
Traceback (most recent call last):
  File "d:\AI Trading\VS Project\Trading\Dhan_Tradehull.py", line 508, in get_historical_data
    raise Exception(ohlc)
Exception: {'status': 'failure', 'remarks': {'error_code': 'DH-905', 'error_type': 'Input_Exception', 'error_message': 'Missing required fields, bad values for parameters etc.'}, 'data': {'errorType': 'Input_Exception', 'errorCode': 'DH-905', 'errorMessage': 'Missing required fields, bad values for parameters etc.'}}
INFO:2025-05-26 12:13:57,231:MainThread:Dhan.py  started system
INFO:2025-05-26 12:13:57,232:MainThread:STARTED THE PROGRAM
INFO:2025-05-26 12:15:01,105:MainThread:Dhan.py  started system
INFO:2025-05-26 12:15:01,105:MainThread:STARTED THE PROGRAM
INFO:2025-05-26 12:18:24,215:MainThread:Dhan.py  started system
INFO:2025-05-26 12:18:24,215:MainThread:STARTED THE PROGRAM
INFO:2025-05-26 13:10:16,857:MainThread:Dhan.py  started system
INFO:2025-05-26 13:10:16,858:MainThread:STARTED THE PROGRAM
INFO:2025-05-26 13:16:59,019:MainThread:Dhan.py  started system
INFO:2025-05-26 13:16:59,019:MainThread:STARTED THE PROGRAM
INFO:2025-05-26 13:24:50,640:MainThread:Dhan.py  started system
INFO:2025-05-26 13:24:50,641:MainThread:STARTED THE PROGRAM
INFO:2025-05-26 13:25:12,648:MainThread:Dhan.py  started system
INFO:2025-05-26 13:25:12,649:MainThread:STARTED THE PROGRAM
INFO:2025-05-26 13:43:29,032:MainThread:Dhan.py  started system
INFO:2025-05-26 13:43:29,032:MainThread:STARTED THE PROGRAM
INFO:2025-05-26 13:43:41,400:MainThread:Dhan.py  started system
INFO:2025-05-26 13:43:41,401:MainThread:STARTED THE PROGRAM
INFO:2025-05-26 13:44:59,130:MainThread:Dhan.py  started system
INFO:2025-05-26 13:44:59,130:MainThread:STARTED THE PROGRAM
INFO:2025-05-26 13:45:52,024:MainThread:Dhan.py  started system
INFO:2025-05-26 13:45:52,024:MainThread:STARTED THE PROGRAM
INFO:2025-05-26 14:13:49,499:MainThread:Dhan.py  started system
INFO:2025-05-26 14:13:49,500:MainThread:STARTED THE PROGRAM
INFO:2025-05-26 14:13:59,388:MainThread:Dhan.py  started system
INFO:2025-05-26 14:13:59,388:MainThread:STARTED THE PROGRAM
INFO:2025-05-26 14:14:58,325:MainThread:Dhan.py  started system
INFO:2025-05-26 14:14:58,326:MainThread:STARTED THE PROGRAM
INFO:2025-05-26 14:15:25,889:MainThread:Dhan.py  started system
INFO:2025-05-26 14:15:25,890:MainThread:STARTED THE PROGRAM
INFO:2025-05-26 14:15:38,176:MainThread:Dhan.py  started system
INFO:2025-05-26 14:15:38,176:MainThread:STARTED THE PROGRAM
INFO:2025-05-26 14:15:46,448:MainThread:Dhan.py  started system
INFO:2025-05-26 14:15:46,448:MainThread:STARTED THE PROGRAM
INFO:2025-05-26 14:15:54,175:MainThread:Dhan.py  started system
INFO:2025-05-26 14:15:54,175:MainThread:STARTED THE PROGRAM
INFO:2025-05-26 14:16:01,658:MainThread:Dhan.py  started system
INFO:2025-05-26 14:16:01,658:MainThread:STARTED THE PROGRAM
INFO:2025-05-26 14:16:09,257:MainThread:Dhan.py  started system
INFO:2025-05-26 14:16:09,257:MainThread:STARTED THE PROGRAM
INFO:2025-05-26 14:16:16,802:MainThread:Dhan.py  started system
INFO:2025-05-26 14:16:16,803:MainThread:STARTED THE PROGRAM
INFO:2025-05-26 14:16:24,170:MainThread:Dhan.py  started system
INFO:2025-05-26 14:16:24,170:MainThread:STARTED THE PROGRAM
INFO:2025-05-26 14:16:31,825:MainThread:Dhan.py  started system
INFO:2025-05-26 14:16:31,825:MainThread:STARTED THE PROGRAM
INFO:2025-05-26 14:16:40,071:MainThread:Dhan.py  started system
INFO:2025-05-26 14:16:40,072:MainThread:STARTED THE PROGRAM
INFO:2025-05-26 14:16:47,681:MainThread:Dhan.py  started system
INFO:2025-05-26 14:16:47,681:MainThread:STARTED THE PROGRAM
INFO:2025-05-26 14:16:55,222:MainThread:Dhan.py  started system
INFO:2025-05-26 14:16:55,222:MainThread:STARTED THE PROGRAM
INFO:2025-05-26 14:17:03,188:MainThread:Dhan.py  started system
INFO:2025-05-26 14:17:03,189:MainThread:STARTED THE PROGRAM
INFO:2025-05-26 14:17:10,732:MainThread:Dhan.py  started system
INFO:2025-05-26 14:17:10,732:MainThread:STARTED THE PROGRAM
INFO:2025-05-26 14:17:18,289:MainThread:Dhan.py  started system
INFO:2025-05-26 14:17:18,289:MainThread:STARTED THE PROGRAM
INFO:2025-05-26 14:17:25,747:MainThread:Dhan.py  started system
INFO:2025-05-26 14:17:25,748:MainThread:STARTED THE PROGRAM
INFO:2025-05-26 14:17:33,331:MainThread:Dhan.py  started system
INFO:2025-05-26 14:17:33,331:MainThread:STARTED THE PROGRAM
INFO:2025-05-26 14:17:40,872:MainThread:Dhan.py  started system
INFO:2025-05-26 14:17:40,872:MainThread:STARTED THE PROGRAM
INFO:2025-05-26 14:17:48,274:MainThread:Dhan.py  started system
INFO:2025-05-26 14:17:48,274:MainThread:STARTED THE PROGRAM
INFO:2025-05-26 14:17:55,844:MainThread:Dhan.py  started system
INFO:2025-05-26 14:17:55,845:MainThread:STARTED THE PROGRAM
INFO:2025-05-26 14:18:03,398:MainThread:Dhan.py  started system
INFO:2025-05-26 14:18:03,399:MainThread:STARTED THE PROGRAM
INFO:2025-05-26 14:18:11,087:MainThread:Dhan.py  started system
INFO:2025-05-26 14:18:11,087:MainThread:STARTED THE PROGRAM
INFO:2025-05-26 14:18:18,505:MainThread:Dhan.py  started system
INFO:2025-05-26 14:18:18,505:MainThread:STARTED THE PROGRAM
INFO:2025-05-26 14:18:26,198:MainThread:Dhan.py  started system
INFO:2025-05-26 14:18:26,199:MainThread:STARTED THE PROGRAM
INFO:2025-05-26 14:18:33,814:MainThread:Dhan.py  started system
INFO:2025-05-26 14:18:33,815:MainThread:STARTED THE PROGRAM
INFO:2025-05-26 14:18:41,305:MainThread:Dhan.py  started system
INFO:2025-05-26 14:18:41,305:MainThread:STARTED THE PROGRAM
INFO:2025-05-26 14:18:48,684:MainThread:Dhan.py  started system
INFO:2025-05-26 14:18:48,684:MainThread:STARTED THE PROGRAM
INFO:2025-05-26 14:18:53,319:MainThread:Dhan.py  started system
INFO:2025-05-26 14:18:53,319:MainThread:STARTED THE PROGRAM
INFO:2025-05-26 14:18:56,226:MainThread:Dhan.py  started system
INFO:2025-05-26 14:18:56,227:MainThread:STARTED THE PROGRAM
INFO:2025-05-26 14:19:03,706:MainThread:Dhan.py  started system
INFO:2025-05-26 14:19:03,706:MainThread:STARTED THE PROGRAM
INFO:2025-05-26 14:19:11,141:MainThread:Dhan.py  started system
INFO:2025-05-26 14:19:11,141:MainThread:STARTED THE PROGRAM
INFO:2025-05-26 14:19:18,488:MainThread:Dhan.py  started system
INFO:2025-05-26 14:19:18,488:MainThread:STARTED THE PROGRAM
INFO:2025-05-26 14:19:25,827:MainThread:Dhan.py  started system
INFO:2025-05-26 14:19:25,827:MainThread:STARTED THE PROGRAM
INFO:2025-05-26 14:19:33,177:MainThread:Dhan.py  started system
INFO:2025-05-26 14:19:33,177:MainThread:STARTED THE PROGRAM
INFO:2025-05-26 14:19:40,450:MainThread:Dhan.py  started system
INFO:2025-05-26 14:19:40,451:MainThread:STARTED THE PROGRAM
INFO:2025-05-26 14:19:49,968:MainThread:Dhan.py  started system
INFO:2025-05-26 14:19:49,968:MainThread:STARTED THE PROGRAM
INFO:2025-05-26 14:19:59,647:MainThread:Dhan.py  started system
INFO:2025-05-26 14:19:59,647:MainThread:STARTED THE PROGRAM
INFO:2025-05-26 14:20:09,374:MainThread:Dhan.py  started system
INFO:2025-05-26 14:20:09,375:MainThread:STARTED THE PROGRAM
INFO:2025-05-26 14:20:18,773:MainThread:Dhan.py  started system
INFO:2025-05-26 14:20:18,773:MainThread:STARTED THE PROGRAM
INFO:2025-05-26 14:20:28,251:MainThread:Dhan.py  started system
INFO:2025-05-26 14:20:28,251:MainThread:STARTED THE PROGRAM
INFO:2025-05-26 14:20:37,736:MainThread:Dhan.py  started system
INFO:2025-05-26 14:20:37,736:MainThread:STARTED THE PROGRAM
INFO:2025-05-26 14:20:47,199:MainThread:Dhan.py  started system
INFO:2025-05-26 14:20:47,199:MainThread:STARTED THE PROGRAM
INFO:2025-05-26 14:20:56,651:MainThread:Dhan.py  started system
INFO:2025-05-26 14:20:56,651:MainThread:STARTED THE PROGRAM
INFO:2025-05-26 14:21:06,315:MainThread:Dhan.py  started system
INFO:2025-05-26 14:21:06,315:MainThread:STARTED THE PROGRAM
INFO:2025-05-26 14:21:16,047:MainThread:Dhan.py  started system
INFO:2025-05-26 14:21:16,047:MainThread:STARTED THE PROGRAM
INFO:2025-05-26 14:21:25,742:MainThread:Dhan.py  started system
INFO:2025-05-26 14:21:25,742:MainThread:STARTED THE PROGRAM
INFO:2025-05-26 14:21:35,573:MainThread:Dhan.py  started system
INFO:2025-05-26 14:21:35,573:MainThread:STARTED THE PROGRAM
INFO:2025-05-26 14:21:45,257:MainThread:Dhan.py  started system
INFO:2025-05-26 14:21:45,257:MainThread:STARTED THE PROGRAM
INFO:2025-05-26 14:21:54,991:MainThread:Dhan.py  started system
INFO:2025-05-26 14:21:54,991:MainThread:STARTED THE PROGRAM
INFO:2025-05-26 14:22:04,701:MainThread:Dhan.py  started system
INFO:2025-05-26 14:22:04,701:MainThread:STARTED THE PROGRAM
INFO:2025-05-26 14:22:14,559:MainThread:Dhan.py  started system
INFO:2025-05-26 14:22:14,559:MainThread:STARTED THE PROGRAM
INFO:2025-05-26 14:22:24,274:MainThread:Dhan.py  started system
INFO:2025-05-26 14:22:24,274:MainThread:STARTED THE PROGRAM
INFO:2025-05-26 14:22:34,005:MainThread:Dhan.py  started system
INFO:2025-05-26 14:22:34,005:MainThread:STARTED THE PROGRAM
INFO:2025-05-26 14:22:43,704:MainThread:Dhan.py  started system
INFO:2025-05-26 14:22:43,705:MainThread:STARTED THE PROGRAM
INFO:2025-05-26 14:22:53,515:MainThread:Dhan.py  started system
INFO:2025-05-26 14:22:53,515:MainThread:STARTED THE PROGRAM
INFO:2025-05-26 14:23:03,461:MainThread:Dhan.py  started system
INFO:2025-05-26 14:23:03,461:MainThread:STARTED THE PROGRAM
INFO:2025-05-26 14:23:12,980:MainThread:Dhan.py  started system
INFO:2025-05-26 14:23:12,980:MainThread:STARTED THE PROGRAM
INFO:2025-05-26 14:23:22,418:MainThread:Dhan.py  started system
INFO:2025-05-26 14:23:22,418:MainThread:STARTED THE PROGRAM
INFO:2025-05-26 14:23:32,065:MainThread:Dhan.py  started system
INFO:2025-05-26 14:23:32,065:MainThread:STARTED THE PROGRAM
INFO:2025-05-26 14:23:41,510:MainThread:Dhan.py  started system
INFO:2025-05-26 14:23:41,510:MainThread:STARTED THE PROGRAM
INFO:2025-05-26 14:23:51,029:MainThread:Dhan.py  started system
INFO:2025-05-26 14:23:51,030:MainThread:STARTED THE PROGRAM
INFO:2025-05-26 14:24:00,591:MainThread:Dhan.py  started system
INFO:2025-05-26 14:24:00,592:MainThread:STARTED THE PROGRAM
INFO:2025-05-26 14:24:10,065:MainThread:Dhan.py  started system
INFO:2025-05-26 14:24:10,066:MainThread:STARTED THE PROGRAM
INFO:2025-05-26 14:24:19,421:MainThread:Dhan.py  started system
INFO:2025-05-26 14:24:19,421:MainThread:STARTED THE PROGRAM
INFO:2025-05-26 14:24:28,876:MainThread:Dhan.py  started system
INFO:2025-05-26 14:24:28,876:MainThread:STARTED THE PROGRAM
INFO:2025-05-26 14:24:38,501:MainThread:Dhan.py  started system
INFO:2025-05-26 14:24:38,501:MainThread:STARTED THE PROGRAM
INFO:2025-05-26 14:24:47,997:MainThread:Dhan.py  started system
INFO:2025-05-26 14:24:47,997:MainThread:STARTED THE PROGRAM
INFO:2025-05-26 14:24:57,669:MainThread:Dhan.py  started system
INFO:2025-05-26 14:24:57,669:MainThread:STARTED THE PROGRAM
INFO:2025-05-26 14:25:07,234:MainThread:Dhan.py  started system
INFO:2025-05-26 14:25:07,234:MainThread:STARTED THE PROGRAM
INFO:2025-05-26 14:25:16,904:MainThread:Dhan.py  started system
INFO:2025-05-26 14:25:16,904:MainThread:STARTED THE PROGRAM
INFO:2025-05-26 14:25:26,500:MainThread:Dhan.py  started system
INFO:2025-05-26 14:25:26,500:MainThread:STARTED THE PROGRAM
INFO:2025-05-26 14:25:35,919:MainThread:Dhan.py  started system
INFO:2025-05-26 14:25:35,919:MainThread:STARTED THE PROGRAM
INFO:2025-05-26 14:25:45,374:MainThread:Dhan.py  started system
INFO:2025-05-26 14:25:45,374:MainThread:STARTED THE PROGRAM
INFO:2025-05-26 14:25:54,853:MainThread:Dhan.py  started system
INFO:2025-05-26 14:25:54,853:MainThread:STARTED THE PROGRAM
INFO:2025-05-26 14:26:04,325:MainThread:Dhan.py  started system
INFO:2025-05-26 14:26:04,325:MainThread:STARTED THE PROGRAM
INFO:2025-05-26 14:26:13,750:MainThread:Dhan.py  started system
INFO:2025-05-26 14:26:13,750:MainThread:STARTED THE PROGRAM
INFO:2025-05-26 14:26:23,380:MainThread:Dhan.py  started system
INFO:2025-05-26 14:26:23,380:MainThread:STARTED THE PROGRAM
INFO:2025-05-26 14:26:32,898:MainThread:Dhan.py  started system
INFO:2025-05-26 14:26:32,898:MainThread:STARTED THE PROGRAM
INFO:2025-05-26 14:26:42,500:MainThread:Dhan.py  started system
INFO:2025-05-26 14:26:42,500:MainThread:STARTED THE PROGRAM
INFO:2025-05-26 14:26:52,163:MainThread:Dhan.py  started system
INFO:2025-05-26 14:26:52,164:MainThread:STARTED THE PROGRAM
INFO:2025-05-26 14:27:01,853:MainThread:Dhan.py  started system
INFO:2025-05-26 14:27:01,853:MainThread:STARTED THE PROGRAM
INFO:2025-05-26 14:27:11,403:MainThread:Dhan.py  started system
INFO:2025-05-26 14:27:11,404:MainThread:STARTED THE PROGRAM
INFO:2025-05-26 14:27:20,858:MainThread:Dhan.py  started system
INFO:2025-05-26 14:27:20,858:MainThread:STARTED THE PROGRAM
INFO:2025-05-26 14:27:30,240:MainThread:Dhan.py  started system
INFO:2025-05-26 14:27:30,240:MainThread:STARTED THE PROGRAM
INFO:2025-05-26 14:27:39,688:MainThread:Dhan.py  started system
INFO:2025-05-26 14:27:39,689:MainThread:STARTED THE PROGRAM
INFO:2025-05-26 14:27:49,080:MainThread:Dhan.py  started system
INFO:2025-05-26 14:27:49,080:MainThread:STARTED THE PROGRAM
INFO:2025-05-26 14:27:58,680:MainThread:Dhan.py  started system
INFO:2025-05-26 14:27:58,680:MainThread:STARTED THE PROGRAM
INFO:2025-05-26 14:28:08,203:MainThread:Dhan.py  started system
INFO:2025-05-26 14:28:08,203:MainThread:STARTED THE PROGRAM
INFO:2025-05-26 14:28:17,578:MainThread:Dhan.py  started system
INFO:2025-05-26 14:28:17,578:MainThread:STARTED THE PROGRAM
INFO:2025-05-26 14:28:27,183:MainThread:Dhan.py  started system
INFO:2025-05-26 14:28:27,183:MainThread:STARTED THE PROGRAM
INFO:2025-05-26 14:28:36,885:MainThread:Dhan.py  started system
INFO:2025-05-26 14:28:36,885:MainThread:STARTED THE PROGRAM
INFO:2025-05-26 14:28:46,472:MainThread:Dhan.py  started system
INFO:2025-05-26 14:28:46,472:MainThread:STARTED THE PROGRAM
INFO:2025-05-26 14:28:55,899:MainThread:Dhan.py  started system
INFO:2025-05-26 14:28:55,899:MainThread:STARTED THE PROGRAM
INFO:2025-05-26 14:29:05,521:MainThread:Dhan.py  started system
INFO:2025-05-26 14:29:05,522:MainThread:STARTED THE PROGRAM
INFO:2025-05-26 14:29:15,207:MainThread:Dhan.py  started system
INFO:2025-05-26 14:29:15,207:MainThread:STARTED THE PROGRAM
INFO:2025-05-26 14:29:24,655:MainThread:Dhan.py  started system
INFO:2025-05-26 14:29:24,655:MainThread:STARTED THE PROGRAM
INFO:2025-05-26 14:29:34,173:MainThread:Dhan.py  started system
INFO:2025-05-26 14:29:34,173:MainThread:STARTED THE PROGRAM
INFO:2025-05-26 14:29:43,810:MainThread:Dhan.py  started system
INFO:2025-05-26 14:29:43,811:MainThread:STARTED THE PROGRAM
INFO:2025-05-26 14:29:53,239:MainThread:Dhan.py  started system
INFO:2025-05-26 14:29:53,240:MainThread:STARTED THE PROGRAM
INFO:2025-05-26 14:30:02,863:MainThread:Dhan.py  started system
INFO:2025-05-26 14:30:02,864:MainThread:STARTED THE PROGRAM
INFO:2025-05-26 14:30:12,415:MainThread:Dhan.py  started system
INFO:2025-05-26 14:30:12,416:MainThread:STARTED THE PROGRAM
INFO:2025-05-26 14:30:21,938:MainThread:Dhan.py  started system
INFO:2025-05-26 14:30:21,938:MainThread:STARTED THE PROGRAM
INFO:2025-05-26 14:30:31,514:MainThread:Dhan.py  started system
INFO:2025-05-26 14:30:31,514:MainThread:STARTED THE PROGRAM
INFO:2025-05-26 14:30:41,004:MainThread:Dhan.py  started system
INFO:2025-05-26 14:30:41,004:MainThread:STARTED THE PROGRAM
INFO:2025-05-26 14:30:50,607:MainThread:Dhan.py  started system
INFO:2025-05-26 14:30:50,607:MainThread:STARTED THE PROGRAM
INFO:2025-05-26 14:31:00,219:MainThread:Dhan.py  started system
INFO:2025-05-26 14:31:00,219:MainThread:STARTED THE PROGRAM
INFO:2025-05-26 14:31:09,923:MainThread:Dhan.py  started system
INFO:2025-05-26 14:31:09,924:MainThread:STARTED THE PROGRAM
INFO:2025-05-26 14:31:19,630:MainThread:Dhan.py  started system
INFO:2025-05-26 14:31:19,630:MainThread:STARTED THE PROGRAM
INFO:2025-05-26 14:31:29,226:MainThread:Dhan.py  started system
INFO:2025-05-26 14:31:29,226:MainThread:STARTED THE PROGRAM
INFO:2025-05-26 14:31:38,830:MainThread:Dhan.py  started system
INFO:2025-05-26 14:31:38,830:MainThread:STARTED THE PROGRAM
INFO:2025-05-26 14:31:48,451:MainThread:Dhan.py  started system
INFO:2025-05-26 14:31:48,451:MainThread:STARTED THE PROGRAM
INFO:2025-05-26 14:31:58,046:MainThread:Dhan.py  started system
INFO:2025-05-26 14:31:58,047:MainThread:STARTED THE PROGRAM
INFO:2025-05-26 14:32:07,607:MainThread:Dhan.py  started system
INFO:2025-05-26 14:32:07,607:MainThread:STARTED THE PROGRAM
INFO:2025-05-26 14:32:17,504:MainThread:Dhan.py  started system
INFO:2025-05-26 14:32:17,505:MainThread:STARTED THE PROGRAM
INFO:2025-05-26 14:32:27,004:MainThread:Dhan.py  started system
INFO:2025-05-26 14:32:27,004:MainThread:STARTED THE PROGRAM
INFO:2025-05-26 14:32:36,627:MainThread:Dhan.py  started system
INFO:2025-05-26 14:32:36,627:MainThread:STARTED THE PROGRAM
INFO:2025-05-26 14:32:46,156:MainThread:Dhan.py  started system
INFO:2025-05-26 14:32:46,156:MainThread:STARTED THE PROGRAM
INFO:2025-05-26 14:32:55,897:MainThread:Dhan.py  started system
INFO:2025-05-26 14:32:55,897:MainThread:STARTED THE PROGRAM
INFO:2025-05-26 14:33:05,572:MainThread:Dhan.py  started system
INFO:2025-05-26 14:33:05,572:MainThread:STARTED THE PROGRAM
INFO:2025-05-26 14:33:15,173:MainThread:Dhan.py  started system
INFO:2025-05-26 14:33:15,173:MainThread:STARTED THE PROGRAM
INFO:2025-05-26 14:33:24,592:MainThread:Dhan.py  started system
INFO:2025-05-26 14:33:24,592:MainThread:STARTED THE PROGRAM
INFO:2025-05-26 14:33:34,107:MainThread:Dhan.py  started system
INFO:2025-05-26 14:33:34,108:MainThread:STARTED THE PROGRAM
INFO:2025-05-26 14:33:43,725:MainThread:Dhan.py  started system
INFO:2025-05-26 14:33:43,725:MainThread:STARTED THE PROGRAM
INFO:2025-05-26 14:33:53,258:MainThread:Dhan.py  started system
INFO:2025-05-26 14:33:53,258:MainThread:STARTED THE PROGRAM
INFO:2025-05-26 14:34:02,929:MainThread:Dhan.py  started system
INFO:2025-05-26 14:34:02,929:MainThread:STARTED THE PROGRAM
INFO:2025-05-26 14:34:12,447:MainThread:Dhan.py  started system
INFO:2025-05-26 14:34:12,448:MainThread:STARTED THE PROGRAM
INFO:2025-05-26 14:34:22,057:MainThread:Dhan.py  started system
INFO:2025-05-26 14:34:22,058:MainThread:STARTED THE PROGRAM
INFO:2025-05-26 14:34:31,719:MainThread:Dhan.py  started system
INFO:2025-05-26 14:34:31,719:MainThread:STARTED THE PROGRAM
INFO:2025-05-26 14:34:41,409:MainThread:Dhan.py  started system
INFO:2025-05-26 14:34:41,410:MainThread:STARTED THE PROGRAM
INFO:2025-05-26 14:34:50,990:MainThread:Dhan.py  started system
INFO:2025-05-26 14:34:50,991:MainThread:STARTED THE PROGRAM
INFO:2025-05-26 14:35:00,760:MainThread:Dhan.py  started system
INFO:2025-05-26 14:35:00,761:MainThread:STARTED THE PROGRAM
INFO:2025-05-26 14:35:10,475:MainThread:Dhan.py  started system
INFO:2025-05-26 14:35:10,475:MainThread:STARTED THE PROGRAM
INFO:2025-05-26 14:35:20,055:MainThread:Dhan.py  started system
INFO:2025-05-26 14:35:20,056:MainThread:STARTED THE PROGRAM
INFO:2025-05-26 14:35:29,650:MainThread:Dhan.py  started system
INFO:2025-05-26 14:35:29,650:MainThread:STARTED THE PROGRAM
INFO:2025-05-26 14:36:10,785:MainThread:Dhan.py  started system
INFO:2025-05-26 14:36:10,786:MainThread:STARTED THE PROGRAM
INFO:2025-05-26 14:36:17,662:MainThread:Dhan.py  started system
INFO:2025-05-26 14:36:17,662:MainThread:STARTED THE PROGRAM
INFO:2025-05-26 14:36:27,252:MainThread:Dhan.py  started system
INFO:2025-05-26 14:36:27,252:MainThread:STARTED THE PROGRAM
INFO:2025-05-26 14:36:36,880:MainThread:Dhan.py  started system
INFO:2025-05-26 14:36:36,880:MainThread:STARTED THE PROGRAM
INFO:2025-05-26 14:36:46,716:MainThread:Dhan.py  started system
INFO:2025-05-26 14:36:46,716:MainThread:STARTED THE PROGRAM
INFO:2025-05-26 14:36:56,423:MainThread:Dhan.py  started system
INFO:2025-05-26 14:36:56,423:MainThread:STARTED THE PROGRAM
INFO:2025-05-26 14:37:05,886:MainThread:Dhan.py  started system
INFO:2025-05-26 14:37:05,887:MainThread:STARTED THE PROGRAM
INFO:2025-05-26 14:37:12,259:MainThread:Dhan.py  started system
INFO:2025-05-26 14:37:12,259:MainThread:STARTED THE PROGRAM
INFO:2025-05-26 14:37:18,974:MainThread:Dhan.py  started system
INFO:2025-05-26 14:37:18,975:MainThread:STARTED THE PROGRAM
INFO:2025-05-26 14:37:28,461:MainThread:Dhan.py  started system
INFO:2025-05-26 14:37:28,461:MainThread:STARTED THE PROGRAM
INFO:2025-05-26 14:37:57,695:MainThread:Dhan.py  started system
INFO:2025-05-26 14:37:57,695:MainThread:STARTED THE PROGRAM
INFO:2025-05-26 14:38:04,410:MainThread:Dhan.py  started system
INFO:2025-05-26 14:38:04,410:MainThread:STARTED THE PROGRAM
INFO:2025-05-26 14:38:13,847:MainThread:Dhan.py  started system
INFO:2025-05-26 14:38:13,848:MainThread:STARTED THE PROGRAM
INFO:2025-05-26 14:38:23,231:MainThread:Dhan.py  started system
INFO:2025-05-26 14:38:23,231:MainThread:STARTED THE PROGRAM
INFO:2025-05-26 14:38:32,642:MainThread:Dhan.py  started system
INFO:2025-05-26 14:38:32,643:MainThread:STARTED THE PROGRAM
INFO:2025-05-26 14:38:42,295:MainThread:Dhan.py  started system
INFO:2025-05-26 14:38:42,295:MainThread:STARTED THE PROGRAM
INFO:2025-05-26 14:38:52,041:MainThread:Dhan.py  started system
INFO:2025-05-26 14:38:52,041:MainThread:STARTED THE PROGRAM
INFO:2025-05-26 14:39:01,913:MainThread:Dhan.py  started system
INFO:2025-05-26 14:39:01,914:MainThread:STARTED THE PROGRAM
INFO:2025-05-26 14:39:18,750:MainThread:Dhan.py  started system
INFO:2025-05-26 14:39:18,750:MainThread:STARTED THE PROGRAM
INFO:2025-05-26 14:41:11,841:MainThread:Dhan.py  started system
INFO:2025-05-26 14:41:11,842:MainThread:STARTED THE PROGRAM
INFO:2025-05-26 14:41:16,563:MainThread:Dhan.py  started system
INFO:2025-05-26 14:41:16,563:MainThread:STARTED THE PROGRAM
INFO:2025-05-26 14:41:40,292:MainThread:Dhan.py  started system
INFO:2025-05-26 14:41:40,292:MainThread:STARTED THE PROGRAM
INFO:2025-05-26 14:44:28,429:MainThread:Dhan.py  started system
INFO:2025-05-26 14:44:28,429:MainThread:STARTED THE PROGRAM
INFO:2025-05-26 14:46:26,616:MainThread:Dhan.py  started system
INFO:2025-05-26 14:46:26,616:MainThread:STARTED THE PROGRAM
INFO:2025-05-26 14:46:33,454:MainThread:Dhan.py  started system
INFO:2025-05-26 14:46:33,455:MainThread:STARTED THE PROGRAM
INFO:2025-05-26 14:46:43,147:MainThread:Dhan.py  started system
INFO:2025-05-26 14:46:43,147:MainThread:STARTED THE PROGRAM
INFO:2025-05-26 14:46:53,142:MainThread:Dhan.py  started system
INFO:2025-05-26 14:46:53,142:MainThread:STARTED THE PROGRAM
INFO:2025-05-26 14:47:10,488:MainThread:Dhan.py  started system
INFO:2025-05-26 14:47:10,488:MainThread:STARTED THE PROGRAM
INFO:2025-05-26 14:47:24,359:MainThread:Dhan.py  started system
INFO:2025-05-26 14:47:24,359:MainThread:STARTED THE PROGRAM
INFO:2025-05-26 14:47:31,691:MainThread:Dhan.py  started system
INFO:2025-05-26 14:47:31,692:MainThread:STARTED THE PROGRAM
INFO:2025-05-26 14:47:39,249:MainThread:Dhan.py  started system
INFO:2025-05-26 14:47:39,249:MainThread:STARTED THE PROGRAM
INFO:2025-05-26 14:47:46,709:MainThread:Dhan.py  started system
INFO:2025-05-26 14:47:46,709:MainThread:STARTED THE PROGRAM
INFO:2025-05-26 14:47:54,113:MainThread:Dhan.py  started system
INFO:2025-05-26 14:47:54,113:MainThread:STARTED THE PROGRAM
INFO:2025-05-26 14:48:01,712:MainThread:Dhan.py  started system
INFO:2025-05-26 14:48:01,713:MainThread:STARTED THE PROGRAM
INFO:2025-05-26 14:48:09,131:MainThread:Dhan.py  started system
INFO:2025-05-26 14:48:09,131:MainThread:STARTED THE PROGRAM
INFO:2025-05-26 14:48:16,759:MainThread:Dhan.py  started system
INFO:2025-05-26 14:48:16,759:MainThread:STARTED THE PROGRAM
INFO:2025-05-26 14:48:24,248:MainThread:Dhan.py  started system
INFO:2025-05-26 14:48:24,248:MainThread:STARTED THE PROGRAM
INFO:2025-05-26 14:48:31,581:MainThread:Dhan.py  started system
INFO:2025-05-26 14:48:31,581:MainThread:STARTED THE PROGRAM
INFO:2025-05-26 14:48:38,892:MainThread:Dhan.py  started system
INFO:2025-05-26 14:48:38,892:MainThread:STARTED THE PROGRAM
INFO:2025-05-26 14:48:46,537:MainThread:Dhan.py  started system
INFO:2025-05-26 14:48:46,538:MainThread:STARTED THE PROGRAM
INFO:2025-05-26 14:48:54,016:MainThread:Dhan.py  started system
INFO:2025-05-26 14:48:54,016:MainThread:STARTED THE PROGRAM
INFO:2025-05-26 14:49:01,619:MainThread:Dhan.py  started system
INFO:2025-05-26 14:49:01,619:MainThread:STARTED THE PROGRAM
INFO:2025-05-26 14:49:09,037:MainThread:Dhan.py  started system
INFO:2025-05-26 14:49:09,037:MainThread:STARTED THE PROGRAM
INFO:2025-05-26 14:49:16,738:MainThread:Dhan.py  started system
INFO:2025-05-26 14:49:16,738:MainThread:STARTED THE PROGRAM
INFO:2025-05-26 14:49:24,629:MainThread:Dhan.py  started system
INFO:2025-05-26 14:49:24,629:MainThread:STARTED THE PROGRAM
INFO:2025-05-26 14:49:31,940:MainThread:Dhan.py  started system
INFO:2025-05-26 14:49:31,941:MainThread:STARTED THE PROGRAM
INFO:2025-05-26 14:49:39,530:MainThread:Dhan.py  started system
INFO:2025-05-26 14:49:39,530:MainThread:STARTED THE PROGRAM
INFO:2025-05-26 14:49:46,896:MainThread:Dhan.py  started system
INFO:2025-05-26 14:49:46,896:MainThread:STARTED THE PROGRAM
INFO:2025-05-26 14:49:54,487:MainThread:Dhan.py  started system
INFO:2025-05-26 14:49:54,487:MainThread:STARTED THE PROGRAM
INFO:2025-05-26 14:50:02,062:MainThread:Dhan.py  started system
INFO:2025-05-26 14:50:02,063:MainThread:STARTED THE PROGRAM
INFO:2025-05-26 14:50:09,375:MainThread:Dhan.py  started system
INFO:2025-05-26 14:50:09,375:MainThread:STARTED THE PROGRAM
INFO:2025-05-26 14:50:16,713:MainThread:Dhan.py  started system
INFO:2025-05-26 14:50:16,714:MainThread:STARTED THE PROGRAM
INFO:2025-05-26 14:50:24,051:MainThread:Dhan.py  started system
INFO:2025-05-26 14:50:24,051:MainThread:STARTED THE PROGRAM
INFO:2025-05-26 14:50:31,591:MainThread:Dhan.py  started system
INFO:2025-05-26 14:50:31,591:MainThread:STARTED THE PROGRAM
INFO:2025-05-26 14:50:39,129:MainThread:Dhan.py  started system
INFO:2025-05-26 14:50:39,129:MainThread:STARTED THE PROGRAM
INFO:2025-05-26 14:50:46,674:MainThread:Dhan.py  started system
INFO:2025-05-26 14:50:46,674:MainThread:STARTED THE PROGRAM
INFO:2025-05-26 14:50:54,031:MainThread:Dhan.py  started system
INFO:2025-05-26 14:50:54,031:MainThread:STARTED THE PROGRAM
INFO:2025-05-26 14:51:01,457:MainThread:Dhan.py  started system
INFO:2025-05-26 14:51:01,458:MainThread:STARTED THE PROGRAM
INFO:2025-05-26 14:51:08,854:MainThread:Dhan.py  started system
INFO:2025-05-26 14:51:08,854:MainThread:STARTED THE PROGRAM
INFO:2025-05-26 14:51:16,487:MainThread:Dhan.py  started system
INFO:2025-05-26 14:51:16,487:MainThread:STARTED THE PROGRAM
INFO:2025-05-26 14:51:24,008:MainThread:Dhan.py  started system
INFO:2025-05-26 14:51:24,009:MainThread:STARTED THE PROGRAM
INFO:2025-05-26 14:51:31,567:MainThread:Dhan.py  started system
INFO:2025-05-26 14:51:31,567:MainThread:STARTED THE PROGRAM
INFO:2025-05-26 14:51:39,030:MainThread:Dhan.py  started system
INFO:2025-05-26 14:51:39,031:MainThread:STARTED THE PROGRAM
INFO:2025-05-26 14:51:46,489:MainThread:Dhan.py  started system
INFO:2025-05-26 14:51:46,490:MainThread:STARTED THE PROGRAM
INFO:2025-05-26 14:51:54,223:MainThread:Dhan.py  started system
INFO:2025-05-26 14:51:54,223:MainThread:STARTED THE PROGRAM
INFO:2025-05-26 14:52:10,064:MainThread:Dhan.py  started system
INFO:2025-05-26 14:52:10,064:MainThread:STARTED THE PROGRAM
