INFO:2025-06-26 10:20:08,729:MainThread:Dhan.py  started system
INFO:2025-06-26 10:20:08,729:MainThread:STARTED THE PROGRAM
INFO:2025-06-26 10:21:26,955:MainThread:Dhan.py  started system
INFO:2025-06-26 10:21:26,956:MainThread:STARTED THE PROGRAM
INFO:2025-06-26 10:22:01,157:MainThread:Dhan.py  started system
INFO:2025-06-26 10:22:01,157:MainThread:STARTED THE PROGRAM
INFO:2025-06-26 10:23:59,505:MainThread:Dhan.py  started system
INFO:2025-06-26 10:23:59,505:MainThread:STARTED THE PROGRAM
INFO:2025-06-26 10:27:39,584:MainThread:Dhan.py  started system
INFO:2025-06-26 10:27:39,584:MainThread:STARTED THE PROGRAM
INFO:2025-06-26 10:31:46,666:MainThread:Dhan.py  started system
INFO:2025-06-26 10:31:46,666:MainThread:STARTED THE PROGRAM
INFO:2025-06-26 10:34:08,460:MainThread:Dhan.py  started system
INFO:2025-06-26 10:34:08,460:MainThread:STARTED THE PROGRAM
INFO:2025-06-26 10:42:11,769:MainThread:Dhan.py  started system
INFO:2025-06-26 10:42:11,769:MainThread:STARTED THE PROGRAM
INFO:2025-06-26 10:43:18,835:MainThread:Dhan.py  started system
INFO:2025-06-26 10:43:18,835:MainThread:STARTED THE PROGRAM
INFO:2025-06-26 10:44:25,612:MainThread:Dhan.py  started system
INFO:2025-06-26 10:44:25,612:MainThread:STARTED THE PROGRAM
INFO:2025-06-26 10:45:32,608:MainThread:Dhan.py  started system
INFO:2025-06-26 10:45:32,608:MainThread:STARTED THE PROGRAM
INFO:2025-06-26 10:47:01,218:MainThread:Dhan.py  started system
INFO:2025-06-26 10:47:01,219:MainThread:STARTED THE PROGRAM
INFO:2025-06-26 10:49:53,154:MainThread:Dhan.py  started system
INFO:2025-06-26 10:49:53,154:MainThread:STARTED THE PROGRAM
INFO:2025-06-26 10:53:00,734:MainThread:Dhan.py  started system
INFO:2025-06-26 10:53:00,734:MainThread:STARTED THE PROGRAM
INFO:2025-06-26 10:54:25,845:MainThread:Dhan.py  started system
INFO:2025-06-26 10:54:25,845:MainThread:STARTED THE PROGRAM
INFO:2025-06-26 10:56:17,387:MainThread:Dhan.py  started system
INFO:2025-06-26 10:56:17,387:MainThread:STARTED THE PROGRAM
INFO:2025-06-26 10:57:58,247:MainThread:Dhan.py  started system
INFO:2025-06-26 10:57:58,247:MainThread:STARTED THE PROGRAM
INFO:2025-06-26 10:59:08,956:MainThread:Dhan.py  started system
INFO:2025-06-26 10:59:08,956:MainThread:STARTED THE PROGRAM
INFO:2025-06-26 11:00:16,113:MainThread:Dhan.py  started system
INFO:2025-06-26 11:00:16,113:MainThread:STARTED THE PROGRAM
INFO:2025-06-26 11:01:23,327:MainThread:Dhan.py  started system
INFO:2025-06-26 11:01:23,327:MainThread:STARTED THE PROGRAM
INFO:2025-06-26 11:02:33,931:MainThread:Dhan.py  started system
INFO:2025-06-26 11:02:33,931:MainThread:STARTED THE PROGRAM
INFO:2025-06-26 11:03:41,110:MainThread:Dhan.py  started system
INFO:2025-06-26 11:03:41,111:MainThread:STARTED THE PROGRAM
INFO:2025-06-26 11:04:48,238:MainThread:Dhan.py  started system
INFO:2025-06-26 11:04:48,238:MainThread:STARTED THE PROGRAM
INFO:2025-06-26 11:05:42,957:MainThread:Dhan.py  started system
INFO:2025-06-26 11:05:42,957:MainThread:STARTED THE PROGRAM
INFO:2025-06-26 11:08:39,757:MainThread:Dhan.py  started system
INFO:2025-06-26 11:08:39,757:MainThread:STARTED THE PROGRAM
INFO:2025-06-26 11:09:58,890:MainThread:Dhan.py  started system
INFO:2025-06-26 11:09:58,890:MainThread:STARTED THE PROGRAM
INFO:2025-06-26 11:13:01,587:MainThread:Dhan.py  started system
INFO:2025-06-26 11:13:01,587:MainThread:STARTED THE PROGRAM
INFO:2025-06-26 11:14:17,310:MainThread:Dhan.py  started system
INFO:2025-06-26 11:14:17,310:MainThread:STARTED THE PROGRAM
INFO:2025-06-26 11:17:30,671:MainThread:Dhan.py  started system
INFO:2025-06-26 11:17:30,672:MainThread:STARTED THE PROGRAM
INFO:2025-06-26 11:18:43,219:MainThread:Dhan.py  started system
INFO:2025-06-26 11:18:43,219:MainThread:STARTED THE PROGRAM
INFO:2025-06-26 11:19:55,993:MainThread:Dhan.py  started system
INFO:2025-06-26 11:19:55,993:MainThread:STARTED THE PROGRAM
INFO:2025-06-26 11:21:08,783:MainThread:Dhan.py  started system
INFO:2025-06-26 11:21:08,783:MainThread:STARTED THE PROGRAM
INFO:2025-06-26 11:22:21,931:MainThread:Dhan.py  started system
INFO:2025-06-26 11:22:21,931:MainThread:STARTED THE PROGRAM
INFO:2025-06-26 11:23:34,952:MainThread:Dhan.py  started system
INFO:2025-06-26 11:23:34,952:MainThread:STARTED THE PROGRAM
INFO:2025-06-26 11:24:47,910:MainThread:Dhan.py  started system
INFO:2025-06-26 11:24:47,910:MainThread:STARTED THE PROGRAM
INFO:2025-06-26 11:25:45,911:MainThread:Dhan.py  started system
INFO:2025-06-26 11:25:45,912:MainThread:STARTED THE PROGRAM
INFO:2025-06-26 11:27:15,320:MainThread:Dhan.py  started system
INFO:2025-06-26 11:27:15,320:MainThread:STARTED THE PROGRAM
INFO:2025-06-26 11:28:28,355:MainThread:Dhan.py  started system
INFO:2025-06-26 11:28:28,355:MainThread:STARTED THE PROGRAM
INFO:2025-06-26 11:29:41,354:MainThread:Dhan.py  started system
INFO:2025-06-26 11:29:41,355:MainThread:STARTED THE PROGRAM
INFO:2025-06-26 11:30:54,209:MainThread:Dhan.py  started system
INFO:2025-06-26 11:30:54,209:MainThread:STARTED THE PROGRAM
INFO:2025-06-26 11:32:06,571:MainThread:Dhan.py  started system
INFO:2025-06-26 11:32:06,571:MainThread:STARTED THE PROGRAM
INFO:2025-06-26 11:33:27,103:MainThread:Dhan.py  started system
INFO:2025-06-26 11:33:27,103:MainThread:STARTED THE PROGRAM
INFO:2025-06-26 11:34:28,452:MainThread:Dhan.py  started system
INFO:2025-06-26 11:34:28,452:MainThread:STARTED THE PROGRAM
INFO:2025-06-26 11:34:49,842:MainThread:Dhan.py  started system
INFO:2025-06-26 11:34:49,843:MainThread:STARTED THE PROGRAM
INFO:2025-06-26 11:34:53,159:MainThread:Dhan.py  started system
INFO:2025-06-26 11:34:53,159:MainThread:STARTED THE PROGRAM
INFO:2025-06-26 11:35:10,864:MainThread:Dhan.py  started system
INFO:2025-06-26 11:35:10,864:MainThread:STARTED THE PROGRAM
INFO:2025-06-26 11:35:29,781:MainThread:Dhan.py  started system
INFO:2025-06-26 11:35:29,782:MainThread:STARTED THE PROGRAM
INFO:2025-06-26 11:36:42,762:MainThread:Dhan.py  started system
INFO:2025-06-26 11:36:42,762:MainThread:STARTED THE PROGRAM
INFO:2025-06-26 11:37:55,652:MainThread:Dhan.py  started system
INFO:2025-06-26 11:37:55,652:MainThread:STARTED THE PROGRAM
INFO:2025-06-26 11:39:16,451:MainThread:Dhan.py  started system
INFO:2025-06-26 11:39:16,451:MainThread:STARTED THE PROGRAM
INFO:2025-06-26 11:40:17,516:MainThread:Dhan.py  started system
INFO:2025-06-26 11:40:17,516:MainThread:STARTED THE PROGRAM
INFO:2025-06-26 11:41:18,578:MainThread:Dhan.py  started system
INFO:2025-06-26 11:41:18,579:MainThread:STARTED THE PROGRAM
INFO:2025-06-26 11:41:28,519:MainThread:Dhan.py  started system
INFO:2025-06-26 11:41:28,519:MainThread:STARTED THE PROGRAM
INFO:2025-06-26 11:41:40,897:MainThread:Dhan.py  started system
INFO:2025-06-26 11:41:40,897:MainThread:STARTED THE PROGRAM
INFO:2025-06-26 11:42:19,792:MainThread:Dhan.py  started system
INFO:2025-06-26 11:42:19,792:MainThread:STARTED THE PROGRAM
INFO:2025-06-26 11:43:40,921:MainThread:Dhan.py  started system
INFO:2025-06-26 11:43:40,921:MainThread:STARTED THE PROGRAM
INFO:2025-06-26 11:44:42,238:MainThread:Dhan.py  started system
INFO:2025-06-26 11:44:42,239:MainThread:STARTED THE PROGRAM
INFO:2025-06-26 11:45:43,490:MainThread:Dhan.py  started system
INFO:2025-06-26 11:45:43,490:MainThread:STARTED THE PROGRAM
INFO:2025-06-26 11:46:44,771:MainThread:Dhan.py  started system
INFO:2025-06-26 11:46:44,771:MainThread:STARTED THE PROGRAM
INFO:2025-06-26 11:47:46,053:MainThread:Dhan.py  started system
INFO:2025-06-26 11:47:46,053:MainThread:STARTED THE PROGRAM
INFO:2025-06-26 11:48:16,835:MainThread:Dhan.py  started system
INFO:2025-06-26 11:48:16,836:MainThread:STARTED THE PROGRAM
INFO:2025-06-26 11:48:24,318:MainThread:Dhan.py  started system
INFO:2025-06-26 11:48:24,318:MainThread:STARTED THE PROGRAM
INFO:2025-06-26 11:48:35,244:MainThread:Dhan.py  started system
INFO:2025-06-26 11:48:35,244:MainThread:STARTED THE PROGRAM
INFO:2025-06-26 11:48:47,352:MainThread:Dhan.py  started system
INFO:2025-06-26 11:48:47,352:MainThread:STARTED THE PROGRAM
INFO:2025-06-26 11:49:38,708:MainThread:Dhan.py  started system
INFO:2025-06-26 11:49:38,709:MainThread:STARTED THE PROGRAM
INFO:2025-06-26 11:50:02,647:MainThread:Dhan.py  started system
INFO:2025-06-26 11:50:02,647:MainThread:STARTED THE PROGRAM
INFO:2025-06-26 11:51:15,155:MainThread:Dhan.py  started system
INFO:2025-06-26 11:51:15,156:MainThread:STARTED THE PROGRAM
INFO:2025-06-26 11:59:55,645:MainThread:Dhan.py  started system
INFO:2025-06-26 11:59:55,645:MainThread:STARTED THE PROGRAM
INFO:2025-06-26 12:00:56,712:MainThread:Dhan.py  started system
INFO:2025-06-26 12:00:56,712:MainThread:STARTED THE PROGRAM
INFO:2025-06-26 12:08:02,789:MainThread:Dhan.py  started system
INFO:2025-06-26 12:08:02,789:MainThread:STARTED THE PROGRAM
INFO:2025-06-26 12:10:01,587:MainThread:Dhan.py  started system
INFO:2025-06-26 12:10:01,587:MainThread:STARTED THE PROGRAM
INFO:2025-06-26 13:29:59,589:MainThread:Dhan.py  started system
INFO:2025-06-26 13:29:59,589:MainThread:STARTED THE PROGRAM
INFO:2025-06-26 13:31:31,028:MainThread:Dhan.py  started system
INFO:2025-06-26 13:31:31,029:MainThread:STARTED THE PROGRAM
INFO:2025-06-26 13:31:36,500:MainThread:Dhan.py  started system
INFO:2025-06-26 13:31:36,500:MainThread:STARTED THE PROGRAM
INFO:2025-06-26 13:31:43,137:MainThread:Dhan.py  started system
INFO:2025-06-26 13:31:43,137:MainThread:STARTED THE PROGRAM
INFO:2025-06-26 13:31:52,188:MainThread:Dhan.py  started system
INFO:2025-06-26 13:31:52,188:MainThread:STARTED THE PROGRAM
INFO:2025-06-26 13:31:58,727:MainThread:Dhan.py  started system
INFO:2025-06-26 13:31:58,727:MainThread:STARTED THE PROGRAM
INFO:2025-06-26 13:32:07,580:MainThread:Dhan.py  started system
INFO:2025-06-26 13:32:07,580:MainThread:STARTED THE PROGRAM
INFO:2025-06-26 13:32:16,299:MainThread:Dhan.py  started system
INFO:2025-06-26 13:32:16,299:MainThread:STARTED THE PROGRAM
INFO:2025-06-26 13:32:19,536:MainThread:Dhan.py  started system
INFO:2025-06-26 13:32:19,537:MainThread:STARTED THE PROGRAM
INFO:2025-06-26 13:32:28,663:MainThread:Dhan.py  started system
INFO:2025-06-26 13:32:28,663:MainThread:STARTED THE PROGRAM
INFO:2025-06-26 13:32:37,552:MainThread:Dhan.py  started system
INFO:2025-06-26 13:32:37,553:MainThread:STARTED THE PROGRAM
INFO:2025-06-26 13:32:46,215:MainThread:Dhan.py  started system
INFO:2025-06-26 13:32:46,216:MainThread:STARTED THE PROGRAM
INFO:2025-06-26 13:32:54,780:MainThread:Dhan.py  started system
INFO:2025-06-26 13:32:54,780:MainThread:STARTED THE PROGRAM
INFO:2025-06-26 13:33:04,022:MainThread:Dhan.py  started system
INFO:2025-06-26 13:33:04,023:MainThread:STARTED THE PROGRAM
INFO:2025-06-26 13:33:36,419:MainThread:Dhan.py  started system
INFO:2025-06-26 13:33:36,419:MainThread:STARTED THE PROGRAM
INFO:2025-06-26 13:52:54,668:MainThread:Dhan.py  started system
INFO:2025-06-26 13:52:54,669:MainThread:STARTED THE PROGRAM
INFO:2025-06-26 13:53:00,292:MainThread:Dhan.py  started system
INFO:2025-06-26 13:53:00,292:MainThread:STARTED THE PROGRAM
INFO:2025-06-26 13:53:09,369:MainThread:Dhan.py  started system
INFO:2025-06-26 13:53:09,369:MainThread:STARTED THE PROGRAM
INFO:2025-06-26 13:53:11,985:MainThread:Dhan.py  started system
INFO:2025-06-26 13:53:11,986:MainThread:STARTED THE PROGRAM
INFO:2025-06-26 13:53:17,570:MainThread:Dhan.py  started system
INFO:2025-06-26 13:53:17,570:MainThread:STARTED THE PROGRAM
INFO:2025-06-26 13:57:32,964:MainThread:Dhan.py  started system
INFO:2025-06-26 13:57:32,964:MainThread:STARTED THE PROGRAM
INFO:2025-06-26 13:57:37,559:MainThread:Dhan.py  started system
INFO:2025-06-26 13:57:37,559:MainThread:STARTED THE PROGRAM
INFO:2025-06-26 14:00:31,893:MainThread:Dhan.py  started system
INFO:2025-06-26 14:00:31,894:MainThread:STARTED THE PROGRAM
INFO:2025-06-26 14:00:36,536:MainThread:Dhan.py  started system
INFO:2025-06-26 14:00:36,537:MainThread:STARTED THE PROGRAM
INFO:2025-06-26 14:03:34,877:MainThread:Dhan.py  started system
INFO:2025-06-26 14:03:34,878:MainThread:STARTED THE PROGRAM
INFO:2025-06-26 14:03:39,542:MainThread:Dhan.py  started system
INFO:2025-06-26 14:03:39,543:MainThread:STARTED THE PROGRAM
INFO:2025-06-26 14:06:36,059:MainThread:Dhan.py  started system
INFO:2025-06-26 14:06:36,059:MainThread:STARTED THE PROGRAM
INFO:2025-06-26 14:07:04,550:MainThread:Dhan.py  started system
INFO:2025-06-26 14:07:04,551:MainThread:STARTED THE PROGRAM
INFO:2025-06-26 14:07:09,139:MainThread:Dhan.py  started system
INFO:2025-06-26 14:07:09,139:MainThread:STARTED THE PROGRAM
INFO:2025-06-26 14:11:48,776:MainThread:Dhan.py  started system
INFO:2025-06-26 14:11:48,776:MainThread:STARTED THE PROGRAM
INFO:2025-06-26 14:11:53,550:MainThread:Dhan.py  started system
INFO:2025-06-26 14:11:53,550:MainThread:STARTED THE PROGRAM
INFO:2025-06-26 14:14:45,190:MainThread:Dhan.py  started system
INFO:2025-06-26 14:14:45,190:MainThread:STARTED THE PROGRAM
INFO:2025-06-26 14:15:10,586:MainThread:Dhan.py  started system
INFO:2025-06-26 14:15:10,587:MainThread:STARTED THE PROGRAM
INFO:2025-06-26 14:15:15,265:MainThread:Dhan.py  started system
INFO:2025-06-26 14:15:15,265:MainThread:STARTED THE PROGRAM
INFO:2025-06-26 14:16:54,198:MainThread:Dhan.py  started system
INFO:2025-06-26 14:16:54,198:MainThread:STARTED THE PROGRAM
INFO:2025-06-26 14:16:59,189:MainThread:Dhan.py  started system
INFO:2025-06-26 14:16:59,190:MainThread:STARTED THE PROGRAM
INFO:2025-06-26 14:17:41,816:MainThread:Dhan.py  started system
INFO:2025-06-26 14:17:41,816:MainThread:STARTED THE PROGRAM
INFO:2025-06-26 19:54:49,768:MainThread:Dhan.py  started system
INFO:2025-06-26 19:54:50,441:MainThread:STARTED THE PROGRAM
INFO:2025-06-26 19:56:40,538:MainThread:Dhan.py  started system
INFO:2025-06-26 19:56:40,538:MainThread:STARTED THE PROGRAM
INFO:2025-06-26 19:59:15,944:MainThread:Dhan.py  started system
INFO:2025-06-26 19:59:15,945:MainThread:STARTED THE PROGRAM
INFO:2025-06-26 20:00:53,576:MainThread:Dhan.py  started system
INFO:2025-06-26 20:00:53,576:MainThread:STARTED THE PROGRAM
INFO:2025-06-26 20:06:55,275:MainThread:Dhan.py  started system
INFO:2025-06-26 20:06:55,276:MainThread:STARTED THE PROGRAM
INFO:2025-06-26 20:08:04,236:MainThread:Dhan.py  started system
INFO:2025-06-26 20:08:04,237:MainThread:STARTED THE PROGRAM
INFO:2025-06-26 20:15:34,985:MainThread:Dhan.py  started system
INFO:2025-06-26 20:15:34,985:MainThread:STARTED THE PROGRAM
INFO:2025-06-26 21:14:57,674:MainThread:Dhan.py  started system
INFO:2025-06-26 21:14:57,674:MainThread:STARTED THE PROGRAM
INFO:2025-06-26 21:15:08,616:MainThread:Dhan.py  started system
INFO:2025-06-26 21:15:08,616:MainThread:STARTED THE PROGRAM
ERROR:2025-06-26 21:16:39,205:MainThread:Exception in dhanhq>>intraday_minute_data: Object of type datetime is not JSON serializable
ERROR:2025-06-26 21:16:39,206:MainThread:Exception in Getting OHLC data as {'status': 'failure', 'remarks': 'Object of type datetime is not JSON serializable', 'data': ''}
Traceback (most recent call last):
  File "d:\AI Trading\VS Project\Trading\Dhan_Tradehull.py", line 571, in get_intraday_data
    raise Exception(ohlc)
Exception: {'status': 'failure', 'remarks': 'Object of type datetime is not JSON serializable', 'data': ''}
ERROR:2025-06-26 21:17:03,215:MainThread:Exception in dhanhq>>intraday_minute_data: Object of type datetime is not JSON serializable
ERROR:2025-06-26 21:17:03,216:MainThread:Exception in Getting OHLC data as {'status': 'failure', 'remarks': 'Object of type datetime is not JSON serializable', 'data': ''}
Traceback (most recent call last):
  File "d:\AI Trading\VS Project\Trading\Dhan_Tradehull.py", line 571, in get_intraday_data
    raise Exception(ohlc)
Exception: {'status': 'failure', 'remarks': 'Object of type datetime is not JSON serializable', 'data': ''}
ERROR:2025-06-26 21:19:45,748:MainThread:Exception in dhanhq>>intraday_minute_data: Object of type datetime is not JSON serializable
INFO:2025-06-26 21:21:50,826:MainThread:Dhan.py  started system
INFO:2025-06-26 21:21:50,826:MainThread:STARTED THE PROGRAM
INFO:2025-06-26 21:23:19,206:MainThread:Dhan.py  started system
INFO:2025-06-26 21:23:19,206:MainThread:STARTED THE PROGRAM
INFO:2025-06-26 21:24:42,009:MainThread:Dhan.py  started system
INFO:2025-06-26 21:24:42,010:MainThread:STARTED THE PROGRAM
INFO:2025-06-26 21:25:14,410:MainThread:Dhan.py  started system
INFO:2025-06-26 21:25:14,410:MainThread:STARTED THE PROGRAM
INFO:2025-06-26 21:27:14,804:MainThread:Dhan.py  started system
INFO:2025-06-26 21:27:14,805:MainThread:STARTED THE PROGRAM
INFO:2025-06-26 21:29:13,265:MainThread:Dhan.py  started system
INFO:2025-06-26 21:29:13,266:MainThread:STARTED THE PROGRAM
