INFO:2025-06-05 10:41:42,684:MainThread:Dhan.py  started system
INFO:2025-06-05 10:41:42,685:MainThread:STARTED THE PROGRAM
INFO:2025-06-05 10:44:56,343:MainThread:Dhan.py  started system
INFO:2025-06-05 10:44:56,344:MainThread:STARTED THE PROGRAM
INFO:2025-06-05 10:45:50,959:MainThread:Dhan.py  started system
INFO:2025-06-05 10:45:50,960:MainThread:STARTED THE PROGRAM
INFO:2025-06-05 10:47:26,083:MainThread:Dhan.py  started system
INFO:2025-06-05 10:47:26,084:MainThread:STARTED THE PROGRAM
INFO:2025-06-05 11:05:46,626:MainThread:Dhan.py  started system
INFO:2025-06-05 11:05:46,627:MainThread:STARTED THE PROGRAM
INFO:2025-06-05 11:10:48,663:MainThread:Dhan.py  started system
INFO:2025-06-05 11:10:48,664:MainThread:STARTED THE PROGRAM
INFO:2025-06-05 11:16:35,839:MainThread:Dhan.py  started system
INFO:2025-06-05 11:16:35,839:MainThread:STARTED THE PROGRAM
INFO:2025-06-05 11:17:35,660:MainThread:Dhan.py  started system
INFO:2025-06-05 11:17:35,660:MainThread:STARTED THE PROGRAM
INFO:2025-06-05 11:30:56,276:MainThread:Dhan.py  started system
INFO:2025-06-05 11:30:56,276:MainThread:STARTED THE PROGRAM
ERROR:2025-06-05 11:32:19,074:MainThread:Exception in Getting OHLC data as {'status': 'failure', 'remarks': {'error_code': 'DH-905', 'error_type': 'Input_Exception', 'error_message': 'Missing required fields, bad values for parameters etc.'}, 'data': {'errorType': 'Input_Exception', 'errorCode': 'DH-905', 'errorMessage': 'Missing required fields, bad values for parameters etc.'}}
Traceback (most recent call last):
  File "d:\AI Trading\VS Project\Trading\Dhan_Tradehull.py", line 508, in get_historical_data
    raise Exception(ohlc)
Exception: {'status': 'failure', 'remarks': {'error_code': 'DH-905', 'error_type': 'Input_Exception', 'error_message': 'Missing required fields, bad values for parameters etc.'}, 'data': {'errorType': 'Input_Exception', 'errorCode': 'DH-905', 'errorMessage': 'Missing required fields, bad values for parameters etc.'}}
ERROR:2025-06-05 11:32:20,218:MainThread:Exception in Getting OHLC data as {'status': 'failure', 'remarks': {'error_code': 'DH-905', 'error_type': 'Input_Exception', 'error_message': 'Missing required fields, bad values for parameters etc.'}, 'data': {'errorType': 'Input_Exception', 'errorCode': 'DH-905', 'errorMessage': 'Missing required fields, bad values for parameters etc.'}}
Traceback (most recent call last):
  File "d:\AI Trading\VS Project\Trading\Dhan_Tradehull.py", line 508, in get_historical_data
    raise Exception(ohlc)
Exception: {'status': 'failure', 'remarks': {'error_code': 'DH-905', 'error_type': 'Input_Exception', 'error_message': 'Missing required fields, bad values for parameters etc.'}, 'data': {'errorType': 'Input_Exception', 'errorCode': 'DH-905', 'errorMessage': 'Missing required fields, bad values for parameters etc.'}}
INFO:2025-06-05 11:45:19,302:MainThread:Dhan.py  started system
INFO:2025-06-05 11:45:19,303:MainThread:STARTED THE PROGRAM
INFO:2025-06-05 11:46:57,959:MainThread:Dhan.py  started system
INFO:2025-06-05 11:46:57,959:MainThread:STARTED THE PROGRAM
INFO:2025-06-05 11:47:41,151:MainThread:Dhan.py  started system
INFO:2025-06-05 11:47:41,152:MainThread:STARTED THE PROGRAM
INFO:2025-06-05 12:32:21,432:MainThread:Dhan.py  started system
INFO:2025-06-05 12:32:21,432:MainThread:STARTED THE PROGRAM
INFO:2025-06-05 12:49:19,366:MainThread:Dhan.py  started system
INFO:2025-06-05 12:49:19,366:MainThread:STARTED THE PROGRAM
INFO:2025-06-05 12:51:28,275:MainThread:Dhan.py  started system
INFO:2025-06-05 12:51:28,275:MainThread:STARTED THE PROGRAM
INFO:2025-06-05 12:58:46,141:MainThread:Dhan.py  started system
INFO:2025-06-05 12:58:46,141:MainThread:STARTED THE PROGRAM
INFO:2025-06-05 12:59:23,272:MainThread:Dhan.py  started system
INFO:2025-06-05 12:59:23,273:MainThread:STARTED THE PROGRAM
INFO:2025-06-05 13:09:33,392:MainThread:Dhan.py  started system
INFO:2025-06-05 13:09:33,392:MainThread:STARTED THE PROGRAM
INFO:2025-06-05 13:11:45,758:MainThread:Dhan.py  started system
INFO:2025-06-05 13:11:45,759:MainThread:STARTED THE PROGRAM
INFO:2025-06-05 13:12:34,508:MainThread:Dhan.py  started system
INFO:2025-06-05 13:12:34,508:MainThread:STARTED THE PROGRAM
INFO:2025-06-05 13:18:51,441:MainThread:Dhan.py  started system
INFO:2025-06-05 13:18:51,441:MainThread:STARTED THE PROGRAM
INFO:2025-06-05 13:19:37,009:MainThread:Dhan.py  started system
INFO:2025-06-05 13:19:37,010:MainThread:STARTED THE PROGRAM
INFO:2025-06-05 13:19:40,190:MainThread:Dhan.py  started system
INFO:2025-06-05 13:19:40,190:MainThread:STARTED THE PROGRAM
INFO:2025-06-05 13:22:04,736:MainThread:Dhan.py  started system
INFO:2025-06-05 13:22:04,736:MainThread:STARTED THE PROGRAM
INFO:2025-06-05 13:23:47,813:MainThread:Dhan.py  started system
INFO:2025-06-05 13:23:47,814:MainThread:STARTED THE PROGRAM
INFO:2025-06-05 13:25:23,642:MainThread:Dhan.py  started system
INFO:2025-06-05 13:25:23,643:MainThread:STARTED THE PROGRAM
INFO:2025-06-05 13:29:26,774:MainThread:Dhan.py  started system
INFO:2025-06-05 13:29:26,774:MainThread:STARTED THE PROGRAM
INFO:2025-06-05 13:29:27,777:MainThread:Dhan.py  started system
INFO:2025-06-05 13:29:27,777:MainThread:STARTED THE PROGRAM
INFO:2025-06-05 13:29:31,317:MainThread:Dhan.py  started system
INFO:2025-06-05 13:29:31,317:MainThread:STARTED THE PROGRAM
INFO:2025-06-05 13:29:32,505:MainThread:Dhan.py  started system
INFO:2025-06-05 13:29:32,505:MainThread:STARTED THE PROGRAM
INFO:2025-06-05 13:29:36,968:MainThread:Dhan.py  started system
INFO:2025-06-05 13:29:36,968:MainThread:STARTED THE PROGRAM
INFO:2025-06-05 13:30:19,103:MainThread:Dhan.py  started system
INFO:2025-06-05 13:30:19,104:MainThread:STARTED THE PROGRAM
INFO:2025-06-05 13:30:43,378:MainThread:Dhan.py  started system
INFO:2025-06-05 13:30:43,379:MainThread:STARTED THE PROGRAM
INFO:2025-06-05 13:32:12,199:MainThread:Dhan.py  started system
INFO:2025-06-05 13:32:12,200:MainThread:STARTED THE PROGRAM
INFO:2025-06-05 13:33:08,832:MainThread:Dhan.py  started system
INFO:2025-06-05 13:33:08,833:MainThread:STARTED THE PROGRAM
INFO:2025-06-05 13:36:19,552:MainThread:Dhan.py  started system
INFO:2025-06-05 13:36:19,553:MainThread:STARTED THE PROGRAM
INFO:2025-06-05 13:48:24,601:MainThread:Dhan.py  started system
INFO:2025-06-05 13:48:24,602:MainThread:STARTED THE PROGRAM
INFO:2025-06-05 14:13:59,077:MainThread:Dhan.py  started system
INFO:2025-06-05 14:13:59,078:MainThread:STARTED THE PROGRAM
INFO:2025-06-05 14:14:13,075:MainThread:Dhan.py  started system
INFO:2025-06-05 14:14:13,075:MainThread:STARTED THE PROGRAM
INFO:2025-06-05 14:14:33,811:MainThread:Dhan.py  started system
INFO:2025-06-05 14:14:33,812:MainThread:STARTED THE PROGRAM
INFO:2025-06-05 14:14:51,997:MainThread:Dhan.py  started system
INFO:2025-06-05 14:14:51,997:MainThread:STARTED THE PROGRAM
INFO:2025-06-05 14:16:14,065:MainThread:Dhan.py  started system
INFO:2025-06-05 14:16:14,066:MainThread:STARTED THE PROGRAM
INFO:2025-06-05 14:16:36,259:MainThread:Dhan.py  started system
INFO:2025-06-05 14:16:36,260:MainThread:STARTED THE PROGRAM
INFO:2025-06-05 14:17:29,206:MainThread:Dhan.py  started system
INFO:2025-06-05 14:17:29,206:MainThread:STARTED THE PROGRAM
INFO:2025-06-05 14:24:15,819:MainThread:Dhan.py  started system
INFO:2025-06-05 14:24:15,820:MainThread:STARTED THE PROGRAM
INFO:2025-06-05 14:27:50,217:MainThread:Dhan.py  started system
INFO:2025-06-05 14:27:50,217:MainThread:STARTED THE PROGRAM
INFO:2025-06-05 14:30:56,522:MainThread:Dhan.py  started system
INFO:2025-06-05 14:30:56,523:MainThread:STARTED THE PROGRAM
INFO:2025-06-05 14:31:08,099:MainThread:Dhan.py  started system
INFO:2025-06-05 14:31:08,099:MainThread:STARTED THE PROGRAM
INFO:2025-06-05 14:31:15,928:MainThread:Dhan.py  started system
INFO:2025-06-05 14:31:15,928:MainThread:STARTED THE PROGRAM
INFO:2025-06-05 14:34:15,474:MainThread:Dhan.py  started system
INFO:2025-06-05 14:34:15,475:MainThread:STARTED THE PROGRAM
INFO:2025-06-05 14:35:16,245:MainThread:Dhan.py  started system
INFO:2025-06-05 14:35:16,246:MainThread:STARTED THE PROGRAM
INFO:2025-06-05 14:35:57,805:MainThread:Dhan.py  started system
INFO:2025-06-05 14:35:57,806:MainThread:STARTED THE PROGRAM
INFO:2025-06-05 14:36:50,215:MainThread:Dhan.py  started system
INFO:2025-06-05 14:36:50,216:MainThread:STARTED THE PROGRAM
INFO:2025-06-05 14:38:35,455:MainThread:Dhan.py  started system
INFO:2025-06-05 14:38:35,456:MainThread:STARTED THE PROGRAM
INFO:2025-06-05 14:40:20,414:MainThread:Dhan.py  started system
INFO:2025-06-05 14:40:20,415:MainThread:STARTED THE PROGRAM
INFO:2025-06-05 14:43:07,371:MainThread:Dhan.py  started system
INFO:2025-06-05 14:43:07,371:MainThread:STARTED THE PROGRAM
INFO:2025-06-05 14:43:18,601:MainThread:Dhan.py  started system
INFO:2025-06-05 14:43:18,602:MainThread:STARTED THE PROGRAM
INFO:2025-06-05 14:43:23,090:MainThread:Dhan.py  started system
INFO:2025-06-05 14:43:23,090:MainThread:STARTED THE PROGRAM
INFO:2025-06-05 14:44:25,450:MainThread:Dhan.py  started system
INFO:2025-06-05 14:44:25,451:MainThread:STARTED THE PROGRAM
INFO:2025-06-05 14:44:29,968:MainThread:Dhan.py  started system
INFO:2025-06-05 14:44:29,968:MainThread:STARTED THE PROGRAM
INFO:2025-06-05 14:44:39,032:MainThread:Dhan.py  started system
INFO:2025-06-05 14:44:39,032:MainThread:STARTED THE PROGRAM
INFO:2025-06-05 14:55:41,213:MainThread:Dhan.py  started system
INFO:2025-06-05 14:55:41,213:MainThread:STARTED THE PROGRAM
INFO:2025-06-05 14:56:32,845:MainThread:Dhan.py  started system
INFO:2025-06-05 14:56:32,845:MainThread:STARTED THE PROGRAM
INFO:2025-06-05 14:56:46,283:MainThread:Dhan.py  started system
INFO:2025-06-05 14:56:46,283:MainThread:STARTED THE PROGRAM
INFO:2025-06-05 14:56:50,975:MainThread:Dhan.py  started system
INFO:2025-06-05 14:56:50,975:MainThread:STARTED THE PROGRAM
INFO:2025-06-05 14:56:59,118:MainThread:Dhan.py  started system
INFO:2025-06-05 14:56:59,118:MainThread:STARTED THE PROGRAM
INFO:2025-06-05 14:57:07,285:MainThread:Dhan.py  started system
INFO:2025-06-05 14:57:07,285:MainThread:STARTED THE PROGRAM
INFO:2025-06-05 15:47:01,904:MainThread:Dhan.py  started system
INFO:2025-06-05 15:47:01,904:MainThread:STARTED THE PROGRAM
INFO:2025-06-05 15:47:01,907:MainThread:Dhan.py  started system
INFO:2025-06-05 15:47:01,907:MainThread:STARTED THE PROGRAM
INFO:2025-06-05 15:47:01,908:MainThread:Dhan.py  started system
INFO:2025-06-05 15:47:01,908:MainThread:STARTED THE PROGRAM
INFO:2025-06-05 15:47:08,181:MainThread:Dhan.py  started system
INFO:2025-06-05 15:47:08,182:MainThread:STARTED THE PROGRAM
INFO:2025-06-05 15:47:14,242:MainThread:Dhan.py  started system
INFO:2025-06-05 15:47:14,242:MainThread:STARTED THE PROGRAM
INFO:2025-06-05 15:47:20,328:MainThread:Dhan.py  started system
INFO:2025-06-05 15:47:20,328:MainThread:STARTED THE PROGRAM
INFO:2025-06-05 15:47:33,472:MainThread:Dhan.py  started system
INFO:2025-06-05 15:47:33,473:MainThread:STARTED THE PROGRAM
INFO:2025-06-05 15:47:33,476:MainThread:Dhan.py  started system
INFO:2025-06-05 15:47:33,477:MainThread:STARTED THE PROGRAM
INFO:2025-06-05 15:47:33,519:MainThread:Dhan.py  started system
INFO:2025-06-05 15:47:33,519:MainThread:STARTED THE PROGRAM
INFO:2025-06-05 15:47:39,694:MainThread:Dhan.py  started system
INFO:2025-06-05 15:47:39,694:MainThread:STARTED THE PROGRAM
INFO:2025-06-05 15:47:45,750:MainThread:Dhan.py  started system
INFO:2025-06-05 15:47:45,750:MainThread:STARTED THE PROGRAM
INFO:2025-06-05 15:51:59,812:MainThread:Dhan.py  started system
INFO:2025-06-05 15:51:59,812:MainThread:Dhan.py  started system
INFO:2025-06-05 15:51:59,813:MainThread:STARTED THE PROGRAM
INFO:2025-06-05 15:51:59,813:MainThread:STARTED THE PROGRAM
INFO:2025-06-05 15:51:59,871:MainThread:Dhan.py  started system
INFO:2025-06-05 15:51:59,871:MainThread:STARTED THE PROGRAM
INFO:2025-06-05 15:52:06,076:MainThread:Dhan.py  started system
INFO:2025-06-05 15:52:06,076:MainThread:STARTED THE PROGRAM
INFO:2025-06-05 15:52:12,180:MainThread:Dhan.py  started system
INFO:2025-06-05 15:52:12,180:MainThread:STARTED THE PROGRAM
INFO:2025-06-05 15:52:18,250:MainThread:Dhan.py  started system
INFO:2025-06-05 15:52:18,250:MainThread:STARTED THE PROGRAM
INFO:2025-06-05 15:55:07,492:MainThread:Dhan.py  started system
INFO:2025-06-05 15:55:07,493:MainThread:STARTED THE PROGRAM
INFO:2025-06-05 16:29:10,016:MainThread:Dhan.py  started system
INFO:2025-06-05 16:29:10,017:MainThread:STARTED THE PROGRAM
INFO:2025-06-05 16:35:56,430:MainThread:Dhan.py  started system
INFO:2025-06-05 16:35:56,430:MainThread:STARTED THE PROGRAM
INFO:2025-06-05 16:36:26,473:MainThread:Dhan.py  started system
INFO:2025-06-05 16:36:26,473:MainThread:STARTED THE PROGRAM
INFO:2025-06-05 16:36:34,214:MainThread:Dhan.py  started system
INFO:2025-06-05 16:36:34,214:MainThread:STARTED THE PROGRAM
INFO:2025-06-05 16:36:38,857:MainThread:Dhan.py  started system
INFO:2025-06-05 16:36:38,858:MainThread:STARTED THE PROGRAM
INFO:2025-06-05 16:36:45,382:MainThread:Dhan.py  started system
INFO:2025-06-05 16:36:45,382:MainThread:STARTED THE PROGRAM
INFO:2025-06-05 16:36:51,928:MainThread:Dhan.py  started system
INFO:2025-06-05 16:36:51,928:MainThread:STARTED THE PROGRAM
INFO:2025-06-05 16:36:58,317:MainThread:Dhan.py  started system
INFO:2025-06-05 16:36:58,317:MainThread:STARTED THE PROGRAM
INFO:2025-06-05 16:37:04,344:MainThread:Dhan.py  started system
INFO:2025-06-05 16:37:04,344:MainThread:STARTED THE PROGRAM
INFO:2025-06-05 17:00:40,257:MainThread:Dhan.py  started system
INFO:2025-06-05 17:00:40,257:MainThread:STARTED THE PROGRAM
INFO:2025-06-05 17:05:38,893:MainThread:Dhan.py  started system
INFO:2025-06-05 17:05:38,893:MainThread:STARTED THE PROGRAM
INFO:2025-06-05 17:06:12,105:MainThread:Dhan.py  started system
INFO:2025-06-05 17:06:12,106:MainThread:STARTED THE PROGRAM
INFO:2025-06-05 17:06:20,816:MainThread:Dhan.py  started system
INFO:2025-06-05 17:06:20,816:MainThread:STARTED THE PROGRAM
INFO:2025-06-05 17:08:16,696:MainThread:Dhan.py  started system
INFO:2025-06-05 17:08:16,696:MainThread:STARTED THE PROGRAM
