INFO:2025-06-04 09:51:41,073:MainThread:Dhan.py  started system
INFO:2025-06-04 09:51:41,074:MainThread:STARTED THE PROGRAM
INFO:2025-06-04 09:52:58,596:MainThread:Dhan.py  started system
INFO:2025-06-04 09:52:58,596:MainThread:STARTED THE PROGRAM
INFO:2025-06-04 09:55:00,375:MainThread:Dhan.py  started system
INFO:2025-06-04 09:55:00,375:MainThread:STARTED THE PROGRAM
INFO:2025-06-04 09:55:35,194:MainThread:Dhan.py  started system
INFO:2025-06-04 09:55:35,194:MainThread:STARTED THE PROGRAM
INFO:2025-06-04 09:57:24,224:MainThread:Dhan.py  started system
INFO:2025-06-04 09:57:24,224:MainThread:STARTED THE PROGRAM
INFO:2025-06-04 09:57:50,635:MainThread:Dhan.py  started system
INFO:2025-06-04 09:57:50,636:MainThread:STARTED THE PROGRAM
INFO:2025-06-04 10:05:58,792:MainThread:Dhan.py  started system
INFO:2025-06-04 10:05:58,793:MainThread:STARTED THE PROGRAM
INFO:2025-06-04 10:11:02,564:MainThread:Dhan.py  started system
INFO:2025-06-04 10:11:02,564:MainThread:STARTED THE PROGRAM
INFO:2025-06-04 10:13:02,121:MainThread:Dhan.py  started system
INFO:2025-06-04 10:13:02,122:MainThread:STARTED THE PROGRAM
INFO:2025-06-04 10:15:15,396:MainThread:Dhan.py  started system
INFO:2025-06-04 10:15:15,397:MainThread:STARTED THE PROGRAM
INFO:2025-06-04 10:16:04,164:MainThread:Dhan.py  started system
INFO:2025-06-04 10:16:04,165:MainThread:STARTED THE PROGRAM
INFO:2025-06-04 10:21:45,258:MainThread:Dhan.py  started system
INFO:2025-06-04 10:21:45,259:MainThread:STARTED THE PROGRAM
INFO:2025-06-04 10:21:48,405:MainThread:Dhan.py  started system
INFO:2025-06-04 10:21:48,406:MainThread:STARTED THE PROGRAM
INFO:2025-06-04 10:22:22,628:MainThread:Dhan.py  started system
INFO:2025-06-04 10:22:22,628:MainThread:STARTED THE PROGRAM
INFO:2025-06-04 10:23:31,963:MainThread:Dhan.py  started system
INFO:2025-06-04 10:23:31,964:MainThread:STARTED THE PROGRAM
INFO:2025-06-04 10:23:39,744:MainThread:Dhan.py  started system
INFO:2025-06-04 10:23:39,744:MainThread:STARTED THE PROGRAM
INFO:2025-06-04 10:24:36,743:MainThread:Dhan.py  started system
INFO:2025-06-04 10:24:36,743:MainThread:STARTED THE PROGRAM
INFO:2025-06-04 10:24:40,789:MainThread:Dhan.py  started system
INFO:2025-06-04 10:24:40,789:MainThread:STARTED THE PROGRAM
INFO:2025-06-04 10:24:40,947:MainThread:Dhan.py  started system
INFO:2025-06-04 10:24:40,948:MainThread:STARTED THE PROGRAM
INFO:2025-06-04 10:25:16,292:MainThread:Dhan.py  started system
INFO:2025-06-04 10:25:16,292:MainThread:STARTED THE PROGRAM
INFO:2025-06-04 10:25:23,964:MainThread:Dhan.py  started system
INFO:2025-06-04 10:25:23,964:MainThread:STARTED THE PROGRAM
INFO:2025-06-04 10:26:01,023:MainThread:Dhan.py  started system
INFO:2025-06-04 10:26:01,023:MainThread:STARTED THE PROGRAM
INFO:2025-06-04 10:26:02,082:MainThread:Dhan.py  started system
INFO:2025-06-04 10:26:02,082:MainThread:STARTED THE PROGRAM
INFO:2025-06-04 10:26:03,155:MainThread:Dhan.py  started system
INFO:2025-06-04 10:26:03,155:MainThread:STARTED THE PROGRAM
INFO:2025-06-04 10:26:04,222:MainThread:Dhan.py  started system
INFO:2025-06-04 10:26:04,223:MainThread:STARTED THE PROGRAM
INFO:2025-06-04 10:26:05,255:MainThread:Dhan.py  started system
INFO:2025-06-04 10:26:05,255:MainThread:STARTED THE PROGRAM
INFO:2025-06-04 10:26:06,332:MainThread:Dhan.py  started system
INFO:2025-06-04 10:26:06,332:MainThread:STARTED THE PROGRAM
INFO:2025-06-04 10:26:07,387:MainThread:Dhan.py  started system
INFO:2025-06-04 10:26:07,387:MainThread:STARTED THE PROGRAM
INFO:2025-06-04 10:26:08,450:MainThread:Dhan.py  started system
INFO:2025-06-04 10:26:08,450:MainThread:STARTED THE PROGRAM
INFO:2025-06-04 10:26:09,533:MainThread:Dhan.py  started system
INFO:2025-06-04 10:26:09,533:MainThread:STARTED THE PROGRAM
INFO:2025-06-04 10:26:10,571:MainThread:Dhan.py  started system
INFO:2025-06-04 10:26:10,571:MainThread:STARTED THE PROGRAM
INFO:2025-06-04 10:26:11,632:MainThread:Dhan.py  started system
INFO:2025-06-04 10:26:11,632:MainThread:STARTED THE PROGRAM
INFO:2025-06-04 10:26:12,669:MainThread:Dhan.py  started system
INFO:2025-06-04 10:26:12,669:MainThread:STARTED THE PROGRAM
INFO:2025-06-04 10:26:13,704:MainThread:Dhan.py  started system
INFO:2025-06-04 10:26:13,704:MainThread:STARTED THE PROGRAM
INFO:2025-06-04 10:26:14,761:MainThread:Dhan.py  started system
INFO:2025-06-04 10:26:14,762:MainThread:STARTED THE PROGRAM
INFO:2025-06-04 10:26:15,824:MainThread:Dhan.py  started system
INFO:2025-06-04 10:26:15,824:MainThread:STARTED THE PROGRAM
INFO:2025-06-04 10:26:16,888:MainThread:Dhan.py  started system
INFO:2025-06-04 10:26:16,888:MainThread:STARTED THE PROGRAM
INFO:2025-06-04 10:26:17,933:MainThread:Dhan.py  started system
INFO:2025-06-04 10:26:17,933:MainThread:STARTED THE PROGRAM
INFO:2025-06-04 10:26:18,980:MainThread:Dhan.py  started system
INFO:2025-06-04 10:26:18,980:MainThread:STARTED THE PROGRAM
INFO:2025-06-04 10:26:20,025:MainThread:Dhan.py  started system
INFO:2025-06-04 10:26:20,025:MainThread:STARTED THE PROGRAM
INFO:2025-06-04 10:26:21,077:MainThread:Dhan.py  started system
INFO:2025-06-04 10:26:21,077:MainThread:STARTED THE PROGRAM
INFO:2025-06-04 10:26:22,111:MainThread:Dhan.py  started system
INFO:2025-06-04 10:26:22,111:MainThread:STARTED THE PROGRAM
INFO:2025-06-04 10:26:23,133:MainThread:Dhan.py  started system
INFO:2025-06-04 10:26:23,133:MainThread:STARTED THE PROGRAM
INFO:2025-06-04 10:26:24,197:MainThread:Dhan.py  started system
INFO:2025-06-04 10:26:24,197:MainThread:STARTED THE PROGRAM
INFO:2025-06-04 10:26:25,211:MainThread:Dhan.py  started system
INFO:2025-06-04 10:26:25,211:MainThread:STARTED THE PROGRAM
INFO:2025-06-04 10:26:26,232:MainThread:Dhan.py  started system
INFO:2025-06-04 10:26:26,232:MainThread:STARTED THE PROGRAM
INFO:2025-06-04 10:26:27,295:MainThread:Dhan.py  started system
INFO:2025-06-04 10:26:27,295:MainThread:STARTED THE PROGRAM
INFO:2025-06-04 10:26:28,329:MainThread:Dhan.py  started system
INFO:2025-06-04 10:26:28,329:MainThread:STARTED THE PROGRAM
INFO:2025-06-04 10:26:29,369:MainThread:Dhan.py  started system
INFO:2025-06-04 10:26:29,369:MainThread:STARTED THE PROGRAM
INFO:2025-06-04 10:26:30,407:MainThread:Dhan.py  started system
INFO:2025-06-04 10:26:30,407:MainThread:STARTED THE PROGRAM
INFO:2025-06-04 10:26:31,459:MainThread:Dhan.py  started system
INFO:2025-06-04 10:26:31,459:MainThread:STARTED THE PROGRAM
INFO:2025-06-04 10:26:32,480:MainThread:Dhan.py  started system
INFO:2025-06-04 10:26:32,480:MainThread:STARTED THE PROGRAM
INFO:2025-06-04 10:26:33,581:MainThread:Dhan.py  started system
INFO:2025-06-04 10:26:33,581:MainThread:STARTED THE PROGRAM
INFO:2025-06-04 10:26:34,640:MainThread:Dhan.py  started system
INFO:2025-06-04 10:26:34,640:MainThread:STARTED THE PROGRAM
INFO:2025-06-04 10:26:35,705:MainThread:Dhan.py  started system
INFO:2025-06-04 10:26:35,706:MainThread:STARTED THE PROGRAM
INFO:2025-06-04 10:26:36,719:MainThread:Dhan.py  started system
INFO:2025-06-04 10:26:36,719:MainThread:STARTED THE PROGRAM
INFO:2025-06-04 10:26:37,796:MainThread:Dhan.py  started system
INFO:2025-06-04 10:26:37,796:MainThread:STARTED THE PROGRAM
INFO:2025-06-04 10:26:38,821:MainThread:Dhan.py  started system
INFO:2025-06-04 10:26:38,821:MainThread:STARTED THE PROGRAM
INFO:2025-06-04 10:26:39,867:MainThread:Dhan.py  started system
INFO:2025-06-04 10:26:39,867:MainThread:STARTED THE PROGRAM
INFO:2025-06-04 10:26:40,889:MainThread:Dhan.py  started system
INFO:2025-06-04 10:26:40,889:MainThread:STARTED THE PROGRAM
INFO:2025-06-04 10:26:41,994:MainThread:Dhan.py  started system
INFO:2025-06-04 10:26:41,994:MainThread:STARTED THE PROGRAM
INFO:2025-06-04 10:26:43,071:MainThread:Dhan.py  started system
INFO:2025-06-04 10:26:43,071:MainThread:STARTED THE PROGRAM
INFO:2025-06-04 10:26:44,105:MainThread:Dhan.py  started system
INFO:2025-06-04 10:26:44,105:MainThread:STARTED THE PROGRAM
INFO:2025-06-04 10:26:45,151:MainThread:Dhan.py  started system
INFO:2025-06-04 10:26:45,151:MainThread:STARTED THE PROGRAM
INFO:2025-06-04 10:26:46,226:MainThread:Dhan.py  started system
INFO:2025-06-04 10:26:46,226:MainThread:STARTED THE PROGRAM
INFO:2025-06-04 10:26:47,322:MainThread:Dhan.py  started system
INFO:2025-06-04 10:26:47,323:MainThread:STARTED THE PROGRAM
INFO:2025-06-04 10:26:48,371:MainThread:Dhan.py  started system
INFO:2025-06-04 10:26:48,371:MainThread:STARTED THE PROGRAM
INFO:2025-06-04 10:26:49,415:MainThread:Dhan.py  started system
INFO:2025-06-04 10:26:49,415:MainThread:STARTED THE PROGRAM
INFO:2025-06-04 10:26:50,467:MainThread:Dhan.py  started system
INFO:2025-06-04 10:26:50,468:MainThread:STARTED THE PROGRAM
INFO:2025-06-04 10:26:51,503:MainThread:Dhan.py  started system
INFO:2025-06-04 10:26:51,503:MainThread:STARTED THE PROGRAM
INFO:2025-06-04 10:26:52,528:MainThread:Dhan.py  started system
INFO:2025-06-04 10:26:52,528:MainThread:STARTED THE PROGRAM
INFO:2025-06-04 10:26:53,547:MainThread:Dhan.py  started system
INFO:2025-06-04 10:26:53,547:MainThread:STARTED THE PROGRAM
INFO:2025-06-04 10:26:54,581:MainThread:Dhan.py  started system
INFO:2025-06-04 10:26:54,581:MainThread:STARTED THE PROGRAM
INFO:2025-06-04 10:26:55,622:MainThread:Dhan.py  started system
INFO:2025-06-04 10:26:55,622:MainThread:STARTED THE PROGRAM
INFO:2025-06-04 10:26:56,646:MainThread:Dhan.py  started system
INFO:2025-06-04 10:26:56,646:MainThread:STARTED THE PROGRAM
INFO:2025-06-04 10:26:57,729:MainThread:Dhan.py  started system
INFO:2025-06-04 10:26:57,729:MainThread:STARTED THE PROGRAM
INFO:2025-06-04 10:26:58,761:MainThread:Dhan.py  started system
INFO:2025-06-04 10:26:58,761:MainThread:STARTED THE PROGRAM
INFO:2025-06-04 10:26:59,911:MainThread:Dhan.py  started system
INFO:2025-06-04 10:26:59,912:MainThread:STARTED THE PROGRAM
INFO:2025-06-04 10:27:00,945:MainThread:Dhan.py  started system
INFO:2025-06-04 10:27:00,945:MainThread:STARTED THE PROGRAM
INFO:2025-06-04 10:27:02,024:MainThread:Dhan.py  started system
INFO:2025-06-04 10:27:02,024:MainThread:STARTED THE PROGRAM
INFO:2025-06-04 10:27:03,091:MainThread:Dhan.py  started system
INFO:2025-06-04 10:27:03,091:MainThread:STARTED THE PROGRAM
INFO:2025-06-04 10:27:04,120:MainThread:Dhan.py  started system
INFO:2025-06-04 10:27:04,120:MainThread:STARTED THE PROGRAM
INFO:2025-06-04 10:27:05,165:MainThread:Dhan.py  started system
INFO:2025-06-04 10:27:05,165:MainThread:STARTED THE PROGRAM
INFO:2025-06-04 10:27:06,196:MainThread:Dhan.py  started system
INFO:2025-06-04 10:27:06,196:MainThread:STARTED THE PROGRAM
INFO:2025-06-04 10:27:07,254:MainThread:Dhan.py  started system
INFO:2025-06-04 10:27:07,254:MainThread:STARTED THE PROGRAM
INFO:2025-06-04 10:27:08,286:MainThread:Dhan.py  started system
INFO:2025-06-04 10:27:08,286:MainThread:STARTED THE PROGRAM
INFO:2025-06-04 10:27:09,338:MainThread:Dhan.py  started system
INFO:2025-06-04 10:27:09,338:MainThread:STARTED THE PROGRAM
INFO:2025-06-04 10:27:10,395:MainThread:Dhan.py  started system
INFO:2025-06-04 10:27:10,395:MainThread:STARTED THE PROGRAM
INFO:2025-06-04 10:27:11,447:MainThread:Dhan.py  started system
INFO:2025-06-04 10:27:11,447:MainThread:STARTED THE PROGRAM
INFO:2025-06-04 10:27:12,518:MainThread:Dhan.py  started system
INFO:2025-06-04 10:27:12,518:MainThread:STARTED THE PROGRAM
INFO:2025-06-04 10:27:13,545:MainThread:Dhan.py  started system
INFO:2025-06-04 10:27:13,545:MainThread:STARTED THE PROGRAM
INFO:2025-06-04 10:27:14,613:MainThread:Dhan.py  started system
INFO:2025-06-04 10:27:14,613:MainThread:STARTED THE PROGRAM
INFO:2025-06-04 10:27:15,666:MainThread:Dhan.py  started system
INFO:2025-06-04 10:27:15,666:MainThread:STARTED THE PROGRAM
INFO:2025-06-04 10:27:16,678:MainThread:Dhan.py  started system
INFO:2025-06-04 10:27:16,678:MainThread:STARTED THE PROGRAM
INFO:2025-06-04 10:27:17,718:MainThread:Dhan.py  started system
INFO:2025-06-04 10:27:17,718:MainThread:STARTED THE PROGRAM
INFO:2025-06-04 10:27:18,745:MainThread:Dhan.py  started system
INFO:2025-06-04 10:27:18,746:MainThread:STARTED THE PROGRAM
INFO:2025-06-04 10:27:19,762:MainThread:Dhan.py  started system
INFO:2025-06-04 10:27:19,762:MainThread:STARTED THE PROGRAM
INFO:2025-06-04 10:27:20,797:MainThread:Dhan.py  started system
INFO:2025-06-04 10:27:20,797:MainThread:STARTED THE PROGRAM
INFO:2025-06-04 10:27:21,860:MainThread:Dhan.py  started system
INFO:2025-06-04 10:27:21,860:MainThread:STARTED THE PROGRAM
INFO:2025-06-04 10:27:22,883:MainThread:Dhan.py  started system
INFO:2025-06-04 10:27:22,883:MainThread:STARTED THE PROGRAM
INFO:2025-06-04 10:27:23,927:MainThread:Dhan.py  started system
INFO:2025-06-04 10:27:23,927:MainThread:STARTED THE PROGRAM
INFO:2025-06-04 10:27:24,954:MainThread:Dhan.py  started system
INFO:2025-06-04 10:27:24,954:MainThread:STARTED THE PROGRAM
INFO:2025-06-04 10:27:26,066:MainThread:Dhan.py  started system
INFO:2025-06-04 10:27:26,067:MainThread:STARTED THE PROGRAM
INFO:2025-06-04 10:27:27,113:MainThread:Dhan.py  started system
INFO:2025-06-04 10:27:27,114:MainThread:STARTED THE PROGRAM
INFO:2025-06-04 10:27:28,180:MainThread:Dhan.py  started system
INFO:2025-06-04 10:27:28,180:MainThread:STARTED THE PROGRAM
INFO:2025-06-04 10:27:29,231:MainThread:Dhan.py  started system
INFO:2025-06-04 10:27:29,231:MainThread:STARTED THE PROGRAM
INFO:2025-06-04 10:27:30,343:MainThread:Dhan.py  started system
INFO:2025-06-04 10:27:30,343:MainThread:STARTED THE PROGRAM
INFO:2025-06-04 10:27:31,510:MainThread:Dhan.py  started system
INFO:2025-06-04 10:27:31,510:MainThread:STARTED THE PROGRAM
INFO:2025-06-04 10:27:32,669:MainThread:Dhan.py  started system
INFO:2025-06-04 10:27:32,670:MainThread:STARTED THE PROGRAM
INFO:2025-06-04 10:27:33,758:MainThread:Dhan.py  started system
INFO:2025-06-04 10:27:33,758:MainThread:STARTED THE PROGRAM
INFO:2025-06-04 10:27:34,794:MainThread:Dhan.py  started system
INFO:2025-06-04 10:27:34,794:MainThread:STARTED THE PROGRAM
INFO:2025-06-04 10:27:35,862:MainThread:Dhan.py  started system
INFO:2025-06-04 10:27:35,862:MainThread:STARTED THE PROGRAM
INFO:2025-06-04 10:27:36,903:MainThread:Dhan.py  started system
INFO:2025-06-04 10:27:36,903:MainThread:STARTED THE PROGRAM
INFO:2025-06-04 10:27:37,946:MainThread:Dhan.py  started system
INFO:2025-06-04 10:27:37,946:MainThread:STARTED THE PROGRAM
INFO:2025-06-04 10:27:39,150:MainThread:Dhan.py  started system
INFO:2025-06-04 10:27:39,150:MainThread:STARTED THE PROGRAM
INFO:2025-06-04 10:27:40,225:MainThread:Dhan.py  started system
INFO:2025-06-04 10:27:40,225:MainThread:STARTED THE PROGRAM
INFO:2025-06-04 10:27:41,242:MainThread:Dhan.py  started system
INFO:2025-06-04 10:27:41,242:MainThread:STARTED THE PROGRAM
INFO:2025-06-04 10:27:42,271:MainThread:Dhan.py  started system
INFO:2025-06-04 10:27:42,271:MainThread:STARTED THE PROGRAM
INFO:2025-06-04 10:27:43,313:MainThread:Dhan.py  started system
INFO:2025-06-04 10:27:43,314:MainThread:STARTED THE PROGRAM
INFO:2025-06-04 10:27:44,361:MainThread:Dhan.py  started system
INFO:2025-06-04 10:27:44,361:MainThread:STARTED THE PROGRAM
INFO:2025-06-04 10:27:45,426:MainThread:Dhan.py  started system
INFO:2025-06-04 10:27:45,426:MainThread:STARTED THE PROGRAM
INFO:2025-06-04 10:27:46,476:MainThread:Dhan.py  started system
INFO:2025-06-04 10:27:46,476:MainThread:STARTED THE PROGRAM
INFO:2025-06-04 10:27:47,519:MainThread:Dhan.py  started system
INFO:2025-06-04 10:27:47,519:MainThread:STARTED THE PROGRAM
INFO:2025-06-04 10:27:48,560:MainThread:Dhan.py  started system
INFO:2025-06-04 10:27:48,560:MainThread:STARTED THE PROGRAM
INFO:2025-06-04 10:27:49,603:MainThread:Dhan.py  started system
INFO:2025-06-04 10:27:49,603:MainThread:STARTED THE PROGRAM
INFO:2025-06-04 10:27:50,644:MainThread:Dhan.py  started system
INFO:2025-06-04 10:27:50,644:MainThread:STARTED THE PROGRAM
INFO:2025-06-04 10:27:51,699:MainThread:Dhan.py  started system
INFO:2025-06-04 10:27:51,699:MainThread:STARTED THE PROGRAM
INFO:2025-06-04 10:27:52,748:MainThread:Dhan.py  started system
INFO:2025-06-04 10:27:52,748:MainThread:STARTED THE PROGRAM
INFO:2025-06-04 10:27:53,781:MainThread:Dhan.py  started system
INFO:2025-06-04 10:27:53,781:MainThread:STARTED THE PROGRAM
INFO:2025-06-04 10:27:54,823:MainThread:Dhan.py  started system
INFO:2025-06-04 10:27:54,823:MainThread:STARTED THE PROGRAM
INFO:2025-06-04 10:27:55,878:MainThread:Dhan.py  started system
INFO:2025-06-04 10:27:55,878:MainThread:STARTED THE PROGRAM
INFO:2025-06-04 10:27:56,963:MainThread:Dhan.py  started system
INFO:2025-06-04 10:27:56,963:MainThread:STARTED THE PROGRAM
INFO:2025-06-04 10:27:58,039:MainThread:Dhan.py  started system
INFO:2025-06-04 10:27:58,039:MainThread:STARTED THE PROGRAM
INFO:2025-06-04 10:27:59,095:MainThread:Dhan.py  started system
INFO:2025-06-04 10:27:59,095:MainThread:STARTED THE PROGRAM
INFO:2025-06-04 10:28:00,195:MainThread:Dhan.py  started system
INFO:2025-06-04 10:28:00,195:MainThread:STARTED THE PROGRAM
INFO:2025-06-04 10:28:01,260:MainThread:Dhan.py  started system
INFO:2025-06-04 10:28:01,260:MainThread:STARTED THE PROGRAM
INFO:2025-06-04 10:28:02,338:MainThread:Dhan.py  started system
INFO:2025-06-04 10:28:02,338:MainThread:STARTED THE PROGRAM
INFO:2025-06-04 10:28:03,367:MainThread:Dhan.py  started system
INFO:2025-06-04 10:28:03,367:MainThread:STARTED THE PROGRAM
INFO:2025-06-04 10:28:04,399:MainThread:Dhan.py  started system
INFO:2025-06-04 10:28:04,399:MainThread:STARTED THE PROGRAM
INFO:2025-06-04 10:28:05,442:MainThread:Dhan.py  started system
INFO:2025-06-04 10:28:05,442:MainThread:STARTED THE PROGRAM
INFO:2025-06-04 10:28:06,561:MainThread:Dhan.py  started system
INFO:2025-06-04 10:28:06,561:MainThread:STARTED THE PROGRAM
INFO:2025-06-04 10:28:07,618:MainThread:Dhan.py  started system
INFO:2025-06-04 10:28:07,618:MainThread:STARTED THE PROGRAM
INFO:2025-06-04 10:28:08,697:MainThread:Dhan.py  started system
INFO:2025-06-04 10:28:08,697:MainThread:STARTED THE PROGRAM
INFO:2025-06-04 10:28:09,827:MainThread:Dhan.py  started system
INFO:2025-06-04 10:28:09,828:MainThread:STARTED THE PROGRAM
INFO:2025-06-04 10:28:11,046:MainThread:Dhan.py  started system
INFO:2025-06-04 10:28:11,047:MainThread:STARTED THE PROGRAM
INFO:2025-06-04 10:28:12,104:MainThread:Dhan.py  started system
INFO:2025-06-04 10:28:12,104:MainThread:STARTED THE PROGRAM
INFO:2025-06-04 10:28:13,162:MainThread:Dhan.py  started system
INFO:2025-06-04 10:28:13,162:MainThread:STARTED THE PROGRAM
INFO:2025-06-04 10:28:14,213:MainThread:Dhan.py  started system
INFO:2025-06-04 10:28:14,213:MainThread:STARTED THE PROGRAM
INFO:2025-06-04 10:28:15,278:MainThread:Dhan.py  started system
INFO:2025-06-04 10:28:15,278:MainThread:STARTED THE PROGRAM
INFO:2025-06-04 10:28:16,312:MainThread:Dhan.py  started system
INFO:2025-06-04 10:28:16,312:MainThread:STARTED THE PROGRAM
INFO:2025-06-04 10:28:17,339:MainThread:Dhan.py  started system
INFO:2025-06-04 10:28:17,340:MainThread:STARTED THE PROGRAM
INFO:2025-06-04 10:28:18,388:MainThread:Dhan.py  started system
INFO:2025-06-04 10:28:18,388:MainThread:STARTED THE PROGRAM
INFO:2025-06-04 10:28:19,446:MainThread:Dhan.py  started system
INFO:2025-06-04 10:28:19,447:MainThread:STARTED THE PROGRAM
INFO:2025-06-04 10:28:20,549:MainThread:Dhan.py  started system
INFO:2025-06-04 10:28:20,549:MainThread:STARTED THE PROGRAM
INFO:2025-06-04 10:28:21,614:MainThread:Dhan.py  started system
INFO:2025-06-04 10:28:21,614:MainThread:STARTED THE PROGRAM
INFO:2025-06-04 10:28:22,661:MainThread:Dhan.py  started system
INFO:2025-06-04 10:28:22,661:MainThread:STARTED THE PROGRAM
INFO:2025-06-04 10:28:23,716:MainThread:Dhan.py  started system
INFO:2025-06-04 10:28:23,717:MainThread:STARTED THE PROGRAM
INFO:2025-06-04 10:28:24,759:MainThread:Dhan.py  started system
INFO:2025-06-04 10:28:24,759:MainThread:STARTED THE PROGRAM
INFO:2025-06-04 10:28:25,361:MainThread:Dhan.py  started system
INFO:2025-06-04 10:28:25,361:MainThread:STARTED THE PROGRAM
INFO:2025-06-04 10:43:51,277:MainThread:Dhan.py  started system
INFO:2025-06-04 10:43:51,277:MainThread:STARTED THE PROGRAM
INFO:2025-06-04 11:01:57,872:MainThread:Dhan.py  started system
INFO:2025-06-04 11:01:57,873:MainThread:STARTED THE PROGRAM
INFO:2025-06-04 11:05:42,581:MainThread:Dhan.py  started system
INFO:2025-06-04 11:05:42,581:MainThread:STARTED THE PROGRAM
INFO:2025-06-04 11:06:34,052:MainThread:Dhan.py  started system
INFO:2025-06-04 11:06:34,052:MainThread:STARTED THE PROGRAM
INFO:2025-06-04 11:12:22,912:MainThread:Dhan.py  started system
INFO:2025-06-04 11:12:22,913:MainThread:STARTED THE PROGRAM
INFO:2025-06-04 11:14:35,262:MainThread:Dhan.py  started system
INFO:2025-06-04 11:14:35,262:MainThread:STARTED THE PROGRAM
INFO:2025-06-04 11:34:02,670:MainThread:Dhan.py  started system
INFO:2025-06-04 11:34:02,671:MainThread:STARTED THE PROGRAM
INFO:2025-06-04 11:36:52,313:MainThread:Dhan.py  started system
INFO:2025-06-04 11:36:52,313:MainThread:STARTED THE PROGRAM
INFO:2025-06-04 11:37:48,327:MainThread:Dhan.py  started system
INFO:2025-06-04 11:37:48,328:MainThread:STARTED THE PROGRAM
INFO:2025-06-04 11:47:29,190:MainThread:Dhan.py  started system
INFO:2025-06-04 11:47:29,190:MainThread:STARTED THE PROGRAM
ERROR:2025-06-04 11:48:06,217:MainThread:Exception in Getting OHLC data as {'status': 'failure', 'remarks': {'error_code': 'DH-905', 'error_type': 'Input_Exception', 'error_message': 'Missing required fields, bad values for parameters etc.'}, 'data': {'errorType': 'Input_Exception', 'errorCode': 'DH-905', 'errorMessage': 'Missing required fields, bad values for parameters etc.'}}
Traceback (most recent call last):
  File "d:\AI Trading\VS Project\Trading\Dhan_Tradehull.py", line 508, in get_historical_data
    raise Exception(ohlc)
Exception: {'status': 'failure', 'remarks': {'error_code': 'DH-905', 'error_type': 'Input_Exception', 'error_message': 'Missing required fields, bad values for parameters etc.'}, 'data': {'errorType': 'Input_Exception', 'errorCode': 'DH-905', 'errorMessage': 'Missing required fields, bad values for parameters etc.'}}
ERROR:2025-06-04 11:48:07,349:MainThread:Exception in Getting OHLC data as {'status': 'failure', 'remarks': {'error_code': 'DH-905', 'error_type': 'Input_Exception', 'error_message': 'Missing required fields, bad values for parameters etc.'}, 'data': {'errorType': 'Input_Exception', 'errorCode': 'DH-905', 'errorMessage': 'Missing required fields, bad values for parameters etc.'}}
Traceback (most recent call last):
  File "d:\AI Trading\VS Project\Trading\Dhan_Tradehull.py", line 508, in get_historical_data
    raise Exception(ohlc)
Exception: {'status': 'failure', 'remarks': {'error_code': 'DH-905', 'error_type': 'Input_Exception', 'error_message': 'Missing required fields, bad values for parameters etc.'}, 'data': {'errorType': 'Input_Exception', 'errorCode': 'DH-905', 'errorMessage': 'Missing required fields, bad values for parameters etc.'}}
INFO:2025-06-04 12:12:05,690:MainThread:Dhan.py  started system
INFO:2025-06-04 12:12:05,690:MainThread:STARTED THE PROGRAM
INFO:2025-06-04 12:12:57,788:MainThread:Dhan.py  started system
INFO:2025-06-04 12:12:57,788:MainThread:STARTED THE PROGRAM
INFO:2025-06-04 12:13:10,501:MainThread:Dhan.py  started system
INFO:2025-06-04 12:13:10,501:MainThread:STARTED THE PROGRAM
INFO:2025-06-04 12:13:16,602:MainThread:Dhan.py  started system
INFO:2025-06-04 12:13:16,603:MainThread:STARTED THE PROGRAM
INFO:2025-06-04 12:13:22,673:MainThread:Dhan.py  started system
INFO:2025-06-04 12:13:22,673:MainThread:STARTED THE PROGRAM
INFO:2025-06-04 12:13:25,558:MainThread:Dhan.py  started system
INFO:2025-06-04 12:13:25,558:MainThread:STARTED THE PROGRAM
INFO:2025-06-04 12:13:28,784:MainThread:Dhan.py  started system
INFO:2025-06-04 12:13:28,784:MainThread:STARTED THE PROGRAM
INFO:2025-06-04 12:13:30,891:MainThread:Dhan.py  started system
INFO:2025-06-04 12:13:30,891:MainThread:STARTED THE PROGRAM
INFO:2025-06-04 12:13:34,864:MainThread:Dhan.py  started system
INFO:2025-06-04 12:13:34,865:MainThread:STARTED THE PROGRAM
INFO:2025-06-04 12:13:37,514:MainThread:Dhan.py  started system
INFO:2025-06-04 12:13:37,514:MainThread:STARTED THE PROGRAM
INFO:2025-06-04 12:13:46,274:MainThread:Dhan.py  started system
INFO:2025-06-04 12:13:46,274:MainThread:STARTED THE PROGRAM
INFO:2025-06-04 12:13:59,497:MainThread:Dhan.py  started system
INFO:2025-06-04 12:13:59,497:MainThread:STARTED THE PROGRAM
INFO:2025-06-04 12:14:37,447:MainThread:Dhan.py  started system
INFO:2025-06-04 12:14:37,447:MainThread:STARTED THE PROGRAM
INFO:2025-06-04 12:15:39,780:MainThread:Dhan.py  started system
INFO:2025-06-04 12:15:39,781:MainThread:STARTED THE PROGRAM
INFO:2025-06-04 12:16:42,149:MainThread:Dhan.py  started system
INFO:2025-06-04 12:16:42,149:MainThread:STARTED THE PROGRAM
INFO:2025-06-04 12:16:57,424:MainThread:Dhan.py  started system
INFO:2025-06-04 12:16:57,425:MainThread:STARTED THE PROGRAM
INFO:2025-06-04 12:17:13,388:MainThread:Dhan.py  started system
INFO:2025-06-04 12:17:13,389:MainThread:STARTED THE PROGRAM
INFO:2025-06-04 12:17:24,528:MainThread:Dhan.py  started system
INFO:2025-06-04 12:17:24,528:MainThread:STARTED THE PROGRAM
INFO:2025-06-04 12:17:44,796:MainThread:Dhan.py  started system
INFO:2025-06-04 12:17:44,796:MainThread:STARTED THE PROGRAM
INFO:2025-06-04 12:18:32,037:MainThread:Dhan.py  started system
INFO:2025-06-04 12:18:32,038:MainThread:STARTED THE PROGRAM
INFO:2025-06-04 12:18:36,888:MainThread:Dhan.py  started system
INFO:2025-06-04 12:18:36,889:MainThread:STARTED THE PROGRAM
INFO:2025-06-04 12:19:10,814:MainThread:Dhan.py  started system
INFO:2025-06-04 12:19:10,814:MainThread:STARTED THE PROGRAM
INFO:2025-06-04 12:19:15,355:MainThread:Dhan.py  started system
INFO:2025-06-04 12:19:15,355:MainThread:STARTED THE PROGRAM
INFO:2025-06-04 12:19:41,796:MainThread:Dhan.py  started system
INFO:2025-06-04 12:19:41,797:MainThread:STARTED THE PROGRAM
INFO:2025-06-04 12:20:19,830:MainThread:Dhan.py  started system
INFO:2025-06-04 12:20:19,830:MainThread:STARTED THE PROGRAM
INFO:2025-06-04 12:21:29,624:MainThread:Dhan.py  started system
INFO:2025-06-04 12:21:29,625:MainThread:STARTED THE PROGRAM
INFO:2025-06-04 12:22:38,309:MainThread:Dhan.py  started system
INFO:2025-06-04 12:22:38,309:MainThread:STARTED THE PROGRAM
INFO:2025-06-04 12:23:45,750:MainThread:Dhan.py  started system
INFO:2025-06-04 12:23:45,750:MainThread:STARTED THE PROGRAM
INFO:2025-06-04 12:23:48,284:MainThread:Dhan.py  started system
INFO:2025-06-04 12:23:48,284:MainThread:STARTED THE PROGRAM
INFO:2025-06-04 12:24:50,792:MainThread:Dhan.py  started system
INFO:2025-06-04 12:24:50,792:MainThread:STARTED THE PROGRAM
INFO:2025-06-04 12:25:53,469:MainThread:Dhan.py  started system
INFO:2025-06-04 12:25:53,470:MainThread:STARTED THE PROGRAM
INFO:2025-06-04 12:26:56,219:MainThread:Dhan.py  started system
INFO:2025-06-04 12:26:56,219:MainThread:STARTED THE PROGRAM
INFO:2025-06-04 12:27:59,962:MainThread:Dhan.py  started system
INFO:2025-06-04 12:27:59,962:MainThread:STARTED THE PROGRAM
INFO:2025-06-04 12:29:09,269:MainThread:Dhan.py  started system
INFO:2025-06-04 12:29:09,269:MainThread:STARTED THE PROGRAM
INFO:2025-06-04 12:29:09,667:MainThread:Dhan.py  started system
INFO:2025-06-04 12:29:09,667:MainThread:STARTED THE PROGRAM
INFO:2025-06-04 12:29:13,761:MainThread:Dhan.py  started system
INFO:2025-06-04 12:29:13,761:MainThread:STARTED THE PROGRAM
INFO:2025-06-04 12:30:35,933:MainThread:Dhan.py  started system
INFO:2025-06-04 12:30:35,933:MainThread:STARTED THE PROGRAM
INFO:2025-06-04 12:31:41,742:MainThread:Dhan.py  started system
INFO:2025-06-04 12:31:41,743:MainThread:STARTED THE PROGRAM
INFO:2025-06-04 12:32:18,727:MainThread:Dhan.py  started system
INFO:2025-06-04 12:32:18,727:MainThread:STARTED THE PROGRAM
INFO:2025-06-04 12:32:40,151:MainThread:Dhan.py  started system
INFO:2025-06-04 12:32:40,152:MainThread:STARTED THE PROGRAM
INFO:2025-06-04 12:37:18,741:MainThread:Dhan.py  started system
INFO:2025-06-04 12:37:18,741:MainThread:STARTED THE PROGRAM
INFO:2025-06-04 12:37:49,964:MainThread:Dhan.py  started system
INFO:2025-06-04 12:37:49,965:MainThread:STARTED THE PROGRAM
INFO:2025-06-04 12:38:23,384:MainThread:Dhan.py  started system
INFO:2025-06-04 12:38:23,385:MainThread:STARTED THE PROGRAM
INFO:2025-06-04 12:47:12,470:MainThread:Dhan.py  started system
INFO:2025-06-04 12:47:12,470:MainThread:STARTED THE PROGRAM
INFO:2025-06-04 12:47:46,003:MainThread:Dhan.py  started system
INFO:2025-06-04 12:47:46,003:MainThread:STARTED THE PROGRAM
INFO:2025-06-04 12:49:03,593:MainThread:Dhan.py  started system
INFO:2025-06-04 12:49:03,593:MainThread:STARTED THE PROGRAM
INFO:2025-06-04 12:53:28,001:MainThread:Dhan.py  started system
INFO:2025-06-04 12:53:28,002:MainThread:STARTED THE PROGRAM
INFO:2025-06-04 12:53:46,490:MainThread:Dhan.py  started system
INFO:2025-06-04 12:53:46,491:MainThread:STARTED THE PROGRAM
INFO:2025-06-04 12:54:53,436:MainThread:Dhan.py  started system
INFO:2025-06-04 12:54:53,436:MainThread:STARTED THE PROGRAM
INFO:2025-06-04 12:56:46,693:MainThread:Dhan.py  started system
INFO:2025-06-04 12:56:46,693:MainThread:STARTED THE PROGRAM
INFO:2025-06-04 12:57:47,036:MainThread:Dhan.py  started system
INFO:2025-06-04 12:57:47,037:MainThread:STARTED THE PROGRAM
INFO:2025-06-04 12:58:42,154:MainThread:Dhan.py  started system
INFO:2025-06-04 12:58:42,154:MainThread:STARTED THE PROGRAM
INFO:2025-06-04 12:59:23,615:MainThread:Dhan.py  started system
INFO:2025-06-04 12:59:23,615:MainThread:STARTED THE PROGRAM
INFO:2025-06-04 12:59:58,953:MainThread:Dhan.py  started system
INFO:2025-06-04 12:59:58,953:MainThread:STARTED THE PROGRAM
INFO:2025-06-04 13:00:34,543:MainThread:Dhan.py  started system
INFO:2025-06-04 13:00:34,543:MainThread:STARTED THE PROGRAM
INFO:2025-06-04 13:01:34,436:MainThread:Dhan.py  started system
INFO:2025-06-04 13:01:34,436:MainThread:STARTED THE PROGRAM
INFO:2025-06-04 13:03:09,880:MainThread:Dhan.py  started system
INFO:2025-06-04 13:03:09,880:MainThread:STARTED THE PROGRAM
INFO:2025-06-04 13:03:35,857:MainThread:Dhan.py  started system
INFO:2025-06-04 13:03:35,857:MainThread:STARTED THE PROGRAM
INFO:2025-06-04 13:03:45,679:MainThread:Dhan.py  started system
INFO:2025-06-04 13:03:45,679:MainThread:STARTED THE PROGRAM
INFO:2025-06-04 13:04:19,381:MainThread:Dhan.py  started system
INFO:2025-06-04 13:04:19,381:MainThread:STARTED THE PROGRAM
INFO:2025-06-04 13:04:21,324:MainThread:Dhan.py  started system
INFO:2025-06-04 13:04:21,324:MainThread:STARTED THE PROGRAM
INFO:2025-06-04 13:05:03,627:MainThread:Dhan.py  started system
INFO:2025-06-04 13:05:03,628:MainThread:STARTED THE PROGRAM
INFO:2025-06-04 13:05:09,703:MainThread:Dhan.py  started system
INFO:2025-06-04 13:05:09,703:MainThread:STARTED THE PROGRAM
INFO:2025-06-04 13:05:15,775:MainThread:Dhan.py  started system
INFO:2025-06-04 13:05:15,775:MainThread:STARTED THE PROGRAM
INFO:2025-06-04 13:05:21,833:MainThread:Dhan.py  started system
INFO:2025-06-04 13:05:21,833:MainThread:STARTED THE PROGRAM
INFO:2025-06-04 13:05:24,149:MainThread:Dhan.py  started system
INFO:2025-06-04 13:05:24,149:MainThread:STARTED THE PROGRAM
INFO:2025-06-04 13:05:27,891:MainThread:Dhan.py  started system
INFO:2025-06-04 13:05:27,891:MainThread:STARTED THE PROGRAM
INFO:2025-06-04 13:05:50,689:MainThread:Dhan.py  started system
INFO:2025-06-04 13:05:50,689:MainThread:STARTED THE PROGRAM
INFO:2025-06-04 13:06:03,369:MainThread:Dhan.py  started system
INFO:2025-06-04 13:06:03,370:MainThread:STARTED THE PROGRAM
INFO:2025-06-04 13:06:12,644:MainThread:Dhan.py  started system
INFO:2025-06-04 13:06:12,645:MainThread:STARTED THE PROGRAM
INFO:2025-06-04 13:06:39,249:MainThread:Dhan.py  started system
INFO:2025-06-04 13:06:39,249:MainThread:STARTED THE PROGRAM
INFO:2025-06-04 13:06:49,076:MainThread:Dhan.py  started system
INFO:2025-06-04 13:06:49,076:MainThread:STARTED THE PROGRAM
INFO:2025-06-04 13:07:01,244:MainThread:Dhan.py  started system
INFO:2025-06-04 13:07:01,244:MainThread:STARTED THE PROGRAM
INFO:2025-06-04 13:07:21,666:MainThread:Dhan.py  started system
INFO:2025-06-04 13:07:21,667:MainThread:STARTED THE PROGRAM
INFO:2025-06-04 13:07:22,327:MainThread:Dhan.py  started system
INFO:2025-06-04 13:07:22,327:MainThread:STARTED THE PROGRAM
INFO:2025-06-04 13:07:26,824:MainThread:Dhan.py  started system
INFO:2025-06-04 13:07:26,824:MainThread:STARTED THE PROGRAM
INFO:2025-06-04 13:08:03,906:MainThread:Dhan.py  started system
INFO:2025-06-04 13:08:03,906:MainThread:STARTED THE PROGRAM
INFO:2025-06-04 13:08:05,009:MainThread:Dhan.py  started system
INFO:2025-06-04 13:08:05,010:MainThread:STARTED THE PROGRAM
INFO:2025-06-04 13:08:08,350:MainThread:Dhan.py  started system
INFO:2025-06-04 13:08:08,350:MainThread:STARTED THE PROGRAM
INFO:2025-06-04 13:08:11,222:MainThread:Dhan.py  started system
INFO:2025-06-04 13:08:11,222:MainThread:STARTED THE PROGRAM
INFO:2025-06-04 18:01:18,714:MainThread:Dhan.py  started system
INFO:2025-06-04 18:01:18,714:MainThread:STARTED THE PROGRAM
INFO:2025-06-04 18:02:22,543:MainThread:Dhan.py  started system
INFO:2025-06-04 18:02:22,543:MainThread:STARTED THE PROGRAM
INFO:2025-06-04 18:13:54,500:MainThread:Dhan.py  started system
INFO:2025-06-04 18:13:54,500:MainThread:STARTED THE PROGRAM
INFO:2025-06-04 18:15:26,059:MainThread:Dhan.py  started system
INFO:2025-06-04 18:15:26,060:MainThread:STARTED THE PROGRAM
INFO:2025-06-04 18:37:08,726:MainThread:Dhan.py  started system
INFO:2025-06-04 18:37:08,727:MainThread:STARTED THE PROGRAM
INFO:2025-06-04 18:37:39,294:MainThread:Dhan.py  started system
INFO:2025-06-04 18:37:39,295:MainThread:STARTED THE PROGRAM
INFO:2025-06-04 18:39:27,940:MainThread:Dhan.py  started system
INFO:2025-06-04 18:39:27,941:MainThread:STARTED THE PROGRAM
INFO:2025-06-04 18:45:29,119:MainThread:Dhan.py  started system
INFO:2025-06-04 18:45:29,120:MainThread:STARTED THE PROGRAM
INFO:2025-06-04 19:01:40,943:MainThread:Dhan.py  started system
INFO:2025-06-04 19:01:40,944:MainThread:STARTED THE PROGRAM
